[1.996s] Invoking command in '/home/rose/pi4b_ros2/car_ws/build/bot_description': CMAKE_PREFIX_PATH=${CMAKE_PREFIX_PATH}:/home/rose/pi4b_ros2/car_ws/install/yolo_counting_pkg:/home/rose/pi4b_ros2/car_ws/install/test_control_pkg:/opt/ros/humble /usr/bin/cmake --build /home/rose/pi4b_ros2/car_ws/build/bot_description -- -j4 -l4
[2.461s] Invoked command in '/home/rose/pi4b_ros2/car_ws/build/bot_description' returned '0': CMAKE_PREFIX_PATH=${CMAKE_PREFIX_PATH}:/home/rose/pi4b_ros2/car_ws/install/yolo_counting_pkg:/home/rose/pi4b_ros2/car_ws/install/test_control_pkg:/opt/ros/humble /usr/bin/cmake --build /home/rose/pi4b_ros2/car_ws/build/bot_description -- -j4 -l4
[2.475s] Invoking command in '/home/rose/pi4b_ros2/car_ws/build/bot_description': CMAKE_PREFIX_PATH=${CMAKE_PREFIX_PATH}:/home/rose/pi4b_ros2/car_ws/install/yolo_counting_pkg:/home/rose/pi4b_ros2/car_ws/install/test_control_pkg:/opt/ros/humble /usr/bin/cmake --install /home/rose/pi4b_ros2/car_ws/build/bot_description
[2.547s] -- Install configuration: "Release"
[2.551s] -- Up-to-date: /home/rose/pi4b_ros2/car_ws/install/bot_description/share/bot_description/launch
[2.553s] -- Up-to-date: /home/rose/pi4b_ros2/car_ws/install/bot_description/share/bot_description/launch/display_robot.launch.py
[2.554s] -- Up-to-date: /home/rose/pi4b_ros2/car_ws/install/bot_description/share/bot_description/launch/__pycache__
[2.554s] -- Up-to-date: /home/rose/pi4b_ros2/car_ws/install/bot_description/share/bot_description/launch/__pycache__/display_robot.launch.cpython-310.pyc
[2.555s] -- Up-to-date: /home/rose/pi4b_ros2/car_ws/install/bot_description/share/bot_description/launch/lsn10_net_launch.py
[2.556s] -- Up-to-date: /home/rose/pi4b_ros2/car_ws/install/bot_description/share/bot_description/launch/backpack_2d.launch.py
[2.556s] -- Up-to-date: /home/rose/pi4b_ros2/car_ws/install/bot_description/share/bot_description/urdf
[2.557s] -- Up-to-date: /home/rose/pi4b_ros2/car_ws/install/bot_description/share/bot_description/urdf/sensors
[2.558s] -- Up-to-date: /home/rose/pi4b_ros2/car_ws/install/bot_description/share/bot_description/urdf/sensors/imu.urdf.xacro
[2.559s] -- Up-to-date: /home/rose/pi4b_ros2/car_ws/install/bot_description/share/bot_description/urdf/sensors/generic_laser.urdf.xacro
[2.559s] -- Up-to-date: /home/rose/pi4b_ros2/car_ws/install/bot_description/share/bot_description/urdf/sensors/laser.urdf.xacro
[2.560s] -- Up-to-date: /home/rose/pi4b_ros2/car_ws/install/bot_description/share/bot_description/urdf/sensors/depth_sensor.urdf.xacro
[2.560s] -- Up-to-date: /home/rose/pi4b_ros2/car_ws/install/bot_description/share/bot_description/urdf/sensors/plugins.urdf.xacro
[2.581s] -- Up-to-date: /home/rose/pi4b_ros2/car_ws/install/bot_description/share/bot_description/urdf/mybot.urdf
[2.582s] -- Up-to-date: /home/rose/pi4b_ros2/car_ws/install/bot_description/share/bot_description/urdf/mech
[2.582s] -- Up-to-date: /home/rose/pi4b_ros2/car_ws/install/bot_description/share/bot_description/urdf/mech/base.urdf.xacro
[2.583s] -- Up-to-date: /home/rose/pi4b_ros2/car_ws/install/bot_description/share/bot_description/urdf/mech/wheel.urdf.xacro
[2.583s] -- Up-to-date: /home/rose/pi4b_ros2/car_ws/install/bot_description/share/bot_description/urdf/controllers
[2.584s] -- Up-to-date: /home/rose/pi4b_ros2/car_ws/install/bot_description/share/bot_description/urdf/controllers/skid_steer.urdf.xacro
[2.585s] -- Up-to-date: /home/rose/pi4b_ros2/car_ws/install/bot_description/share/bot_description/urdf/4wd.urdf.xacro
[2.586s] -- Up-to-date: /home/rose/pi4b_ros2/car_ws/install/bot_description/share/bot_description/urdf/properties
[2.586s] -- Up-to-date: /home/rose/pi4b_ros2/car_ws/install/bot_description/share/bot_description/urdf/properties/4wd_properties.urdf.xacro
[2.587s] -- Up-to-date: /home/rose/pi4b_ros2/car_ws/install/bot_description/share/bot_description/urdf/mybot.xacro
[2.587s] -- Up-to-date: /home/rose/pi4b_ros2/car_ws/install/bot_description/share/bot_description/rviz
[2.588s] -- Up-to-date: /home/rose/pi4b_ros2/car_ws/install/bot_description/share/bot_description/rviz/rviz.rviz
[2.588s] -- Up-to-date: /home/rose/pi4b_ros2/car_ws/install/bot_description/share/bot_description/config
[2.596s] -- Up-to-date: /home/rose/pi4b_ros2/car_ws/install/bot_description/share/bot_description/config/ekf.yaml
[2.597s] -- Up-to-date: /home/rose/pi4b_ros2/car_ws/install/bot_description/share/bot_description/config/my_robot.lua
[2.598s] -- Up-to-date: /home/rose/pi4b_ros2/car_ws/install/bot_description/share/ament_index/resource_index/package_run_dependencies/bot_description
[2.598s] -- Up-to-date: /home/rose/pi4b_ros2/car_ws/install/bot_description/share/ament_index/resource_index/parent_prefix_path/bot_description
[2.599s] -- Up-to-date: /home/rose/pi4b_ros2/car_ws/install/bot_description/share/bot_description/environment/ament_prefix_path.sh
[2.599s] -- Up-to-date: /home/rose/pi4b_ros2/car_ws/install/bot_description/share/bot_description/environment/ament_prefix_path.dsv
[2.600s] -- Up-to-date: /home/rose/pi4b_ros2/car_ws/install/bot_description/share/bot_description/environment/path.sh
[2.600s] -- Up-to-date: /home/rose/pi4b_ros2/car_ws/install/bot_description/share/bot_description/environment/path.dsv
[2.609s] -- Up-to-date: /home/rose/pi4b_ros2/car_ws/install/bot_description/share/bot_description/local_setup.bash
[2.609s] -- Up-to-date: /home/rose/pi4b_ros2/car_ws/install/bot_description/share/bot_description/local_setup.sh
[2.610s] -- Up-to-date: /home/rose/pi4b_ros2/car_ws/install/bot_description/share/bot_description/local_setup.zsh
[2.610s] -- Up-to-date: /home/rose/pi4b_ros2/car_ws/install/bot_description/share/bot_description/local_setup.dsv
[2.611s] -- Installing: /home/rose/pi4b_ros2/car_ws/install/bot_description/share/bot_description/package.dsv
[2.612s] -- Up-to-date: /home/rose/pi4b_ros2/car_ws/install/bot_description/share/ament_index/resource_index/packages/bot_description
[2.613s] -- Up-to-date: /home/rose/pi4b_ros2/car_ws/install/bot_description/share/bot_description/cmake/bot_descriptionConfig.cmake
[2.615s] -- Up-to-date: /home/rose/pi4b_ros2/car_ws/install/bot_description/share/bot_description/cmake/bot_descriptionConfig-version.cmake
[2.616s] -- Up-to-date: /home/rose/pi4b_ros2/car_ws/install/bot_description/share/bot_description/package.xml
[2.617s] Invoked command in '/home/rose/pi4b_ros2/car_ws/build/bot_description' returned '0': CMAKE_PREFIX_PATH=${CMAKE_PREFIX_PATH}:/home/rose/pi4b_ros2/car_ws/install/yolo_counting_pkg:/home/rose/pi4b_ros2/car_ws/install/test_control_pkg:/opt/ros/humble /usr/bin/cmake --install /home/rose/pi4b_ros2/car_ws/build/bot_description
