[0.000000] (-) TimerEvent: {}
[0.002119] (-) JobUnselected: {'identifier': 'bot_description'}
[0.002824] (-) JobUnselected: {'identifier': 'bot_localization'}
[0.003535] (-) JobUnselected: {'identifier': 'bot_navigation2'}
[0.004097] (-) JobUnselected: {'identifier': 'csm'}
[0.004539] (-) JobUnselected: {'identifier': 'lslidar_driver'}
[0.005596] (-) JobUnselected: {'identifier': 'lslidar_msgs'}
[0.006240] (-) JobUnselected: {'identifier': 'ros2_laser_scan_matcher'}
[0.011270] (-) JobUnselected: {'identifier': 'test_control_pkg'}
[0.011578] (-) JobUnselected: {'identifier': 'yolo_counting_pkg'}
[0.012154] (bot_application) JobQueued: {'identifier': 'bot_application', 'dependencies': OrderedDict()}
[0.012413] (bot_application) JobStarted: {'identifier': 'bot_application'}
[0.098768] (-) TimerEvent: {}
[0.200473] (-) TimerEvent: {}
[0.301204] (-) TimerEvent: {}
[0.402058] (-) TimerEvent: {}
[0.502821] (-) TimerEvent: {}
[0.609963] (-) TimerEvent: {}
[0.710912] (-) TimerEvent: {}
[0.811773] (-) TimerEvent: {}
[0.912673] (-) TimerEvent: {}
[1.013439] (-) TimerEvent: {}
[1.114365] (-) TimerEvent: {}
[1.215236] (-) TimerEvent: {}
[1.316116] (-) TimerEvent: {}
[1.417060] (-) TimerEvent: {}
[1.517954] (-) TimerEvent: {}
[1.618903] (-) TimerEvent: {}
[1.720073] (-) TimerEvent: {}
[1.733471] (bot_application) StderrLine: {'line': b'Traceback (most recent call last):\n  File "/usr/lib/python3/dist-packages/colcon_core/executor/__init__.py", line 91, in __call__\n    rc = await self.task(*args, **kwargs)\n  File "/usr/lib/python3/dist-packages/colcon_core/task/__init__.py", line 93, in __call__\n    return await task_method(*args, **kwargs)\n  File "/usr/lib/python3/dist-packages/colcon_ros/task/ament_python/build.py", line 51, in build\n    setup_py_data = get_setup_data(self.context.pkg, env)\n  File "/usr/lib/python3/dist-packages/colcon_core/task/python/__init__.py", line 20, in get_setup_data\n    return dict(pkg.metadata[key](env))\n  File "/usr/lib/python3/dist-packages/colcon_ros/package_augmentation/ros_ament_python.py", line 57, in getter\n    return get_setup_information(\n  File "/usr/lib/python3/dist-packages/colcon_python_setup_py/package_identification/python_setup_py.py", line 249, in get_setup_information\n    _setup_information_cache[hashable_env] = _get_setup_information(\n  File "/usr/lib/python3/dist-packages/colcon_python_setup_py/package_identification/python_setup_py.py", line 296, in _get_setup_information\n    result = subprocess.run(\n  File "/usr/lib/python3.10/subprocess.py", line 526, in run\n    raise CalledProcessError(retcode, process.args,\nsubprocess.CalledProcessError: Command \'[\'/usr/bin/python3\', \'-c\', \'import sys;from contextlib import suppress;exec("with suppress(ImportError):    from setuptools.extern.packaging.specifiers    import SpecifierSet");exec("with suppress(ImportError):    from packaging.specifiers import SpecifierSet");from distutils.core import run_setup;dist = run_setup(    \\\'setup.py\\\', script_args=(\\\'--dry-run\\\',), stop_after=\\\'config\\\');skip_keys = (\\\'cmdclass\\\', \\\'distclass\\\', \\\'ext_modules\\\', \\\'metadata\\\');data = {    key: value for key, value in dist.__dict__.items()     if (        not key.startswith(\\\'_\\\') and         not callable(value) and         key not in skip_keys and         key not in dist.display_option_names    )};data[\\\'metadata\\\'] = {    k: v for k, v in dist.metadata.__dict__.items()     if k not in (\\\'license_files\\\', \\\'provides_extras\\\')};sys.stdout.buffer.write(repr(data).encode(\\\'utf-8\\\'))\']\' returned non-zero exit status 1.\n'}
[1.736848] (bot_application) JobEnded: {'identifier': 'bot_application', 'rc': 1}
[1.746802] (-) EventReactorShutdown: {}
