[5.930s] Invoking command in '/home/rose/pi4b_ros2/car_ws/src/bot_application': PYTHONPATH=/home/rose/pi4b_ros2/car_ws/build/bot_application/prefix_override:/usr/lib/python3/dist-packages/colcon_core/task/python/colcon_distutils_commands:/home/rose/pi4b_ros2/car_ws/install/bot_application/lib/python3.10/site-packages:${PYTHONPATH} /usr/bin/python3 -W ignore:setup.py install is deprecated -W ignore:easy_install command is deprecated setup.py egg_info --egg-base ../../build/bot_application build --build-base /home/rose/pi4b_ros2/car_ws/build/bot_application/build install --record /home/rose/pi4b_ros2/car_ws/build/bot_application/install.log --single-version-externally-managed install_data
[7.221s] /home/rose/.local/lib/python3.10/site-packages/setuptools/_distutils/dist.py:287: UserWarning: Unknown distribution option: 'tests_require'
[7.222s]   warnings.warn(msg)
[8.295s] running egg_info
[8.463s] writing ../../build/bot_application/bot_application.egg-info/PKG-INFO
[8.474s] writing dependency_links to ../../build/bot_application/bot_application.egg-info/dependency_links.txt
[8.491s] writing entry points to ../../build/bot_application/bot_application.egg-info/entry_points.txt
[8.495s] writing requirements to ../../build/bot_application/bot_application.egg-info/requires.txt
[8.503s] writing top-level names to ../../build/bot_application/bot_application.egg-info/top_level.txt
[8.883s] reading manifest file '../../build/bot_application/bot_application.egg-info/SOURCES.txt'
[8.899s] writing manifest file '../../build/bot_application/bot_application.egg-info/SOURCES.txt'
[8.906s] running build
[8.910s] running build_py
[8.916s] copying bot_application/navigator_unified.py -> /home/rose/pi4b_ros2/car_ws/build/bot_application/build/lib/bot_application
[8.925s] copying bot_application/get_cost.py -> /home/rose/pi4b_ros2/car_ws/build/bot_application/build/lib/bot_application
[8.933s] copying bot_application/navigator_full_dp.py -> /home/rose/pi4b_ros2/car_ws/build/bot_application/build/lib/bot_application
[8.941s] copying bot_application/optimized_navigator_dp.py -> /home/rose/pi4b_ros2/car_ws/build/bot_application/build/lib/bot_application
[8.948s] copying bot_application/get_robot_pose.py -> /home/rose/pi4b_ros2/car_ws/build/bot_application/build/lib/bot_application
[8.955s] copying bot_application/optimized_navigator.py -> /home/rose/pi4b_ros2/car_ws/build/bot_application/build/lib/bot_application
[8.962s] copying bot_application/voice_publisher.py -> /home/rose/pi4b_ros2/car_ws/build/bot_application/build/lib/bot_application
[8.970s] copying bot_application/waypoint_cost_calculator.py -> /home/rose/pi4b_ros2/car_ws/build/bot_application/build/lib/bot_application
[8.977s] copying bot_application/__init__.py -> /home/rose/pi4b_ros2/car_ws/build/bot_application/build/lib/bot_application
[8.992s] copying bot_application/nav_through_pose.py -> /home/rose/pi4b_ros2/car_ws/build/bot_application/build/lib/bot_application
[8.999s] copying bot_application/voice_command_publisher.py -> /home/rose/pi4b_ros2/car_ws/build/bot_application/build/lib/bot_application
[9.001s] copying bot_application/waypoint_follower.py -> /home/rose/pi4b_ros2/car_ws/build/bot_application/build/lib/bot_application
[9.007s] copying bot_application/waypoint_selector.py -> /home/rose/pi4b_ros2/car_ws/build/bot_application/build/lib/bot_application
[9.016s] copying bot_application/nav_to_pose.py -> /home/rose/pi4b_ros2/car_ws/build/bot_application/build/lib/bot_application
[9.018s] copying bot_application/init_robot_pose.py -> /home/rose/pi4b_ros2/car_ws/build/bot_application/build/lib/bot_application
[9.020s] copying bot_application/navigator_full_ga.py -> /home/rose/pi4b_ros2/car_ws/build/bot_application/build/lib/bot_application
[9.027s] running install
[9.052s] running install_lib
[9.244s] copying /home/rose/pi4b_ros2/car_ws/build/bot_application/build/lib/bot_application/navigator_unified.py -> /home/rose/pi4b_ros2/car_ws/install/bot_application/lib/python3.10/site-packages/bot_application
[9.256s] byte-compiling /home/rose/pi4b_ros2/car_ws/install/bot_application/lib/python3.10/site-packages/bot_application/navigator_unified.py to navigator_unified.cpython-310.pyc
[9.291s] byte-compiling /home/rose/pi4b_ros2/car_ws/install/bot_application/lib/python3.10/site-packages/bot_application/waypoint_cost_calculator copy.py to waypoint_cost_calculator copy.cpython-310.pyc
[9.298s]   File "/home/rose/pi4b_ros2/car_ws/install/bot_application/lib/python3.10/site-packages/bot_application/waypoint_cost_calculator copy.py", line 196
[9.299s]     create_goal_pose(navigator, 0.97, 0.72, 0.0)
[9.300s]     ^^^^^^^^^^^^^^^^^^^^^^^^^^^^^^^^^^^^^^^^^^^^^^^^^^^
[9.300s] SyntaxError: invalid syntax. Perhaps you forgot a comma?
[9.301s] 
[9.306s] running install_data
[9.307s] copying resource/bot_application -> /home/rose/pi4b_ros2/car_ws/install/bot_application/share/ament_index/resource_index/packages
[9.317s] copying package.xml -> /home/rose/pi4b_ros2/car_ws/install/bot_application/share/bot_application
[9.317s] running install_egg_info
[9.462s] removing '/home/rose/pi4b_ros2/car_ws/install/bot_application/lib/python3.10/site-packages/bot_application-0.0.0-py3.10.egg-info' (and everything under it)
[9.464s] Copying ../../build/bot_application/bot_application.egg-info to /home/rose/pi4b_ros2/car_ws/install/bot_application/lib/python3.10/site-packages/bot_application-0.0.0-py3.10.egg-info
[9.481s] running install_scripts
[9.891s] Installing auto_optimized_navigator script to /home/rose/pi4b_ros2/car_ws/install/bot_application/lib/bot_application
[9.894s] Installing get_robot_pose script to /home/rose/pi4b_ros2/car_ws/install/bot_application/lib/bot_application
[9.895s] Installing init_robot_pose script to /home/rose/pi4b_ros2/car_ws/install/bot_application/lib/bot_application
[9.897s] Installing init_robot_pose_door script to /home/rose/pi4b_ros2/car_ws/install/bot_application/lib/bot_application
[9.899s] Installing init_robot_pose_point1 script to /home/rose/pi4b_ros2/car_ws/install/bot_application/lib/bot_application
[9.901s] Installing init_robot_pose_point2 script to /home/rose/pi4b_ros2/car_ws/install/bot_application/lib/bot_application
[9.902s] Installing init_robot_pose_point3 script to /home/rose/pi4b_ros2/car_ws/install/bot_application/lib/bot_application
[9.904s] Installing nav_through_pose script to /home/rose/pi4b_ros2/car_ws/install/bot_application/lib/bot_application
[9.905s] Installing navigator_full_dp script to /home/rose/pi4b_ros2/car_ws/install/bot_application/lib/bot_application
[9.907s] Installing navigator_full_ga script to /home/rose/pi4b_ros2/car_ws/install/bot_application/lib/bot_application
[9.910s] Installing navigator_unified script to /home/rose/pi4b_ros2/car_ws/install/bot_application/lib/bot_application
[9.911s] Installing optimized_navigator script to /home/rose/pi4b_ros2/car_ws/install/bot_application/lib/bot_application
[9.913s] Installing optimized_navigator_dp script to /home/rose/pi4b_ros2/car_ws/install/bot_application/lib/bot_application
[9.916s] Installing voice_publisher script to /home/rose/pi4b_ros2/car_ws/install/bot_application/lib/bot_application
[9.918s] Installing way_to_go script to /home/rose/pi4b_ros2/car_ws/install/bot_application/lib/bot_application
[9.919s] Installing waypoint_cost_calculator script to /home/rose/pi4b_ros2/car_ws/install/bot_application/lib/bot_application
[9.921s] Installing waypoint_cost_calculator_copy script to /home/rose/pi4b_ros2/car_ws/install/bot_application/lib/bot_application
[9.922s] Installing waypoint_follower script to /home/rose/pi4b_ros2/car_ws/install/bot_application/lib/bot_application
[9.927s] Installing waypoint_selector script to /home/rose/pi4b_ros2/car_ws/install/bot_application/lib/bot_application
[9.931s] writing list of installed files to '/home/rose/pi4b_ros2/car_ws/build/bot_application/install.log'
[10.127s] Invoked command in '/home/rose/pi4b_ros2/car_ws/src/bot_application' returned '0': PYTHONPATH=/home/rose/pi4b_ros2/car_ws/build/bot_application/prefix_override:/usr/lib/python3/dist-packages/colcon_core/task/python/colcon_distutils_commands:/home/rose/pi4b_ros2/car_ws/install/bot_application/lib/python3.10/site-packages:${PYTHONPATH} /usr/bin/python3 -W ignore:setup.py install is deprecated -W ignore:easy_install command is deprecated setup.py egg_info --egg-base ../../build/bot_application build --build-base /home/rose/pi4b_ros2/car_ws/build/bot_application/build install --record /home/rose/pi4b_ros2/car_ws/build/bot_application/install.log --single-version-externally-managed install_data
