[0.483s] Invoking command in '/home/rose/pi4b_ros2/car_ws/build/csm': CMAKE_PREFIX_PATH=${CMAKE_PREFIX_PATH}:/home/rose/pi4b_ros2/car_ws/install/yolo_counting_pkg:/home/rose/pi4b_ros2/car_ws/install/test_control_pkg:/opt/ros/humble /usr/bin/cmake --build /home/rose/pi4b_ros2/car_ws/build/csm -- -j4 -l4
[2.892s] [100%] Built target csm
[8.054s] Invoked command in '/home/rose/pi4b_ros2/car_ws/build/csm' returned '0': CMAKE_PREFIX_PATH=${CMAKE_PREFIX_PATH}:/home/rose/pi4b_ros2/car_ws/install/yolo_counting_pkg:/home/rose/pi4b_ros2/car_ws/install/test_control_pkg:/opt/ros/humble /usr/bin/cmake --build /home/rose/pi4b_ros2/car_ws/build/csm -- -j4 -l4
[8.227s] Invoking command in '/home/rose/pi4b_ros2/car_ws/build/csm': CMAKE_PREFIX_PATH=${CMAKE_PREFIX_PATH}:/home/rose/pi4b_ros2/car_ws/install/yolo_counting_pkg:/home/rose/pi4b_ros2/car_ws/install/test_control_pkg:/opt/ros/humble /usr/bin/cmake --install /home/rose/pi4b_ros2/car_ws/build/csm
[8.687s] -- Install configuration: ""
[8.708s] -- Up-to-date: /home/rose/pi4b_ros2/car_ws/install/csm/lib/libcsm.so
[8.729s] -- Up-to-date: /home/rose/pi4b_ros2/car_ws/install/csm/include/..//include
[8.758s] -- Up-to-date: /home/rose/pi4b_ros2/car_ws/install/csm/include/..//include/gsl_eigen
[8.781s] -- Up-to-date: /home/rose/pi4b_ros2/car_ws/install/csm/include/..//include/gsl_eigen/gsl_eigen.h
[8.801s] -- Up-to-date: /home/rose/pi4b_ros2/car_ws/install/csm/include/..//include/csm
[8.820s] -- Up-to-date: /home/rose/pi4b_ros2/car_ws/install/csm/include/..//include/csm/laser_data.h
[8.856s] -- Up-to-date: /home/rose/pi4b_ros2/car_ws/install/csm/include/..//include/csm/csm.h
[8.882s] -- Up-to-date: /home/rose/pi4b_ros2/car_ws/install/csm/include/..//include/csm/restrict.h
[8.904s] -- Up-to-date: /home/rose/pi4b_ros2/car_ws/install/csm/include/..//include/csm/algos.h
[8.932s] -- Up-to-date: /home/rose/pi4b_ros2/car_ws/install/csm/include/..//include/csm/laser_data_inline.h
[8.980s] -- Up-to-date: /home/rose/pi4b_ros2/car_ws/install/csm/share/csm/resource
[8.988s] -- Up-to-date: /home/rose/pi4b_ros2/car_ws/install/csm/share/csm/resource/csm
[9.030s] -- Up-to-date: /home/rose/pi4b_ros2/car_ws/install/csm/include/../gsl_eigen
[9.048s] -- Up-to-date: /home/rose/pi4b_ros2/car_ws/install/csm/include/../gsl_eigen/gsl_eigen.h
[9.111s] -- Up-to-date: /home/rose/pi4b_ros2/car_ws/install/csm/share/csm/environment/library_path.sh
[9.143s] -- Up-to-date: /home/rose/pi4b_ros2/car_ws/install/csm/share/csm/environment/library_path.dsv
[9.162s] -- Up-to-date: /home/rose/pi4b_ros2/car_ws/install/csm/share/ament_index/resource_index/package_run_dependencies/csm
[9.273s] -- Up-to-date: /home/rose/pi4b_ros2/car_ws/install/csm/share/ament_index/resource_index/parent_prefix_path/csm
[9.339s] -- Up-to-date: /home/rose/pi4b_ros2/car_ws/install/csm/share/csm/environment/ament_prefix_path.sh
[9.396s] -- Up-to-date: /home/rose/pi4b_ros2/car_ws/install/csm/share/csm/environment/ament_prefix_path.dsv
[9.418s] -- Up-to-date: /home/rose/pi4b_ros2/car_ws/install/csm/share/csm/environment/path.sh
[9.444s] -- Up-to-date: /home/rose/pi4b_ros2/car_ws/install/csm/share/csm/environment/path.dsv
[9.498s] -- Up-to-date: /home/rose/pi4b_ros2/car_ws/install/csm/share/csm/local_setup.bash
[9.500s] -- Up-to-date: /home/rose/pi4b_ros2/car_ws/install/csm/share/csm/local_setup.sh
[9.534s] -- Up-to-date: /home/rose/pi4b_ros2/car_ws/install/csm/share/csm/local_setup.zsh
[9.575s] -- Up-to-date: /home/rose/pi4b_ros2/car_ws/install/csm/share/csm/local_setup.dsv
[9.576s] -- Installing: /home/rose/pi4b_ros2/car_ws/install/csm/share/csm/package.dsv
[9.615s] -- Up-to-date: /home/rose/pi4b_ros2/car_ws/install/csm/share/ament_index/resource_index/packages/csm
[9.617s] -- Up-to-date: /home/rose/pi4b_ros2/car_ws/install/csm/share/csm/cmake/ament_cmake_export_dependencies-extras.cmake
[9.643s] -- Up-to-date: /home/rose/pi4b_ros2/car_ws/install/csm/share/csm/cmake/ament_cmake_export_include_directories-extras.cmake
[9.645s] -- Up-to-date: /home/rose/pi4b_ros2/car_ws/install/csm/share/csm/cmake/ament_cmake_export_libraries-extras.cmake
[9.679s] -- Up-to-date: /home/rose/pi4b_ros2/car_ws/install/csm/share/csm/cmake/csmConfig.cmake
[9.684s] -- Up-to-date: /home/rose/pi4b_ros2/car_ws/install/csm/share/csm/cmake/csmConfig-version.cmake
[9.685s] -- Up-to-date: /home/rose/pi4b_ros2/car_ws/install/csm/share/csm/package.xml
[9.750s] Invoked command in '/home/rose/pi4b_ros2/car_ws/build/csm' returned '0': CMAKE_PREFIX_PATH=${CMAKE_PREFIX_PATH}:/home/rose/pi4b_ros2/car_ws/install/yolo_counting_pkg:/home/rose/pi4b_ros2/car_ws/install/test_control_pkg:/opt/ros/humble /usr/bin/cmake --install /home/rose/pi4b_ros2/car_ws/build/csm
