[0.113s] Invoking command in '/home/rose/pi4b_ros2/car_ws/build/bot_navigation2': CMAKE_PREFIX_PATH=${CMAKE_PREFIX_PATH}:/home/rose/pi4b_ros2/car_ws/install/yolo_counting_pkg:/home/rose/pi4b_ros2/car_ws/install/test_control_pkg:/home/rose/pi4b_ros2/car_ws/install/bot_application:/opt/ros/humble /usr/bin/cmake --build /home/rose/pi4b_ros2/car_ws/build/bot_navigation2 -- -j4 -l4
[0.719s] Invoked command in '/home/rose/pi4b_ros2/car_ws/build/bot_navigation2' returned '0': CMAKE_PREFIX_PATH=${CMAKE_PREFIX_PATH}:/home/rose/pi4b_ros2/car_ws/install/yolo_counting_pkg:/home/rose/pi4b_ros2/car_ws/install/test_control_pkg:/home/rose/pi4b_ros2/car_ws/install/bot_application:/opt/ros/humble /usr/bin/cmake --build /home/rose/pi4b_ros2/car_ws/build/bot_navigation2 -- -j4 -l4
[0.732s] Invoking command in '/home/rose/pi4b_ros2/car_ws/build/bot_navigation2': CMAKE_PREFIX_PATH=${CMAKE_PREFIX_PATH}:/home/rose/pi4b_ros2/car_ws/install/yolo_counting_pkg:/home/rose/pi4b_ros2/car_ws/install/test_control_pkg:/home/rose/pi4b_ros2/car_ws/install/bot_application:/opt/ros/humble /usr/bin/cmake --install /home/rose/pi4b_ros2/car_ws/build/bot_navigation2
[0.772s] -- Install configuration: "Release"
[0.774s] -- Up-to-date: /home/rose/pi4b_ros2/car_ws/install/bot_navigation2/share/bot_navigation2/launch
[0.778s] -- Up-to-date: /home/rose/pi4b_ros2/car_ws/install/bot_navigation2/share/bot_navigation2/launch/navigation2.launch.py
[0.779s] -- Up-to-date: /home/rose/pi4b_ros2/car_ws/install/bot_navigation2/share/bot_navigation2/maps
[0.781s] -- Up-to-date: /home/rose/pi4b_ros2/car_ws/install/bot_navigation2/share/bot_navigation2/maps/lab_1.yaml
[0.782s] -- Up-to-date: /home/rose/pi4b_ros2/car_ws/install/bot_navigation2/share/bot_navigation2/maps/room.yaml
[0.784s] -- Up-to-date: /home/rose/pi4b_ros2/car_ws/install/bot_navigation2/share/bot_navigation2/maps/room.pgm
[0.786s] -- Up-to-date: /home/rose/pi4b_ros2/car_ws/install/bot_navigation2/share/bot_navigation2/maps/lab.pgm
[0.787s] -- Up-to-date: /home/rose/pi4b_ros2/car_ws/install/bot_navigation2/share/bot_navigation2/maps/lab_1.pgm
[0.789s] -- Up-to-date: /home/rose/pi4b_ros2/car_ws/install/bot_navigation2/share/bot_navigation2/maps/lab.yaml
[0.790s] -- Up-to-date: /home/rose/pi4b_ros2/car_ws/install/bot_navigation2/share/bot_navigation2/maps/lab_2.pgm
[0.791s] -- Up-to-date: /home/rose/pi4b_ros2/car_ws/install/bot_navigation2/share/bot_navigation2/maps/lab_2.yaml
[0.794s] -- Up-to-date: /home/rose/pi4b_ros2/car_ws/install/bot_navigation2/share/bot_navigation2/config
[0.796s] -- Up-to-date: /home/rose/pi4b_ros2/car_ws/install/bot_navigation2/share/bot_navigation2/config/nav2_params.yaml
[0.798s] -- Up-to-date: /home/rose/pi4b_ros2/car_ws/install/bot_navigation2/share/bot_navigation2/config/nav2_params.yaml.backup
[0.800s] -- Up-to-date: /home/rose/pi4b_ros2/car_ws/install/bot_navigation2/share/ament_index/resource_index/package_run_dependencies/bot_navigation2
[0.804s] -- Up-to-date: /home/rose/pi4b_ros2/car_ws/install/bot_navigation2/share/ament_index/resource_index/parent_prefix_path/bot_navigation2
[0.806s] -- Up-to-date: /home/rose/pi4b_ros2/car_ws/install/bot_navigation2/share/bot_navigation2/environment/ament_prefix_path.sh
[0.808s] -- Up-to-date: /home/rose/pi4b_ros2/car_ws/install/bot_navigation2/share/bot_navigation2/environment/ament_prefix_path.dsv
[0.810s] -- Up-to-date: /home/rose/pi4b_ros2/car_ws/install/bot_navigation2/share/bot_navigation2/environment/path.sh
[0.812s] -- Up-to-date: /home/rose/pi4b_ros2/car_ws/install/bot_navigation2/share/bot_navigation2/environment/path.dsv
[0.814s] -- Up-to-date: /home/rose/pi4b_ros2/car_ws/install/bot_navigation2/share/bot_navigation2/local_setup.bash
[0.815s] -- Up-to-date: /home/rose/pi4b_ros2/car_ws/install/bot_navigation2/share/bot_navigation2/local_setup.sh
[0.817s] -- Up-to-date: /home/rose/pi4b_ros2/car_ws/install/bot_navigation2/share/bot_navigation2/local_setup.zsh
[0.822s] -- Up-to-date: /home/rose/pi4b_ros2/car_ws/install/bot_navigation2/share/bot_navigation2/local_setup.dsv
[0.822s] -- Installing: /home/rose/pi4b_ros2/car_ws/install/bot_navigation2/share/bot_navigation2/package.dsv
[0.823s] -- Up-to-date: /home/rose/pi4b_ros2/car_ws/install/bot_navigation2/share/ament_index/resource_index/packages/bot_navigation2
[0.830s] -- Up-to-date: /home/rose/pi4b_ros2/car_ws/install/bot_navigation2/share/bot_navigation2/cmake/bot_navigation2Config.cmake
[0.832s] -- Up-to-date: /home/rose/pi4b_ros2/car_ws/install/bot_navigation2/share/bot_navigation2/cmake/bot_navigation2Config-version.cmake
[0.838s] -- Up-to-date: /home/rose/pi4b_ros2/car_ws/install/bot_navigation2/share/bot_navigation2/package.xml
[2.285s] Invoked command in '/home/rose/pi4b_ros2/car_ws/build/bot_navigation2' returned '0': CMAKE_PREFIX_PATH=${CMAKE_PREFIX_PATH}:/home/rose/pi4b_ros2/car_ws/install/yolo_counting_pkg:/home/rose/pi4b_ros2/car_ws/install/test_control_pkg:/home/rose/pi4b_ros2/car_ws/install/bot_application:/opt/ros/humble /usr/bin/cmake --install /home/rose/pi4b_ros2/car_ws/build/bot_navigation2
