[4.692s] Invoking command in '/home/rose/car_ws/src/yolo_counting_pkg': PYTHONPATH=/home/rose/car_ws/build/yolo_counting_pkg/prefix_override:/usr/lib/python3/dist-packages/colcon_core/task/python/colcon_distutils_commands:/home/rose/car_ws/install/yolo_counting_pkg/lib/python3.10/site-packages:${PYTHONPATH} /usr/bin/python3 -W ignore:setup.py install is deprecated -W ignore:easy_install command is deprecated setup.py egg_info --egg-base ../../build/yolo_counting_pkg build --build-base /home/rose/car_ws/build/yolo_counting_pkg/build install --record /home/rose/car_ws/build/yolo_counting_pkg/install.log --single-version-externally-managed install_data
[6.058s] running egg_info
[6.062s] writing ../../build/yolo_counting_pkg/yolo_counting_pkg.egg-info/PKG-INFO
[6.065s] writing dependency_links to ../../build/yolo_counting_pkg/yolo_counting_pkg.egg-info/dependency_links.txt
[6.067s] writing entry points to ../../build/yolo_counting_pkg/yolo_counting_pkg.egg-info/entry_points.txt
[6.068s] writing requirements to ../../build/yolo_counting_pkg/yolo_counting_pkg.egg-info/requires.txt
[6.069s] writing top-level names to ../../build/yolo_counting_pkg/yolo_counting_pkg.egg-info/top_level.txt
[6.078s] reading manifest file '../../build/yolo_counting_pkg/yolo_counting_pkg.egg-info/SOURCES.txt'
[6.081s] adding license file 'LICENSE'
[6.087s] writing manifest file '../../build/yolo_counting_pkg/yolo_counting_pkg.egg-info/SOURCES.txt'
[6.090s] running build
[6.092s] running build_py
[6.096s] copying yolo_counting_pkg/yolo_ros_publish.py -> /home/rose/car_ws/build/yolo_counting_pkg/build/lib/yolo_counting_pkg
[6.102s] running install
[6.104s] running install_lib
[6.105s] copying /home/rose/car_ws/build/yolo_counting_pkg/build/lib/yolo_counting_pkg/yolo_ros_publish.py -> /home/rose/car_ws/install/yolo_counting_pkg/lib/python3.10/site-packages/yolo_counting_pkg
[6.105s] byte-compiling /home/rose/car_ws/install/yolo_counting_pkg/lib/python3.10/site-packages/yolo_counting_pkg/yolo_ros_publish.py to yolo_ros_publish.cpython-310.pyc
[6.107s] running install_data
[6.108s] copying package.xml -> /home/rose/car_ws/install/yolo_counting_pkg/share/yolo_counting_pkg
[6.118s] running install_egg_info
[6.120s] removing '/home/rose/car_ws/install/yolo_counting_pkg/lib/python3.10/site-packages/yolo_counting_pkg-0.0.0-py3.10.egg-info' (and everything under it)
[6.122s] Copying ../../build/yolo_counting_pkg/yolo_counting_pkg.egg-info to /home/rose/car_ws/install/yolo_counting_pkg/lib/python3.10/site-packages/yolo_counting_pkg-0.0.0-py3.10.egg-info
[6.129s] running install_scripts
[6.227s] Installing yolo_result_publisher script to /home/rose/car_ws/install/yolo_counting_pkg/lib/yolo_counting_pkg
[6.229s] writing list of installed files to '/home/rose/car_ws/build/yolo_counting_pkg/install.log'
[6.461s] Invoked command in '/home/rose/car_ws/src/yolo_counting_pkg' returned '0': PYTHONPATH=/home/rose/car_ws/build/yolo_counting_pkg/prefix_override:/usr/lib/python3/dist-packages/colcon_core/task/python/colcon_distutils_commands:/home/rose/car_ws/install/yolo_counting_pkg/lib/python3.10/site-packages:${PYTHONPATH} /usr/bin/python3 -W ignore:setup.py install is deprecated -W ignore:easy_install command is deprecated setup.py egg_info --egg-base ../../build/yolo_counting_pkg build --build-base /home/rose/car_ws/build/yolo_counting_pkg/build install --record /home/rose/car_ws/build/yolo_counting_pkg/install.log --single-version-externally-managed install_data
