[0.091s] Invoking command in '/home/rose/pi4b_ros2/car_ws/build/ros2_laser_scan_matcher': CMAKE_PREFIX_PATH=/home/rose/pi4b_ros2/car_ws/install/csm:/home/rose/pi4b_ros2/car_ws/install/ros2_laser_scan_matcher:/home/rose/pi4b_ros2/car_ws/install/lslidar_driver:/home/rose/pi4b_ros2/car_ws/install/lslidar_msgs:/home/rose/pi4b_ros2/car_ws/install/bot_navigation2:/home/rose/pi4b_ros2/car_ws/install/bot_localization:/home/rose/pi4b_ros2/car_ws/install/bot_description:/home/rose/pi4b_ros2/car_ws/install/yolo_counting_pkg:/home/rose/pi4b_ros2/car_ws/install/test_control_pkg:/home/rose/pi4b_ros2/car_ws/install/bot_application:/opt/ros/humble LD_LIBRARY_PATH=/home/rose/pi4b_ros2/car_ws/install/csm/lib:/home/rose/pi4b_ros2/car_ws/install/lslidar_msgs/lib:/opt/ros/humble/opt/rviz_ogre_vendor/lib:/opt/ros/humble/lib/aarch64-linux-gnu:/opt/ros/humble/lib /usr/bin/cmake --build /home/rose/pi4b_ros2/car_ws/build/ros2_laser_scan_matcher -- -j4 -l4
[0.602s] [100%] Built target laser_scan_matcher
[0.683s] Invoked command in '/home/rose/pi4b_ros2/car_ws/build/ros2_laser_scan_matcher' returned '0': CMAKE_PREFIX_PATH=/home/rose/pi4b_ros2/car_ws/install/csm:/home/rose/pi4b_ros2/car_ws/install/ros2_laser_scan_matcher:/home/rose/pi4b_ros2/car_ws/install/lslidar_driver:/home/rose/pi4b_ros2/car_ws/install/lslidar_msgs:/home/rose/pi4b_ros2/car_ws/install/bot_navigation2:/home/rose/pi4b_ros2/car_ws/install/bot_localization:/home/rose/pi4b_ros2/car_ws/install/bot_description:/home/rose/pi4b_ros2/car_ws/install/yolo_counting_pkg:/home/rose/pi4b_ros2/car_ws/install/test_control_pkg:/home/rose/pi4b_ros2/car_ws/install/bot_application:/opt/ros/humble LD_LIBRARY_PATH=/home/rose/pi4b_ros2/car_ws/install/csm/lib:/home/rose/pi4b_ros2/car_ws/install/lslidar_msgs/lib:/opt/ros/humble/opt/rviz_ogre_vendor/lib:/opt/ros/humble/lib/aarch64-linux-gnu:/opt/ros/humble/lib /usr/bin/cmake --build /home/rose/pi4b_ros2/car_ws/build/ros2_laser_scan_matcher -- -j4 -l4
[0.689s] Invoking command in '/home/rose/pi4b_ros2/car_ws/build/ros2_laser_scan_matcher': CMAKE_PREFIX_PATH=/home/rose/pi4b_ros2/car_ws/install/csm:/home/rose/pi4b_ros2/car_ws/install/ros2_laser_scan_matcher:/home/rose/pi4b_ros2/car_ws/install/lslidar_driver:/home/rose/pi4b_ros2/car_ws/install/lslidar_msgs:/home/rose/pi4b_ros2/car_ws/install/bot_navigation2:/home/rose/pi4b_ros2/car_ws/install/bot_localization:/home/rose/pi4b_ros2/car_ws/install/bot_description:/home/rose/pi4b_ros2/car_ws/install/yolo_counting_pkg:/home/rose/pi4b_ros2/car_ws/install/test_control_pkg:/home/rose/pi4b_ros2/car_ws/install/bot_application:/opt/ros/humble LD_LIBRARY_PATH=/home/rose/pi4b_ros2/car_ws/install/csm/lib:/home/rose/pi4b_ros2/car_ws/install/lslidar_msgs/lib:/opt/ros/humble/opt/rviz_ogre_vendor/lib:/opt/ros/humble/lib/aarch64-linux-gnu:/opt/ros/humble/lib /usr/bin/cmake --install /home/rose/pi4b_ros2/car_ws/build/ros2_laser_scan_matcher
[0.749s] -- Install configuration: "Release"
[0.754s] -- Up-to-date: /home/rose/pi4b_ros2/car_ws/install/ros2_laser_scan_matcher/lib/ros2_laser_scan_matcher/laser_scan_matcher
[0.760s] -- Up-to-date: /home/rose/pi4b_ros2/car_ws/install/ros2_laser_scan_matcher/share/ament_index/resource_index/package_run_dependencies/ros2_laser_scan_matcher
[0.765s] -- Up-to-date: /home/rose/pi4b_ros2/car_ws/install/ros2_laser_scan_matcher/share/ament_index/resource_index/parent_prefix_path/ros2_laser_scan_matcher
[0.771s] -- Up-to-date: /home/rose/pi4b_ros2/car_ws/install/ros2_laser_scan_matcher/share/ros2_laser_scan_matcher/environment/ament_prefix_path.sh
[0.776s] -- Up-to-date: /home/rose/pi4b_ros2/car_ws/install/ros2_laser_scan_matcher/share/ros2_laser_scan_matcher/environment/ament_prefix_path.dsv
[0.780s] -- Up-to-date: /home/rose/pi4b_ros2/car_ws/install/ros2_laser_scan_matcher/share/ros2_laser_scan_matcher/environment/path.sh
[0.785s] -- Up-to-date: /home/rose/pi4b_ros2/car_ws/install/ros2_laser_scan_matcher/share/ros2_laser_scan_matcher/environment/path.dsv
[0.791s] -- Up-to-date: /home/rose/pi4b_ros2/car_ws/install/ros2_laser_scan_matcher/share/ros2_laser_scan_matcher/local_setup.bash
[0.796s] -- Up-to-date: /home/rose/pi4b_ros2/car_ws/install/ros2_laser_scan_matcher/share/ros2_laser_scan_matcher/local_setup.sh
[0.801s] -- Up-to-date: /home/rose/pi4b_ros2/car_ws/install/ros2_laser_scan_matcher/share/ros2_laser_scan_matcher/local_setup.zsh
[0.805s] -- Up-to-date: /home/rose/pi4b_ros2/car_ws/install/ros2_laser_scan_matcher/share/ros2_laser_scan_matcher/local_setup.dsv
[0.810s] -- Installing: /home/rose/pi4b_ros2/car_ws/install/ros2_laser_scan_matcher/share/ros2_laser_scan_matcher/package.dsv
[0.822s] -- Up-to-date: /home/rose/pi4b_ros2/car_ws/install/ros2_laser_scan_matcher/share/ament_index/resource_index/packages/ros2_laser_scan_matcher
[0.826s] -- Up-to-date: /home/rose/pi4b_ros2/car_ws/install/ros2_laser_scan_matcher/share/ros2_laser_scan_matcher/cmake/ros2_laser_scan_matcherConfig.cmake
[0.830s] -- Up-to-date: /home/rose/pi4b_ros2/car_ws/install/ros2_laser_scan_matcher/share/ros2_laser_scan_matcher/cmake/ros2_laser_scan_matcherConfig-version.cmake
[0.835s] -- Up-to-date: /home/rose/pi4b_ros2/car_ws/install/ros2_laser_scan_matcher/share/ros2_laser_scan_matcher/package.xml
[0.851s] Invoked command in '/home/rose/pi4b_ros2/car_ws/build/ros2_laser_scan_matcher' returned '0': CMAKE_PREFIX_PATH=/home/rose/pi4b_ros2/car_ws/install/csm:/home/rose/pi4b_ros2/car_ws/install/ros2_laser_scan_matcher:/home/rose/pi4b_ros2/car_ws/install/lslidar_driver:/home/rose/pi4b_ros2/car_ws/install/lslidar_msgs:/home/rose/pi4b_ros2/car_ws/install/bot_navigation2:/home/rose/pi4b_ros2/car_ws/install/bot_localization:/home/rose/pi4b_ros2/car_ws/install/bot_description:/home/rose/pi4b_ros2/car_ws/install/yolo_counting_pkg:/home/rose/pi4b_ros2/car_ws/install/test_control_pkg:/home/rose/pi4b_ros2/car_ws/install/bot_application:/opt/ros/humble LD_LIBRARY_PATH=/home/rose/pi4b_ros2/car_ws/install/csm/lib:/home/rose/pi4b_ros2/car_ws/install/lslidar_msgs/lib:/opt/ros/humble/opt/rviz_ogre_vendor/lib:/opt/ros/humble/lib/aarch64-linux-gnu:/opt/ros/humble/lib /usr/bin/cmake --install /home/rose/pi4b_ros2/car_ws/build/ros2_laser_scan_matcher
