/home/rose/pi4b_ros2/car_ws/install/bot_application/lib/python3.10/site-packages/bot_application/keyboard_controller.py
/home/rose/pi4b_ros2/car_ws/install/bot_application/lib/python3.10/site-packages/bot_application/navigator_unified.py
/home/rose/pi4b_ros2/car_ws/install/bot_application/lib/python3.10/site-packages/bot_application/get_cost.py
/home/rose/pi4b_ros2/car_ws/install/bot_application/lib/python3.10/site-packages/bot_application/navigator_full_dp.py
/home/rose/pi4b_ros2/car_ws/install/bot_application/lib/python3.10/site-packages/bot_application/optimized_navigator_dp.py
/home/rose/pi4b_ros2/car_ws/install/bot_application/lib/python3.10/site-packages/bot_application/get_robot_pose.py
/home/rose/pi4b_ros2/car_ws/install/bot_application/lib/python3.10/site-packages/bot_application/voice_responder_example.py
/home/rose/pi4b_ros2/car_ws/install/bot_application/lib/python3.10/site-packages/bot_application/optimized_navigator.py
/home/rose/pi4b_ros2/car_ws/install/bot_application/lib/python3.10/site-packages/bot_application/voice_publisher.py
/home/rose/pi4b_ros2/car_ws/install/bot_application/lib/python3.10/site-packages/bot_application/waypoint_cost_calculator.py
/home/rose/pi4b_ros2/car_ws/install/bot_application/lib/python3.10/site-packages/bot_application/__init__.py
/home/rose/pi4b_ros2/car_ws/install/bot_application/lib/python3.10/site-packages/bot_application/nav_through_pose.py
/home/rose/pi4b_ros2/car_ws/install/bot_application/lib/python3.10/site-packages/bot_application/voice_command_publisher.py
/home/rose/pi4b_ros2/car_ws/install/bot_application/lib/python3.10/site-packages/bot_application/waypoint_follower.py
/home/rose/pi4b_ros2/car_ws/install/bot_application/lib/python3.10/site-packages/bot_application/waypoint_selector.py
/home/rose/pi4b_ros2/car_ws/install/bot_application/lib/python3.10/site-packages/bot_application/nav_to_pose.py
/home/rose/pi4b_ros2/car_ws/install/bot_application/lib/python3.10/site-packages/bot_application/init_robot_pose.py
/home/rose/pi4b_ros2/car_ws/install/bot_application/lib/python3.10/site-packages/bot_application/navigator_full_ga.py
/home/rose/pi4b_ros2/car_ws/install/bot_application/lib/python3.10/site-packages/bot_application/__pycache__/keyboard_controller.cpython-310.pyc
/home/rose/pi4b_ros2/car_ws/install/bot_application/lib/python3.10/site-packages/bot_application/__pycache__/navigator_unified.cpython-310.pyc
/home/rose/pi4b_ros2/car_ws/install/bot_application/lib/python3.10/site-packages/bot_application/__pycache__/get_cost.cpython-310.pyc
/home/rose/pi4b_ros2/car_ws/install/bot_application/lib/python3.10/site-packages/bot_application/__pycache__/navigator_full_dp.cpython-310.pyc
/home/rose/pi4b_ros2/car_ws/install/bot_application/lib/python3.10/site-packages/bot_application/__pycache__/optimized_navigator_dp.cpython-310.pyc
/home/rose/pi4b_ros2/car_ws/install/bot_application/lib/python3.10/site-packages/bot_application/__pycache__/get_robot_pose.cpython-310.pyc
/home/rose/pi4b_ros2/car_ws/install/bot_application/lib/python3.10/site-packages/bot_application/__pycache__/voice_responder_example.cpython-310.pyc
/home/rose/pi4b_ros2/car_ws/install/bot_application/lib/python3.10/site-packages/bot_application/__pycache__/optimized_navigator.cpython-310.pyc
/home/rose/pi4b_ros2/car_ws/install/bot_application/lib/python3.10/site-packages/bot_application/__pycache__/voice_publisher.cpython-310.pyc
/home/rose/pi4b_ros2/car_ws/install/bot_application/lib/python3.10/site-packages/bot_application/__pycache__/waypoint_cost_calculator.cpython-310.pyc
/home/rose/pi4b_ros2/car_ws/install/bot_application/lib/python3.10/site-packages/bot_application/__pycache__/__init__.cpython-310.pyc
/home/rose/pi4b_ros2/car_ws/install/bot_application/lib/python3.10/site-packages/bot_application/__pycache__/nav_through_pose.cpython-310.pyc
/home/rose/pi4b_ros2/car_ws/install/bot_application/lib/python3.10/site-packages/bot_application/__pycache__/voice_command_publisher.cpython-310.pyc
/home/rose/pi4b_ros2/car_ws/install/bot_application/lib/python3.10/site-packages/bot_application/__pycache__/waypoint_follower.cpython-310.pyc
/home/rose/pi4b_ros2/car_ws/install/bot_application/lib/python3.10/site-packages/bot_application/__pycache__/waypoint_selector.cpython-310.pyc
/home/rose/pi4b_ros2/car_ws/install/bot_application/lib/python3.10/site-packages/bot_application/__pycache__/nav_to_pose.cpython-310.pyc
/home/rose/pi4b_ros2/car_ws/install/bot_application/lib/python3.10/site-packages/bot_application/__pycache__/init_robot_pose.cpython-310.pyc
/home/rose/pi4b_ros2/car_ws/install/bot_application/lib/python3.10/site-packages/bot_application/__pycache__/navigator_full_ga.cpython-310.pyc
/home/rose/pi4b_ros2/car_ws/install/bot_application/share/ament_index/resource_index/packages/bot_application
/home/rose/pi4b_ros2/car_ws/install/bot_application/share/bot_application/package.xml
/home/rose/pi4b_ros2/car_ws/install/bot_application/lib/python3.10/site-packages/bot_application-0.0.0-py3.10.egg-info/zip-safe
/home/rose/pi4b_ros2/car_ws/install/bot_application/lib/python3.10/site-packages/bot_application-0.0.0-py3.10.egg-info/PKG-INFO
/home/rose/pi4b_ros2/car_ws/install/bot_application/lib/python3.10/site-packages/bot_application-0.0.0-py3.10.egg-info/top_level.txt
/home/rose/pi4b_ros2/car_ws/install/bot_application/lib/python3.10/site-packages/bot_application-0.0.0-py3.10.egg-info/requires.txt
/home/rose/pi4b_ros2/car_ws/install/bot_application/lib/python3.10/site-packages/bot_application-0.0.0-py3.10.egg-info/entry_points.txt
/home/rose/pi4b_ros2/car_ws/install/bot_application/lib/python3.10/site-packages/bot_application-0.0.0-py3.10.egg-info/dependency_links.txt
/home/rose/pi4b_ros2/car_ws/install/bot_application/lib/python3.10/site-packages/bot_application-0.0.0-py3.10.egg-info/SOURCES.txt
/home/rose/pi4b_ros2/car_ws/install/bot_application/lib/bot_application/auto_optimized_navigator
/home/rose/pi4b_ros2/car_ws/install/bot_application/lib/bot_application/get_robot_pose
/home/rose/pi4b_ros2/car_ws/install/bot_application/lib/bot_application/init_robot_pose
/home/rose/pi4b_ros2/car_ws/install/bot_application/lib/bot_application/init_robot_pose_door
/home/rose/pi4b_ros2/car_ws/install/bot_application/lib/bot_application/init_robot_pose_point1
/home/rose/pi4b_ros2/car_ws/install/bot_application/lib/bot_application/init_robot_pose_point2
/home/rose/pi4b_ros2/car_ws/install/bot_application/lib/bot_application/init_robot_pose_point3
/home/rose/pi4b_ros2/car_ws/install/bot_application/lib/bot_application/keyboard_controller
/home/rose/pi4b_ros2/car_ws/install/bot_application/lib/bot_application/nav_through_pose
/home/rose/pi4b_ros2/car_ws/install/bot_application/lib/bot_application/navigator_full_dp
/home/rose/pi4b_ros2/car_ws/install/bot_application/lib/bot_application/navigator_full_ga
/home/rose/pi4b_ros2/car_ws/install/bot_application/lib/bot_application/navigator_unified
/home/rose/pi4b_ros2/car_ws/install/bot_application/lib/bot_application/optimized_navigator
/home/rose/pi4b_ros2/car_ws/install/bot_application/lib/bot_application/optimized_navigator_dp
/home/rose/pi4b_ros2/car_ws/install/bot_application/lib/bot_application/voice_publisher
/home/rose/pi4b_ros2/car_ws/install/bot_application/lib/bot_application/voice_responder_example
/home/rose/pi4b_ros2/car_ws/install/bot_application/lib/bot_application/way_to_go
/home/rose/pi4b_ros2/car_ws/install/bot_application/lib/bot_application/waypoint_cost_calculator
/home/rose/pi4b_ros2/car_ws/install/bot_application/lib/bot_application/waypoint_cost_calculator_copy
/home/rose/pi4b_ros2/car_ws/install/bot_application/lib/bot_application/waypoint_follower
/home/rose/pi4b_ros2/car_ws/install/bot_application/lib/bot_application/waypoint_selector
