[0.385s] Invoking command in '/home/rose/pi4b_ros2/car_ws/build/lslidar_driver': CMAKE_PREFIX_PATH=/home/rose/pi4b_ros2/car_ws/install/lslidar_msgs:/home/rose/pi4b_ros2/car_ws/install/ros2_laser_scan_matcher:/home/rose/pi4b_ros2/car_ws/install/lslidar_driver:/home/rose/pi4b_ros2/car_ws/install/csm:/home/rose/pi4b_ros2/car_ws/install/bot_navigation2:/home/rose/pi4b_ros2/car_ws/install/bot_localization:/home/rose/pi4b_ros2/car_ws/install/bot_description:/home/rose/pi4b_ros2/car_ws/install/yolo_counting_pkg:/home/rose/pi4b_ros2/car_ws/install/test_control_pkg:/home/rose/pi4b_ros2/car_ws/install/bot_application:/opt/ros/humble /usr/bin/cmake --build /home/rose/pi4b_ros2/car_ws/build/lslidar_driver -- -j4 -l4
[1.275s] [100%] Built target lslidar_driver_node
[1.378s] Invoked command in '/home/rose/pi4b_ros2/car_ws/build/lslidar_driver' returned '0': CMAKE_PREFIX_PATH=/home/rose/pi4b_ros2/car_ws/install/lslidar_msgs:/home/rose/pi4b_ros2/car_ws/install/ros2_laser_scan_matcher:/home/rose/pi4b_ros2/car_ws/install/lslidar_driver:/home/rose/pi4b_ros2/car_ws/install/csm:/home/rose/pi4b_ros2/car_ws/install/bot_navigation2:/home/rose/pi4b_ros2/car_ws/install/bot_localization:/home/rose/pi4b_ros2/car_ws/install/bot_description:/home/rose/pi4b_ros2/car_ws/install/yolo_counting_pkg:/home/rose/pi4b_ros2/car_ws/install/test_control_pkg:/home/rose/pi4b_ros2/car_ws/install/bot_application:/opt/ros/humble /usr/bin/cmake --build /home/rose/pi4b_ros2/car_ws/build/lslidar_driver -- -j4 -l4
[1.403s] Invoking command in '/home/rose/pi4b_ros2/car_ws/build/lslidar_driver': CMAKE_PREFIX_PATH=/home/rose/pi4b_ros2/car_ws/install/lslidar_msgs:/home/rose/pi4b_ros2/car_ws/install/ros2_laser_scan_matcher:/home/rose/pi4b_ros2/car_ws/install/lslidar_driver:/home/rose/pi4b_ros2/car_ws/install/csm:/home/rose/pi4b_ros2/car_ws/install/bot_navigation2:/home/rose/pi4b_ros2/car_ws/install/bot_localization:/home/rose/pi4b_ros2/car_ws/install/bot_description:/home/rose/pi4b_ros2/car_ws/install/yolo_counting_pkg:/home/rose/pi4b_ros2/car_ws/install/test_control_pkg:/home/rose/pi4b_ros2/car_ws/install/bot_application:/opt/ros/humble /usr/bin/cmake --install /home/rose/pi4b_ros2/car_ws/build/lslidar_driver
[1.671s] -- Install configuration: "Release"
[1.675s] -- Up-to-date: /home/rose/pi4b_ros2/car_ws/install/lslidar_driver/share/lslidar_driver/launch
[1.677s] -- Up-to-date: /home/rose/pi4b_ros2/car_ws/install/lslidar_driver/share/lslidar_driver/launch/lsm10_net_launch.py
[1.683s] -- Up-to-date: /home/rose/pi4b_ros2/car_ws/install/lslidar_driver/share/lslidar_driver/launch/lsn10_net_launch.py
[1.689s] -- Up-to-date: /home/rose/pi4b_ros2/car_ws/install/lslidar_driver/share/lslidar_driver/launch/lsn10_launch.py
[1.696s] -- Up-to-date: /home/rose/pi4b_ros2/car_ws/install/lslidar_driver/share/lslidar_driver/launch/viewer_scan_launch.py
[1.716s] -- Up-to-date: /home/rose/pi4b_ros2/car_ws/install/lslidar_driver/share/lslidar_driver/launch/lsm10p_net_launch.py
[1.726s] -- Up-to-date: /home/rose/pi4b_ros2/car_ws/install/lslidar_driver/share/lslidar_driver/launch/lsn10p_net_launch.py
[1.740s] -- Up-to-date: /home/rose/pi4b_ros2/car_ws/install/lslidar_driver/share/lslidar_driver/launch/lsm10_uart_launch.py
[1.757s] -- Up-to-date: /home/rose/pi4b_ros2/car_ws/install/lslidar_driver/share/lslidar_driver/launch/lslidar_double_launch.py
[1.768s] -- Up-to-date: /home/rose/pi4b_ros2/car_ws/install/lslidar_driver/share/lslidar_driver/launch/lsn10p_launch.py
[1.779s] -- Up-to-date: /home/rose/pi4b_ros2/car_ws/install/lslidar_driver/share/lslidar_driver/launch/lsm10p_uart_launch.py
[1.781s] -- Up-to-date: /home/rose/pi4b_ros2/car_ws/install/lslidar_driver/share/lslidar_driver/params
[1.789s] -- Up-to-date: /home/rose/pi4b_ros2/car_ws/install/lslidar_driver/share/lslidar_driver/params/lidar_net_ros2
[1.793s] -- Up-to-date: /home/rose/pi4b_ros2/car_ws/install/lslidar_driver/share/lslidar_driver/params/lidar_net_ros2/lsn10p_net.yaml
[1.798s] -- Up-to-date: /home/rose/pi4b_ros2/car_ws/install/lslidar_driver/share/lslidar_driver/params/lidar_net_ros2/lsm10p_net.yaml
[1.804s] -- Up-to-date: /home/rose/pi4b_ros2/car_ws/install/lslidar_driver/share/lslidar_driver/params/lidar_net_ros2/lsn10_net.yaml
[1.816s] -- Up-to-date: /home/rose/pi4b_ros2/car_ws/install/lslidar_driver/share/lslidar_driver/params/lidar_net_ros2/lsm10_net.yaml
[1.827s] -- Up-to-date: /home/rose/pi4b_ros2/car_ws/install/lslidar_driver/share/lslidar_driver/params/lidar_uart_ros2
[1.834s] -- Up-to-date: /home/rose/pi4b_ros2/car_ws/install/lslidar_driver/share/lslidar_driver/params/lidar_uart_ros2/lsm10_p.yaml
[1.839s] -- Up-to-date: /home/rose/pi4b_ros2/car_ws/install/lslidar_driver/share/lslidar_driver/params/lidar_uart_ros2/lsn10.yaml
[1.854s] -- Up-to-date: /home/rose/pi4b_ros2/car_ws/install/lslidar_driver/share/lslidar_driver/params/lidar_uart_ros2/lsn10p.yaml
[1.864s] -- Up-to-date: /home/rose/pi4b_ros2/car_ws/install/lslidar_driver/share/lslidar_driver/params/lidar_uart_ros2/lsm10.yaml
[1.875s] -- Up-to-date: /home/rose/pi4b_ros2/car_ws/install/lslidar_driver/share/lslidar_driver/rviz
[1.880s] -- Up-to-date: /home/rose/pi4b_ros2/car_ws/install/lslidar_driver/share/lslidar_driver/rviz/lslidar.rviz
[1.890s] -- Up-to-date: /home/rose/pi4b_ros2/car_ws/install/lslidar_driver/lib/lslidar_driver/lslidar_driver_node
[1.915s] -- Up-to-date: /home/rose/pi4b_ros2/car_ws/install/lslidar_driver/share/ament_index/resource_index/package_run_dependencies/lslidar_driver
[1.925s] -- Up-to-date: /home/rose/pi4b_ros2/car_ws/install/lslidar_driver/share/ament_index/resource_index/parent_prefix_path/lslidar_driver
[1.925s] -- Up-to-date: /home/rose/pi4b_ros2/car_ws/install/lslidar_driver/share/lslidar_driver/environment/ament_prefix_path.sh
[1.926s] -- Up-to-date: /home/rose/pi4b_ros2/car_ws/install/lslidar_driver/share/lslidar_driver/environment/ament_prefix_path.dsv
[1.926s] -- Up-to-date: /home/rose/pi4b_ros2/car_ws/install/lslidar_driver/share/lslidar_driver/environment/path.sh
[1.926s] -- Up-to-date: /home/rose/pi4b_ros2/car_ws/install/lslidar_driver/share/lslidar_driver/environment/path.dsv
[1.927s] -- Up-to-date: /home/rose/pi4b_ros2/car_ws/install/lslidar_driver/share/lslidar_driver/local_setup.bash
[1.927s] -- Up-to-date: /home/rose/pi4b_ros2/car_ws/install/lslidar_driver/share/lslidar_driver/local_setup.sh
[1.928s] -- Up-to-date: /home/rose/pi4b_ros2/car_ws/install/lslidar_driver/share/lslidar_driver/local_setup.zsh
[1.928s] -- Up-to-date: /home/rose/pi4b_ros2/car_ws/install/lslidar_driver/share/lslidar_driver/local_setup.dsv
[1.928s] -- Installing: /home/rose/pi4b_ros2/car_ws/install/lslidar_driver/share/lslidar_driver/package.dsv
[1.929s] -- Up-to-date: /home/rose/pi4b_ros2/car_ws/install/lslidar_driver/share/ament_index/resource_index/packages/lslidar_driver
[1.976s] -- Up-to-date: /home/rose/pi4b_ros2/car_ws/install/lslidar_driver/share/lslidar_driver/cmake/ament_cmake_export_dependencies-extras.cmake
[1.976s] -- Up-to-date: /home/rose/pi4b_ros2/car_ws/install/lslidar_driver/share/lslidar_driver/cmake/ament_cmake_export_include_directories-extras.cmake
[1.977s] -- Up-to-date: /home/rose/pi4b_ros2/car_ws/install/lslidar_driver/share/lslidar_driver/cmake/lslidar_driverConfig.cmake
[1.977s] -- Up-to-date: /home/rose/pi4b_ros2/car_ws/install/lslidar_driver/share/lslidar_driver/cmake/lslidar_driverConfig-version.cmake
[1.978s] -- Up-to-date: /home/rose/pi4b_ros2/car_ws/install/lslidar_driver/share/lslidar_driver/package.xml
[2.002s] Invoked command in '/home/rose/pi4b_ros2/car_ws/build/lslidar_driver' returned '0': CMAKE_PREFIX_PATH=/home/rose/pi4b_ros2/car_ws/install/lslidar_msgs:/home/rose/pi4b_ros2/car_ws/install/ros2_laser_scan_matcher:/home/rose/pi4b_ros2/car_ws/install/lslidar_driver:/home/rose/pi4b_ros2/car_ws/install/csm:/home/rose/pi4b_ros2/car_ws/install/bot_navigation2:/home/rose/pi4b_ros2/car_ws/install/bot_localization:/home/rose/pi4b_ros2/car_ws/install/bot_description:/home/rose/pi4b_ros2/car_ws/install/yolo_counting_pkg:/home/rose/pi4b_ros2/car_ws/install/test_control_pkg:/home/rose/pi4b_ros2/car_ws/install/bot_application:/opt/ros/humble /usr/bin/cmake --install /home/rose/pi4b_ros2/car_ws/build/lslidar_driver
