[5.426s] Invoking command in '/home/rose/pi4b_ros2/car_ws/src/yolo_counting_pkg': PYTHONPATH=/home/rose/pi4b_ros2/car_ws/build/yolo_counting_pkg/prefix_override:/usr/lib/python3/dist-packages/colcon_core/task/python/colcon_distutils_commands:/home/rose/pi4b_ros2/car_ws/install/yolo_counting_pkg/lib/python3.10/site-packages:${PYTHONPATH} /usr/bin/python3 -W ignore:setup.py install is deprecated -W ignore:easy_install command is deprecated setup.py egg_info --egg-base ../../build/yolo_counting_pkg build --build-base /home/rose/pi4b_ros2/car_ws/build/yolo_counting_pkg/build install --record /home/rose/pi4b_ros2/car_ws/build/yolo_counting_pkg/install.log --single-version-externally-managed install_data
[7.212s] running egg_info
[7.293s] writing ../../build/yolo_counting_pkg/yolo_counting_pkg.egg-info/PKG-INFO
[7.296s] writing dependency_links to ../../build/yolo_counting_pkg/yolo_counting_pkg.egg-info/dependency_links.txt
[7.297s] writing entry points to ../../build/yolo_counting_pkg/yolo_counting_pkg.egg-info/entry_points.txt
[7.299s] writing requirements to ../../build/yolo_counting_pkg/yolo_counting_pkg.egg-info/requires.txt
[7.299s] writing top-level names to ../../build/yolo_counting_pkg/yolo_counting_pkg.egg-info/top_level.txt
[7.496s] reading manifest file '../../build/yolo_counting_pkg/yolo_counting_pkg.egg-info/SOURCES.txt'
[7.499s] adding license file 'LICENSE'
[7.504s] writing manifest file '../../build/yolo_counting_pkg/yolo_counting_pkg.egg-info/SOURCES.txt'
[7.505s] running build
[7.506s] running build_py
[7.506s] copying yolo_counting_pkg/priority_calc.py -> /home/rose/pi4b_ros2/car_ws/build/yolo_counting_pkg/build/lib/yolo_counting_pkg
[7.509s] copying yolo_counting_pkg/__init__.py -> /home/rose/pi4b_ros2/car_ws/build/yolo_counting_pkg/build/lib/yolo_counting_pkg
[7.510s] copying yolo_counting_pkg/yolo_detector.py -> /home/rose/pi4b_ros2/car_ws/build/yolo_counting_pkg/build/lib/yolo_counting_pkg
[7.513s] running install
[7.531s] running install_lib
[7.642s] running install_data
[7.644s] copying resource/yolo_counting_pkg -> /home/rose/pi4b_ros2/car_ws/install/yolo_counting_pkg/share/ament_index/resource_index/packages
[7.645s] copying package.xml -> /home/rose/pi4b_ros2/car_ws/install/yolo_counting_pkg/share/yolo_counting_pkg
[7.647s] copying models/best.onnx -> /home/rose/pi4b_ros2/car_ws/install/yolo_counting_pkg/share/yolo_counting_pkg/models
[7.941s] copying data/vedio/spot1.mp4 -> /home/rose/pi4b_ros2/car_ws/install/yolo_counting_pkg/share/yolo_counting_pkg/data/vedio
[8.619s] copying data/vedio/spot5.mp4 -> /home/rose/pi4b_ros2/car_ws/install/yolo_counting_pkg/share/yolo_counting_pkg/data/vedio
[8.793s] copying results/scenic_spot_detections.txt -> /home/rose/pi4b_ros2/car_ws/install/yolo_counting_pkg/share/yolo_counting_pkg/results
[8.795s] running install_egg_info
[8.902s] removing '/home/rose/pi4b_ros2/car_ws/install/yolo_counting_pkg/lib/python3.10/site-packages/yolo_counting_pkg-0.0.0-py3.10.egg-info' (and everything under it)
[8.904s] Copying ../../build/yolo_counting_pkg/yolo_counting_pkg.egg-info to /home/rose/pi4b_ros2/car_ws/install/yolo_counting_pkg/lib/python3.10/site-packages/yolo_counting_pkg-0.0.0-py3.10.egg-info
[8.912s] running install_scripts
[9.098s] Installing priority_calc script to /home/rose/pi4b_ros2/car_ws/install/yolo_counting_pkg/lib/yolo_counting_pkg
[9.100s] Installing yolo_detector script to /home/rose/pi4b_ros2/car_ws/install/yolo_counting_pkg/lib/yolo_counting_pkg
[9.103s] writing list of installed files to '/home/rose/pi4b_ros2/car_ws/build/yolo_counting_pkg/install.log'
[9.222s] Invoked command in '/home/rose/pi4b_ros2/car_ws/src/yolo_counting_pkg' returned '0': PYTHONPATH=/home/rose/pi4b_ros2/car_ws/build/yolo_counting_pkg/prefix_override:/usr/lib/python3/dist-packages/colcon_core/task/python/colcon_distutils_commands:/home/rose/pi4b_ros2/car_ws/install/yolo_counting_pkg/lib/python3.10/site-packages:${PYTHONPATH} /usr/bin/python3 -W ignore:setup.py install is deprecated -W ignore:easy_install command is deprecated setup.py egg_info --egg-base ../../build/yolo_counting_pkg build --build-base /home/rose/pi4b_ros2/car_ws/build/yolo_counting_pkg/build install --record /home/rose/pi4b_ros2/car_ws/build/yolo_counting_pkg/install.log --single-version-externally-managed install_data
