[1.112s] [34mcolcon[0m [1;30mDEBUG[0m [32mCommand line arguments: ['/usr/bin/colcon', 'build', '--packages-select', 'bot_application'][0m
[1.113s] [34mcolcon[0m [1;30mDEBUG[0m [32mParsed command line arguments: Namespace(log_base=None, log_level=None, verb_name='build', build_base='build', install_base='install', merge_install=False, symlink_install=False, test_result_base=None, continue_on_error=False, executor='parallel', parallel_workers=4, event_handlers=None, ignore_user_meta=False, metas=['./colcon.meta'], base_paths=['.'], packages_ignore=None, packages_ignore_regex=None, paths=None, packages_up_to=None, packages_up_to_regex=None, packages_above=None, packages_above_and_dependencies=None, packages_above_depth=None, packages_select_by_dep=None, packages_skip_by_dep=None, packages_skip_up_to=None, packages_select_build_failed=False, packages_skip_build_finished=False, packages_select_test_failures=False, packages_skip_test_passed=False, packages_select=['bot_application'], packages_skip=None, packages_select_regex=None, packages_skip_regex=None, packages_start=None, packages_end=None, allow_overriding=[], cmake_args=None, cmake_target=None, cmake_target_skip_unavailable=False, cmake_clean_cache=False, cmake_clean_first=False, cmake_force_configure=False, ament_cmake_args=None, catkin_cmake_args=None, catkin_skip_building_tests=False, verb_parser=<colcon_defaults.argument_parser.defaults.DefaultArgumentsDecorator object at 0xffffa7768820>, verb_extension=<colcon_core.verb.build.BuildVerb object at 0xffffa7872260>, main=<bound method BuildVerb.main of <colcon_core.verb.build.BuildVerb object at 0xffffa7872260>>)[0m
[1.452s] [34mcolcon.colcon_core.package_discovery[0m [1;30mLevel 1[0m discover_packages(colcon_meta) check parameters
[1.452s] [34mcolcon.colcon_core.package_discovery[0m [1;30mLevel 1[0m discover_packages(recursive) check parameters
[1.453s] [34mcolcon.colcon_core.package_discovery[0m [1;30mLevel 1[0m discover_packages(ignore) check parameters
[1.453s] [34mcolcon.colcon_core.package_discovery[0m [1;30mLevel 1[0m discover_packages(path) check parameters
[1.453s] [34mcolcon.colcon_core.package_discovery[0m [1;30mLevel 1[0m discover_packages(colcon_meta) discover
[1.453s] [34mcolcon.colcon_core.package_discovery[0m [1;30mLevel 1[0m discover_packages(recursive) discover
[1.454s] [34mcolcon.colcon_core.package_discovery[0m [1;30mINFO[0m Crawling recursively for packages in '/home/rose/pi4b_ros2/car_ws'
[1.456s] [34mcolcon.colcon_core.package_identification[0m [1;30mLevel 1[0m _identify(.) by extensions ['ignore', 'ignore_ament_install']
[1.457s] [34mcolcon.colcon_core.package_identification[0m [1;30mLevel 1[0m _identify(.) by extension 'ignore'
[1.457s] [34mcolcon.colcon_core.package_identification[0m [1;30mLevel 1[0m _identify(.) by extension 'ignore_ament_install'
[1.458s] [34mcolcon.colcon_core.package_identification[0m [1;30mLevel 1[0m _identify(.) by extensions ['colcon_pkg']
[1.458s] [34mcolcon.colcon_core.package_identification[0m [1;30mLevel 1[0m _identify(.) by extension 'colcon_pkg'
[1.458s] [34mcolcon.colcon_core.package_identification[0m [1;30mLevel 1[0m _identify(.) by extensions ['colcon_meta']
[1.459s] [34mcolcon.colcon_core.package_identification[0m [1;30mLevel 1[0m _identify(.) by extension 'colcon_meta'
[1.459s] [34mcolcon.colcon_core.package_identification[0m [1;30mLevel 1[0m _identify(.) by extensions ['ros']
[1.460s] [34mcolcon.colcon_core.package_identification[0m [1;30mLevel 1[0m _identify(.) by extension 'ros'
[1.650s] [34mcolcon.colcon_core.package_identification[0m [1;30mLevel 1[0m _identify(.) by extensions ['cmake', 'python']
[1.651s] [34mcolcon.colcon_core.package_identification[0m [1;30mLevel 1[0m _identify(.) by extension 'cmake'
[1.651s] [34mcolcon.colcon_core.package_identification[0m [1;30mLevel 1[0m _identify(.) by extension 'python'
[1.652s] [34mcolcon.colcon_core.package_identification[0m [1;30mLevel 1[0m _identify(.) by extensions ['python_setup_py']
[1.652s] [34mcolcon.colcon_core.package_identification[0m [1;30mLevel 1[0m _identify(.) by extension 'python_setup_py'
[1.653s] [34mcolcon.colcon_core.package_identification[0m [1;30mLevel 1[0m _identify(build) by extensions ['ignore', 'ignore_ament_install']
[1.654s] [34mcolcon.colcon_core.package_identification[0m [1;30mLevel 1[0m _identify(build) by extension 'ignore'
[1.655s] [34mcolcon.colcon_core.package_identification[0m [1;30mLevel 1[0m _identify(build) ignored
[1.656s] [34mcolcon.colcon_core.package_identification[0m [1;30mLevel 1[0m _identify(install) by extensions ['ignore', 'ignore_ament_install']
[1.658s] [34mcolcon.colcon_core.package_identification[0m [1;30mLevel 1[0m _identify(install) by extension 'ignore'
[1.658s] [34mcolcon.colcon_core.package_identification[0m [1;30mLevel 1[0m _identify(install) ignored
[1.665s] [34mcolcon.colcon_core.package_identification[0m [1;30mLevel 1[0m _identify(log) by extensions ['ignore', 'ignore_ament_install']
[1.666s] [34mcolcon.colcon_core.package_identification[0m [1;30mLevel 1[0m _identify(log) by extension 'ignore'
[1.666s] [34mcolcon.colcon_core.package_identification[0m [1;30mLevel 1[0m _identify(log) ignored
[1.667s] [34mcolcon.colcon_core.package_identification[0m [1;30mLevel 1[0m _identify(logs) by extensions ['ignore', 'ignore_ament_install']
[1.668s] [34mcolcon.colcon_core.package_identification[0m [1;30mLevel 1[0m _identify(logs) by extension 'ignore'
[1.669s] [34mcolcon.colcon_core.package_identification[0m [1;30mLevel 1[0m _identify(logs) by extension 'ignore_ament_install'
[1.669s] [34mcolcon.colcon_core.package_identification[0m [1;30mLevel 1[0m _identify(logs) by extensions ['colcon_pkg']
[1.670s] [34mcolcon.colcon_core.package_identification[0m [1;30mLevel 1[0m _identify(logs) by extension 'colcon_pkg'
[1.671s] [34mcolcon.colcon_core.package_identification[0m [1;30mLevel 1[0m _identify(logs) by extensions ['colcon_meta']
[1.671s] [34mcolcon.colcon_core.package_identification[0m [1;30mLevel 1[0m _identify(logs) by extension 'colcon_meta'
[1.672s] [34mcolcon.colcon_core.package_identification[0m [1;30mLevel 1[0m _identify(logs) by extensions ['ros']
[1.672s] [34mcolcon.colcon_core.package_identification[0m [1;30mLevel 1[0m _identify(logs) by extension 'ros'
[1.673s] [34mcolcon.colcon_core.package_identification[0m [1;30mLevel 1[0m _identify(logs) by extensions ['cmake', 'python']
[1.674s] [34mcolcon.colcon_core.package_identification[0m [1;30mLevel 1[0m _identify(logs) by extension 'cmake'
[1.674s] [34mcolcon.colcon_core.package_identification[0m [1;30mLevel 1[0m _identify(logs) by extension 'python'
[1.675s] [34mcolcon.colcon_core.package_identification[0m [1;30mLevel 1[0m _identify(logs) by extensions ['python_setup_py']
[1.675s] [34mcolcon.colcon_core.package_identification[0m [1;30mLevel 1[0m _identify(logs) by extension 'python_setup_py'
[1.676s] [34mcolcon.colcon_core.package_identification[0m [1;30mLevel 1[0m _identify(src) by extensions ['ignore', 'ignore_ament_install']
[1.677s] [34mcolcon.colcon_core.package_identification[0m [1;30mLevel 1[0m _identify(src) by extension 'ignore'
[1.678s] [34mcolcon.colcon_core.package_identification[0m [1;30mLevel 1[0m _identify(src) by extension 'ignore_ament_install'
[1.678s] [34mcolcon.colcon_core.package_identification[0m [1;30mLevel 1[0m _identify(src) by extensions ['colcon_pkg']
[1.679s] [34mcolcon.colcon_core.package_identification[0m [1;30mLevel 1[0m _identify(src) by extension 'colcon_pkg'
[1.679s] [34mcolcon.colcon_core.package_identification[0m [1;30mLevel 1[0m _identify(src) by extensions ['colcon_meta']
[1.680s] [34mcolcon.colcon_core.package_identification[0m [1;30mLevel 1[0m _identify(src) by extension 'colcon_meta'
[1.681s] [34mcolcon.colcon_core.package_identification[0m [1;30mLevel 1[0m _identify(src) by extensions ['ros']
[1.682s] [34mcolcon.colcon_core.package_identification[0m [1;30mLevel 1[0m _identify(src) by extension 'ros'
[1.683s] [34mcolcon.colcon_core.package_identification[0m [1;30mLevel 1[0m _identify(src) by extensions ['cmake', 'python']
[1.684s] [34mcolcon.colcon_core.package_identification[0m [1;30mLevel 1[0m _identify(src) by extension 'cmake'
[1.685s] [34mcolcon.colcon_core.package_identification[0m [1;30mLevel 1[0m _identify(src) by extension 'python'
[1.686s] [34mcolcon.colcon_core.package_identification[0m [1;30mLevel 1[0m _identify(src) by extensions ['python_setup_py']
[1.686s] [34mcolcon.colcon_core.package_identification[0m [1;30mLevel 1[0m _identify(src) by extension 'python_setup_py'
[1.688s] [34mcolcon.colcon_core.package_identification[0m [1;30mLevel 1[0m _identify(src/LSLIDAR_X_ROS2-20240228) by extensions ['ignore', 'ignore_ament_install']
[1.689s] [34mcolcon.colcon_core.package_identification[0m [1;30mLevel 1[0m _identify(src/LSLIDAR_X_ROS2-20240228) by extension 'ignore'
[1.690s] [34mcolcon.colcon_core.package_identification[0m [1;30mLevel 1[0m _identify(src/LSLIDAR_X_ROS2-20240228) by extension 'ignore_ament_install'
[1.691s] [34mcolcon.colcon_core.package_identification[0m [1;30mLevel 1[0m _identify(src/LSLIDAR_X_ROS2-20240228) by extensions ['colcon_pkg']
[1.692s] [34mcolcon.colcon_core.package_identification[0m [1;30mLevel 1[0m _identify(src/LSLIDAR_X_ROS2-20240228) by extension 'colcon_pkg'
[1.692s] [34mcolcon.colcon_core.package_identification[0m [1;30mLevel 1[0m _identify(src/LSLIDAR_X_ROS2-20240228) by extensions ['colcon_meta']
[1.692s] [34mcolcon.colcon_core.package_identification[0m [1;30mLevel 1[0m _identify(src/LSLIDAR_X_ROS2-20240228) by extension 'colcon_meta'
[1.693s] [34mcolcon.colcon_core.package_identification[0m [1;30mLevel 1[0m _identify(src/LSLIDAR_X_ROS2-20240228) by extensions ['ros']
[1.693s] [34mcolcon.colcon_core.package_identification[0m [1;30mLevel 1[0m _identify(src/LSLIDAR_X_ROS2-20240228) by extension 'ros'
[1.694s] [34mcolcon.colcon_core.package_identification[0m [1;30mLevel 1[0m _identify(src/LSLIDAR_X_ROS2-20240228) by extensions ['cmake', 'python']
[1.694s] [34mcolcon.colcon_core.package_identification[0m [1;30mLevel 1[0m _identify(src/LSLIDAR_X_ROS2-20240228) by extension 'cmake'
[1.694s] [34mcolcon.colcon_core.package_identification[0m [1;30mLevel 1[0m _identify(src/LSLIDAR_X_ROS2-20240228) by extension 'python'
[1.695s] [34mcolcon.colcon_core.package_identification[0m [1;30mLevel 1[0m _identify(src/LSLIDAR_X_ROS2-20240228) by extensions ['python_setup_py']
[1.695s] [34mcolcon.colcon_core.package_identification[0m [1;30mLevel 1[0m _identify(src/LSLIDAR_X_ROS2-20240228) by extension 'python_setup_py'
[1.696s] [34mcolcon.colcon_core.package_identification[0m [1;30mLevel 1[0m _identify(src/LSLIDAR_X_ROS2-20240228/src) by extensions ['ignore', 'ignore_ament_install']
[1.697s] [34mcolcon.colcon_core.package_identification[0m [1;30mLevel 1[0m _identify(src/LSLIDAR_X_ROS2-20240228/src) by extension 'ignore'
[1.697s] [34mcolcon.colcon_core.package_identification[0m [1;30mLevel 1[0m _identify(src/LSLIDAR_X_ROS2-20240228/src) by extension 'ignore_ament_install'
[1.698s] [34mcolcon.colcon_core.package_identification[0m [1;30mLevel 1[0m _identify(src/LSLIDAR_X_ROS2-20240228/src) by extensions ['colcon_pkg']
[1.698s] [34mcolcon.colcon_core.package_identification[0m [1;30mLevel 1[0m _identify(src/LSLIDAR_X_ROS2-20240228/src) by extension 'colcon_pkg'
[1.699s] [34mcolcon.colcon_core.package_identification[0m [1;30mLevel 1[0m _identify(src/LSLIDAR_X_ROS2-20240228/src) by extensions ['colcon_meta']
[1.699s] [34mcolcon.colcon_core.package_identification[0m [1;30mLevel 1[0m _identify(src/LSLIDAR_X_ROS2-20240228/src) by extension 'colcon_meta'
[1.700s] [34mcolcon.colcon_core.package_identification[0m [1;30mLevel 1[0m _identify(src/LSLIDAR_X_ROS2-20240228/src) by extensions ['ros']
[1.700s] [34mcolcon.colcon_core.package_identification[0m [1;30mLevel 1[0m _identify(src/LSLIDAR_X_ROS2-20240228/src) by extension 'ros'
[1.702s] [34mcolcon.colcon_core.package_identification[0m [1;30mLevel 1[0m _identify(src/LSLIDAR_X_ROS2-20240228/src) by extensions ['cmake', 'python']
[1.703s] [34mcolcon.colcon_core.package_identification[0m [1;30mLevel 1[0m _identify(src/LSLIDAR_X_ROS2-20240228/src) by extension 'cmake'
[1.704s] [34mcolcon.colcon_core.package_identification[0m [1;30mLevel 1[0m _identify(src/LSLIDAR_X_ROS2-20240228/src) by extension 'python'
[1.705s] [34mcolcon.colcon_core.package_identification[0m [1;30mLevel 1[0m _identify(src/LSLIDAR_X_ROS2-20240228/src) by extensions ['python_setup_py']
[1.705s] [34mcolcon.colcon_core.package_identification[0m [1;30mLevel 1[0m _identify(src/LSLIDAR_X_ROS2-20240228/src) by extension 'python_setup_py'
[1.707s] [34mcolcon.colcon_core.package_identification[0m [1;30mLevel 1[0m _identify(src/LSLIDAR_X_ROS2-20240228/src/lslidar_driver) by extensions ['ignore', 'ignore_ament_install']
[1.707s] [34mcolcon.colcon_core.package_identification[0m [1;30mLevel 1[0m _identify(src/LSLIDAR_X_ROS2-20240228/src/lslidar_driver) by extension 'ignore'
[1.708s] [34mcolcon.colcon_core.package_identification[0m [1;30mLevel 1[0m _identify(src/LSLIDAR_X_ROS2-20240228/src/lslidar_driver) by extension 'ignore_ament_install'
[1.709s] [34mcolcon.colcon_core.package_identification[0m [1;30mLevel 1[0m _identify(src/LSLIDAR_X_ROS2-20240228/src/lslidar_driver) by extensions ['colcon_pkg']
[1.709s] [34mcolcon.colcon_core.package_identification[0m [1;30mLevel 1[0m _identify(src/LSLIDAR_X_ROS2-20240228/src/lslidar_driver) by extension 'colcon_pkg'
[1.710s] [34mcolcon.colcon_core.package_identification[0m [1;30mLevel 1[0m _identify(src/LSLIDAR_X_ROS2-20240228/src/lslidar_driver) by extensions ['colcon_meta']
[1.710s] [34mcolcon.colcon_core.package_identification[0m [1;30mLevel 1[0m _identify(src/LSLIDAR_X_ROS2-20240228/src/lslidar_driver) by extension 'colcon_meta'
[1.711s] [34mcolcon.colcon_core.package_identification[0m [1;30mLevel 1[0m _identify(src/LSLIDAR_X_ROS2-20240228/src/lslidar_driver) by extensions ['ros']
[1.711s] [34mcolcon.colcon_core.package_identification[0m [1;30mLevel 1[0m _identify(src/LSLIDAR_X_ROS2-20240228/src/lslidar_driver) by extension 'ros'
[1.725s] [34mcolcon.colcon_core.package_identification[0m [1;30mDEBUG[0m [32mPackage 'src/LSLIDAR_X_ROS2-20240228/src/lslidar_driver' with type 'ros.ament_cmake' and name 'lslidar_driver'[0m
[1.726s] [34mcolcon.colcon_core.package_identification[0m [1;30mLevel 1[0m _identify(src/LSLIDAR_X_ROS2-20240228/src/lslidar_msgs) by extensions ['ignore', 'ignore_ament_install']
[1.727s] [34mcolcon.colcon_core.package_identification[0m [1;30mLevel 1[0m _identify(src/LSLIDAR_X_ROS2-20240228/src/lslidar_msgs) by extension 'ignore'
[1.727s] [34mcolcon.colcon_core.package_identification[0m [1;30mLevel 1[0m _identify(src/LSLIDAR_X_ROS2-20240228/src/lslidar_msgs) by extension 'ignore_ament_install'
[1.728s] [34mcolcon.colcon_core.package_identification[0m [1;30mLevel 1[0m _identify(src/LSLIDAR_X_ROS2-20240228/src/lslidar_msgs) by extensions ['colcon_pkg']
[1.728s] [34mcolcon.colcon_core.package_identification[0m [1;30mLevel 1[0m _identify(src/LSLIDAR_X_ROS2-20240228/src/lslidar_msgs) by extension 'colcon_pkg'
[1.728s] [34mcolcon.colcon_core.package_identification[0m [1;30mLevel 1[0m _identify(src/LSLIDAR_X_ROS2-20240228/src/lslidar_msgs) by extensions ['colcon_meta']
[1.729s] [34mcolcon.colcon_core.package_identification[0m [1;30mLevel 1[0m _identify(src/LSLIDAR_X_ROS2-20240228/src/lslidar_msgs) by extension 'colcon_meta'
[1.729s] [34mcolcon.colcon_core.package_identification[0m [1;30mLevel 1[0m _identify(src/LSLIDAR_X_ROS2-20240228/src/lslidar_msgs) by extensions ['ros']
[1.729s] [34mcolcon.colcon_core.package_identification[0m [1;30mLevel 1[0m _identify(src/LSLIDAR_X_ROS2-20240228/src/lslidar_msgs) by extension 'ros'
[1.732s] [34mcolcon.colcon_core.package_identification[0m [1;30mDEBUG[0m [32mPackage 'src/LSLIDAR_X_ROS2-20240228/src/lslidar_msgs' with type 'ros.ament_cmake' and name 'lslidar_msgs'[0m
[1.734s] [34mcolcon.colcon_core.package_identification[0m [1;30mLevel 1[0m _identify(src/bot_application) by extensions ['ignore', 'ignore_ament_install']
[1.735s] [34mcolcon.colcon_core.package_identification[0m [1;30mLevel 1[0m _identify(src/bot_application) by extension 'ignore'
[1.736s] [34mcolcon.colcon_core.package_identification[0m [1;30mLevel 1[0m _identify(src/bot_application) by extension 'ignore_ament_install'
[1.737s] [34mcolcon.colcon_core.package_identification[0m [1;30mLevel 1[0m _identify(src/bot_application) by extensions ['colcon_pkg']
[1.738s] [34mcolcon.colcon_core.package_identification[0m [1;30mLevel 1[0m _identify(src/bot_application) by extension 'colcon_pkg'
[1.739s] [34mcolcon.colcon_core.package_identification[0m [1;30mLevel 1[0m _identify(src/bot_application) by extensions ['colcon_meta']
[1.740s] [34mcolcon.colcon_core.package_identification[0m [1;30mLevel 1[0m _identify(src/bot_application) by extension 'colcon_meta'
[1.741s] [34mcolcon.colcon_core.package_identification[0m [1;30mLevel 1[0m _identify(src/bot_application) by extensions ['ros']
[1.742s] [34mcolcon.colcon_core.package_identification[0m [1;30mLevel 1[0m _identify(src/bot_application) by extension 'ros'
[1.745s] [34mcolcon.colcon_core.package_identification[0m [1;30mDEBUG[0m [32mPackage 'src/bot_application' with type 'ros.ament_python' and name 'bot_application'[0m
[1.747s] [34mcolcon.colcon_core.package_identification[0m [1;30mLevel 1[0m _identify(src/bot_description) by extensions ['ignore', 'ignore_ament_install']
[1.748s] [34mcolcon.colcon_core.package_identification[0m [1;30mLevel 1[0m _identify(src/bot_description) by extension 'ignore'
[1.749s] [34mcolcon.colcon_core.package_identification[0m [1;30mLevel 1[0m _identify(src/bot_description) by extension 'ignore_ament_install'
[1.749s] [34mcolcon.colcon_core.package_identification[0m [1;30mLevel 1[0m _identify(src/bot_description) by extensions ['colcon_pkg']
[1.750s] [34mcolcon.colcon_core.package_identification[0m [1;30mLevel 1[0m _identify(src/bot_description) by extension 'colcon_pkg'
[1.751s] [34mcolcon.colcon_core.package_identification[0m [1;30mLevel 1[0m _identify(src/bot_description) by extensions ['colcon_meta']
[1.751s] [34mcolcon.colcon_core.package_identification[0m [1;30mLevel 1[0m _identify(src/bot_description) by extension 'colcon_meta'
[1.752s] [34mcolcon.colcon_core.package_identification[0m [1;30mLevel 1[0m _identify(src/bot_description) by extensions ['ros']
[1.753s] [34mcolcon.colcon_core.package_identification[0m [1;30mLevel 1[0m _identify(src/bot_description) by extension 'ros'
[1.757s] [34mcolcon.colcon_core.package_identification[0m [1;30mDEBUG[0m [32mPackage 'src/bot_description' with type 'ros.ament_cmake' and name 'bot_description'[0m
[1.759s] [34mcolcon.colcon_core.package_identification[0m [1;30mLevel 1[0m _identify(src/bot_localization) by extensions ['ignore', 'ignore_ament_install']
[1.761s] [34mcolcon.colcon_core.package_identification[0m [1;30mLevel 1[0m _identify(src/bot_localization) by extension 'ignore'
[1.762s] [34mcolcon.colcon_core.package_identification[0m [1;30mLevel 1[0m _identify(src/bot_localization) by extension 'ignore_ament_install'
[1.763s] [34mcolcon.colcon_core.package_identification[0m [1;30mLevel 1[0m _identify(src/bot_localization) by extensions ['colcon_pkg']
[1.764s] [34mcolcon.colcon_core.package_identification[0m [1;30mLevel 1[0m _identify(src/bot_localization) by extension 'colcon_pkg'
[1.765s] [34mcolcon.colcon_core.package_identification[0m [1;30mLevel 1[0m _identify(src/bot_localization) by extensions ['colcon_meta']
[1.766s] [34mcolcon.colcon_core.package_identification[0m [1;30mLevel 1[0m _identify(src/bot_localization) by extension 'colcon_meta'
[1.767s] [34mcolcon.colcon_core.package_identification[0m [1;30mLevel 1[0m _identify(src/bot_localization) by extensions ['ros']
[1.768s] [34mcolcon.colcon_core.package_identification[0m [1;30mLevel 1[0m _identify(src/bot_localization) by extension 'ros'
[1.779s] [34mcolcon.colcon_core.package_identification[0m [1;30mDEBUG[0m [32mPackage 'src/bot_localization' with type 'ros.ament_cmake' and name 'bot_localization'[0m
[1.781s] [34mcolcon.colcon_core.package_identification[0m [1;30mLevel 1[0m _identify(src/bot_navigation2) by extensions ['ignore', 'ignore_ament_install']
[1.782s] [34mcolcon.colcon_core.package_identification[0m [1;30mLevel 1[0m _identify(src/bot_navigation2) by extension 'ignore'
[1.783s] [34mcolcon.colcon_core.package_identification[0m [1;30mLevel 1[0m _identify(src/bot_navigation2) by extension 'ignore_ament_install'
[1.783s] [34mcolcon.colcon_core.package_identification[0m [1;30mLevel 1[0m _identify(src/bot_navigation2) by extensions ['colcon_pkg']
[1.784s] [34mcolcon.colcon_core.package_identification[0m [1;30mLevel 1[0m _identify(src/bot_navigation2) by extension 'colcon_pkg'
[1.784s] [34mcolcon.colcon_core.package_identification[0m [1;30mLevel 1[0m _identify(src/bot_navigation2) by extensions ['colcon_meta']
[1.785s] [34mcolcon.colcon_core.package_identification[0m [1;30mLevel 1[0m _identify(src/bot_navigation2) by extension 'colcon_meta'
[1.785s] [34mcolcon.colcon_core.package_identification[0m [1;30mLevel 1[0m _identify(src/bot_navigation2) by extensions ['ros']
[1.786s] [34mcolcon.colcon_core.package_identification[0m [1;30mLevel 1[0m _identify(src/bot_navigation2) by extension 'ros'
[1.791s] [34mcolcon.colcon_core.package_identification[0m [1;30mDEBUG[0m [32mPackage 'src/bot_navigation2' with type 'ros.ament_cmake' and name 'bot_navigation2'[0m
[1.793s] [34mcolcon.colcon_core.package_identification[0m [1;30mLevel 1[0m _identify(src/csm) by extensions ['ignore', 'ignore_ament_install']
[1.794s] [34mcolcon.colcon_core.package_identification[0m [1;30mLevel 1[0m _identify(src/csm) by extension 'ignore'
[1.794s] [34mcolcon.colcon_core.package_identification[0m [1;30mLevel 1[0m _identify(src/csm) by extension 'ignore_ament_install'
[1.795s] [34mcolcon.colcon_core.package_identification[0m [1;30mLevel 1[0m _identify(src/csm) by extensions ['colcon_pkg']
[1.795s] [34mcolcon.colcon_core.package_identification[0m [1;30mLevel 1[0m _identify(src/csm) by extension 'colcon_pkg'
[1.798s] [34mcolcon.colcon_core.package_identification[0m [1;30mLevel 1[0m _identify(src/csm) by extensions ['colcon_meta']
[1.798s] [34mcolcon.colcon_core.package_identification[0m [1;30mLevel 1[0m _identify(src/csm) by extension 'colcon_meta'
[1.799s] [34mcolcon.colcon_core.package_identification[0m [1;30mLevel 1[0m _identify(src/csm) by extensions ['ros']
[1.799s] [34mcolcon.colcon_core.package_identification[0m [1;30mLevel 1[0m _identify(src/csm) by extension 'ros'
[1.812s] [34mcolcon.colcon_core.package_identification[0m [1;30mDEBUG[0m [32mPackage 'src/csm' with type 'ros.ament_cmake' and name 'csm'[0m
[1.813s] [34mcolcon.colcon_core.package_identification[0m [1;30mLevel 1[0m _identify(src/ros2_laser_scan_matcher) by extensions ['ignore', 'ignore_ament_install']
[1.814s] [34mcolcon.colcon_core.package_identification[0m [1;30mLevel 1[0m _identify(src/ros2_laser_scan_matcher) by extension 'ignore'
[1.815s] [34mcolcon.colcon_core.package_identification[0m [1;30mLevel 1[0m _identify(src/ros2_laser_scan_matcher) by extension 'ignore_ament_install'
[1.815s] [34mcolcon.colcon_core.package_identification[0m [1;30mLevel 1[0m _identify(src/ros2_laser_scan_matcher) by extensions ['colcon_pkg']
[1.816s] [34mcolcon.colcon_core.package_identification[0m [1;30mLevel 1[0m _identify(src/ros2_laser_scan_matcher) by extension 'colcon_pkg'
[1.816s] [34mcolcon.colcon_core.package_identification[0m [1;30mLevel 1[0m _identify(src/ros2_laser_scan_matcher) by extensions ['colcon_meta']
[1.817s] [34mcolcon.colcon_core.package_identification[0m [1;30mLevel 1[0m _identify(src/ros2_laser_scan_matcher) by extension 'colcon_meta'
[1.818s] [34mcolcon.colcon_core.package_identification[0m [1;30mLevel 1[0m _identify(src/ros2_laser_scan_matcher) by extensions ['ros']
[1.818s] [34mcolcon.colcon_core.package_identification[0m [1;30mLevel 1[0m _identify(src/ros2_laser_scan_matcher) by extension 'ros'
[1.823s] [34mcolcon.colcon_core.package_identification[0m [1;30mDEBUG[0m [32mPackage 'src/ros2_laser_scan_matcher' with type 'ros.ament_cmake' and name 'ros2_laser_scan_matcher'[0m
[1.825s] [34mcolcon.colcon_core.package_identification[0m [1;30mLevel 1[0m _identify(src/test_control_pkg) by extensions ['ignore', 'ignore_ament_install']
[1.826s] [34mcolcon.colcon_core.package_identification[0m [1;30mLevel 1[0m _identify(src/test_control_pkg) by extension 'ignore'
[1.826s] [34mcolcon.colcon_core.package_identification[0m [1;30mLevel 1[0m _identify(src/test_control_pkg) by extension 'ignore_ament_install'
[1.827s] [34mcolcon.colcon_core.package_identification[0m [1;30mLevel 1[0m _identify(src/test_control_pkg) by extensions ['colcon_pkg']
[1.827s] [34mcolcon.colcon_core.package_identification[0m [1;30mLevel 1[0m _identify(src/test_control_pkg) by extension 'colcon_pkg'
[1.828s] [34mcolcon.colcon_core.package_identification[0m [1;30mLevel 1[0m _identify(src/test_control_pkg) by extensions ['colcon_meta']
[1.828s] [34mcolcon.colcon_core.package_identification[0m [1;30mLevel 1[0m _identify(src/test_control_pkg) by extension 'colcon_meta'
[1.829s] [34mcolcon.colcon_core.package_identification[0m [1;30mLevel 1[0m _identify(src/test_control_pkg) by extensions ['ros']
[1.830s] [34mcolcon.colcon_core.package_identification[0m [1;30mLevel 1[0m _identify(src/test_control_pkg) by extension 'ros'
[1.836s] [34mcolcon.colcon_core.package_identification[0m [1;30mDEBUG[0m [32mPackage 'src/test_control_pkg' with type 'ros.ament_python' and name 'test_control_pkg'[0m
[1.838s] [34mcolcon.colcon_core.package_identification[0m [1;30mLevel 1[0m _identify(src/yolo_counting_pkg) by extensions ['ignore', 'ignore_ament_install']
[1.839s] [34mcolcon.colcon_core.package_identification[0m [1;30mLevel 1[0m _identify(src/yolo_counting_pkg) by extension 'ignore'
[1.840s] [34mcolcon.colcon_core.package_identification[0m [1;30mLevel 1[0m _identify(src/yolo_counting_pkg) by extension 'ignore_ament_install'
[1.842s] [34mcolcon.colcon_core.package_identification[0m [1;30mLevel 1[0m _identify(src/yolo_counting_pkg) by extensions ['colcon_pkg']
[1.843s] [34mcolcon.colcon_core.package_identification[0m [1;30mLevel 1[0m _identify(src/yolo_counting_pkg) by extension 'colcon_pkg'
[1.844s] [34mcolcon.colcon_core.package_identification[0m [1;30mLevel 1[0m _identify(src/yolo_counting_pkg) by extensions ['colcon_meta']
[1.845s] [34mcolcon.colcon_core.package_identification[0m [1;30mLevel 1[0m _identify(src/yolo_counting_pkg) by extension 'colcon_meta'
[1.846s] [34mcolcon.colcon_core.package_identification[0m [1;30mLevel 1[0m _identify(src/yolo_counting_pkg) by extensions ['ros']
[1.847s] [34mcolcon.colcon_core.package_identification[0m [1;30mLevel 1[0m _identify(src/yolo_counting_pkg) by extension 'ros'
[1.853s] [34mcolcon.colcon_core.package_identification[0m [1;30mDEBUG[0m [32mPackage 'src/yolo_counting_pkg' with type 'ros.ament_python' and name 'yolo_counting_pkg'[0m
[1.854s] [34mcolcon.colcon_core.package_discovery[0m [1;30mLevel 1[0m discover_packages(recursive) using defaults
[1.855s] [34mcolcon.colcon_core.package_discovery[0m [1;30mLevel 1[0m discover_packages(ignore) discover
[1.856s] [34mcolcon.colcon_core.package_discovery[0m [1;30mLevel 1[0m discover_packages(ignore) using defaults
[1.858s] [34mcolcon.colcon_core.package_discovery[0m [1;30mLevel 1[0m discover_packages(path) discover
[1.859s] [34mcolcon.colcon_core.package_discovery[0m [1;30mLevel 1[0m discover_packages(path) using defaults
[1.961s] [34mcolcon.colcon_core.package_selection[0m [1;30mINFO[0m Skipping not selected package 'bot_description' in 'src/bot_description'
[1.962s] [34mcolcon.colcon_core.package_selection[0m [1;30mINFO[0m Skipping not selected package 'bot_localization' in 'src/bot_localization'
[1.963s] [34mcolcon.colcon_core.package_selection[0m [1;30mINFO[0m Skipping not selected package 'bot_navigation2' in 'src/bot_navigation2'
[1.964s] [34mcolcon.colcon_core.package_selection[0m [1;30mINFO[0m Skipping not selected package 'csm' in 'src/csm'
[1.965s] [34mcolcon.colcon_core.package_selection[0m [1;30mINFO[0m Skipping not selected package 'lslidar_msgs' in 'src/LSLIDAR_X_ROS2-20240228/src/lslidar_msgs'
[1.966s] [34mcolcon.colcon_core.package_selection[0m [1;30mINFO[0m Skipping not selected package 'test_control_pkg' in 'src/test_control_pkg'
[1.967s] [34mcolcon.colcon_core.package_selection[0m [1;30mINFO[0m Skipping not selected package 'yolo_counting_pkg' in 'src/yolo_counting_pkg'
[1.968s] [34mcolcon.colcon_core.package_selection[0m [1;30mINFO[0m Skipping not selected package 'lslidar_driver' in 'src/LSLIDAR_X_ROS2-20240228/src/lslidar_driver'
[1.969s] [34mcolcon.colcon_core.package_selection[0m [1;30mINFO[0m Skipping not selected package 'ros2_laser_scan_matcher' in 'src/ros2_laser_scan_matcher'
[1.972s] [34mcolcon.colcon_core.package_discovery[0m [1;30mLevel 1[0m discover_packages(prefix_path) check parameters
[1.973s] [34mcolcon.colcon_core.package_discovery[0m [1;30mLevel 1[0m discover_packages(prefix_path) discover
[1.997s] [34mcolcon.colcon_installed_package_information.package_discovery[0m [1;30mDEBUG[0m [32mFound 11 installed packages in /home/rose/pi4b_ros2/car_ws/install[0m
[2.010s] [34mcolcon.colcon_installed_package_information.package_discovery[0m [1;30mDEBUG[0m [32mFound 325 installed packages in /opt/ros/humble[0m
[2.020s] [34mcolcon.colcon_core.package_discovery[0m [1;30mLevel 1[0m discover_packages(prefix_path) using defaults
[2.480s] [34mcolcon.colcon_core.verb[0m [1;30mLevel 5[0m set package 'bot_application' build argument 'cmake_args' from command line to 'None'
[2.481s] [34mcolcon.colcon_core.verb[0m [1;30mLevel 5[0m set package 'bot_application' build argument 'cmake_target' from command line to 'None'
[2.481s] [34mcolcon.colcon_core.verb[0m [1;30mLevel 5[0m set package 'bot_application' build argument 'cmake_target_skip_unavailable' from command line to 'False'
[2.481s] [34mcolcon.colcon_core.verb[0m [1;30mLevel 5[0m set package 'bot_application' build argument 'cmake_clean_cache' from command line to 'False'
[2.482s] [34mcolcon.colcon_core.verb[0m [1;30mLevel 5[0m set package 'bot_application' build argument 'cmake_clean_first' from command line to 'False'
[2.482s] [34mcolcon.colcon_core.verb[0m [1;30mLevel 5[0m set package 'bot_application' build argument 'cmake_force_configure' from command line to 'False'
[2.483s] [34mcolcon.colcon_core.verb[0m [1;30mLevel 5[0m set package 'bot_application' build argument 'ament_cmake_args' from command line to 'None'
[2.483s] [34mcolcon.colcon_core.verb[0m [1;30mLevel 5[0m set package 'bot_application' build argument 'catkin_cmake_args' from command line to 'None'
[2.483s] [34mcolcon.colcon_core.verb[0m [1;30mLevel 5[0m set package 'bot_application' build argument 'catkin_skip_building_tests' from command line to 'False'
[2.484s] [34mcolcon.colcon_core.verb[0m [1;30mDEBUG[0m [32mBuilding package 'bot_application' with the following arguments: {'ament_cmake_args': None, 'build_base': '/home/rose/pi4b_ros2/car_ws/build/bot_application', 'catkin_cmake_args': None, 'catkin_skip_building_tests': False, 'cmake_args': None, 'cmake_clean_cache': False, 'cmake_clean_first': False, 'cmake_force_configure': False, 'cmake_target': None, 'cmake_target_skip_unavailable': False, 'install_base': '/home/rose/pi4b_ros2/car_ws/install/bot_application', 'merge_install': False, 'path': '/home/rose/pi4b_ros2/car_ws/src/bot_application', 'symlink_install': False, 'test_result_base': None}[0m
[2.485s] [34mcolcon.colcon_core.executor[0m [1;30mINFO[0m Executing jobs using 'parallel' executor
[2.490s] [34mcolcon.colcon_parallel_executor.executor.parallel[0m [1;30mDEBUG[0m [32mrun_until_complete[0m
[2.492s] [34mcolcon.colcon_ros.task.ament_python.build[0m [1;30mINFO[0m Building ROS package in '/home/rose/pi4b_ros2/car_ws/src/bot_application' with build type 'ament_python'
[2.493s] [34mcolcon.colcon_core.shell[0m [1;30mLevel 1[0m create_environment_hook('bot_application', 'ament_prefix_path')
[2.517s] [34mcolcon.colcon_core.plugin_system[0m [1;30mINFO[0m Skipping extension 'colcon_core.shell.bat': Not used on non-Windows systems
[2.520s] [34mcolcon.colcon_core.shell[0m [1;30mINFO[0m Creating environment hook '/home/rose/pi4b_ros2/car_ws/install/bot_application/share/bot_application/hook/ament_prefix_path.ps1'
[2.528s] [34mcolcon.colcon_core.shell[0m [1;30mINFO[0m Creating environment descriptor '/home/rose/pi4b_ros2/car_ws/install/bot_application/share/bot_application/hook/ament_prefix_path.dsv'
[2.536s] [34mcolcon.colcon_core.shell[0m [1;30mINFO[0m Creating environment hook '/home/rose/pi4b_ros2/car_ws/install/bot_application/share/bot_application/hook/ament_prefix_path.sh'
[2.543s] [34mcolcon.colcon_core.shell[0m [1;30mINFO[0m Skip shell extension 'powershell' for command environment: Not usable outside of PowerShell
[2.544s] [34mcolcon.colcon_core.shell[0m [1;30mDEBUG[0m [32mSkip shell extension 'dsv' for command environment[0m
[4.427s] [34mcolcon.colcon_core.task.python.build[0m [1;30mINFO[0m Building Python package in '/home/rose/pi4b_ros2/car_ws/src/bot_application'
[4.428s] [34mcolcon.colcon_core.shell[0m [1;30mINFO[0m Skip shell extension 'powershell' for command environment: Not usable outside of PowerShell
[4.428s] [34mcolcon.colcon_core.shell[0m [1;30mDEBUG[0m [32mSkip shell extension 'dsv' for command environment[0m
[8.396s] [34mcolcon.colcon_core.event_handler.log_command[0m [1;30mDEBUG[0m [32mInvoking command in '/home/rose/pi4b_ros2/car_ws/src/bot_application': PYTHONPATH=/home/rose/pi4b_ros2/car_ws/build/bot_application/prefix_override:/usr/lib/python3/dist-packages/colcon_core/task/python/colcon_distutils_commands:/home/rose/pi4b_ros2/car_ws/install/bot_application/lib/python3.10/site-packages:${PYTHONPATH} /usr/bin/python3 -W ignore:setup.py install is deprecated -W ignore:easy_install command is deprecated setup.py egg_info --egg-base ../../build/bot_application build --build-base /home/rose/pi4b_ros2/car_ws/build/bot_application/build install --record /home/rose/pi4b_ros2/car_ws/build/bot_application/install.log --single-version-externally-managed install_data[0m
[13.173s] [34mcolcon.colcon_core.event_handler.log_command[0m [1;30mDEBUG[0m [32mInvoked command in '/home/rose/pi4b_ros2/car_ws/src/bot_application' returned '0': PYTHONPATH=/home/rose/pi4b_ros2/car_ws/build/bot_application/prefix_override:/usr/lib/python3/dist-packages/colcon_core/task/python/colcon_distutils_commands:/home/rose/pi4b_ros2/car_ws/install/bot_application/lib/python3.10/site-packages:${PYTHONPATH} /usr/bin/python3 -W ignore:setup.py install is deprecated -W ignore:easy_install command is deprecated setup.py egg_info --egg-base ../../build/bot_application build --build-base /home/rose/pi4b_ros2/car_ws/build/bot_application/build install --record /home/rose/pi4b_ros2/car_ws/build/bot_application/install.log --single-version-externally-managed install_data[0m
[13.185s] [34mcolcon.colcon_core.environment[0m [1;30mLevel 1[0m checking '/home/rose/pi4b_ros2/car_ws/install/bot_application' for CMake module files
[13.190s] [34mcolcon.colcon_core.environment[0m [1;30mLevel 1[0m checking '/home/rose/pi4b_ros2/car_ws/install/bot_application' for CMake config files
[13.210s] [34mcolcon.colcon_core.environment[0m [1;30mLevel 1[0m checking '/home/rose/pi4b_ros2/car_ws/install/bot_application/lib'
[13.217s] [34mcolcon.colcon_core.environment[0m [1;30mLevel 1[0m checking '/home/rose/pi4b_ros2/car_ws/install/bot_application/bin'
[13.218s] [34mcolcon.colcon_core.environment[0m [1;30mLevel 1[0m checking '/home/rose/pi4b_ros2/car_ws/install/bot_application/lib/pkgconfig/bot_application.pc'
[13.220s] [34mcolcon.colcon_core.environment[0m [1;30mLevel 1[0m checking '/home/rose/pi4b_ros2/car_ws/install/bot_application/lib/python3.10/site-packages'
[13.221s] [34mcolcon.colcon_core.shell[0m [1;30mLevel 1[0m create_environment_hook('bot_application', 'pythonpath')
[13.223s] [34mcolcon.colcon_core.shell[0m [1;30mINFO[0m Creating environment hook '/home/rose/pi4b_ros2/car_ws/install/bot_application/share/bot_application/hook/pythonpath.ps1'
[13.228s] [34mcolcon.colcon_core.shell[0m [1;30mINFO[0m Creating environment descriptor '/home/rose/pi4b_ros2/car_ws/install/bot_application/share/bot_application/hook/pythonpath.dsv'
[13.234s] [34mcolcon.colcon_core.shell[0m [1;30mINFO[0m Creating environment hook '/home/rose/pi4b_ros2/car_ws/install/bot_application/share/bot_application/hook/pythonpath.sh'
[13.241s] [34mcolcon.colcon_core.environment[0m [1;30mLevel 1[0m checking '/home/rose/pi4b_ros2/car_ws/install/bot_application/bin'
[13.241s] [34mcolcon.colcon_core.environment[0m [1;30mLevel 1[0m create_environment_scripts_only(bot_application)
[13.250s] [34mcolcon.colcon_core.shell[0m [1;30mINFO[0m Creating package script '/home/rose/pi4b_ros2/car_ws/install/bot_application/share/bot_application/package.ps1'
[13.262s] [34mcolcon.colcon_core.shell[0m [1;30mINFO[0m Creating package descriptor '/home/rose/pi4b_ros2/car_ws/install/bot_application/share/bot_application/package.dsv'
[13.271s] [34mcolcon.colcon_core.shell[0m [1;30mINFO[0m Creating package script '/home/rose/pi4b_ros2/car_ws/install/bot_application/share/bot_application/package.sh'
[13.277s] [34mcolcon.colcon_core.shell[0m [1;30mINFO[0m Creating package script '/home/rose/pi4b_ros2/car_ws/install/bot_application/share/bot_application/package.bash'
[13.285s] [34mcolcon.colcon_core.shell[0m [1;30mINFO[0m Creating package script '/home/rose/pi4b_ros2/car_ws/install/bot_application/share/bot_application/package.zsh'
[13.291s] [34mcolcon.colcon_core.environment[0m [1;30mLevel 1[0m create_file_with_runtime_dependencies(/home/rose/pi4b_ros2/car_ws/install/bot_application/share/colcon-core/packages/bot_application)
[13.294s] [34mcolcon.colcon_parallel_executor.executor.parallel[0m [1;30mDEBUG[0m [32mclosing loop[0m
[13.300s] [34mcolcon.colcon_parallel_executor.executor.parallel[0m [1;30mDEBUG[0m [32mloop closed[0m
[13.301s] [34mcolcon.colcon_parallel_executor.executor.parallel[0m [1;30mDEBUG[0m [32mrun_until_complete finished with '0'[0m
[13.302s] [34mcolcon.colcon_core.event_reactor[0m [1;30mDEBUG[0m [32mjoining thread[0m
[13.340s] [34mcolcon.colcon_core.plugin_system[0m [1;30mINFO[0m Skipping extension 'colcon_notification.desktop_notification.terminal_notifier': Not used on non-Darwin systems
[13.341s] [34mcolcon.colcon_core.plugin_system[0m [1;30mINFO[0m Skipping extension 'colcon_notification.desktop_notification.win32': Not used on non-Windows systems
[13.341s] [34mcolcon.colcon_notification.desktop_notification[0m [1;30mINFO[0m Sending desktop notification using 'notify2'
[13.348s] [34mcolcon.colcon_notification.desktop_notification.notify2[0m [1;30mDEBUG[0m [32mFailed to initialize notify2: org.freedesktop.DBus.Error.ServiceUnknown: The name org.freedesktop.Notifications was not provided by any .service files[0m
[13.349s] [34mcolcon.colcon_core.event_reactor[0m [1;30mDEBUG[0m [32mjoined thread[0m
[13.351s] [34mcolcon.colcon_core.shell[0m [1;30mINFO[0m Creating prefix script '/home/rose/pi4b_ros2/car_ws/install/local_setup.ps1'
[13.357s] [34mcolcon.colcon_core.shell[0m [1;30mINFO[0m Creating prefix util module '/home/rose/pi4b_ros2/car_ws/install/_local_setup_util_ps1.py'
[13.367s] [34mcolcon.colcon_core.shell[0m [1;30mINFO[0m Creating prefix chain script '/home/rose/pi4b_ros2/car_ws/install/setup.ps1'
[13.381s] [34mcolcon.colcon_core.shell[0m [1;30mINFO[0m Creating prefix script '/home/rose/pi4b_ros2/car_ws/install/local_setup.sh'
[13.387s] [34mcolcon.colcon_core.shell[0m [1;30mINFO[0m Creating prefix util module '/home/rose/pi4b_ros2/car_ws/install/_local_setup_util_sh.py'
[13.403s] [34mcolcon.colcon_core.shell[0m [1;30mINFO[0m Creating prefix chain script '/home/rose/pi4b_ros2/car_ws/install/setup.sh'
[13.415s] [34mcolcon.colcon_core.shell[0m [1;30mINFO[0m Creating prefix script '/home/rose/pi4b_ros2/car_ws/install/local_setup.bash'
[13.420s] [34mcolcon.colcon_core.shell[0m [1;30mINFO[0m Creating prefix chain script '/home/rose/pi4b_ros2/car_ws/install/setup.bash'
[13.431s] [34mcolcon.colcon_core.shell[0m [1;30mINFO[0m Creating prefix script '/home/rose/pi4b_ros2/car_ws/install/local_setup.zsh'
[13.435s] [34mcolcon.colcon_core.shell[0m [1;30mINFO[0m Creating prefix chain script '/home/rose/pi4b_ros2/car_ws/install/setup.zsh'
