[2026-03-12_17:19:57] 启动: ros2 run test_control_pkg car_controller --ros-args -p serial_port:=/dev/ttyACM0 -p enable_encoder_odom:=true -p wait_for_priority_file:=false -p auto_exit_when_done:=false -p send_odom_feedback:=false
[INFO] [1773307199.742650313] [car_controller_node]: 串口已连接：/dev/ttyACM0 @ 115200
[WARN] [1773307199.769937042] [car_controller_node]: 已关闭优先级文件等待，节点以里程计/手动控制模式运行
[INFO] [1773307199.772712232] [car_controller_node]: 小车控制节点启动成功
[INFO] [1773307199.775319555] [car_controller_node]: 已加载0个景点动作，开始依次执行
[INFO] [1773307199.777882674] [car_controller_node]: 未启用里程计回传，仅在树莓派侧使用/打印里程计
[INFO] [1773307199.780528477] [car_controller_node]: 已在控制节点内启用编码器里程计解析: /dev/ttyACM0@115200
[INFO] [1773307199.969893113] [car_controller_node]: odom x=0.000 m, y=0.000 m, th=0.000 rad, vx=0.000 m/s, vy=0.000 m/s, w=0.000 rad/s
[INFO] [1773307200.170287660] [car_controller_node]: odom x=0.000 m, y=0.000 m, th=0.000 rad, vx=0.000 m/s, vy=0.000 m/s, w=0.000 rad/s
[INFO] [1773307200.369912476] [car_controller_node]: odom x=0.000 m, y=0.000 m, th=0.000 rad, vx=0.000 m/s, vy=0.000 m/s, w=0.000 rad/s
[INFO] [1773307200.570238135] [car_controller_node]: odom x=0.000 m, y=0.000 m, th=0.000 rad, vx=0.000 m/s, vy=0.000 m/s, w=0.000 rad/s
[INFO] [1773307200.770430555] [car_controller_node]: odom x=0.000 m, y=0.000 m, th=0.000 rad, vx=0.000 m/s, vy=0.000 m/s, w=0.000 rad/s
[INFO] [1773307200.969956927] [car_controller_node]: odom x=0.000 m, y=0.000 m, th=0.000 rad, vx=0.000 m/s, vy=0.000 m/s, w=0.000 rad/s
[INFO] [1773307201.180100420] [car_controller_node]: odom x=0.000 m, y=0.000 m, th=0.000 rad, vx=0.000 m/s, vy=0.000 m/s, w=0.000 rad/s
[INFO] [1773307201.397608534] [car_controller_node]: odom x=0.000 m, y=0.000 m, th=0.000 rad, vx=0.000 m/s, vy=0.000 m/s, w=0.000 rad/s
[INFO] [1773307201.602607363] [car_controller_node]: odom x=0.000 m, y=0.000 m, th=0.000 rad, vx=0.000 m/s, vy=0.000 m/s, w=0.000 rad/s
[INFO] [1773307201.798686052] [car_controller_node]: odom x=0.000 m, y=0.000 m, th=0.000 rad, vx=0.000 m/s, vy=0.000 m/s, w=0.000 rad/s
[INFO] [1773307201.973418112] [car_controller_node]: odom x=0.000 m, y=0.000 m, th=0.000 rad, vx=0.000 m/s, vy=0.000 m/s, w=0.000 rad/s
[INFO] [1773307202.170379088] [car_controller_node]: odom x=0.000 m, y=0.000 m, th=0.000 rad, vx=0.000 m/s, vy=0.000 m/s, w=0.000 rad/s
[INFO] [1773307202.370163661] [car_controller_node]: odom x=0.000 m, y=0.000 m, th=0.000 rad, vx=0.000 m/s, vy=0.000 m/s, w=0.000 rad/s
[INFO] [1773307202.570540913] [car_controller_node]: odom x=0.000 m, y=0.000 m, th=0.000 rad, vx=0.000 m/s, vy=0.000 m/s, w=0.000 rad/s
[INFO] [1773307202.777610385] [car_controller_node]: odom x=0.000 m, y=0.000 m, th=0.000 rad, vx=0.000 m/s, vy=0.000 m/s, w=0.000 rad/s
[INFO] [1773307202.999674836] [car_controller_node]: odom x=0.000 m, y=0.000 m, th=0.000 rad, vx=0.000 m/s, vy=0.000 m/s, w=0.000 rad/s
[INFO] [1773307203.172448752] [car_controller_node]: odom x=0.000 m, y=0.000 m, th=0.000 rad, vx=0.000 m/s, vy=0.000 m/s, w=0.000 rad/s
[INFO] [1773307203.371591351] [car_controller_node]: odom x=0.000 m, y=0.000 m, th=0.000 rad, vx=0.000 m/s, vy=0.000 m/s, w=0.000 rad/s
[INFO] [1773307203.574418279] [car_controller_node]: odom x=0.000 m, y=0.000 m, th=0.000 rad, vx=0.000 m/s, vy=0.000 m/s, w=0.000 rad/s
[INFO] [1773307203.770989963] [car_controller_node]: odom x=0.000 m, y=0.000 m, th=0.000 rad, vx=0.000 m/s, vy=0.000 m/s, w=0.000 rad/s
[INFO] [1773307203.972508406] [car_controller_node]: odom x=0.000 m, y=0.000 m, th=0.000 rad, vx=0.000 m/s, vy=0.000 m/s, w=0.000 rad/s
[INFO] [1773307204.171832392] [car_controller_node]: odom x=0.000 m, y=0.000 m, th=0.000 rad, vx=0.000 m/s, vy=0.000 m/s, w=0.000 rad/s
[INFO] [1773307204.371022713] [car_controller_node]: odom x=0.000 m, y=0.000 m, th=0.000 rad, vx=0.000 m/s, vy=0.000 m/s, w=0.000 rad/s
[INFO] [1773307204.571927404] [car_controller_node]: odom x=0.000 m, y=0.000 m, th=0.000 rad, vx=0.000 m/s, vy=0.000 m/s, w=0.000 rad/s
[INFO] [1773307204.774689499] [car_controller_node]: odom x=0.000 m, y=0.000 m, th=0.000 rad, vx=0.000 m/s, vy=0.000 m/s, w=0.000 rad/s
[INFO] [1773307204.975058770] [car_controller_node]: odom x=0.000 m, y=0.000 m, th=0.000 rad, vx=0.000 m/s, vy=0.000 m/s, w=0.000 rad/s
[INFO] [1773307205.172226447] [car_controller_node]: odom x=0.000 m, y=0.000 m, th=0.000 rad, vx=0.000 m/s, vy=0.000 m/s, w=0.000 rad/s
[INFO] [1773307205.371664099] [car_controller_node]: odom x=0.000 m, y=0.000 m, th=0.000 rad, vx=0.000 m/s, vy=0.000 m/s, w=0.000 rad/s
[INFO] [1773307205.572137554] [car_controller_node]: odom x=0.000 m, y=0.000 m, th=0.000 rad, vx=0.000 m/s, vy=0.000 m/s, w=0.000 rad/s
[INFO] [1773307205.773558776] [car_controller_node]: odom x=0.000 m, y=0.000 m, th=0.000 rad, vx=0.000 m/s, vy=0.000 m/s, w=0.000 rad/s
[INFO] [1773307205.973244462] [car_controller_node]: odom x=0.000 m, y=0.000 m, th=0.000 rad, vx=0.000 m/s, vy=0.000 m/s, w=0.000 rad/s
[INFO] [1773307206.172849445] [car_controller_node]: odom x=0.000 m, y=0.000 m, th=0.000 rad, vx=0.000 m/s, vy=0.000 m/s, w=0.000 rad/s
[INFO] [1773307206.374288871] [car_controller_node]: odom x=0.000 m, y=0.000 m, th=0.000 rad, vx=0.000 m/s, vy=0.000 m/s, w=0.000 rad/s
[INFO] [1773307206.571501752] [car_controller_node]: odom x=0.000 m, y=0.000 m, th=0.000 rad, vx=0.000 m/s, vy=0.000 m/s, w=0.000 rad/s
[INFO] [1773307206.770716888] [car_controller_node]: odom x=0.000 m, y=0.000 m, th=0.000 rad, vx=0.000 m/s, vy=0.000 m/s, w=0.000 rad/s
[INFO] [1773307206.970878754] [car_controller_node]: odom x=0.000 m, y=0.000 m, th=0.000 rad, vx=0.000 m/s, vy=0.000 m/s, w=0.000 rad/s
[INFO] [1773307207.171777593] [car_controller_node]: odom x=0.000 m, y=0.000 m, th=0.000 rad, vx=0.000 m/s, vy=0.000 m/s, w=0.000 rad/s
[INFO] [1773307207.371638499] [car_controller_node]: odom x=0.000 m, y=0.000 m, th=0.000 rad, vx=0.000 m/s, vy=0.000 m/s, w=0.000 rad/s
[INFO] [1773307207.570861913] [car_controller_node]: odom x=0.000 m, y=0.000 m, th=0.000 rad, vx=0.000 m/s, vy=0.000 m/s, w=0.000 rad/s
[INFO] [1773307207.770749208] [car_controller_node]: odom x=0.000 m, y=0.000 m, th=0.000 rad, vx=0.000 m/s, vy=0.000 m/s, w=0.000 rad/s
[INFO] [1773307207.971969748] [car_controller_node]: odom x=0.000 m, y=0.000 m, th=0.000 rad, vx=0.000 m/s, vy=0.000 m/s, w=0.000 rad/s
[INFO] [1773307208.173288990] [car_controller_node]: odom x=0.000 m, y=0.000 m, th=0.000 rad, vx=0.000 m/s, vy=0.000 m/s, w=0.000 rad/s
[INFO] [1773307208.372279666] [car_controller_node]: odom x=0.000 m, y=0.000 m, th=0.000 rad, vx=0.000 m/s, vy=0.000 m/s, w=0.000 rad/s
[INFO] [1773307208.578814275] [car_controller_node]: odom x=0.000 m, y=0.000 m, th=0.000 rad, vx=0.000 m/s, vy=0.000 m/s, w=0.000 rad/s
[INFO] [1773307208.773434852] [car_controller_node]: odom x=0.000 m, y=0.000 m, th=0.000 rad, vx=0.000 m/s, vy=0.000 m/s, w=0.000 rad/s
[INFO] [1773307208.973433794] [car_controller_node]: odom x=0.000 m, y=0.000 m, th=0.000 rad, vx=0.000 m/s, vy=0.000 m/s, w=0.000 rad/s
[INFO] [1773307209.189844310] [car_controller_node]: odom x=0.000 m, y=0.000 m, th=0.000 rad, vx=0.000 m/s, vy=0.000 m/s, w=0.000 rad/s
[INFO] [1773307209.374521852] [car_controller_node]: odom x=0.000 m, y=0.000 m, th=0.000 rad, vx=0.000 m/s, vy=0.000 m/s, w=0.000 rad/s
[INFO] [1773307209.591548750] [car_controller_node]: odom x=0.000 m, y=0.000 m, th=0.000 rad, vx=0.000 m/s, vy=0.000 m/s, w=0.000 rad/s
[INFO] [1773307209.777557795] [car_controller_node]: odom x=0.000 m, y=0.000 m, th=0.000 rad, vx=0.000 m/s, vy=0.000 m/s, w=0.000 rad/s
[INFO] [1773307209.975740313] [car_controller_node]: odom x=0.000 m, y=0.000 m, th=0.000 rad, vx=0.000 m/s, vy=0.000 m/s, w=0.000 rad/s
[INFO] [1773307210.171982391] [car_controller_node]: odom x=0.000 m, y=0.000 m, th=0.000 rad, vx=0.000 m/s, vy=0.000 m/s, w=0.000 rad/s
[INFO] [1773307210.371381544] [car_controller_node]: odom x=0.000 m, y=0.000 m, th=0.000 rad, vx=0.000 m/s, vy=0.000 m/s, w=0.000 rad/s
[INFO] [1773307210.571769889] [car_controller_node]: odom x=0.000 m, y=0.000 m, th=0.000 rad, vx=0.000 m/s, vy=0.000 m/s, w=0.000 rad/s
[INFO] [1773307210.771792924] [car_controller_node]: odom x=0.000 m, y=0.000 m, th=0.000 rad, vx=0.000 m/s, vy=0.000 m/s, w=0.000 rad/s
[INFO] [1773307210.974629409] [car_controller_node]: odom x=0.000 m, y=0.000 m, th=0.000 rad, vx=0.000 m/s, vy=0.000 m/s, w=0.000 rad/s
[INFO] [1773307211.174126709] [car_controller_node]: odom x=0.000 m, y=0.000 m, th=0.000 rad, vx=0.000 m/s, vy=0.000 m/s, w=0.000 rad/s
[INFO] [1773307211.409253440] [car_controller_node]: odom x=0.000 m, y=0.000 m, th=0.000 rad, vx=0.000 m/s, vy=0.000 m/s, w=0.000 rad/s
[INFO] [1773307211.585572058] [car_controller_node]: odom x=0.000 m, y=0.000 m, th=0.000 rad, vx=0.000 m/s, vy=0.000 m/s, w=0.000 rad/s
[INFO] [1773307211.774713993] [car_controller_node]: odom x=0.000 m, y=0.000 m, th=0.000 rad, vx=0.000 m/s, vy=0.000 m/s, w=0.000 rad/s
[INFO] [1773307211.979791323] [car_controller_node]: odom x=0.000 m, y=0.000 m, th=0.000 rad, vx=0.000 m/s, vy=0.000 m/s, w=0.000 rad/s
[INFO] [1773307212.174885247] [car_controller_node]: odom x=0.000 m, y=0.000 m, th=0.000 rad, vx=0.000 m/s, vy=0.000 m/s, w=0.000 rad/s
[INFO] [1773307212.395326607] [car_controller_node]: odom x=0.000 m, y=0.000 m, th=0.000 rad, vx=0.000 m/s, vy=0.000 m/s, w=0.000 rad/s
[INFO] [1773307212.574638043] [car_controller_node]: odom x=0.000 m, y=0.000 m, th=0.000 rad, vx=0.000 m/s, vy=0.000 m/s, w=0.000 rad/s
[INFO] [1773307212.775796288] [car_controller_node]: odom x=0.000 m, y=0.000 m, th=0.000 rad, vx=0.000 m/s, vy=0.000 m/s, w=0.000 rad/s
[INFO] [1773307212.973880697] [car_controller_node]: odom x=0.000 m, y=0.000 m, th=0.000 rad, vx=0.000 m/s, vy=0.000 m/s, w=0.000 rad/s
[INFO] [1773307213.173240166] [car_controller_node]: odom x=0.000 m, y=0.000 m, th=0.000 rad, vx=0.000 m/s, vy=0.000 m/s, w=0.000 rad/s
[INFO] [1773307213.376396980] [car_controller_node]: odom x=0.000 m, y=0.000 m, th=0.000 rad, vx=0.000 m/s, vy=0.000 m/s, w=0.000 rad/s
[INFO] [1773307213.573694435] [car_controller_node]: odom x=0.000 m, y=0.000 m, th=0.000 rad, vx=0.000 m/s, vy=0.000 m/s, w=0.000 rad/s
[INFO] [1773307213.777134228] [car_controller_node]: odom x=0.000 m, y=0.000 m, th=0.000 rad, vx=0.000 m/s, vy=0.000 m/s, w=0.000 rad/s
[INFO] [1773307213.995190856] [car_controller_node]: odom x=0.000 m, y=0.000 m, th=0.000 rad, vx=0.000 m/s, vy=0.000 m/s, w=0.000 rad/s
[INFO] [1773307214.179617123] [car_controller_node]: odom x=0.000 m, y=0.000 m, th=0.000 rad, vx=0.000 m/s, vy=0.000 m/s, w=0.000 rad/s
[INFO] [1773307214.376062644] [car_controller_node]: odom x=0.000 m, y=0.000 m, th=0.000 rad, vx=0.000 m/s, vy=0.000 m/s, w=0.000 rad/s
[INFO] [1773307214.578656021] [car_controller_node]: odom x=0.000 m, y=0.000 m, th=0.000 rad, vx=0.000 m/s, vy=0.000 m/s, w=0.000 rad/s
[INFO] [1773307214.775455037] [car_controller_node]: odom x=0.000 m, y=0.000 m, th=0.000 rad, vx=0.000 m/s, vy=0.000 m/s, w=0.000 rad/s
[INFO] [1773307215.000236182] [car_controller_node]: odom x=0.000 m, y=0.000 m, th=0.000 rad, vx=0.000 m/s, vy=0.000 m/s, w=0.000 rad/s
[INFO] [1773307215.172699788] [car_controller_node]: odom x=0.000 m, y=0.000 m, th=0.000 rad, vx=0.000 m/s, vy=0.000 m/s, w=0.000 rad/s
[INFO] [1773307215.372289662] [car_controller_node]: odom x=0.000 m, y=0.000 m, th=0.000 rad, vx=0.000 m/s, vy=0.000 m/s, w=0.000 rad/s
[INFO] [1773307215.575032834] [car_controller_node]: odom x=0.000 m, y=0.000 m, th=0.000 rad, vx=0.000 m/s, vy=0.000 m/s, w=0.000 rad/s
[INFO] [1773307215.773025392] [car_controller_node]: odom x=0.000 m, y=0.000 m, th=0.000 rad, vx=0.000 m/s, vy=0.000 m/s, w=0.000 rad/s
[INFO] [1773307215.980944765] [car_controller_node]: odom x=0.000 m, y=0.000 m, th=0.000 rad, vx=0.000 m/s, vy=0.000 m/s, w=0.000 rad/s
[INFO] [1773307216.176650646] [car_controller_node]: odom x=0.000 m, y=0.000 m, th=0.000 rad, vx=0.000 m/s, vy=0.000 m/s, w=0.000 rad/s
[INFO] [1773307216.423674502] [car_controller_node]: odom x=0.000 m, y=0.000 m, th=0.000 rad, vx=0.000 m/s, vy=0.000 m/s, w=0.000 rad/s
[INFO] [1773307216.597025432] [car_controller_node]: odom x=0.000 m, y=0.000 m, th=0.000 rad, vx=0.000 m/s, vy=0.000 m/s, w=0.000 rad/s
[INFO] [1773307216.792001451] [car_controller_node]: odom x=0.000 m, y=0.000 m, th=0.000 rad, vx=0.000 m/s, vy=0.000 m/s, w=0.000 rad/s
[INFO] [1773307216.981742362] [car_controller_node]: odom x=0.000 m, y=0.000 m, th=0.000 rad, vx=0.000 m/s, vy=0.000 m/s, w=0.000 rad/s
[INFO] [1773307217.179006855] [car_controller_node]: odom x=0.000 m, y=0.000 m, th=0.000 rad, vx=0.000 m/s, vy=0.000 m/s, w=0.000 rad/s
[INFO] [1773307217.391678526] [car_controller_node]: odom x=0.000 m, y=0.000 m, th=0.000 rad, vx=0.000 m/s, vy=0.000 m/s, w=0.000 rad/s
[INFO] [1773307217.577004358] [car_controller_node]: odom x=0.000 m, y=0.000 m, th=0.000 rad, vx=0.000 m/s, vy=0.000 m/s, w=0.000 rad/s
[INFO] [1773307217.780353708] [car_controller_node]: odom x=0.000 m, y=0.000 m, th=0.000 rad, vx=0.000 m/s, vy=0.000 m/s, w=0.000 rad/s
[INFO] [1773307217.985987680] [car_controller_node]: odom x=0.000 m, y=0.000 m, th=0.000 rad, vx=0.000 m/s, vy=0.000 m/s, w=0.000 rad/s
[INFO] [1773307218.190056967] [car_controller_node]: odom x=0.000 m, y=0.000 m, th=0.000 rad, vx=0.000 m/s, vy=0.000 m/s, w=0.000 rad/s
[INFO] [1773307218.381956410] [car_controller_node]: odom x=0.000 m, y=0.000 m, th=0.000 rad, vx=0.000 m/s, vy=0.000 m/s, w=0.000 rad/s
[INFO] [1773307218.575939274] [car_controller_node]: odom x=0.000 m, y=0.000 m, th=0.000 rad, vx=0.000 m/s, vy=0.000 m/s, w=0.000 rad/s
[INFO] [1773307218.771358362] [car_controller_node]: odom x=0.000 m, y=0.000 m, th=0.000 rad, vx=0.000 m/s, vy=0.000 m/s, w=0.000 rad/s
[INFO] [1773307218.980123781] [car_controller_node]: odom x=0.000 m, y=0.000 m, th=0.000 rad, vx=0.000 m/s, vy=0.000 m/s, w=0.000 rad/s
[INFO] [1773307219.181063695] [car_controller_node]: odom x=0.000 m, y=0.000 m, th=0.000 rad, vx=0.000 m/s, vy=0.000 m/s, w=0.000 rad/s
[INFO] [1773307219.374190662] [car_controller_node]: odom x=0.000 m, y=0.000 m, th=0.000 rad, vx=0.000 m/s, vy=0.000 m/s, w=0.000 rad/s
[INFO] [1773307219.590354034] [car_controller_node]: odom x=0.000 m, y=0.000 m, th=0.000 rad, vx=0.000 m/s, vy=0.000 m/s, w=0.000 rad/s
[INFO] [1773307219.779857208] [car_controller_node]: odom x=0.000 m, y=0.000 m, th=0.000 rad, vx=0.000 m/s, vy=0.000 m/s, w=0.000 rad/s
[INFO] [1773307219.978543000] [car_controller_node]: odom x=0.000 m, y=0.000 m, th=0.000 rad, vx=0.000 m/s, vy=0.000 m/s, w=0.000 rad/s
[INFO] [1773307220.180488385] [car_controller_node]: odom x=0.000 m, y=0.000 m, th=0.000 rad, vx=0.000 m/s, vy=0.000 m/s, w=0.000 rad/s
[INFO] [1773307220.377168163] [car_controller_node]: odom x=0.000 m, y=0.000 m, th=0.000 rad, vx=0.000 m/s, vy=0.000 m/s, w=0.000 rad/s
[INFO] [1773307220.583812143] [car_controller_node]: odom x=0.000 m, y=0.000 m, th=0.000 rad, vx=0.000 m/s, vy=0.000 m/s, w=0.000 rad/s
[INFO] [1773307220.830842445] [car_controller_node]: odom x=0.000 m, y=0.000 m, th=0.000 rad, vx=0.000 m/s, vy=0.000 m/s, w=0.000 rad/s
[INFO] [1773307220.972415234] [car_controller_node]: odom x=0.000 m, y=0.000 m, th=0.000 rad, vx=0.000 m/s, vy=0.000 m/s, w=0.000 rad/s
[INFO] [1773307221.172465622] [car_controller_node]: odom x=0.000 m, y=0.000 m, th=0.000 rad, vx=0.000 m/s, vy=0.000 m/s, w=0.000 rad/s
[INFO] [1773307221.373391519] [car_controller_node]: odom x=0.000 m, y=0.000 m, th=0.000 rad, vx=0.000 m/s, vy=0.000 m/s, w=0.000 rad/s
[INFO] [1773307221.572734452] [car_controller_node]: odom x=0.000 m, y=0.000 m, th=0.000 rad, vx=0.000 m/s, vy=0.000 m/s, w=0.000 rad/s
[INFO] [1773307221.782584656] [car_controller_node]: odom x=0.000 m, y=0.000 m, th=0.000 rad, vx=0.000 m/s, vy=0.000 m/s, w=0.000 rad/s
[INFO] [1773307221.999680981] [car_controller_node]: odom x=0.000 m, y=0.000 m, th=0.000 rad, vx=0.000 m/s, vy=0.000 m/s, w=0.000 rad/s
[INFO] [1773307222.183915141] [car_controller_node]: odom x=0.000 m, y=0.000 m, th=0.000 rad, vx=0.000 m/s, vy=0.000 m/s, w=0.000 rad/s
[INFO] [1773307222.383067317] [car_controller_node]: odom x=0.000 m, y=0.000 m, th=0.000 rad, vx=0.000 m/s, vy=0.000 m/s, w=0.000 rad/s
[INFO] [1773307222.577210402] [car_controller_node]: odom x=0.000 m, y=0.000 m, th=0.000 rad, vx=0.000 m/s, vy=0.000 m/s, w=0.000 rad/s
[INFO] [1773307222.774150029] [car_controller_node]: odom x=0.000 m, y=0.000 m, th=0.000 rad, vx=0.000 m/s, vy=0.000 m/s, w=0.000 rad/s
[INFO] [1773307222.972823840] [car_controller_node]: odom x=0.000 m, y=0.000 m, th=0.000 rad, vx=0.000 m/s, vy=0.000 m/s, w=0.000 rad/s
[INFO] [1773307223.237164669] [car_controller_node]: odom x=0.000 m, y=0.000 m, th=0.000 rad, vx=0.000 m/s, vy=0.000 m/s, w=0.000 rad/s
[INFO] [1773307223.377862395] [car_controller_node]: odom x=0.000 m, y=0.000 m, th=0.000 rad, vx=0.000 m/s, vy=0.000 m/s, w=0.000 rad/s
[INFO] [1773307223.573657924] [car_controller_node]: odom x=0.000 m, y=0.000 m, th=0.000 rad, vx=0.000 m/s, vy=0.000 m/s, w=0.000 rad/s
[INFO] [1773307223.774618709] [car_controller_node]: odom x=0.000 m, y=0.000 m, th=0.000 rad, vx=0.000 m/s, vy=0.000 m/s, w=0.000 rad/s
[INFO] [1773307223.973226336] [car_controller_node]: odom x=0.000 m, y=0.000 m, th=0.000 rad, vx=0.000 m/s, vy=0.000 m/s, w=0.000 rad/s
[INFO] [1773307224.176943924] [car_controller_node]: odom x=0.000 m, y=0.000 m, th=0.000 rad, vx=0.000 m/s, vy=0.000 m/s, w=0.000 rad/s
[INFO] [1773307224.392902874] [car_controller_node]: odom x=0.000 m, y=0.000 m, th=0.000 rad, vx=0.000 m/s, vy=0.000 m/s, w=0.000 rad/s
[INFO] [1773307224.586584575] [car_controller_node]: odom x=0.000 m, y=0.000 m, th=0.000 rad, vx=0.000 m/s, vy=0.000 m/s, w=0.000 rad/s
[INFO] [1773307224.775451276] [car_controller_node]: odom x=0.000 m, y=0.000 m, th=0.000 rad, vx=0.000 m/s, vy=0.000 m/s, w=0.000 rad/s
[INFO] [1773307224.975031281] [car_controller_node]: odom x=0.000 m, y=0.000 m, th=0.000 rad, vx=0.000 m/s, vy=0.000 m/s, w=0.000 rad/s
[INFO] [1773307225.226985972] [car_controller_node]: odom x=0.000 m, y=0.000 m, th=0.000 rad, vx=0.000 m/s, vy=0.000 m/s, w=0.000 rad/s
[INFO] [1773307225.395972489] [car_controller_node]: odom x=0.000 m, y=0.000 m, th=0.000 rad, vx=0.000 m/s, vy=0.000 m/s, w=0.000 rad/s
[INFO] [1773307225.620973597] [car_controller_node]: odom x=0.000 m, y=0.000 m, th=0.000 rad, vx=0.000 m/s, vy=0.000 m/s, w=0.000 rad/s
[INFO] [1773307225.778693963] [car_controller_node]: odom x=0.000 m, y=0.000 m, th=0.000 rad, vx=0.000 m/s, vy=0.000 m/s, w=0.000 rad/s
[INFO] [1773307225.979336623] [car_controller_node]: odom x=0.000 m, y=0.000 m, th=0.000 rad, vx=0.000 m/s, vy=0.000 m/s, w=0.000 rad/s
[INFO] [1773307226.176550989] [car_controller_node]: odom x=0.000 m, y=0.000 m, th=0.000 rad, vx=0.000 m/s, vy=0.000 m/s, w=0.000 rad/s
[INFO] [1773307226.391763392] [car_controller_node]: odom x=0.000 m, y=0.000 m, th=0.000 rad, vx=0.000 m/s, vy=0.000 m/s, w=0.000 rad/s
[INFO] [1773307226.592425051] [car_controller_node]: odom x=0.000 m, y=0.000 m, th=0.000 rad, vx=0.000 m/s, vy=0.000 m/s, w=0.000 rad/s
[INFO] [1773307226.786683321] [car_controller_node]: odom x=0.000 m, y=0.000 m, th=0.000 rad, vx=0.000 m/s, vy=0.000 m/s, w=0.000 rad/s
[INFO] [1773307226.978513765] [car_controller_node]: odom x=0.000 m, y=0.000 m, th=0.000 rad, vx=0.000 m/s, vy=0.000 m/s, w=0.000 rad/s
[INFO] [1773307227.172561111] [car_controller_node]: odom x=0.000 m, y=0.000 m, th=0.000 rad, vx=0.000 m/s, vy=0.000 m/s, w=0.000 rad/s
[INFO] [1773307227.386603824] [car_controller_node]: odom x=0.000 m, y=0.000 m, th=0.000 rad, vx=0.000 m/s, vy=0.000 m/s, w=0.000 rad/s
[INFO] [1773307227.611536432] [car_controller_node]: odom x=0.000 m, y=0.000 m, th=0.000 rad, vx=0.000 m/s, vy=0.000 m/s, w=0.000 rad/s
[INFO] [1773307227.776314516] [car_controller_node]: odom x=0.000 m, y=0.000 m, th=0.000 rad, vx=0.000 m/s, vy=0.000 m/s, w=0.000 rad/s
[INFO] [1773307227.975177289] [car_controller_node]: odom x=0.000 m, y=0.000 m, th=0.000 rad, vx=0.000 m/s, vy=0.000 m/s, w=0.000 rad/s
[INFO] [1773307228.173096628] [car_controller_node]: odom x=0.000 m, y=0.000 m, th=0.000 rad, vx=0.000 m/s, vy=0.000 m/s, w=0.000 rad/s
[INFO] [1773307228.391027000] [car_controller_node]: odom x=0.000 m, y=0.000 m, th=0.000 rad, vx=0.000 m/s, vy=0.000 m/s, w=0.000 rad/s
[INFO] [1773307228.576873717] [car_controller_node]: odom x=0.000 m, y=0.000 m, th=0.000 rad, vx=0.000 m/s, vy=0.000 m/s, w=0.000 rad/s
[INFO] [1773307228.805208361] [car_controller_node]: odom x=0.000 m, y=0.000 m, th=0.000 rad, vx=0.000 m/s, vy=0.000 m/s, w=0.000 rad/s
[INFO] [1773307229.023789782] [car_controller_node]: odom x=0.000 m, y=0.000 m, th=0.000 rad, vx=0.000 m/s, vy=0.000 m/s, w=0.000 rad/s
[INFO] [1773307229.174651412] [car_controller_node]: odom x=0.000 m, y=0.000 m, th=0.000 rad, vx=0.000 m/s, vy=0.000 m/s, w=0.000 rad/s
[INFO] [1773307229.372066960] [car_controller_node]: odom x=0.000 m, y=0.000 m, th=0.000 rad, vx=0.000 m/s, vy=0.000 m/s, w=0.000 rad/s
[INFO] [1773307229.592360769] [car_controller_node]: odom x=0.000 m, y=0.000 m, th=0.000 rad, vx=0.000 m/s, vy=0.000 m/s, w=0.000 rad/s
[INFO] [1773307229.778658629] [car_controller_node]: odom x=0.000 m, y=0.000 m, th=0.000 rad, vx=0.000 m/s, vy=0.000 m/s, w=0.000 rad/s
[INFO] [1773307229.980127873] [car_controller_node]: odom x=0.000 m, y=0.000 m, th=0.000 rad, vx=0.000 m/s, vy=0.000 m/s, w=0.000 rad/s
[INFO] [1773307230.206464077] [car_controller_node]: odom x=0.000 m, y=0.000 m, th=0.000 rad, vx=0.000 m/s, vy=0.000 m/s, w=0.000 rad/s
[INFO] [1773307230.385739923] [car_controller_node]: odom x=0.000 m, y=0.000 m, th=0.000 rad, vx=0.000 m/s, vy=0.000 m/s, w=0.000 rad/s
[INFO] [1773307230.582075114] [car_controller_node]: odom x=0.000 m, y=0.000 m, th=0.000 rad, vx=0.000 m/s, vy=0.000 m/s, w=0.000 rad/s
[INFO] [1773307230.806819947] [car_controller_node]: odom x=0.000 m, y=0.000 m, th=0.000 rad, vx=0.000 m/s, vy=0.000 m/s, w=0.000 rad/s
[INFO] [1773307230.978090421] [car_controller_node]: odom x=0.000 m, y=0.000 m, th=0.000 rad, vx=0.000 m/s, vy=0.000 m/s, w=0.000 rad/s
[INFO] [1773307231.212156482] [car_controller_node]: odom x=0.000 m, y=0.000 m, th=0.000 rad, vx=0.000 m/s, vy=0.000 m/s, w=0.000 rad/s
[INFO] [1773307231.386359849] [car_controller_node]: odom x=0.000 m, y=0.000 m, th=0.000 rad, vx=0.000 m/s, vy=0.000 m/s, w=0.000 rad/s
[INFO] [1773307231.620019322] [car_controller_node]: odom x=0.000 m, y=0.000 m, th=0.000 rad, vx=0.000 m/s, vy=0.000 m/s, w=0.000 rad/s
[INFO] [1773307231.793428586] [car_controller_node]: odom x=0.000 m, y=0.000 m, th=0.000 rad, vx=0.000 m/s, vy=0.000 m/s, w=0.000 rad/s
[INFO] [1773307231.972384566] [car_controller_node]: odom x=0.000 m, y=0.000 m, th=0.000 rad, vx=0.000 m/s, vy=0.000 m/s, w=0.000 rad/s
[INFO] [1773307232.189009936] [car_controller_node]: odom x=0.000 m, y=0.000 m, th=0.000 rad, vx=0.000 m/s, vy=0.000 m/s, w=0.000 rad/s
[INFO] [1773307232.377066739] [car_controller_node]: odom x=0.000 m, y=0.000 m, th=0.000 rad, vx=0.000 m/s, vy=0.000 m/s, w=0.000 rad/s
[INFO] [1773307232.588397853] [car_controller_node]: odom x=0.000 m, y=0.000 m, th=0.000 rad, vx=0.000 m/s, vy=0.000 m/s, w=0.000 rad/s
[INFO] [1773307232.794794412] [car_controller_node]: odom x=0.000 m, y=0.000 m, th=0.000 rad, vx=0.000 m/s, vy=0.000 m/s, w=0.000 rad/s
[INFO] [1773307233.009834577] [car_controller_node]: odom x=0.000 m, y=0.000 m, th=0.000 rad, vx=0.000 m/s, vy=0.000 m/s, w=0.000 rad/s
[INFO] [1773307233.171309477] [car_controller_node]: odom x=0.000 m, y=0.000 m, th=0.000 rad, vx=0.000 m/s, vy=0.000 m/s, w=0.000 rad/s
[INFO] [1773307233.409761471] [car_controller_node]: odom x=0.000 m, y=0.000 m, th=0.000 rad, vx=0.000 m/s, vy=0.000 m/s, w=0.000 rad/s
[INFO] [1773307233.580830743] [car_controller_node]: odom x=0.000 m, y=0.000 m, th=0.000 rad, vx=0.000 m/s, vy=0.000 m/s, w=0.000 rad/s
[INFO] [1773307233.795987944] [car_controller_node]: odom x=0.000 m, y=0.000 m, th=0.000 rad, vx=0.000 m/s, vy=0.000 m/s, w=0.000 rad/s
[INFO] [1773307234.012110301] [car_controller_node]: odom x=0.000 m, y=0.000 m, th=0.000 rad, vx=0.000 m/s, vy=0.000 m/s, w=0.000 rad/s
[INFO] [1773307234.184902314] [car_controller_node]: odom x=0.000 m, y=0.000 m, th=0.000 rad, vx=0.000 m/s, vy=0.000 m/s, w=0.000 rad/s
[INFO] [1773307234.386619111] [car_controller_node]: odom x=0.000 m, y=0.000 m, th=0.000 rad, vx=0.000 m/s, vy=0.000 m/s, w=0.000 rad/s
[INFO] [1773307234.574129995] [car_controller_node]: odom x=0.000 m, y=0.000 m, th=0.000 rad, vx=0.000 m/s, vy=0.000 m/s, w=0.000 rad/s
[INFO] [1773307234.776239158] [car_controller_node]: odom x=0.000 m, y=0.000 m, th=0.000 rad, vx=0.000 m/s, vy=0.000 m/s, w=0.000 rad/s
[INFO] [1773307235.016583408] [car_controller_node]: odom x=0.000 m, y=0.000 m, th=0.000 rad, vx=0.000 m/s, vy=0.000 m/s, w=0.000 rad/s
[INFO] [1773307235.185341281] [car_controller_node]: odom x=0.000 m, y=0.000 m, th=0.000 rad, vx=0.000 m/s, vy=0.000 m/s, w=0.000 rad/s
[INFO] [1773307235.376535550] [car_controller_node]: odom x=0.000 m, y=0.000 m, th=0.000 rad, vx=0.000 m/s, vy=0.000 m/s, w=0.000 rad/s
[INFO] [1773307235.594609385] [car_controller_node]: odom x=0.000 m, y=0.000 m, th=0.000 rad, vx=0.000 m/s, vy=0.000 m/s, w=0.000 rad/s
[INFO] [1773307235.793869988] [car_controller_node]: odom x=0.000 m, y=0.000 m, th=0.000 rad, vx=0.000 m/s, vy=0.000 m/s, w=0.000 rad/s
[INFO] [1773307235.977712431] [car_controller_node]: odom x=0.000 m, y=0.000 m, th=0.000 rad, vx=0.000 m/s, vy=0.000 m/s, w=0.000 rad/s
[INFO] [1773307236.178419611] [car_controller_node]: odom x=0.000 m, y=0.000 m, th=0.000 rad, vx=0.000 m/s, vy=0.000 m/s, w=0.000 rad/s
[INFO] [1773307236.397485546] [car_controller_node]: odom x=0.000 m, y=0.000 m, th=0.000 rad, vx=0.000 m/s, vy=0.000 m/s, w=0.000 rad/s
[INFO] [1773307236.615889044] [car_controller_node]: odom x=0.000 m, y=0.000 m, th=0.000 rad, vx=0.000 m/s, vy=0.000 m/s, w=0.000 rad/s
[INFO] [1773307236.775877183] [car_controller_node]: odom x=0.000 m, y=0.000 m, th=0.000 rad, vx=0.000 m/s, vy=0.000 m/s, w=0.000 rad/s
[INFO] [1773307237.016812686] [car_controller_node]: odom x=0.000 m, y=0.000 m, th=0.000 rad, vx=0.000 m/s, vy=0.000 m/s, w=0.000 rad/s
[INFO] [1773307237.185159564] [car_controller_node]: odom x=0.000 m, y=0.000 m, th=0.000 rad, vx=0.000 m/s, vy=0.000 m/s, w=0.000 rad/s
[INFO] [1773307237.385293121] [car_controller_node]: odom x=0.000 m, y=0.000 m, th=0.000 rad, vx=0.000 m/s, vy=0.000 m/s, w=0.000 rad/s
[INFO] [1773307237.607464521] [car_controller_node]: odom x=0.000 m, y=0.000 m, th=0.000 rad, vx=0.000 m/s, vy=0.000 m/s, w=0.000 rad/s
[INFO] [1773307237.779367266] [car_controller_node]: odom x=0.000 m, y=0.000 m, th=0.000 rad, vx=0.000 m/s, vy=0.000 m/s, w=0.000 rad/s
[INFO] [1773307238.004208877] [car_controller_node]: odom x=0.000 m, y=0.000 m, th=0.000 rad, vx=0.000 m/s, vy=0.000 m/s, w=0.000 rad/s
[INFO] [1773307238.191985277] [car_controller_node]: odom x=0.000 m, y=0.000 m, th=0.000 rad, vx=0.000 m/s, vy=0.000 m/s, w=0.000 rad/s
[INFO] [1773307238.374668864] [car_controller_node]: odom x=0.000 m, y=0.000 m, th=0.000 rad, vx=0.000 m/s, vy=0.000 m/s, w=0.000 rad/s
[INFO] [1773307238.575652077] [car_controller_node]: odom x=0.000 m, y=0.000 m, th=0.000 rad, vx=0.000 m/s, vy=0.000 m/s, w=0.000 rad/s
[INFO] [1773307238.790572393] [car_controller_node]: odom x=0.000 m, y=0.000 m, th=0.000 rad, vx=0.000 m/s, vy=0.000 m/s, w=0.000 rad/s
[INFO] [1773307238.976632090] [car_controller_node]: odom x=0.000 m, y=0.000 m, th=0.000 rad, vx=0.000 m/s, vy=0.000 m/s, w=0.000 rad/s
[INFO] [1773307239.205709968] [car_controller_node]: odom x=0.000 m, y=0.000 m, th=0.000 rad, vx=0.000 m/s, vy=0.000 m/s, w=0.000 rad/s
[INFO] [1773307239.388220520] [car_controller_node]: odom x=0.000 m, y=0.000 m, th=0.000 rad, vx=0.000 m/s, vy=0.000 m/s, w=0.000 rad/s
[INFO] [1773307239.587584419] [car_controller_node]: odom x=0.000 m, y=0.000 m, th=0.000 rad, vx=0.000 m/s, vy=0.000 m/s, w=0.000 rad/s
[INFO] [1773307239.776934819] [car_controller_node]: odom x=0.000 m, y=0.000 m, th=0.000 rad, vx=0.000 m/s, vy=0.000 m/s, w=0.000 rad/s
[INFO] [1773307239.974141872] [car_controller_node]: odom x=0.000 m, y=0.000 m, th=0.000 rad, vx=0.000 m/s, vy=0.000 m/s, w=0.000 rad/s
[INFO] [1773307240.175165178] [car_controller_node]: odom x=0.000 m, y=0.000 m, th=0.000 rad, vx=0.000 m/s, vy=0.000 m/s, w=0.000 rad/s
[INFO] [1773307240.381510332] [car_controller_node]: odom x=0.000 m, y=0.000 m, th=0.000 rad, vx=0.000 m/s, vy=0.000 m/s, w=0.000 rad/s
[INFO] [1773307240.585879822] [car_controller_node]: odom x=0.000 m, y=0.000 m, th=0.000 rad, vx=0.000 m/s, vy=0.000 m/s, w=0.000 rad/s
[INFO] [1773307240.782837896] [car_controller_node]: odom x=0.000 m, y=0.000 m, th=0.000 rad, vx=0.000 m/s, vy=0.000 m/s, w=0.000 rad/s
[INFO] [1773307240.972143853] [car_controller_node]: odom x=0.000 m, y=0.000 m, th=0.000 rad, vx=0.000 m/s, vy=0.000 m/s, w=0.000 rad/s
[INFO] [1773307241.175195618] [car_controller_node]: odom x=0.000 m, y=0.000 m, th=0.000 rad, vx=0.000 m/s, vy=0.000 m/s, w=0.000 rad/s
[INFO] [1773307241.382131209] [car_controller_node]: odom x=0.000 m, y=0.000 m, th=0.000 rad, vx=0.000 m/s, vy=0.000 m/s, w=0.000 rad/s
[INFO] [1773307241.606166034] [car_controller_node]: odom x=0.000 m, y=0.000 m, th=0.000 rad, vx=0.000 m/s, vy=0.000 m/s, w=0.000 rad/s
[INFO] [1773307241.784733056] [car_controller_node]: odom x=0.000 m, y=0.000 m, th=0.000 rad, vx=0.000 m/s, vy=0.000 m/s, w=0.000 rad/s
[INFO] [1773307241.990639382] [car_controller_node]: odom x=0.000 m, y=0.000 m, th=0.000 rad, vx=0.000 m/s, vy=0.000 m/s, w=0.000 rad/s
[INFO] [1773307242.257110431] [car_controller_node]: odom x=0.000 m, y=0.000 m, th=0.000 rad, vx=0.000 m/s, vy=0.000 m/s, w=0.000 rad/s
[INFO] [1773307242.374755974] [car_controller_node]: odom x=0.000 m, y=0.000 m, th=0.000 rad, vx=0.000 m/s, vy=0.000 m/s, w=0.000 rad/s
[INFO] [1773307242.590997331] [car_controller_node]: odom x=0.000 m, y=0.000 m, th=0.000 rad, vx=0.000 m/s, vy=0.000 m/s, w=0.000 rad/s
[INFO] [1773307242.798161494] [car_controller_node]: odom x=0.000 m, y=0.000 m, th=0.000 rad, vx=0.000 m/s, vy=0.000 m/s, w=0.000 rad/s
[INFO] [1773307243.043316581] [car_controller_node]: odom x=0.000 m, y=0.000 m, th=0.000 rad, vx=0.000 m/s, vy=0.000 m/s, w=0.000 rad/s
[INFO] [1773307243.203620680] [car_controller_node]: odom x=0.000 m, y=0.000 m, th=0.000 rad, vx=0.000 m/s, vy=0.000 m/s, w=0.000 rad/s
[INFO] [1773307243.374305273] [car_controller_node]: odom x=0.000 m, y=0.000 m, th=0.000 rad, vx=0.000 m/s, vy=0.000 m/s, w=0.000 rad/s
[INFO] [1773307243.649014175] [car_controller_node]: odom x=0.000 m, y=0.000 m, th=0.000 rad, vx=0.000 m/s, vy=0.000 m/s, w=0.000 rad/s
[INFO] [1773307243.811587304] [car_controller_node]: odom x=0.000 m, y=0.000 m, th=0.000 rad, vx=0.000 m/s, vy=0.000 m/s, w=0.000 rad/s
[INFO] [1773307243.996697179] [car_controller_node]: odom x=0.000 m, y=0.000 m, th=0.000 rad, vx=0.000 m/s, vy=0.000 m/s, w=0.000 rad/s
[INFO] [1773307244.174859669] [car_controller_node]: odom x=0.000 m, y=0.000 m, th=0.000 rad, vx=0.000 m/s, vy=0.000 m/s, w=0.000 rad/s
[INFO] [1773307244.417335175] [car_controller_node]: odom x=0.000 m, y=0.000 m, th=0.000 rad, vx=0.000 m/s, vy=0.000 m/s, w=0.000 rad/s
[INFO] [1773307244.626232134] [car_controller_node]: odom x=0.000 m, y=0.000 m, th=0.000 rad, vx=0.000 m/s, vy=0.000 m/s, w=0.000 rad/s
[INFO] [1773307244.814996764] [car_controller_node]: odom x=0.000 m, y=0.000 m, th=0.000 rad, vx=0.000 m/s, vy=0.000 m/s, w=0.000 rad/s
[INFO] [1773307245.054844521] [car_controller_node]: odom x=0.000 m, y=0.000 m, th=0.000 rad, vx=0.000 m/s, vy=0.000 m/s, w=0.000 rad/s
[INFO] [1773307245.202606133] [car_controller_node]: odom x=0.000 m, y=0.000 m, th=0.000 rad, vx=0.000 m/s, vy=0.000 m/s, w=0.000 rad/s
[INFO] [1773307245.428383105] [car_controller_node]: odom x=0.000 m, y=0.000 m, th=0.000 rad, vx=0.000 m/s, vy=0.000 m/s, w=0.000 rad/s
[INFO] [1773307245.636335593] [car_controller_node]: odom x=0.000 m, y=0.000 m, th=0.000 rad, vx=0.000 m/s, vy=0.000 m/s, w=0.000 rad/s
[INFO] [1773307245.810217484] [car_controller_node]: odom x=0.000 m, y=0.000 m, th=0.000 rad, vx=0.000 m/s, vy=0.000 m/s, w=0.000 rad/s
[INFO] [1773307246.049646987] [car_controller_node]: odom x=0.000 m, y=0.000 m, th=0.000 rad, vx=0.000 m/s, vy=0.000 m/s, w=0.000 rad/s
[INFO] [1773307246.257466402] [car_controller_node]: odom x=0.000 m, y=0.000 m, th=0.000 rad, vx=0.000 m/s, vy=0.000 m/s, w=0.000 rad/s
[INFO] [1773307246.376774261] [car_controller_node]: odom x=0.000 m, y=0.000 m, th=0.000 rad, vx=0.000 m/s, vy=0.000 m/s, w=0.000 rad/s
[INFO] [1773307246.592595345] [car_controller_node]: odom x=0.000 m, y=0.000 m, th=0.000 rad, vx=0.000 m/s, vy=0.000 m/s, w=0.000 rad/s
[INFO] [1773307246.807136666] [car_controller_node]: odom x=0.000 m, y=0.000 m, th=0.000 rad, vx=0.000 m/s, vy=0.000 m/s, w=0.000 rad/s
[INFO] [1773307246.978624973] [car_controller_node]: odom x=0.000 m, y=0.000 m, th=0.000 rad, vx=0.000 m/s, vy=0.000 m/s, w=0.000 rad/s
[INFO] [1773307247.214170095] [car_controller_node]: odom x=0.000 m, y=0.000 m, th=0.000 rad, vx=0.000 m/s, vy=0.000 m/s, w=0.000 rad/s
[INFO] [1773307247.402910337] [car_controller_node]: odom x=0.000 m, y=0.000 m, th=0.000 rad, vx=0.000 m/s, vy=0.000 m/s, w=0.000 rad/s
[INFO] [1773307247.618638126] [car_controller_node]: odom x=0.000 m, y=0.000 m, th=0.000 rad, vx=0.000 m/s, vy=0.000 m/s, w=0.000 rad/s
[INFO] [1773307247.829404342] [car_controller_node]: odom x=0.000 m, y=0.000 m, th=0.000 rad, vx=0.000 m/s, vy=0.000 m/s, w=0.000 rad/s
[INFO] [1773307248.030429279] [car_controller_node]: odom x=0.000 m, y=0.000 m, th=0.000 rad, vx=0.000 m/s, vy=0.000 m/s, w=0.000 rad/s
[INFO] [1773307248.256892799] [car_controller_node]: odom x=0.000 m, y=0.000 m, th=0.000 rad, vx=0.000 m/s, vy=0.000 m/s, w=0.000 rad/s
[INFO] [1773307248.378011174] [car_controller_node]: odom x=0.000 m, y=0.000 m, th=0.000 rad, vx=0.000 m/s, vy=0.000 m/s, w=0.000 rad/s
[INFO] [1773307248.640531159] [car_controller_node]: odom x=0.000 m, y=0.000 m, th=0.000 rad, vx=0.000 m/s, vy=0.000 m/s, w=0.000 rad/s
[WARN] [1773307248.697982474] [car_controller_node]: seq lost: 54181 -> 54183
[INFO] [1773307248.777383486] [car_controller_node]: odom x=0.000 m, y=0.000 m, th=0.000 rad, vx=0.000 m/s, vy=0.000 m/s, w=0.000 rad/s
[INFO] [1773307248.982179306] [car_controller_node]: odom x=0.000 m, y=0.000 m, th=0.000 rad, vx=0.000 m/s, vy=0.000 m/s, w=0.000 rad/s
[INFO] [1773307249.227475855] [car_controller_node]: odom x=0.000 m, y=0.000 m, th=0.000 rad, vx=0.000 m/s, vy=0.000 m/s, w=0.000 rad/s
[INFO] [1773307249.404888614] [car_controller_node]: odom x=0.000 m, y=0.000 m, th=0.000 rad, vx=0.000 m/s, vy=0.000 m/s, w=0.000 rad/s
[INFO] [1773307249.609603806] [car_controller_node]: odom x=0.000 m, y=0.000 m, th=0.000 rad, vx=0.000 m/s, vy=0.000 m/s, w=0.000 rad/s
[INFO] [1773307249.775887338] [car_controller_node]: odom x=0.000 m, y=0.000 m, th=0.000 rad, vx=0.000 m/s, vy=0.000 m/s, w=0.000 rad/s
[INFO] [1773307249.987305380] [car_controller_node]: odom x=0.000 m, y=0.000 m, th=0.000 rad, vx=0.000 m/s, vy=0.000 m/s, w=0.000 rad/s
[INFO] [1773307250.176632172] [car_controller_node]: odom x=0.000 m, y=0.000 m, th=0.000 rad, vx=0.000 m/s, vy=0.000 m/s, w=0.000 rad/s
[INFO] [1773307250.435700491] [car_controller_node]: odom x=0.000 m, y=0.000 m, th=0.000 rad, vx=0.000 m/s, vy=0.000 m/s, w=0.000 rad/s
[INFO] [1773307250.644007791] [car_controller_node]: odom x=0.000 m, y=0.000 m, th=0.000 rad, vx=0.000 m/s, vy=0.000 m/s, w=0.000 rad/s
[INFO] [1773307250.806674864] [car_controller_node]: odom x=0.000 m, y=0.000 m, th=0.000 rad, vx=0.000 m/s, vy=0.000 m/s, w=0.000 rad/s
[INFO] [1773307250.980901974] [car_controller_node]: odom x=0.000 m, y=0.000 m, th=0.000 rad, vx=0.000 m/s, vy=0.000 m/s, w=0.000 rad/s
[INFO] [1773307251.196457951] [car_controller_node]: odom x=0.000 m, y=0.000 m, th=0.000 rad, vx=0.000 m/s, vy=0.000 m/s, w=0.000 rad/s
[INFO] [1773307251.422965620] [car_controller_node]: odom x=0.000 m, y=0.000 m, th=0.000 rad, vx=0.000 m/s, vy=0.000 m/s, w=0.000 rad/s
[INFO] [1773307251.626813303] [car_controller_node]: odom x=0.000 m, y=0.000 m, th=0.000 rad, vx=0.000 m/s, vy=0.000 m/s, w=0.000 rad/s
[INFO] [1773307251.789776244] [car_controller_node]: odom x=0.000 m, y=0.000 m, th=0.000 rad, vx=0.000 m/s, vy=0.000 m/s, w=0.000 rad/s
[INFO] [1773307251.995016671] [car_controller_node]: odom x=0.000 m, y=0.000 m, th=0.000 rad, vx=0.000 m/s, vy=0.000 m/s, w=0.000 rad/s
[INFO] [1773307252.196239588] [car_controller_node]: odom x=0.000 m, y=0.000 m, th=0.000 rad, vx=0.000 m/s, vy=0.000 m/s, w=0.000 rad/s
[INFO] [1773307252.405941890] [car_controller_node]: odom x=0.000 m, y=0.000 m, th=0.000 rad, vx=0.000 m/s, vy=0.000 m/s, w=0.000 rad/s
[INFO] [1773307252.622226304] [car_controller_node]: odom x=0.000 m, y=0.000 m, th=0.000 rad, vx=0.000 m/s, vy=0.000 m/s, w=0.000 rad/s
[INFO] [1773307252.781349658] [car_controller_node]: odom x=0.000 m, y=0.000 m, th=0.000 rad, vx=0.000 m/s, vy=0.000 m/s, w=0.000 rad/s
[INFO] [1773307252.993589099] [car_controller_node]: odom x=0.000 m, y=0.000 m, th=0.000 rad, vx=0.000 m/s, vy=0.000 m/s, w=0.000 rad/s
[INFO] [1773307253.311610107] [car_controller_node]: odom x=0.000 m, y=0.000 m, th=0.000 rad, vx=0.000 m/s, vy=0.000 m/s, w=0.000 rad/s
[INFO] [1773307253.398642181] [car_controller_node]: odom x=0.000 m, y=0.000 m, th=0.000 rad, vx=0.000 m/s, vy=0.000 m/s, w=0.000 rad/s
[INFO] [1773307253.616421171] [car_controller_node]: odom x=0.000 m, y=0.000 m, th=0.000 rad, vx=0.000 m/s, vy=0.000 m/s, w=0.000 rad/s
[INFO] [1773307253.806026496] [car_controller_node]: odom x=0.000 m, y=0.000 m, th=0.000 rad, vx=0.000 m/s, vy=0.000 m/s, w=0.000 rad/s
[INFO] [1773307254.009561813] [car_controller_node]: odom x=0.000 m, y=0.000 m, th=0.000 rad, vx=0.000 m/s, vy=0.000 m/s, w=0.000 rad/s
[INFO] [1773307254.205070202] [car_controller_node]: odom x=0.000 m, y=0.000 m, th=0.000 rad, vx=0.000 m/s, vy=0.000 m/s, w=0.000 rad/s
[INFO] [1773307254.379665160] [car_controller_node]: odom x=0.000 m, y=0.000 m, th=0.000 rad, vx=0.000 m/s, vy=0.000 m/s, w=0.000 rad/s
[INFO] [1773307254.582627446] [car_controller_node]: odom x=0.000 m, y=0.000 m, th=0.000 rad, vx=0.000 m/s, vy=0.000 m/s, w=0.000 rad/s
[INFO] [1773307254.820062511] [car_controller_node]: odom x=0.000 m, y=0.000 m, th=0.000 rad, vx=0.000 m/s, vy=0.000 m/s, w=0.000 rad/s
[INFO] [1773307254.995651106] [car_controller_node]: odom x=0.000 m, y=0.000 m, th=0.000 rad, vx=0.000 m/s, vy=0.000 m/s, w=0.000 rad/s
[INFO] [1773307255.209731137] [car_controller_node]: odom x=0.000 m, y=0.000 m, th=0.000 rad, vx=0.000 m/s, vy=0.000 m/s, w=0.000 rad/s
[INFO] [1773307255.374912535] [car_controller_node]: odom x=0.000 m, y=0.000 m, th=0.000 rad, vx=0.000 m/s, vy=0.000 m/s, w=0.000 rad/s
[INFO] [1773307255.574112531] [car_controller_node]: odom x=0.000 m, y=0.000 m, th=0.000 rad, vx=0.000 m/s, vy=0.000 m/s, w=0.000 rad/s
[INFO] [1773307255.772730125] [car_controller_node]: odom x=0.000 m, y=0.000 m, th=0.000 rad, vx=0.000 m/s, vy=0.000 m/s, w=0.000 rad/s
[INFO] [1773307256.029880153] [car_controller_node]: odom x=0.000 m, y=0.000 m, th=0.000 rad, vx=0.000 m/s, vy=0.000 m/s, w=0.000 rad/s
[INFO] [1773307256.244545548] [car_controller_node]: odom x=0.000 m, y=0.000 m, th=0.000 rad, vx=0.000 m/s, vy=0.000 m/s, w=0.000 rad/s
[INFO] [1773307256.379054107] [car_controller_node]: odom x=0.000 m, y=0.000 m, th=0.000 rad, vx=0.000 m/s, vy=0.000 m/s, w=0.000 rad/s
[INFO] [1773307256.588033937] [car_controller_node]: odom x=0.000 m, y=0.000 m, th=0.000 rad, vx=0.000 m/s, vy=0.000 m/s, w=0.000 rad/s
[INFO] [1773307256.804207111] [car_controller_node]: odom x=0.000 m, y=0.000 m, th=0.000 rad, vx=0.000 m/s, vy=0.000 m/s, w=0.000 rad/s
[INFO] [1773307256.973080282] [car_controller_node]: odom x=0.000 m, y=0.000 m, th=0.000 rad, vx=0.000 m/s, vy=0.000 m/s, w=0.000 rad/s
[INFO] [1773307257.173496024] [car_controller_node]: odom x=0.000 m, y=0.000 m, th=0.000 rad, vx=0.000 m/s, vy=0.000 m/s, w=0.000 rad/s
[INFO] [1773307257.376233239] [car_controller_node]: odom x=0.000 m, y=0.000 m, th=0.000 rad, vx=0.000 m/s, vy=0.000 m/s, w=0.000 rad/s
[INFO] [1773307257.577232566] [car_controller_node]: odom x=0.000 m, y=0.000 m, th=0.000 rad, vx=0.000 m/s, vy=0.000 m/s, w=0.000 rad/s
[INFO] [1773307257.798863106] [car_controller_node]: odom x=0.000 m, y=0.000 m, th=0.000 rad, vx=0.000 m/s, vy=0.000 m/s, w=0.000 rad/s
[INFO] [1773307258.046871181] [car_controller_node]: odom x=0.000 m, y=0.000 m, th=0.000 rad, vx=0.000 m/s, vy=0.000 m/s, w=0.000 rad/s
[INFO] [1773307258.187648299] [car_controller_node]: odom x=0.000 m, y=0.000 m, th=0.000 rad, vx=0.000 m/s, vy=0.000 m/s, w=0.000 rad/s
[INFO] [1773307258.419618370] [car_controller_node]: odom x=0.000 m, y=0.000 m, th=0.000 rad, vx=0.000 m/s, vy=0.000 m/s, w=0.000 rad/s
[INFO] [1773307258.636196726] [car_controller_node]: odom x=0.000 m, y=0.000 m, th=0.000 rad, vx=0.000 m/s, vy=0.000 m/s, w=0.000 rad/s
[INFO] [1773307258.801818155] [car_controller_node]: odom x=0.000 m, y=0.000 m, th=0.000 rad, vx=0.000 m/s, vy=0.000 m/s, w=0.000 rad/s
[INFO] [1773307259.047031837] [car_controller_node]: odom x=0.000 m, y=0.000 m, th=0.000 rad, vx=0.000 m/s, vy=0.000 m/s, w=0.000 rad/s
[INFO] [1773307259.180597776] [car_controller_node]: odom x=0.000 m, y=0.000 m, th=0.000 rad, vx=0.000 m/s, vy=0.000 m/s, w=0.000 rad/s
[INFO] [1773307259.396707748] [car_controller_node]: odom x=0.000 m, y=0.000 m, th=0.000 rad, vx=0.000 m/s, vy=0.000 m/s, w=0.000 rad/s
[INFO] [1773307259.578736586] [car_controller_node]: odom x=0.000 m, y=0.000 m, th=0.000 rad, vx=0.000 m/s, vy=0.000 m/s, w=0.000 rad/s
[INFO] [1773307259.811652666] [car_controller_node]: odom x=0.000 m, y=0.000 m, th=0.000 rad, vx=0.000 m/s, vy=0.000 m/s, w=0.000 rad/s
[INFO] [1773307260.007049223] [car_controller_node]: odom x=0.000 m, y=0.000 m, th=0.000 rad, vx=0.000 m/s, vy=0.000 m/s, w=0.000 rad/s
[INFO] [1773307260.177920946] [car_controller_node]: odom x=0.000 m, y=0.000 m, th=0.000 rad, vx=0.000 m/s, vy=0.000 m/s, w=0.000 rad/s
[INFO] [1773307260.378776294] [car_controller_node]: odom x=0.000 m, y=0.000 m, th=0.000 rad, vx=0.000 m/s, vy=0.000 m/s, w=0.000 rad/s
[INFO] [1773307260.572296651] [car_controller_node]: odom x=0.000 m, y=0.000 m, th=0.000 rad, vx=0.000 m/s, vy=0.000 m/s, w=0.000 rad/s
[INFO] [1773307260.771651275] [car_controller_node]: odom x=0.000 m, y=0.000 m, th=0.000 rad, vx=0.000 m/s, vy=0.000 m/s, w=0.000 rad/s
[INFO] [1773307261.003595995] [car_controller_node]: odom x=0.000 m, y=0.000 m, th=0.000 rad, vx=0.000 m/s, vy=0.000 m/s, w=0.000 rad/s
[INFO] [1773307261.183015455] [car_controller_node]: odom x=0.000 m, y=0.000 m, th=0.000 rad, vx=0.000 m/s, vy=0.000 m/s, w=0.000 rad/s
[INFO] [1773307261.392631371] [car_controller_node]: odom x=0.000 m, y=0.000 m, th=0.000 rad, vx=0.000 m/s, vy=0.000 m/s, w=0.000 rad/s
[INFO] [1773307261.605481677] [car_controller_node]: odom x=0.000 m, y=0.000 m, th=0.000 rad, vx=0.000 m/s, vy=0.000 m/s, w=0.000 rad/s
[INFO] [1773307261.777211779] [car_controller_node]: odom x=0.000 m, y=0.000 m, th=0.000 rad, vx=0.000 m/s, vy=0.000 m/s, w=0.000 rad/s
[INFO] [1773307261.986715252] [car_controller_node]: odom x=0.000 m, y=0.000 m, th=0.000 rad, vx=0.000 m/s, vy=0.000 m/s, w=0.000 rad/s
[INFO] [1773307262.230116658] [car_controller_node]: odom x=0.000 m, y=0.000 m, th=0.000 rad, vx=0.000 m/s, vy=0.000 m/s, w=0.000 rad/s
[INFO] [1773307262.395940308] [car_controller_node]: odom x=0.000 m, y=0.000 m, th=0.000 rad, vx=0.000 m/s, vy=0.000 m/s, w=0.000 rad/s
[INFO] [1773307262.589249390] [car_controller_node]: odom x=0.000 m, y=0.000 m, th=0.000 rad, vx=0.000 m/s, vy=0.000 m/s, w=0.000 rad/s
[INFO] [1773307262.789241174] [car_controller_node]: odom x=0.000 m, y=0.000 m, th=0.000 rad, vx=0.000 m/s, vy=0.000 m/s, w=0.000 rad/s
[INFO] [1773307262.994845654] [car_controller_node]: odom x=0.000 m, y=0.000 m, th=0.000 rad, vx=0.000 m/s, vy=0.000 m/s, w=0.000 rad/s
[INFO] [1773307263.204396034] [car_controller_node]: odom x=0.000 m, y=0.000 m, th=0.000 rad, vx=0.000 m/s, vy=0.000 m/s, w=0.000 rad/s
[INFO] [1773307263.401688404] [car_controller_node]: odom x=0.000 m, y=0.000 m, th=0.000 rad, vx=0.000 m/s, vy=0.000 m/s, w=0.000 rad/s
[INFO] [1773307263.576423547] [car_controller_node]: odom x=0.000 m, y=0.000 m, th=0.000 rad, vx=0.000 m/s, vy=0.000 m/s, w=0.000 rad/s
[INFO] [1773307263.774117209] [car_controller_node]: odom x=0.000 m, y=0.000 m, th=0.000 rad, vx=0.000 m/s, vy=0.000 m/s, w=0.000 rad/s
[INFO] [1773307263.977771340] [car_controller_node]: odom x=0.000 m, y=0.000 m, th=0.000 rad, vx=0.000 m/s, vy=0.000 m/s, w=0.000 rad/s
[INFO] [1773307264.280856056] [car_controller_node]: odom x=0.000 m, y=0.000 m, th=0.000 rad, vx=0.000 m/s, vy=0.000 m/s, w=0.000 rad/s
[INFO] [1773307264.383572381] [car_controller_node]: odom x=0.000 m, y=0.000 m, th=0.000 rad, vx=0.000 m/s, vy=0.000 m/s, w=0.000 rad/s
[INFO] [1773307264.572095535] [car_controller_node]: odom x=0.000 m, y=0.000 m, th=0.000 rad, vx=0.000 m/s, vy=0.000 m/s, w=0.000 rad/s
[INFO] [1773307264.814884541] [car_controller_node]: odom x=0.000 m, y=0.000 m, th=0.000 rad, vx=0.000 m/s, vy=0.000 m/s, w=0.000 rad/s
[INFO] [1773307264.974672185] [car_controller_node]: odom x=0.000 m, y=0.000 m, th=0.000 rad, vx=0.000 m/s, vy=0.000 m/s, w=0.000 rad/s
[INFO] [1773307265.250459301] [car_controller_node]: odom x=0.000 m, y=0.000 m, th=0.000 rad, vx=0.000 m/s, vy=0.000 m/s, w=0.000 rad/s
[INFO] [1773307265.465147216] [car_controller_node]: odom x=0.000 m, y=0.000 m, th=0.000 rad, vx=0.000 m/s, vy=0.000 m/s, w=0.000 rad/s
[INFO] [1773307265.594009469] [car_controller_node]: odom x=0.000 m, y=0.000 m, th=0.000 rad, vx=0.000 m/s, vy=0.000 m/s, w=0.000 rad/s
[INFO] [1773307265.827301748] [car_controller_node]: odom x=0.000 m, y=0.000 m, th=0.000 rad, vx=0.000 m/s, vy=0.000 m/s, w=0.000 rad/s
[INFO] [1773307265.998473339] [car_controller_node]: odom x=0.000 m, y=0.000 m, th=0.000 rad, vx=0.000 m/s, vy=0.000 m/s, w=0.000 rad/s
[INFO] [1773307266.178372294] [car_controller_node]: odom x=0.000 m, y=0.000 m, th=0.000 rad, vx=0.000 m/s, vy=0.000 m/s, w=0.000 rad/s
[INFO] [1773307266.416452576] [car_controller_node]: odom x=0.000 m, y=0.000 m, th=0.000 rad, vx=0.000 m/s, vy=0.000 m/s, w=0.000 rad/s
[INFO] [1773307266.585783150] [car_controller_node]: odom x=0.000 m, y=0.000 m, th=0.000 rad, vx=0.000 m/s, vy=0.000 m/s, w=0.000 rad/s
[INFO] [1773307266.828338751] [car_controller_node]: odom x=0.000 m, y=0.000 m, th=0.000 rad, vx=0.000 m/s, vy=0.000 m/s, w=0.000 rad/s
[INFO] [1773307266.982712846] [car_controller_node]: odom x=0.000 m, y=0.000 m, th=0.000 rad, vx=0.000 m/s, vy=0.000 m/s, w=0.000 rad/s
[INFO] [1773307267.197638685] [car_controller_node]: odom x=0.000 m, y=0.000 m, th=0.000 rad, vx=0.000 m/s, vy=0.000 m/s, w=0.000 rad/s
[INFO] [1773307267.375639643] [car_controller_node]: odom x=0.000 m, y=0.000 m, th=0.000 rad, vx=0.000 m/s, vy=0.000 m/s, w=0.000 rad/s
[INFO] [1773307267.590671036] [car_controller_node]: odom x=0.000 m, y=0.000 m, th=0.000 rad, vx=0.000 m/s, vy=0.000 m/s, w=0.000 rad/s
[INFO] [1773307267.773111426] [car_controller_node]: odom x=0.000 m, y=0.000 m, th=0.000 rad, vx=0.000 m/s, vy=0.000 m/s, w=0.000 rad/s
[INFO] [1773307267.973340412] [car_controller_node]: odom x=0.000 m, y=0.000 m, th=0.000 rad, vx=0.000 m/s, vy=0.000 m/s, w=0.000 rad/s
[INFO] [1773307268.173319530] [car_controller_node]: odom x=0.000 m, y=0.000 m, th=0.000 rad, vx=0.000 m/s, vy=0.000 m/s, w=0.000 rad/s
[INFO] [1773307268.422316541] [car_controller_node]: odom x=0.000 m, y=0.000 m, th=0.000 rad, vx=0.000 m/s, vy=0.000 m/s, w=0.000 rad/s
[INFO] [1773307268.584574547] [car_controller_node]: odom x=0.000 m, y=0.000 m, th=0.000 rad, vx=0.000 m/s, vy=0.000 m/s, w=0.000 rad/s
[INFO] [1773307268.770962078] [car_controller_node]: odom x=0.000 m, y=0.000 m, th=0.000 rad, vx=0.000 m/s, vy=0.000 m/s, w=0.000 rad/s
[INFO] [1773307268.996598851] [car_controller_node]: odom x=0.000 m, y=0.000 m, th=0.000 rad, vx=0.000 m/s, vy=0.000 m/s, w=0.000 rad/s
[INFO] [1773307269.186864709] [car_controller_node]: odom x=0.000 m, y=0.000 m, th=0.000 rad, vx=0.000 m/s, vy=0.000 m/s, w=0.000 rad/s
[INFO] [1773307269.406647919] [car_controller_node]: odom x=0.000 m, y=0.000 m, th=0.000 rad, vx=0.000 m/s, vy=0.000 m/s, w=0.000 rad/s
[INFO] [1773307269.578752741] [car_controller_node]: odom x=0.000 m, y=0.000 m, th=0.000 rad, vx=0.000 m/s, vy=0.000 m/s, w=0.000 rad/s
[INFO] [1773307269.813339562] [car_controller_node]: odom x=0.000 m, y=0.000 m, th=0.000 rad, vx=0.000 m/s, vy=0.000 m/s, w=0.000 rad/s
[INFO] [1773307269.976754074] [car_controller_node]: odom x=0.000 m, y=0.000 m, th=0.000 rad, vx=0.000 m/s, vy=0.000 m/s, w=0.000 rad/s
[INFO] [1773307270.181236216] [car_controller_node]: odom x=0.000 m, y=0.000 m, th=0.000 rad, vx=0.000 m/s, vy=0.000 m/s, w=0.000 rad/s
[INFO] [1773307270.373605068] [car_controller_node]: odom x=0.000 m, y=0.000 m, th=0.000 rad, vx=0.000 m/s, vy=0.000 m/s, w=0.000 rad/s
[INFO] [1773307270.599440488] [car_controller_node]: odom x=0.000 m, y=0.000 m, th=0.000 rad, vx=0.000 m/s, vy=0.000 m/s, w=0.000 rad/s
[INFO] [1773307270.815317983] [car_controller_node]: odom x=0.000 m, y=0.000 m, th=0.000 rad, vx=0.000 m/s, vy=0.000 m/s, w=0.000 rad/s
[INFO] [1773307271.001795902] [car_controller_node]: odom x=0.000 m, y=0.000 m, th=0.000 rad, vx=0.000 m/s, vy=0.000 m/s, w=0.000 rad/s
[INFO] [1773307271.206214064] [car_controller_node]: odom x=0.000 m, y=0.000 m, th=0.000 rad, vx=0.000 m/s, vy=0.000 m/s, w=0.000 rad/s
[INFO] [1773307271.423439840] [car_controller_node]: odom x=0.000 m, y=0.000 m, th=0.000 rad, vx=0.000 m/s, vy=0.000 m/s, w=0.000 rad/s
[INFO] [1773307271.624778369] [car_controller_node]: odom x=0.000 m, y=0.000 m, th=0.000 rad, vx=0.000 m/s, vy=0.000 m/s, w=0.000 rad/s
[INFO] [1773307271.774860291] [car_controller_node]: odom x=0.000 m, y=0.000 m, th=0.000 rad, vx=0.000 m/s, vy=0.000 m/s, w=0.000 rad/s
[INFO] [1773307272.043148733] [car_controller_node]: odom x=0.000 m, y=0.000 m, th=0.000 rad, vx=0.000 m/s, vy=0.000 m/s, w=0.000 rad/s
[INFO] [1773307272.193822222] [car_controller_node]: odom x=0.000 m, y=0.000 m, th=0.000 rad, vx=0.000 m/s, vy=0.000 m/s, w=0.000 rad/s
[INFO] [1773307272.374425559] [car_controller_node]: odom x=0.000 m, y=0.000 m, th=0.000 rad, vx=0.000 m/s, vy=0.000 m/s, w=0.000 rad/s
[INFO] [1773307272.573960849] [car_controller_node]: odom x=0.000 m, y=0.000 m, th=0.000 rad, vx=0.000 m/s, vy=0.000 m/s, w=0.000 rad/s
[INFO] [1773307272.821348601] [car_controller_node]: odom x=0.000 m, y=0.000 m, th=0.000 rad, vx=0.000 m/s, vy=0.000 m/s, w=0.000 rad/s
[INFO] [1773307273.019917421] [car_controller_node]: odom x=0.000 m, y=0.000 m, th=0.000 rad, vx=0.000 m/s, vy=0.000 m/s, w=0.000 rad/s
[INFO] [1773307273.198879944] [car_controller_node]: odom x=0.000 m, y=0.000 m, th=0.000 rad, vx=0.000 m/s, vy=0.000 m/s, w=0.000 rad/s
[INFO] [1773307273.458943794] [car_controller_node]: odom x=0.000 m, y=0.000 m, th=0.000 rad, vx=0.000 m/s, vy=0.000 m/s, w=0.000 rad/s
[INFO] [1773307273.598900311] [car_controller_node]: odom x=0.000 m, y=0.000 m, th=0.000 rad, vx=0.000 m/s, vy=0.000 m/s, w=0.000 rad/s
[INFO] [1773307273.822962992] [car_controller_node]: odom x=0.000 m, y=0.000 m, th=0.000 rad, vx=0.000 m/s, vy=0.000 m/s, w=0.000 rad/s
[INFO] [1773307273.986400170] [car_controller_node]: odom x=0.000 m, y=0.000 m, th=0.000 rad, vx=0.000 m/s, vy=0.000 m/s, w=0.000 rad/s
[INFO] [1773307274.277462635] [car_controller_node]: odom x=0.000 m, y=0.000 m, th=0.000 rad, vx=0.000 m/s, vy=0.000 m/s, w=0.000 rad/s
[INFO] [1773307274.417684186] [car_controller_node]: odom x=0.000 m, y=0.000 m, th=0.000 rad, vx=0.000 m/s, vy=0.000 m/s, w=0.000 rad/s
[INFO] [1773307274.627368529] [car_controller_node]: odom x=0.000 m, y=0.000 m, th=0.000 rad, vx=0.000 m/s, vy=0.000 m/s, w=0.000 rad/s
[INFO] [1773307274.831043940] [car_controller_node]: odom x=0.000 m, y=0.000 m, th=0.000 rad, vx=0.000 m/s, vy=0.000 m/s, w=0.000 rad/s
[INFO] [1773307275.027625264] [car_controller_node]: odom x=0.000 m, y=0.000 m, th=0.000 rad, vx=0.000 m/s, vy=0.000 m/s, w=0.000 rad/s
[INFO] [1773307275.242826083] [car_controller_node]: odom x=0.000 m, y=0.000 m, th=0.000 rad, vx=0.000 m/s, vy=0.000 m/s, w=0.000 rad/s
[INFO] [1773307275.382736100] [car_controller_node]: odom x=0.000 m, y=0.000 m, th=0.000 rad, vx=0.000 m/s, vy=0.000 m/s, w=0.000 rad/s
[INFO] [1773307275.609183144] [car_controller_node]: odom x=0.000 m, y=0.000 m, th=0.000 rad, vx=0.000 m/s, vy=0.000 m/s, w=0.000 rad/s
[INFO] [1773307275.832554648] [car_controller_node]: odom x=0.000 m, y=0.000 m, th=0.000 rad, vx=0.000 m/s, vy=0.000 m/s, w=0.000 rad/s
[INFO] [1773307276.038654847] [car_controller_node]: odom x=0.000 m, y=0.000 m, th=0.000 rad, vx=0.000 m/s, vy=0.000 m/s, w=0.000 rad/s
[INFO] [1773307276.189902515] [car_controller_node]: odom x=0.000 m, y=0.000 m, th=0.000 rad, vx=0.000 m/s, vy=0.000 m/s, w=0.000 rad/s
[INFO] [1773307276.508559317] [car_controller_node]: odom x=0.000 m, y=0.000 m, th=0.000 rad, vx=0.000 m/s, vy=0.000 m/s, w=0.000 rad/s
[INFO] [1773307276.636071678] [car_controller_node]: odom x=0.000 m, y=0.000 m, th=0.000 rad, vx=0.000 m/s, vy=0.000 m/s, w=0.000 rad/s
[INFO] [1773307276.851483124] [car_controller_node]: odom x=0.000 m, y=0.000 m, th=0.000 rad, vx=0.000 m/s, vy=0.000 m/s, w=0.000 rad/s
[INFO] [1773307277.114504589] [car_controller_node]: odom x=0.000 m, y=0.000 m, th=0.000 rad, vx=0.000 m/s, vy=0.000 m/s, w=0.000 rad/s
[INFO] [1773307277.204227320] [car_controller_node]: odom x=0.000 m, y=0.000 m, th=0.000 rad, vx=0.000 m/s, vy=0.000 m/s, w=0.000 rad/s
[INFO] [1773307277.417349385] [car_controller_node]: odom x=0.000 m, y=0.000 m, th=0.000 rad, vx=0.000 m/s, vy=0.000 m/s, w=0.000 rad/s
[INFO] [1773307277.577028884] [car_controller_node]: odom x=0.000 m, y=0.000 m, th=0.000 rad, vx=0.000 m/s, vy=0.000 m/s, w=0.000 rad/s
[INFO] [1773307277.793401115] [car_controller_node]: odom x=0.000 m, y=0.000 m, th=0.000 rad, vx=0.000 m/s, vy=0.000 m/s, w=0.000 rad/s
[INFO] [1773307277.996744419] [car_controller_node]: odom x=0.000 m, y=0.000 m, th=0.000 rad, vx=0.000 m/s, vy=0.000 m/s, w=0.000 rad/s
[INFO] [1773307278.227999817] [car_controller_node]: odom x=0.000 m, y=0.000 m, th=0.000 rad, vx=0.000 m/s, vy=0.000 m/s, w=0.000 rad/s
[INFO] [1773307278.416170569] [car_controller_node]: odom x=0.000 m, y=0.000 m, th=0.000 rad, vx=0.000 m/s, vy=0.000 m/s, w=0.000 rad/s
[INFO] [1773307278.620524232] [car_controller_node]: odom x=0.000 m, y=0.000 m, th=0.000 rad, vx=0.000 m/s, vy=0.000 m/s, w=0.000 rad/s
[INFO] [1773307278.822484052] [car_controller_node]: odom x=0.000 m, y=0.000 m, th=0.000 rad, vx=0.000 m/s, vy=0.000 m/s, w=0.000 rad/s
[INFO] [1773307278.980582365] [car_controller_node]: odom x=0.000 m, y=0.000 m, th=0.000 rad, vx=0.000 m/s, vy=0.000 m/s, w=0.000 rad/s
[INFO] [1773307279.198118806] [car_controller_node]: odom x=0.000 m, y=0.000 m, th=0.000 rad, vx=0.000 m/s, vy=0.000 m/s, w=0.000 rad/s
[INFO] [1773307279.377359604] [car_controller_node]: odom x=0.000 m, y=0.000 m, th=0.000 rad, vx=0.000 m/s, vy=0.000 m/s, w=0.000 rad/s
[INFO] [1773307279.631285635] [car_controller_node]: odom x=0.000 m, y=0.000 m, th=0.000 rad, vx=0.000 m/s, vy=0.000 m/s, w=0.000 rad/s
[INFO] [1773307279.776573982] [car_controller_node]: odom x=0.000 m, y=0.000 m, th=0.000 rad, vx=0.000 m/s, vy=0.000 m/s, w=0.000 rad/s
[INFO] [1773307280.025339386] [car_controller_node]: odom x=0.000 m, y=0.000 m, th=0.000 rad, vx=0.000 m/s, vy=0.000 m/s, w=0.000 rad/s
[INFO] [1773307280.196675032] [car_controller_node]: odom x=0.000 m, y=0.000 m, th=0.000 rad, vx=0.000 m/s, vy=0.000 m/s, w=0.000 rad/s
[INFO] [1773307280.420667623] [car_controller_node]: odom x=0.000 m, y=0.000 m, th=0.000 rad, vx=0.000 m/s, vy=0.000 m/s, w=0.000 rad/s
[INFO] [1773307280.618243807] [car_controller_node]: odom x=0.000 m, y=0.000 m, th=0.000 rad, vx=0.000 m/s, vy=0.000 m/s, w=0.000 rad/s
[INFO] [1773307280.806677816] [car_controller_node]: odom x=0.000 m, y=0.000 m, th=0.000 rad, vx=0.000 m/s, vy=0.000 m/s, w=0.000 rad/s
[INFO] [1773307281.018784374] [car_controller_node]: odom x=0.000 m, y=0.000 m, th=0.000 rad, vx=0.000 m/s, vy=0.000 m/s, w=0.000 rad/s
[INFO] [1773307281.228213221] [car_controller_node]: odom x=0.000 m, y=0.000 m, th=0.000 rad, vx=0.000 m/s, vy=0.000 m/s, w=0.000 rad/s
[INFO] [1773307281.396508364] [car_controller_node]: odom x=0.000 m, y=0.000 m, th=0.000 rad, vx=0.000 m/s, vy=0.000 m/s, w=0.000 rad/s
[INFO] [1773307281.599125177] [car_controller_node]: odom x=0.000 m, y=0.000 m, th=0.000 rad, vx=0.000 m/s, vy=0.000 m/s, w=0.000 rad/s
[INFO] [1773307281.799151908] [car_controller_node]: odom x=0.000 m, y=0.000 m, th=0.000 rad, vx=0.000 m/s, vy=0.000 m/s, w=0.000 rad/s
[INFO] [1773307281.976284878] [car_controller_node]: odom x=0.000 m, y=0.000 m, th=0.000 rad, vx=0.000 m/s, vy=0.000 m/s, w=0.000 rad/s
[INFO] [1773307282.174974198] [car_controller_node]: odom x=0.000 m, y=0.000 m, th=0.000 rad, vx=0.000 m/s, vy=0.000 m/s, w=0.000 rad/s
[INFO] [1773307282.431184908] [car_controller_node]: odom x=0.000 m, y=0.000 m, th=0.000 rad, vx=0.000 m/s, vy=0.000 m/s, w=0.000 rad/s
[INFO] [1773307282.615059802] [car_controller_node]: odom x=0.000 m, y=0.000 m, th=0.000 rad, vx=0.000 m/s, vy=0.000 m/s, w=0.000 rad/s
[INFO] [1773307282.851217126] [car_controller_node]: odom x=0.000 m, y=0.000 m, th=0.000 rad, vx=0.000 m/s, vy=0.000 m/s, w=0.000 rad/s
[INFO] [1773307283.026011474] [car_controller_node]: odom x=0.000 m, y=0.000 m, th=0.000 rad, vx=0.000 m/s, vy=0.000 m/s, w=0.000 rad/s
[INFO] [1773307283.209585409] [car_controller_node]: odom x=0.000 m, y=0.000 m, th=0.000 rad, vx=0.000 m/s, vy=0.000 m/s, w=0.000 rad/s
[INFO] [1773307283.394326794] [car_controller_node]: odom x=0.000 m, y=0.000 m, th=0.000 rad, vx=0.000 m/s, vy=0.000 m/s, w=0.000 rad/s
[INFO] [1773307283.618030203] [car_controller_node]: odom x=0.000 m, y=0.000 m, th=0.000 rad, vx=0.000 m/s, vy=0.000 m/s, w=0.000 rad/s
[INFO] [1773307283.861224670] [car_controller_node]: odom x=0.000 m, y=0.000 m, th=0.000 rad, vx=0.000 m/s, vy=0.000 m/s, w=0.000 rad/s
[INFO] [1773307283.985126054] [car_controller_node]: odom x=0.000 m, y=0.000 m, th=0.000 rad, vx=0.000 m/s, vy=0.000 m/s, w=0.000 rad/s
[INFO] [1773307284.236653132] [car_controller_node]: odom x=0.000 m, y=0.000 m, th=0.000 rad, vx=0.000 m/s, vy=0.000 m/s, w=0.000 rad/s
[INFO] [1773307284.376537854] [car_controller_node]: odom x=0.000 m, y=0.000 m, th=0.000 rad, vx=0.000 m/s, vy=0.000 m/s, w=0.000 rad/s
[INFO] [1773307284.610306151] [car_controller_node]: odom x=0.000 m, y=0.000 m, th=0.000 rad, vx=0.000 m/s, vy=0.000 m/s, w=0.000 rad/s
[INFO] [1773307284.786131210] [car_controller_node]: odom x=0.000 m, y=0.000 m, th=0.000 rad, vx=0.000 m/s, vy=0.000 m/s, w=0.000 rad/s
[INFO] [1773307284.994556439] [car_controller_node]: odom x=0.000 m, y=0.000 m, th=0.000 rad, vx=0.000 m/s, vy=0.000 m/s, w=0.000 rad/s
[INFO] [1773307285.201752460] [car_controller_node]: odom x=0.000 m, y=0.000 m, th=0.000 rad, vx=0.000 m/s, vy=0.000 m/s, w=0.000 rad/s
[INFO] [1773307285.430126354] [car_controller_node]: odom x=0.000 m, y=0.000 m, th=0.000 rad, vx=0.000 m/s, vy=0.000 m/s, w=0.000 rad/s
[INFO] [1773307285.578463389] [car_controller_node]: odom x=0.000 m, y=0.000 m, th=0.000 rad, vx=0.000 m/s, vy=0.000 m/s, w=0.000 rad/s
[INFO] [1773307285.820208410] [car_controller_node]: odom x=0.000 m, y=0.000 m, th=0.000 rad, vx=0.000 m/s, vy=0.000 m/s, w=0.000 rad/s
[INFO] [1773307285.992510824] [car_controller_node]: odom x=0.000 m, y=0.000 m, th=0.000 rad, vx=0.000 m/s, vy=0.000 m/s, w=0.000 rad/s
[INFO] [1773307286.179442573] [car_controller_node]: odom x=0.000 m, y=0.000 m, th=0.000 rad, vx=0.000 m/s, vy=0.000 m/s, w=0.000 rad/s
[INFO] [1773307286.379766968] [car_controller_node]: odom x=0.000 m, y=0.000 m, th=0.000 rad, vx=0.000 m/s, vy=0.000 m/s, w=0.000 rad/s
[INFO] [1773307286.624830822] [car_controller_node]: odom x=0.000 m, y=0.000 m, th=0.000 rad, vx=0.000 m/s, vy=0.000 m/s, w=0.000 rad/s
[INFO] [1773307286.833257089] [car_controller_node]: odom x=0.000 m, y=0.000 m, th=0.000 rad, vx=0.000 m/s, vy=0.000 m/s, w=0.000 rad/s
[INFO] [1773307286.992838997] [car_controller_node]: odom x=0.000 m, y=0.000 m, th=0.000 rad, vx=0.000 m/s, vy=0.000 m/s, w=0.000 rad/s
[INFO] [1773307287.199364137] [car_controller_node]: odom x=0.000 m, y=0.000 m, th=0.000 rad, vx=0.000 m/s, vy=0.000 m/s, w=0.000 rad/s
[INFO] [1773307287.379384909] [car_controller_node]: odom x=0.000 m, y=0.000 m, th=0.000 rad, vx=0.000 m/s, vy=0.000 m/s, w=0.000 rad/s
[INFO] [1773307287.668496768] [car_controller_node]: odom x=0.000 m, y=0.000 m, th=0.000 rad, vx=0.000 m/s, vy=0.000 m/s, w=0.000 rad/s
[INFO] [1773307287.811114720] [car_controller_node]: odom x=0.000 m, y=0.000 m, th=0.000 rad, vx=0.000 m/s, vy=0.000 m/s, w=0.000 rad/s
[INFO] [1773307287.988908701] [car_controller_node]: odom x=0.000 m, y=0.000 m, th=0.000 rad, vx=0.000 m/s, vy=0.000 m/s, w=0.000 rad/s
[INFO] [1773307288.219845400] [car_controller_node]: odom x=0.000 m, y=0.000 m, th=0.000 rad, vx=0.000 m/s, vy=0.000 m/s, w=0.000 rad/s
[INFO] [1773307288.653987388] [car_controller_node]: odom x=0.000 m, y=0.000 m, th=0.000 rad, vx=0.000 m/s, vy=0.000 m/s, w=0.000 rad/s
[INFO] [1773307288.724734462] [car_controller_node]: odom x=0.000 m, y=0.000 m, th=0.000 rad, vx=0.000 m/s, vy=0.000 m/s, w=0.000 rad/s
[INFO] [1773307288.840501771] [car_controller_node]: odom x=0.000 m, y=0.000 m, th=0.000 rad, vx=0.000 m/s, vy=0.000 m/s, w=0.000 rad/s
[INFO] [1773307288.995299567] [car_controller_node]: odom x=0.000 m, y=0.000 m, th=0.000 rad, vx=0.000 m/s, vy=0.000 m/s, w=0.000 rad/s
[INFO] [1773307289.214824636] [car_controller_node]: odom x=0.000 m, y=0.000 m, th=0.000 rad, vx=0.000 m/s, vy=0.000 m/s, w=0.000 rad/s
[INFO] [1773307289.404107081] [car_controller_node]: odom x=0.000 m, y=0.000 m, th=0.000 rad, vx=0.000 m/s, vy=0.000 m/s, w=0.000 rad/s
[INFO] [1773307289.674904961] [car_controller_node]: odom x=0.000 m, y=0.000 m, th=0.000 rad, vx=0.000 m/s, vy=0.000 m/s, w=0.000 rad/s
[INFO] [1773307289.873705281] [car_controller_node]: odom x=0.000 m, y=0.000 m, th=0.000 rad, vx=0.000 m/s, vy=0.000 m/s, w=0.000 rad/s
[INFO] [1773307290.026288528] [car_controller_node]: odom x=0.000 m, y=0.000 m, th=0.000 rad, vx=0.000 m/s, vy=0.000 m/s, w=0.000 rad/s
[INFO] [1773307290.218357627] [car_controller_node]: odom x=0.000 m, y=0.000 m, th=0.000 rad, vx=0.000 m/s, vy=0.000 m/s, w=0.000 rad/s
[INFO] [1773307290.382381283] [car_controller_node]: odom x=0.000 m, y=0.000 m, th=0.000 rad, vx=0.000 m/s, vy=0.000 m/s, w=0.000 rad/s
[INFO] [1773307290.594157494] [car_controller_node]: odom x=0.000 m, y=0.000 m, th=0.000 rad, vx=0.000 m/s, vy=0.000 m/s, w=0.000 rad/s
[INFO] [1773307290.810371118] [car_controller_node]: odom x=0.000 m, y=0.000 m, th=0.000 rad, vx=0.000 m/s, vy=0.000 m/s, w=0.000 rad/s
[INFO] [1773307290.992646124] [car_controller_node]: odom x=0.000 m, y=0.000 m, th=0.000 rad, vx=0.000 m/s, vy=0.000 m/s, w=0.000 rad/s
[INFO] [1773307291.195916190] [car_controller_node]: odom x=0.000 m, y=0.000 m, th=0.000 rad, vx=0.000 m/s, vy=0.000 m/s, w=0.000 rad/s
[INFO] [1773307291.411059567] [car_controller_node]: odom x=0.000 m, y=0.000 m, th=0.000 rad, vx=0.000 m/s, vy=0.000 m/s, w=0.000 rad/s
[INFO] [1773307291.576787203] [car_controller_node]: odom x=0.000 m, y=0.000 m, th=0.000 rad, vx=0.000 m/s, vy=0.000 m/s, w=0.000 rad/s
[INFO] [1773307291.798124881] [car_controller_node]: odom x=0.000 m, y=0.000 m, th=0.000 rad, vx=0.000 m/s, vy=0.000 m/s, w=0.000 rad/s
[INFO] [1773307291.976455968] [car_controller_node]: odom x=0.000 m, y=0.000 m, th=0.000 rad, vx=0.000 m/s, vy=0.000 m/s, w=0.000 rad/s
[INFO] [1773307292.196575326] [car_controller_node]: odom x=0.000 m, y=0.000 m, th=0.000 rad, vx=0.000 m/s, vy=0.000 m/s, w=0.000 rad/s
[INFO] [1773307292.378602631] [car_controller_node]: odom x=0.000 m, y=0.000 m, th=0.000 rad, vx=0.000 m/s, vy=0.000 m/s, w=0.000 rad/s
[INFO] [1773307292.635135006] [car_controller_node]: odom x=0.000 m, y=0.000 m, th=0.000 rad, vx=0.000 m/s, vy=0.000 m/s, w=0.000 rad/s
[INFO] [1773307292.829177991] [car_controller_node]: odom x=0.000 m, y=0.000 m, th=0.000 rad, vx=0.000 m/s, vy=0.000 m/s, w=0.000 rad/s
[INFO] [1773307292.980460031] [car_controller_node]: odom x=0.000 m, y=0.000 m, th=0.000 rad, vx=0.000 m/s, vy=0.000 m/s, w=0.000 rad/s
[INFO] [1773307293.207217796] [car_controller_node]: odom x=0.000 m, y=0.000 m, th=0.000 rad, vx=0.000 m/s, vy=0.000 m/s, w=0.000 rad/s
[INFO] [1773307293.381004305] [car_controller_node]: odom x=0.000 m, y=0.000 m, th=0.000 rad, vx=0.000 m/s, vy=0.000 m/s, w=0.000 rad/s
[INFO] [1773307293.636281472] [car_controller_node]: odom x=0.000 m, y=0.000 m, th=0.000 rad, vx=0.000 m/s, vy=0.000 m/s, w=0.000 rad/s
[INFO] [1773307293.842504579] [car_controller_node]: odom x=0.000 m, y=0.000 m, th=0.000 rad, vx=0.000 m/s, vy=0.000 m/s, w=0.000 rad/s
[INFO] [1773307293.972426840] [car_controller_node]: odom x=0.000 m, y=0.000 m, th=0.000 rad, vx=0.000 m/s, vy=0.000 m/s, w=0.000 rad/s
[INFO] [1773307294.187046557] [car_controller_node]: odom x=0.000 m, y=0.000 m, th=0.000 rad, vx=0.000 m/s, vy=0.000 m/s, w=0.000 rad/s
[INFO] [1773307294.387931298] [car_controller_node]: odom x=0.000 m, y=0.000 m, th=0.000 rad, vx=0.000 m/s, vy=0.000 m/s, w=0.000 rad/s
[INFO] [1773307294.644849058] [car_controller_node]: odom x=0.000 m, y=0.000 m, th=0.000 rad, vx=0.000 m/s, vy=0.000 m/s, w=0.000 rad/s
[INFO] [1773307294.777853674] [car_controller_node]: odom x=0.000 m, y=0.000 m, th=0.000 rad, vx=0.000 m/s, vy=0.000 m/s, w=0.000 rad/s
[INFO] [1773307295.013123251] [car_controller_node]: odom x=0.000 m, y=0.000 m, th=0.000 rad, vx=0.000 m/s, vy=0.000 m/s, w=0.000 rad/s
[INFO] [1773307295.175459315] [car_controller_node]: odom x=0.000 m, y=0.000 m, th=0.000 rad, vx=0.000 m/s, vy=0.000 m/s, w=0.000 rad/s
[INFO] [1773307295.412091488] [car_controller_node]: odom x=0.000 m, y=0.000 m, th=0.000 rad, vx=0.000 m/s, vy=0.000 m/s, w=0.000 rad/s
[INFO] [1773307295.591443897] [car_controller_node]: odom x=0.000 m, y=0.000 m, th=0.000 rad, vx=0.000 m/s, vy=0.000 m/s, w=0.000 rad/s
[INFO] [1773307295.776647871] [car_controller_node]: odom x=0.000 m, y=0.000 m, th=0.000 rad, vx=0.000 m/s, vy=0.000 m/s, w=0.000 rad/s
[INFO] [1773307295.998875113] [car_controller_node]: odom x=0.000 m, y=0.000 m, th=0.000 rad, vx=0.000 m/s, vy=0.000 m/s, w=0.000 rad/s
[INFO] [1773307296.277408371] [car_controller_node]: odom x=0.000 m, y=0.000 m, th=0.000 rad, vx=0.000 m/s, vy=0.000 m/s, w=0.000 rad/s
[INFO] [1773307296.421006868] [car_controller_node]: odom x=0.000 m, y=0.000 m, th=0.000 rad, vx=0.000 m/s, vy=0.000 m/s, w=0.000 rad/s
[INFO] [1773307296.610963918] [car_controller_node]: odom x=0.000 m, y=0.000 m, th=0.000 rad, vx=0.000 m/s, vy=0.000 m/s, w=0.000 rad/s
[INFO] [1773307296.808469845] [car_controller_node]: odom x=0.000 m, y=0.000 m, th=0.000 rad, vx=0.000 m/s, vy=0.000 m/s, w=0.000 rad/s
[INFO] [1773307296.977321003] [car_controller_node]: odom x=0.000 m, y=0.000 m, th=0.000 rad, vx=0.000 m/s, vy=0.000 m/s, w=0.000 rad/s
[INFO] [1773307297.172062295] [car_controller_node]: odom x=0.000 m, y=0.000 m, th=0.000 rad, vx=0.000 m/s, vy=0.000 m/s, w=0.000 rad/s
[INFO] [1773307297.396301367] [car_controller_node]: odom x=0.000 m, y=0.000 m, th=0.000 rad, vx=0.000 m/s, vy=0.000 m/s, w=0.000 rad/s
[INFO] [1773307297.648117796] [car_controller_node]: odom x=0.000 m, y=0.000 m, th=0.000 rad, vx=0.000 m/s, vy=0.000 m/s, w=0.000 rad/s
[INFO] [1773307297.799788498] [car_controller_node]: odom x=0.000 m, y=0.000 m, th=0.000 rad, vx=0.000 m/s, vy=0.000 m/s, w=0.000 rad/s
[INFO] [1773307298.031910426] [car_controller_node]: odom x=0.000 m, y=0.000 m, th=0.000 rad, vx=0.000 m/s, vy=0.000 m/s, w=0.000 rad/s
[INFO] [1773307298.181074101] [car_controller_node]: odom x=0.000 m, y=0.000 m, th=0.000 rad, vx=0.000 m/s, vy=0.000 m/s, w=0.000 rad/s
[INFO] [1773307298.409167130] [car_controller_node]: odom x=0.000 m, y=0.000 m, th=0.000 rad, vx=0.000 m/s, vy=0.000 m/s, w=0.000 rad/s
[INFO] [1773307298.608715887] [car_controller_node]: odom x=0.000 m, y=0.000 m, th=0.000 rad, vx=0.000 m/s, vy=0.000 m/s, w=0.000 rad/s
[INFO] [1773307298.774624374] [car_controller_node]: odom x=0.000 m, y=0.000 m, th=0.000 rad, vx=0.000 m/s, vy=0.000 m/s, w=0.000 rad/s
[INFO] [1773307298.999460514] [car_controller_node]: odom x=0.000 m, y=0.000 m, th=0.000 rad, vx=0.000 m/s, vy=0.000 m/s, w=0.000 rad/s
[INFO] [1773307299.171775781] [car_controller_node]: odom x=0.000 m, y=0.000 m, th=0.000 rad, vx=0.000 m/s, vy=0.000 m/s, w=0.000 rad/s
[INFO] [1773307299.375589545] [car_controller_node]: odom x=0.000 m, y=0.000 m, th=0.000 rad, vx=0.000 m/s, vy=0.000 m/s, w=0.000 rad/s
[INFO] [1773307299.592217148] [car_controller_node]: odom x=0.000 m, y=0.000 m, th=0.000 rad, vx=0.000 m/s, vy=0.000 m/s, w=0.000 rad/s
[INFO] [1773307299.811218816] [car_controller_node]: odom x=0.000 m, y=0.000 m, th=0.000 rad, vx=0.000 m/s, vy=0.000 m/s, w=0.000 rad/s
[INFO] [1773307299.993720839] [car_controller_node]: odom x=0.000 m, y=0.000 m, th=0.000 rad, vx=0.000 m/s, vy=0.000 m/s, w=0.000 rad/s
[INFO] [1773307300.174930598] [car_controller_node]: odom x=0.000 m, y=0.000 m, th=0.000 rad, vx=0.000 m/s, vy=0.000 m/s, w=0.000 rad/s
[INFO] [1773307300.380384197] [car_controller_node]: odom x=0.000 m, y=0.000 m, th=0.000 rad, vx=0.000 m/s, vy=0.000 m/s, w=0.000 rad/s
[INFO] [1773307300.573823486] [car_controller_node]: odom x=0.000 m, y=0.000 m, th=0.000 rad, vx=0.000 m/s, vy=0.000 m/s, w=0.000 rad/s
[INFO] [1773307300.828370940] [car_controller_node]: odom x=0.000 m, y=0.000 m, th=0.000 rad, vx=0.000 m/s, vy=0.000 m/s, w=0.000 rad/s
[INFO] [1773307300.974018173] [car_controller_node]: odom x=0.000 m, y=0.000 m, th=0.000 rad, vx=0.000 m/s, vy=0.000 m/s, w=0.000 rad/s
[INFO] [1773307301.185476185] [car_controller_node]: odom x=0.000 m, y=0.000 m, th=0.000 rad, vx=0.000 m/s, vy=0.000 m/s, w=0.000 rad/s
[INFO] [1773307301.380181405] [car_controller_node]: odom x=0.000 m, y=0.000 m, th=0.000 rad, vx=0.000 m/s, vy=0.000 m/s, w=0.000 rad/s
[INFO] [1773307301.572530113] [car_controller_node]: odom x=0.000 m, y=0.000 m, th=0.000 rad, vx=0.000 m/s, vy=0.000 m/s, w=0.000 rad/s
[INFO] [1773307301.775651960] [car_controller_node]: odom x=0.000 m, y=0.000 m, th=0.000 rad, vx=0.000 m/s, vy=0.000 m/s, w=0.000 rad/s
[INFO] [1773307302.032821922] [car_controller_node]: odom x=0.000 m, y=0.000 m, th=0.000 rad, vx=0.000 m/s, vy=0.000 m/s, w=0.000 rad/s
[INFO] [1773307302.181516640] [car_controller_node]: odom x=0.000 m, y=0.000 m, th=0.000 rad, vx=0.000 m/s, vy=0.000 m/s, w=0.000 rad/s
[INFO] [1773307302.384400712] [car_controller_node]: odom x=0.000 m, y=0.000 m, th=0.000 rad, vx=0.000 m/s, vy=0.000 m/s, w=0.000 rad/s
[INFO] [1773307302.623779485] [car_controller_node]: odom x=0.000 m, y=0.000 m, th=0.000 rad, vx=0.000 m/s, vy=0.000 m/s, w=0.000 rad/s
[INFO] [1773307302.795414390] [car_controller_node]: odom x=0.000 m, y=0.000 m, th=0.000 rad, vx=0.000 m/s, vy=0.000 m/s, w=0.000 rad/s
[INFO] [1773307302.993839882] [car_controller_node]: odom x=0.000 m, y=0.000 m, th=0.000 rad, vx=0.000 m/s, vy=0.000 m/s, w=0.000 rad/s
[INFO] [1773307303.218470969] [car_controller_node]: odom x=0.000 m, y=0.000 m, th=0.000 rad, vx=0.000 m/s, vy=0.000 m/s, w=0.000 rad/s
[INFO] [1773307303.413573869] [car_controller_node]: odom x=0.000 m, y=0.000 m, th=0.000 rad, vx=0.000 m/s, vy=0.000 m/s, w=0.000 rad/s
[INFO] [1773307303.591391279] [car_controller_node]: odom x=0.000 m, y=0.000 m, th=0.000 rad, vx=0.000 m/s, vy=0.000 m/s, w=0.000 rad/s
[INFO] [1773307303.799432052] [car_controller_node]: odom x=0.000 m, y=0.000 m, th=0.000 rad, vx=0.000 m/s, vy=0.000 m/s, w=0.000 rad/s
[INFO] [1773307304.051070558] [car_controller_node]: odom x=0.000 m, y=0.000 m, th=0.000 rad, vx=0.000 m/s, vy=0.000 m/s, w=0.000 rad/s
[INFO] [1773307304.206729938] [car_controller_node]: odom x=0.000 m, y=0.000 m, th=0.000 rad, vx=0.000 m/s, vy=0.000 m/s, w=0.000 rad/s
[INFO] [1773307304.398613541] [car_controller_node]: odom x=0.000 m, y=0.000 m, th=0.000 rad, vx=0.000 m/s, vy=0.000 m/s, w=0.000 rad/s
[INFO] [1773307304.608798198] [car_controller_node]: odom x=0.000 m, y=0.000 m, th=0.000 rad, vx=0.000 m/s, vy=0.000 m/s, w=0.000 rad/s
[INFO] [1773307304.778844565] [car_controller_node]: odom x=0.000 m, y=0.000 m, th=0.000 rad, vx=0.000 m/s, vy=0.000 m/s, w=0.000 rad/s
[INFO] [1773307305.008962535] [car_controller_node]: odom x=0.000 m, y=0.000 m, th=0.000 rad, vx=0.000 m/s, vy=0.000 m/s, w=0.000 rad/s
[INFO] [1773307305.227742577] [car_controller_node]: odom x=0.000 m, y=0.000 m, th=0.000 rad, vx=0.000 m/s, vy=0.000 m/s, w=0.000 rad/s
[INFO] [1773307305.397358653] [car_controller_node]: odom x=0.000 m, y=0.000 m, th=0.000 rad, vx=0.000 m/s, vy=0.000 m/s, w=0.000 rad/s
[INFO] [1773307305.705072844] [car_controller_node]: odom x=0.000 m, y=0.000 m, th=0.000 rad, vx=0.000 m/s, vy=0.000 m/s, w=0.000 rad/s
[INFO] [1773307305.818195610] [car_controller_node]: odom x=0.000 m, y=0.000 m, th=0.000 rad, vx=0.000 m/s, vy=0.000 m/s, w=0.000 rad/s
[INFO] [1773307306.040616667] [car_controller_node]: odom x=0.000 m, y=0.000 m, th=0.000 rad, vx=0.000 m/s, vy=0.000 m/s, w=0.000 rad/s
[INFO] [1773307306.200429241] [car_controller_node]: odom x=0.000 m, y=0.000 m, th=0.000 rad, vx=0.000 m/s, vy=0.000 m/s, w=0.000 rad/s
[INFO] [1773307306.373233837] [car_controller_node]: odom x=0.000 m, y=0.000 m, th=0.000 rad, vx=0.000 m/s, vy=0.000 m/s, w=0.000 rad/s
[INFO] [1773307306.577687688] [car_controller_node]: odom x=0.000 m, y=0.000 m, th=0.000 rad, vx=0.000 m/s, vy=0.000 m/s, w=0.000 rad/s
[INFO] [1773307306.793457468] [car_controller_node]: odom x=0.000 m, y=0.000 m, th=0.000 rad, vx=0.000 m/s, vy=0.000 m/s, w=0.000 rad/s
[INFO] [1773307307.043053941] [car_controller_node]: odom x=0.000 m, y=0.000 m, th=0.000 rad, vx=0.000 m/s, vy=0.000 m/s, w=0.000 rad/s
[INFO] [1773307307.245320336] [car_controller_node]: odom x=0.000 m, y=0.000 m, th=0.000 rad, vx=0.000 m/s, vy=0.000 m/s, w=0.000 rad/s
[INFO] [1773307307.379780529] [car_controller_node]: odom x=0.000 m, y=0.000 m, th=0.000 rad, vx=0.000 m/s, vy=0.000 m/s, w=0.000 rad/s
[INFO] [1773307307.588121892] [car_controller_node]: odom x=0.000 m, y=0.000 m, th=0.000 rad, vx=0.000 m/s, vy=0.000 m/s, w=0.000 rad/s
[INFO] [1773307307.796221332] [car_controller_node]: odom x=0.000 m, y=0.000 m, th=0.000 rad, vx=0.000 m/s, vy=0.000 m/s, w=0.000 rad/s
[INFO] [1773307308.020250556] [car_controller_node]: odom x=0.000 m, y=0.000 m, th=0.000 rad, vx=0.000 m/s, vy=0.000 m/s, w=0.000 rad/s
[INFO] [1773307308.177159368] [car_controller_node]: odom x=0.000 m, y=0.000 m, th=0.000 rad, vx=0.000 m/s, vy=0.000 m/s, w=0.000 rad/s
[INFO] [1773307308.454689824] [car_controller_node]: odom x=0.000 m, y=0.000 m, th=0.000 rad, vx=0.000 m/s, vy=0.000 m/s, w=0.000 rad/s
[INFO] [1773307308.583672505] [car_controller_node]: odom x=0.000 m, y=0.000 m, th=0.000 rad, vx=0.000 m/s, vy=0.000 m/s, w=0.000 rad/s
[INFO] [1773307308.771761966] [car_controller_node]: odom x=0.000 m, y=0.000 m, th=0.000 rad, vx=0.000 m/s, vy=0.000 m/s, w=0.000 rad/s
[INFO] [1773307309.021082406] [car_controller_node]: odom x=0.000 m, y=0.000 m, th=0.000 rad, vx=0.000 m/s, vy=0.000 m/s, w=0.000 rad/s
[INFO] [1773307309.196456732] [car_controller_node]: odom x=0.000 m, y=0.000 m, th=0.000 rad, vx=0.000 m/s, vy=0.000 m/s, w=0.000 rad/s
[INFO] [1773307309.386642485] [car_controller_node]: odom x=0.000 m, y=0.000 m, th=0.000 rad, vx=0.000 m/s, vy=0.000 m/s, w=0.000 rad/s
[INFO] [1773307309.585261309] [car_controller_node]: odom x=0.000 m, y=0.000 m, th=0.000 rad, vx=0.000 m/s, vy=0.000 m/s, w=0.000 rad/s
[INFO] [1773307309.780056844] [car_controller_node]: odom x=0.000 m, y=0.000 m, th=0.000 rad, vx=0.000 m/s, vy=0.000 m/s, w=0.000 rad/s
[INFO] [1773307309.987479699] [car_controller_node]: odom x=0.000 m, y=0.000 m, th=0.000 rad, vx=0.000 m/s, vy=0.000 m/s, w=0.000 rad/s
[INFO] [1773307310.212842242] [car_controller_node]: odom x=0.000 m, y=0.000 m, th=0.000 rad, vx=0.000 m/s, vy=0.000 m/s, w=0.000 rad/s
[INFO] [1773307310.402128227] [car_controller_node]: odom x=0.000 m, y=0.000 m, th=0.000 rad, vx=0.000 m/s, vy=0.000 m/s, w=0.000 rad/s
[INFO] [1773307310.576492916] [car_controller_node]: odom x=0.000 m, y=0.000 m, th=0.000 rad, vx=0.000 m/s, vy=0.000 m/s, w=0.000 rad/s
[INFO] [1773307310.827612947] [car_controller_node]: odom x=0.000 m, y=0.000 m, th=0.000 rad, vx=0.000 m/s, vy=0.000 m/s, w=0.000 rad/s
[INFO] [1773307310.992393837] [car_controller_node]: odom x=0.000 m, y=0.000 m, th=0.000 rad, vx=0.000 m/s, vy=0.000 m/s, w=0.000 rad/s
[INFO] [1773307311.196841949] [car_controller_node]: odom x=0.000 m, y=0.000 m, th=0.000 rad, vx=0.000 m/s, vy=0.000 m/s, w=0.000 rad/s
[INFO] [1773307311.463734895] [car_controller_node]: odom x=0.000 m, y=0.000 m, th=0.000 rad, vx=0.000 m/s, vy=0.000 m/s, w=0.000 rad/s
[INFO] [1773307311.609962531] [car_controller_node]: odom x=0.000 m, y=0.000 m, th=0.000 rad, vx=0.000 m/s, vy=0.000 m/s, w=0.000 rad/s
[INFO] [1773307311.858922661] [car_controller_node]: odom x=0.000 m, y=0.000 m, th=0.000 rad, vx=0.000 m/s, vy=0.000 m/s, w=0.000 rad/s
[INFO] [1773307311.980294483] [car_controller_node]: odom x=0.000 m, y=0.000 m, th=0.000 rad, vx=0.000 m/s, vy=0.000 m/s, w=0.000 rad/s
[INFO] [1773307312.179887667] [car_controller_node]: odom x=0.000 m, y=0.000 m, th=0.000 rad, vx=0.000 m/s, vy=0.000 m/s, w=0.000 rad/s
[INFO] [1773307312.383918524] [car_controller_node]: odom x=0.000 m, y=0.000 m, th=0.000 rad, vx=0.000 m/s, vy=0.000 m/s, w=0.000 rad/s
[INFO] [1773307312.634675633] [car_controller_node]: odom x=0.000 m, y=0.000 m, th=0.000 rad, vx=0.000 m/s, vy=0.000 m/s, w=0.000 rad/s
[INFO] [1773307312.812287213] [car_controller_node]: odom x=0.000 m, y=0.000 m, th=0.000 rad, vx=0.000 m/s, vy=0.000 m/s, w=0.000 rad/s
[INFO] [1773307313.014241426] [car_controller_node]: odom x=0.000 m, y=0.000 m, th=0.000 rad, vx=0.000 m/s, vy=0.000 m/s, w=0.000 rad/s
[INFO] [1773307313.179080982] [car_controller_node]: odom x=0.000 m, y=0.000 m, th=0.000 rad, vx=0.000 m/s, vy=0.000 m/s, w=0.000 rad/s
[INFO] [1773307313.373708889] [car_controller_node]: odom x=0.000 m, y=0.000 m, th=0.000 rad, vx=0.000 m/s, vy=0.000 m/s, w=0.000 rad/s
[INFO] [1773307313.595987763] [car_controller_node]: odom x=0.000 m, y=0.000 m, th=0.000 rad, vx=0.000 m/s, vy=0.000 m/s, w=0.000 rad/s
[INFO] [1773307313.777420170] [car_controller_node]: odom x=0.000 m, y=0.000 m, th=0.000 rad, vx=0.000 m/s, vy=0.000 m/s, w=0.000 rad/s
[INFO] [1773307314.018911181] [car_controller_node]: odom x=0.000 m, y=0.000 m, th=0.000 rad, vx=0.000 m/s, vy=0.000 m/s, w=0.000 rad/s
[INFO] [1773307314.218955138] [car_controller_node]: odom x=0.000 m, y=0.000 m, th=0.000 rad, vx=0.000 m/s, vy=0.000 m/s, w=0.000 rad/s
[INFO] [1773307314.378339774] [car_controller_node]: odom x=0.000 m, y=0.000 m, th=0.000 rad, vx=0.000 m/s, vy=0.000 m/s, w=0.000 rad/s
[INFO] [1773307314.614759656] [car_controller_node]: odom x=0.000 m, y=0.000 m, th=0.000 rad, vx=0.000 m/s, vy=0.000 m/s, w=0.000 rad/s
[INFO] [1773307314.818411851] [car_controller_node]: odom x=0.000 m, y=0.000 m, th=0.000 rad, vx=0.000 m/s, vy=0.000 m/s, w=0.000 rad/s
[INFO] [1773307315.017334487] [car_controller_node]: odom x=0.000 m, y=0.000 m, th=0.000 rad, vx=0.000 m/s, vy=0.000 m/s, w=0.000 rad/s
[INFO] [1773307315.178124645] [car_controller_node]: odom x=0.000 m, y=0.000 m, th=0.000 rad, vx=0.000 m/s, vy=0.000 m/s, w=0.000 rad/s
[INFO] [1773307315.412770843] [car_controller_node]: odom x=0.000 m, y=0.000 m, th=0.000 rad, vx=0.000 m/s, vy=0.000 m/s, w=0.000 rad/s
[INFO] [1773307315.584765283] [car_controller_node]: odom x=0.000 m, y=0.000 m, th=0.000 rad, vx=0.000 m/s, vy=0.000 m/s, w=0.000 rad/s
[INFO] [1773307315.820697633] [car_controller_node]: odom x=0.000 m, y=0.000 m, th=0.000 rad, vx=0.000 m/s, vy=0.000 m/s, w=0.000 rad/s
[INFO] [1773307315.995655835] [car_controller_node]: odom x=0.000 m, y=0.000 m, th=0.000 rad, vx=0.000 m/s, vy=0.000 m/s, w=0.000 rad/s
[INFO] [1773307316.184779453] [car_controller_node]: odom x=0.000 m, y=0.000 m, th=0.000 rad, vx=0.000 m/s, vy=0.000 m/s, w=0.000 rad/s
[INFO] [1773307316.378793071] [car_controller_node]: odom x=0.000 m, y=0.000 m, th=0.000 rad, vx=0.000 m/s, vy=0.000 m/s, w=0.000 rad/s
[INFO] [1773307316.594097468] [car_controller_node]: odom x=0.000 m, y=0.000 m, th=0.000 rad, vx=0.000 m/s, vy=0.000 m/s, w=0.000 rad/s
[INFO] [1773307316.772231523] [car_controller_node]: odom x=0.000 m, y=0.000 m, th=0.000 rad, vx=0.000 m/s, vy=0.000 m/s, w=0.000 rad/s
[INFO] [1773307316.974015628] [car_controller_node]: odom x=0.000 m, y=0.000 m, th=0.000 rad, vx=0.000 m/s, vy=0.000 m/s, w=0.000 rad/s
[INFO] [1773307317.175488329] [car_controller_node]: odom x=0.000 m, y=0.000 m, th=0.000 rad, vx=0.000 m/s, vy=0.000 m/s, w=0.000 rad/s
[INFO] [1773307317.388000128] [car_controller_node]: odom x=0.000 m, y=0.000 m, th=0.000 rad, vx=0.000 m/s, vy=0.000 m/s, w=0.000 rad/s
[INFO] [1773307317.629794450] [car_controller_node]: odom x=0.000 m, y=0.000 m, th=0.000 rad, vx=0.000 m/s, vy=0.000 m/s, w=0.000 rad/s
[INFO] [1773307317.777458237] [car_controller_node]: odom x=0.000 m, y=0.000 m, th=0.000 rad, vx=0.000 m/s, vy=0.000 m/s, w=0.000 rad/s
[INFO] [1773307318.022837519] [car_controller_node]: odom x=0.000 m, y=0.000 m, th=0.000 rad, vx=0.000 m/s, vy=0.000 m/s, w=0.000 rad/s
[INFO] [1773307318.172205435] [car_controller_node]: odom x=0.000 m, y=0.000 m, th=0.000 rad, vx=0.000 m/s, vy=0.000 m/s, w=0.000 rad/s
[INFO] [1773307318.372957885] [car_controller_node]: odom x=0.000 m, y=0.000 m, th=0.000 rad, vx=0.000 m/s, vy=0.000 m/s, w=0.000 rad/s
[INFO] [1773307318.646224465] [car_controller_node]: odom x=0.000 m, y=0.000 m, th=0.000 rad, vx=0.000 m/s, vy=0.000 m/s, w=0.000 rad/s
[INFO] [1773307318.833770674] [car_controller_node]: odom x=0.000 m, y=0.000 m, th=0.000 rad, vx=0.000 m/s, vy=0.000 m/s, w=0.000 rad/s
[INFO] [1773307319.058710982] [car_controller_node]: odom x=0.000 m, y=0.000 m, th=0.000 rad, vx=0.000 m/s, vy=0.000 m/s, w=0.000 rad/s
[INFO] [1773307319.247895432] [car_controller_node]: odom x=0.000 m, y=0.000 m, th=0.000 rad, vx=0.000 m/s, vy=0.000 m/s, w=0.000 rad/s
[INFO] [1773307319.425088221] [car_controller_node]: odom x=0.000 m, y=0.000 m, th=0.000 rad, vx=0.000 m/s, vy=0.000 m/s, w=0.000 rad/s
[INFO] [1773307319.603016038] [car_controller_node]: odom x=0.000 m, y=0.000 m, th=0.000 rad, vx=0.000 m/s, vy=0.000 m/s, w=0.000 rad/s
[INFO] [1773307319.804787403] [car_controller_node]: odom x=0.000 m, y=0.000 m, th=0.000 rad, vx=0.000 m/s, vy=0.000 m/s, w=0.000 rad/s
[INFO] [1773307320.026163584] [car_controller_node]: odom x=0.000 m, y=0.000 m, th=0.000 rad, vx=0.000 m/s, vy=0.000 m/s, w=0.000 rad/s
[INFO] [1773307320.245344624] [car_controller_node]: odom x=0.000 m, y=0.000 m, th=0.000 rad, vx=0.000 m/s, vy=0.000 m/s, w=0.000 rad/s
[INFO] [1773307320.481714156] [car_controller_node]: odom x=0.000 m, y=0.000 m, th=0.000 rad, vx=0.000 m/s, vy=0.000 m/s, w=0.000 rad/s
[INFO] [1773307320.620702836] [car_controller_node]: odom x=0.000 m, y=0.000 m, th=0.000 rad, vx=0.000 m/s, vy=0.000 m/s, w=0.000 rad/s
[INFO] [1773307320.791430438] [car_controller_node]: odom x=0.000 m, y=0.000 m, th=0.000 rad, vx=0.000 m/s, vy=0.000 m/s, w=0.000 rad/s
[INFO] [1773307320.992454534] [car_controller_node]: odom x=0.000 m, y=0.000 m, th=0.000 rad, vx=0.000 m/s, vy=0.000 m/s, w=0.000 rad/s
[INFO] [1773307321.180043835] [car_controller_node]: odom x=0.000 m, y=0.000 m, th=0.000 rad, vx=0.000 m/s, vy=0.000 m/s, w=0.000 rad/s
[INFO] [1773307321.380724120] [car_controller_node]: odom x=0.000 m, y=0.000 m, th=0.000 rad, vx=0.000 m/s, vy=0.000 m/s, w=0.000 rad/s
[INFO] [1773307321.574045302] [car_controller_node]: odom x=0.000 m, y=0.000 m, th=0.000 rad, vx=0.000 m/s, vy=0.000 m/s, w=0.000 rad/s
[INFO] [1773307321.773648561] [car_controller_node]: odom x=0.000 m, y=0.000 m, th=0.000 rad, vx=0.000 m/s, vy=0.000 m/s, w=0.000 rad/s
[INFO] [1773307321.973418671] [car_controller_node]: odom x=0.000 m, y=0.000 m, th=0.000 rad, vx=0.000 m/s, vy=0.000 m/s, w=0.000 rad/s
[INFO] [1773307322.173227298] [car_controller_node]: odom x=0.000 m, y=0.000 m, th=0.000 rad, vx=0.000 m/s, vy=0.000 m/s, w=0.000 rad/s
[INFO] [1773307322.387787890] [car_controller_node]: odom x=0.000 m, y=0.000 m, th=0.000 rad, vx=0.000 m/s, vy=0.000 m/s, w=0.000 rad/s
[INFO] [1773307322.578500453] [car_controller_node]: odom x=0.000 m, y=0.000 m, th=0.000 rad, vx=0.000 m/s, vy=0.000 m/s, w=0.000 rad/s
[INFO] [1773307322.781395268] [car_controller_node]: odom x=0.000 m, y=0.000 m, th=0.000 rad, vx=0.000 m/s, vy=0.000 m/s, w=0.000 rad/s
[INFO] [1773307323.008774901] [car_controller_node]: odom x=0.000 m, y=0.000 m, th=0.000 rad, vx=0.000 m/s, vy=0.000 m/s, w=0.000 rad/s
[INFO] [1773307323.186383834] [car_controller_node]: odom x=0.000 m, y=0.000 m, th=0.000 rad, vx=0.000 m/s, vy=0.000 m/s, w=0.000 rad/s
[INFO] [1773307323.381097334] [car_controller_node]: odom x=0.000 m, y=0.000 m, th=0.000 rad, vx=0.000 m/s, vy=0.000 m/s, w=0.000 rad/s
[INFO] [1773307323.586372030] [car_controller_node]: odom x=0.000 m, y=0.000 m, th=0.000 rad, vx=0.000 m/s, vy=0.000 m/s, w=0.000 rad/s
[INFO] [1773307323.786917723] [car_controller_node]: odom x=0.000 m, y=0.000 m, th=0.000 rad, vx=0.000 m/s, vy=0.000 m/s, w=0.000 rad/s
[INFO] [1773307323.974834448] [car_controller_node]: odom x=0.000 m, y=0.000 m, th=0.000 rad, vx=0.000 m/s, vy=0.000 m/s, w=0.000 rad/s
[INFO] [1773307324.252526627] [car_controller_node]: odom x=0.000 m, y=0.000 m, th=0.000 rad, vx=0.000 m/s, vy=0.000 m/s, w=0.000 rad/s
[INFO] [1773307324.374612035] [car_controller_node]: odom x=0.000 m, y=0.000 m, th=0.000 rad, vx=0.000 m/s, vy=0.000 m/s, w=0.000 rad/s
[INFO] [1773307324.599074997] [car_controller_node]: odom x=0.000 m, y=0.000 m, th=0.000 rad, vx=0.000 m/s, vy=0.000 m/s, w=0.000 rad/s
[INFO] [1773307324.818028207] [car_controller_node]: odom x=0.000 m, y=0.000 m, th=0.000 rad, vx=0.000 m/s, vy=0.000 m/s, w=0.000 rad/s
[INFO] [1773307325.107344867] [car_controller_node]: odom x=0.000 m, y=0.000 m, th=0.000 rad, vx=0.000 m/s, vy=0.000 m/s, w=0.000 rad/s
[INFO] [1773307325.179809221] [car_controller_node]: odom x=0.000 m, y=0.000 m, th=0.000 rad, vx=0.000 m/s, vy=0.000 m/s, w=0.000 rad/s
[INFO] [1773307325.384092447] [car_controller_node]: odom x=0.000 m, y=0.000 m, th=0.000 rad, vx=0.000 m/s, vy=0.000 m/s, w=0.000 rad/s
[INFO] [1773307325.625454534] [car_controller_node]: odom x=0.000 m, y=0.000 m, th=0.000 rad, vx=0.000 m/s, vy=0.000 m/s, w=0.000 rad/s
[INFO] [1773307325.770747163] [car_controller_node]: odom x=0.000 m, y=0.000 m, th=0.000 rad, vx=0.000 m/s, vy=0.000 m/s, w=0.000 rad/s
[INFO] [1773307325.977550861] [car_controller_node]: odom x=0.000 m, y=0.000 m, th=0.000 rad, vx=0.000 m/s, vy=0.000 m/s, w=0.000 rad/s
[INFO] [1773307326.184652870] [car_controller_node]: odom x=0.000 m, y=0.000 m, th=0.000 rad, vx=0.000 m/s, vy=0.000 m/s, w=0.000 rad/s
[INFO] [1773307326.374374112] [car_controller_node]: odom x=0.000 m, y=0.000 m, th=0.000 rad, vx=0.000 m/s, vy=0.000 m/s, w=0.000 rad/s
[INFO] [1773307326.572203595] [car_controller_node]: odom x=0.000 m, y=0.000 m, th=0.000 rad, vx=0.000 m/s, vy=0.000 m/s, w=0.000 rad/s
[INFO] [1773307326.804469304] [car_controller_node]: odom x=0.000 m, y=0.000 m, th=0.000 rad, vx=0.000 m/s, vy=0.000 m/s, w=0.000 rad/s
[INFO] [1773307326.978994327] [car_controller_node]: odom x=0.000 m, y=0.000 m, th=0.000 rad, vx=0.000 m/s, vy=0.000 m/s, w=0.000 rad/s
[INFO] [1773307327.239873548] [car_controller_node]: odom x=0.000 m, y=0.000 m, th=0.000 rad, vx=0.000 m/s, vy=0.000 m/s, w=0.000 rad/s
[INFO] [1773307327.438427301] [car_controller_node]: odom x=0.000 m, y=0.000 m, th=0.000 rad, vx=0.000 m/s, vy=0.000 m/s, w=0.000 rad/s
