[2026-04-01_17:33:03] 启动: ros2 launch bot_description backpack_2d.launch.py
[INFO] [launch]: All log files can be found below /home/rose/.ros/log/2026-04-01-17-33-05-118078-rose-desktop-3142
[INFO] [launch]: Default logging verbosity is set to INFO
[INFO] [joint_state_publisher-1]: process started with pid [3299]
[INFO] [robot_state_publisher-2]: process started with pid [3301]
[INFO] [ekf_node-3]: process started with pid [3303]
[ekf_node-3] use_control is set to true, but acceleration_limits is missing. Will use default values.
[robot_state_publisher-2] [INFO] [1775035986.680060664] [robot_state_publisher]: got segment base_footprint
[robot_state_publisher-2] [INFO] [1775035986.686909578] [robot_state_publisher]: got segment base_link
[robot_state_publisher-2] [INFO] [1775035986.687067801] [robot_state_publisher]: got segment camera_depth_link
[robot_state_publisher-2] [INFO] [1775035986.687115088] [robot_state_publisher]: got segment camera_link
[robot_state_publisher-2] [INFO] [1775035986.687147384] [robot_state_publisher]: got segment front_left_wheel_link
[robot_state_publisher-2] [INFO] [1775035986.687175234] [robot_state_publisher]: got segment front_right_wheel_link
[robot_state_publisher-2] [INFO] [1775035986.687202546] [robot_state_publisher]: got segment imu_link
[robot_state_publisher-2] [INFO] [1775035986.687229340] [robot_state_publisher]: got segment laser
[robot_state_publisher-2] [INFO] [1775035986.687256596] [robot_state_publisher]: got segment rear_left_wheel_link
[robot_state_publisher-2] [INFO] [1775035986.687282964] [robot_state_publisher]: got segment rear_right_wheel_link
[joint_state_publisher-1] [INFO] [1775035988.403323544] [joint_state_publisher]: Waiting for robot_description to be published on the robot_description topic...
[ekf_node-3] use_control is set to true, but no deceleration_limits specified. Will use acceleration limits.
[ekf_node-3] use_control is set to true, but no deceleration_gains specified. Will use acceleration gains.
[ekf_node-3] Failed to meet update rate! Took 0.07210916700000000179seconds. Try decreasing the rate, limiting sensor output frequency, or limiting the number of sensors.
