[0.116s] Invoking command in '/home/rose/pi4b_ros2/car_ws/build/lslidar_driver': CMAKE_PREFIX_PATH=/home/rose/pi4b_ros2/car_ws/install/lslidar_msgs:/home/rose/pi4b_ros2/car_ws/install/ros2_laser_scan_matcher:/home/rose/pi4b_ros2/car_ws/install/lslidar_driver:/home/rose/pi4b_ros2/car_ws/install/csm:/home/rose/pi4b_ros2/car_ws/install/bot_description:/home/rose/pi4b_ros2/car_ws/install/yolo_counting_pkg:/home/rose/pi4b_ros2/car_ws/install/test_control_pkg:/opt/ros/humble /usr/bin/cmake --build /home/rose/pi4b_ros2/car_ws/build/lslidar_driver -- -j4 -l4
[0.838s] [100%] Built target lslidar_driver_node
[0.898s] Invoked command in '/home/rose/pi4b_ros2/car_ws/build/lslidar_driver' returned '0': CMAKE_PREFIX_PATH=/home/rose/pi4b_ros2/car_ws/install/lslidar_msgs:/home/rose/pi4b_ros2/car_ws/install/ros2_laser_scan_matcher:/home/rose/pi4b_ros2/car_ws/install/lslidar_driver:/home/rose/pi4b_ros2/car_ws/install/csm:/home/rose/pi4b_ros2/car_ws/install/bot_description:/home/rose/pi4b_ros2/car_ws/install/yolo_counting_pkg:/home/rose/pi4b_ros2/car_ws/install/test_control_pkg:/opt/ros/humble /usr/bin/cmake --build /home/rose/pi4b_ros2/car_ws/build/lslidar_driver -- -j4 -l4
[0.900s] Invoking command in '/home/rose/pi4b_ros2/car_ws/build/lslidar_driver': CMAKE_PREFIX_PATH=/home/rose/pi4b_ros2/car_ws/install/lslidar_msgs:/home/rose/pi4b_ros2/car_ws/install/ros2_laser_scan_matcher:/home/rose/pi4b_ros2/car_ws/install/lslidar_driver:/home/rose/pi4b_ros2/car_ws/install/csm:/home/rose/pi4b_ros2/car_ws/install/bot_description:/home/rose/pi4b_ros2/car_ws/install/yolo_counting_pkg:/home/rose/pi4b_ros2/car_ws/install/test_control_pkg:/opt/ros/humble /usr/bin/cmake --install /home/rose/pi4b_ros2/car_ws/build/lslidar_driver
[0.948s] -- Install configuration: ""
[0.967s] -- Up-to-date: /home/rose/pi4b_ros2/car_ws/install/lslidar_driver/share/lslidar_driver/launch
[0.967s] -- Up-to-date: /home/rose/pi4b_ros2/car_ws/install/lslidar_driver/share/lslidar_driver/launch/lsm10_net_launch.py
[0.968s] -- Up-to-date: /home/rose/pi4b_ros2/car_ws/install/lslidar_driver/share/lslidar_driver/launch/lsn10_net_launch.py
[0.968s] -- Up-to-date: /home/rose/pi4b_ros2/car_ws/install/lslidar_driver/share/lslidar_driver/launch/lsn10_launch.py
[0.969s] -- Up-to-date: /home/rose/pi4b_ros2/car_ws/install/lslidar_driver/share/lslidar_driver/launch/viewer_scan_launch.py
[0.970s] -- Up-to-date: /home/rose/pi4b_ros2/car_ws/install/lslidar_driver/share/lslidar_driver/launch/lsm10p_net_launch.py
[0.979s] -- Up-to-date: /home/rose/pi4b_ros2/car_ws/install/lslidar_driver/share/lslidar_driver/launch/lsn10p_net_launch.py
[0.980s] -- Up-to-date: /home/rose/pi4b_ros2/car_ws/install/lslidar_driver/share/lslidar_driver/launch/lsm10_uart_launch.py
[0.980s] -- Up-to-date: /home/rose/pi4b_ros2/car_ws/install/lslidar_driver/share/lslidar_driver/launch/lslidar_double_launch.py
[0.981s] -- Up-to-date: /home/rose/pi4b_ros2/car_ws/install/lslidar_driver/share/lslidar_driver/launch/lsn10p_launch.py
[0.981s] -- Up-to-date: /home/rose/pi4b_ros2/car_ws/install/lslidar_driver/share/lslidar_driver/launch/lsm10p_uart_launch.py
[0.982s] -- Up-to-date: /home/rose/pi4b_ros2/car_ws/install/lslidar_driver/share/lslidar_driver/params
[0.982s] -- Up-to-date: /home/rose/pi4b_ros2/car_ws/install/lslidar_driver/share/lslidar_driver/params/lidar_net_ros2
[0.983s] -- Up-to-date: /home/rose/pi4b_ros2/car_ws/install/lslidar_driver/share/lslidar_driver/params/lidar_net_ros2/lsn10p_net.yaml
[0.983s] -- Up-to-date: /home/rose/pi4b_ros2/car_ws/install/lslidar_driver/share/lslidar_driver/params/lidar_net_ros2/lsm10p_net.yaml
[0.984s] -- Up-to-date: /home/rose/pi4b_ros2/car_ws/install/lslidar_driver/share/lslidar_driver/params/lidar_net_ros2/lsn10_net.yaml
[0.984s] -- Up-to-date: /home/rose/pi4b_ros2/car_ws/install/lslidar_driver/share/lslidar_driver/params/lidar_net_ros2/lsm10_net.yaml
[0.985s] -- Up-to-date: /home/rose/pi4b_ros2/car_ws/install/lslidar_driver/share/lslidar_driver/params/lidar_uart_ros2
[0.985s] -- Up-to-date: /home/rose/pi4b_ros2/car_ws/install/lslidar_driver/share/lslidar_driver/params/lidar_uart_ros2/lsm10_p.yaml
[0.990s] -- Up-to-date: /home/rose/pi4b_ros2/car_ws/install/lslidar_driver/share/lslidar_driver/params/lidar_uart_ros2/lsn10.yaml
[0.991s] -- Up-to-date: /home/rose/pi4b_ros2/car_ws/install/lslidar_driver/share/lslidar_driver/params/lidar_uart_ros2/lsn10p.yaml
[0.992s] -- Up-to-date: /home/rose/pi4b_ros2/car_ws/install/lslidar_driver/share/lslidar_driver/params/lidar_uart_ros2/lsm10.yaml
[0.992s] -- Up-to-date: /home/rose/pi4b_ros2/car_ws/install/lslidar_driver/share/lslidar_driver/rviz
[0.993s] -- Up-to-date: /home/rose/pi4b_ros2/car_ws/install/lslidar_driver/share/lslidar_driver/rviz/lslidar.rviz
[0.993s] -- Up-to-date: /home/rose/pi4b_ros2/car_ws/install/lslidar_driver/lib/lslidar_driver/lslidar_driver_node
[0.994s] -- Up-to-date: /home/rose/pi4b_ros2/car_ws/install/lslidar_driver/share/ament_index/resource_index/package_run_dependencies/lslidar_driver
[0.999s] -- Up-to-date: /home/rose/pi4b_ros2/car_ws/install/lslidar_driver/share/ament_index/resource_index/parent_prefix_path/lslidar_driver
[1.000s] -- Up-to-date: /home/rose/pi4b_ros2/car_ws/install/lslidar_driver/share/lslidar_driver/environment/ament_prefix_path.sh
[1.000s] -- Up-to-date: /home/rose/pi4b_ros2/car_ws/install/lslidar_driver/share/lslidar_driver/environment/ament_prefix_path.dsv
[1.001s] -- Up-to-date: /home/rose/pi4b_ros2/car_ws/install/lslidar_driver/share/lslidar_driver/environment/path.sh
[1.001s] -- Up-to-date: /home/rose/pi4b_ros2/car_ws/install/lslidar_driver/share/lslidar_driver/environment/path.dsv
[1.002s] -- Up-to-date: /home/rose/pi4b_ros2/car_ws/install/lslidar_driver/share/lslidar_driver/local_setup.bash
[1.009s] -- Up-to-date: /home/rose/pi4b_ros2/car_ws/install/lslidar_driver/share/lslidar_driver/local_setup.sh
[1.010s] -- Up-to-date: /home/rose/pi4b_ros2/car_ws/install/lslidar_driver/share/lslidar_driver/local_setup.zsh
[1.011s] -- Up-to-date: /home/rose/pi4b_ros2/car_ws/install/lslidar_driver/share/lslidar_driver/local_setup.dsv
[1.012s] -- Installing: /home/rose/pi4b_ros2/car_ws/install/lslidar_driver/share/lslidar_driver/package.dsv
[1.012s] -- Up-to-date: /home/rose/pi4b_ros2/car_ws/install/lslidar_driver/share/ament_index/resource_index/packages/lslidar_driver
[1.013s] -- Up-to-date: /home/rose/pi4b_ros2/car_ws/install/lslidar_driver/share/lslidar_driver/cmake/ament_cmake_export_dependencies-extras.cmake
[1.013s] -- Up-to-date: /home/rose/pi4b_ros2/car_ws/install/lslidar_driver/share/lslidar_driver/cmake/ament_cmake_export_include_directories-extras.cmake
[1.014s] -- Up-to-date: /home/rose/pi4b_ros2/car_ws/install/lslidar_driver/share/lslidar_driver/cmake/lslidar_driverConfig.cmake
[1.046s] -- Up-to-date: /home/rose/pi4b_ros2/car_ws/install/lslidar_driver/share/lslidar_driver/cmake/lslidar_driverConfig-version.cmake
[1.047s] -- Up-to-date: /home/rose/pi4b_ros2/car_ws/install/lslidar_driver/share/lslidar_driver/package.xml
[1.047s] Invoked command in '/home/rose/pi4b_ros2/car_ws/build/lslidar_driver' returned '0': CMAKE_PREFIX_PATH=/home/rose/pi4b_ros2/car_ws/install/lslidar_msgs:/home/rose/pi4b_ros2/car_ws/install/ros2_laser_scan_matcher:/home/rose/pi4b_ros2/car_ws/install/lslidar_driver:/home/rose/pi4b_ros2/car_ws/install/csm:/home/rose/pi4b_ros2/car_ws/install/bot_description:/home/rose/pi4b_ros2/car_ws/install/yolo_counting_pkg:/home/rose/pi4b_ros2/car_ws/install/test_control_pkg:/opt/ros/humble /usr/bin/cmake --install /home/rose/pi4b_ros2/car_ws/build/lslidar_driver
