[0.088s] Invoking command in '/home/rose/pi4b_ros2/car_ws/build/your_package_name': CMAKE_PREFIX_PATH=${CMAKE_PREFIX_PATH}:/home/rose/pi4b_ros2/car_ws/install/yolo_counting_pkg:/home/rose/pi4b_ros2/car_ws/install/test_control_pkg:/opt/ros/humble /usr/bin/cmake /home/rose/pi4b_ros2/car_ws/src/bot_localization -DCMAKE_INSTALL_PREFIX=/home/rose/pi4b_ros2/car_ws/install/your_package_name
[1.757s] -- The C compiler identification is GNU 11.4.0
[2.923s] -- The CXX compiler identification is GNU 11.4.0
[3.023s] -- Detecting C compiler ABI info
[3.772s] -- Detecting C compiler ABI info - done
[3.792s] -- Check for working C compiler: /usr/bin/cc - skipped
[3.795s] -- Detecting C compile features
[3.799s] -- Detecting C compile features - done
[3.835s] -- Detecting CXX compiler ABI info
[4.619s] -- Detecting CXX compiler ABI info - done
[4.665s] -- Check for working CXX compiler: /usr/bin/c++ - skipped
[4.671s] -- Detecting CXX compile features
[4.680s] -- Detecting CXX compile features - done
[4.757s] -- Found ament_cmake: 1.3.13 (/opt/ros/humble/share/ament_cmake/cmake)
[7.555s] -- Found Python3: /usr/bin/python3 (found version "3.10.12") found components: Interpreter 
[9.366s] -- Found rclcpp: 16.0.18 (/opt/ros/humble/share/rclcpp/cmake)
[10.084s] -- Found rosidl_generator_c: 3.1.8 (/opt/ros/humble/share/rosidl_generator_c/cmake)
[10.170s] -- Found rosidl_adapter: 3.1.8 (/opt/ros/humble/share/rosidl_adapter/cmake)
[10.283s] -- Found rosidl_generator_cpp: 3.1.8 (/opt/ros/humble/share/rosidl_generator_cpp/cmake)
[10.422s] -- Using all available rosidl_typesupport_c: rosidl_typesupport_fastrtps_c;rosidl_typesupport_introspection_c
[10.607s] -- Using all available rosidl_typesupport_cpp: rosidl_typesupport_fastrtps_cpp;rosidl_typesupport_introspection_cpp
[11.140s] -- Found rmw_implementation_cmake: 6.1.2 (/opt/ros/humble/share/rmw_implementation_cmake/cmake)
[11.187s] -- Found rmw_fastrtps_cpp: 6.2.10 (/opt/ros/humble/share/rmw_fastrtps_cpp/cmake)
[12.007s] -- Found OpenSSL: /usr/lib/aarch64-linux-gnu/libcrypto.so (found version "3.0.2")  
[12.328s] -- Found FastRTPS: /opt/ros/humble/include  
[12.836s] -- Using RMW implementation 'rmw_fastrtps_cpp' as default
[12.995s] -- Looking for pthread.h
[13.447s] -- Looking for pthread.h - found
[13.451s] -- Performing Test CMAKE_HAVE_LIBC_PTHREAD
[13.869s] -- Performing Test CMAKE_HAVE_LIBC_PTHREAD - Success
[13.876s] -- Found Threads: TRUE  
[14.330s] -- Found rclpy: 3.3.20 (/opt/ros/humble/share/rclpy/cmake)
[14.369s] -- Found robot_localization: 3.5.4 (/opt/ros/humble/share/robot_localization/cmake)
[15.044s] -- Found ament_lint_auto: 0.12.15 (/opt/ros/humble/share/ament_lint_auto/cmake)
[15.539s] [31mCMake Error at /opt/ros/humble/share/ament_cmake_core/cmake/core/ament_package_xml.cmake:53 (message):
[15.541s]   ament_package_xml() package name 'your_package_name' in '/package.xml' does
[15.542s]   not match current PROJECT_NAME 'bot_localization'.  You must call project()
[15.542s]   with the same package name before.
[15.543s] Call Stack (most recent call first):
[15.544s]   /opt/ros/humble/share/ament_lint_auto/cmake/ament_lint_auto_find_test_dependencies.cmake:31 (ament_package_xml)
[15.544s]   CMakeLists.txt:28 (ament_lint_auto_find_test_dependencies)
[15.545s] 
[15.545s] [0m
[15.695s] -- Configuring incomplete, errors occurred!
[15.695s] See also "/home/rose/pi4b_ros2/car_ws/build/your_package_name/CMakeFiles/CMakeOutput.log".
[15.739s] Invoked command in '/home/rose/pi4b_ros2/car_ws/build/your_package_name' returned '1': CMAKE_PREFIX_PATH=${CMAKE_PREFIX_PATH}:/home/rose/pi4b_ros2/car_ws/install/yolo_counting_pkg:/home/rose/pi4b_ros2/car_ws/install/test_control_pkg:/opt/ros/humble /usr/bin/cmake /home/rose/pi4b_ros2/car_ws/src/bot_localization -DCMAKE_INSTALL_PREFIX=/home/rose/pi4b_ros2/car_ws/install/your_package_name
