[3.016s] Invoking command in '/home/rose/pi4b_ros2/car_ws/build/bot_description': CMAKE_PREFIX_PATH=${CMAKE_PREFIX_PATH}:/home/rose/pi4b_ros2/car_ws/install/yolo_counting_pkg:/home/rose/pi4b_ros2/car_ws/install/test_control_pkg:/home/rose/pi4b_ros2/car_ws/install/bot_application:/opt/ros/humble /usr/bin/cmake --build /home/rose/pi4b_ros2/car_ws/build/bot_description -- -j4 -l4
[3.934s] Invoked command in '/home/rose/pi4b_ros2/car_ws/build/bot_description' returned '0': CMAKE_PREFIX_PATH=${CMAKE_PREFIX_PATH}:/home/rose/pi4b_ros2/car_ws/install/yolo_counting_pkg:/home/rose/pi4b_ros2/car_ws/install/test_control_pkg:/home/rose/pi4b_ros2/car_ws/install/bot_application:/opt/ros/humble /usr/bin/cmake --build /home/rose/pi4b_ros2/car_ws/build/bot_description -- -j4 -l4
[3.953s] Invoking command in '/home/rose/pi4b_ros2/car_ws/build/bot_description': CMAKE_PREFIX_PATH=${CMAKE_PREFIX_PATH}:/home/rose/pi4b_ros2/car_ws/install/yolo_counting_pkg:/home/rose/pi4b_ros2/car_ws/install/test_control_pkg:/home/rose/pi4b_ros2/car_ws/install/bot_application:/opt/ros/humble /usr/bin/cmake --install /home/rose/pi4b_ros2/car_ws/build/bot_description
[4.159s] -- Install configuration: "Release"
[4.169s] -- Up-to-date: /home/rose/pi4b_ros2/car_ws/install/bot_description/share/bot_description/launch
[4.197s] -- Up-to-date: /home/rose/pi4b_ros2/car_ws/install/bot_description/share/bot_description/launch/display_robot.launch.py
[4.216s] -- Up-to-date: /home/rose/pi4b_ros2/car_ws/install/bot_description/share/bot_description/launch/__pycache__
[4.222s] -- Up-to-date: /home/rose/pi4b_ros2/car_ws/install/bot_description/share/bot_description/launch/__pycache__/display_robot.launch.cpython-310.pyc
[4.227s] -- Up-to-date: /home/rose/pi4b_ros2/car_ws/install/bot_description/share/bot_description/launch/lsn10_net_launch.py
[4.227s] -- Up-to-date: /home/rose/pi4b_ros2/car_ws/install/bot_description/share/bot_description/launch/backpack_2d.launch.py
[4.228s] -- Up-to-date: /home/rose/pi4b_ros2/car_ws/install/bot_description/share/bot_description/urdf
[4.245s] -- Up-to-date: /home/rose/pi4b_ros2/car_ws/install/bot_description/share/bot_description/urdf/sensors
[4.246s] -- Up-to-date: /home/rose/pi4b_ros2/car_ws/install/bot_description/share/bot_description/urdf/sensors/imu.urdf.xacro
[4.247s] -- Up-to-date: /home/rose/pi4b_ros2/car_ws/install/bot_description/share/bot_description/urdf/sensors/generic_laser.urdf.xacro
[4.247s] -- Up-to-date: /home/rose/pi4b_ros2/car_ws/install/bot_description/share/bot_description/urdf/sensors/laser.urdf.xacro
[4.248s] -- Up-to-date: /home/rose/pi4b_ros2/car_ws/install/bot_description/share/bot_description/urdf/sensors/depth_sensor.urdf.xacro
[4.270s] -- Up-to-date: /home/rose/pi4b_ros2/car_ws/install/bot_description/share/bot_description/urdf/sensors/plugins.urdf.xacro
[4.271s] -- Up-to-date: /home/rose/pi4b_ros2/car_ws/install/bot_description/share/bot_description/urdf/mybot.urdf
[4.272s] -- Up-to-date: /home/rose/pi4b_ros2/car_ws/install/bot_description/share/bot_description/urdf/mech
[4.293s] -- Up-to-date: /home/rose/pi4b_ros2/car_ws/install/bot_description/share/bot_description/urdf/mech/base.urdf.xacro
[4.294s] -- Up-to-date: /home/rose/pi4b_ros2/car_ws/install/bot_description/share/bot_description/urdf/mech/wheel.urdf.xacro
[4.294s] -- Up-to-date: /home/rose/pi4b_ros2/car_ws/install/bot_description/share/bot_description/urdf/controllers
[4.295s] -- Up-to-date: /home/rose/pi4b_ros2/car_ws/install/bot_description/share/bot_description/urdf/controllers/skid_steer.urdf.xacro
[4.296s] -- Up-to-date: /home/rose/pi4b_ros2/car_ws/install/bot_description/share/bot_description/urdf/4wd.urdf.xacro
[4.296s] -- Up-to-date: /home/rose/pi4b_ros2/car_ws/install/bot_description/share/bot_description/urdf/properties
[4.297s] -- Up-to-date: /home/rose/pi4b_ros2/car_ws/install/bot_description/share/bot_description/urdf/properties/4wd_properties.urdf.xacro
[4.298s] -- Up-to-date: /home/rose/pi4b_ros2/car_ws/install/bot_description/share/bot_description/urdf/mybot.xacro
[4.299s] -- Up-to-date: /home/rose/pi4b_ros2/car_ws/install/bot_description/share/bot_description/rviz
[4.299s] -- Up-to-date: /home/rose/pi4b_ros2/car_ws/install/bot_description/share/bot_description/rviz/rviz.rviz
[4.344s] -- Up-to-date: /home/rose/pi4b_ros2/car_ws/install/bot_description/share/bot_description/config
[4.356s] -- Up-to-date: /home/rose/pi4b_ros2/car_ws/install/bot_description/share/bot_description/config/ekf.yaml
[4.356s] -- Up-to-date: /home/rose/pi4b_ros2/car_ws/install/bot_description/share/bot_description/config/my_robot.lua
[4.357s] -- Up-to-date: /home/rose/pi4b_ros2/car_ws/install/bot_description/share/ament_index/resource_index/package_run_dependencies/bot_description
[4.358s] -- Up-to-date: /home/rose/pi4b_ros2/car_ws/install/bot_description/share/ament_index/resource_index/parent_prefix_path/bot_description
[4.358s] -- Up-to-date: /home/rose/pi4b_ros2/car_ws/install/bot_description/share/bot_description/environment/ament_prefix_path.sh
[4.362s] -- Up-to-date: /home/rose/pi4b_ros2/car_ws/install/bot_description/share/bot_description/environment/ament_prefix_path.dsv
[4.363s] -- Up-to-date: /home/rose/pi4b_ros2/car_ws/install/bot_description/share/bot_description/environment/path.sh
[4.364s] -- Up-to-date: /home/rose/pi4b_ros2/car_ws/install/bot_description/share/bot_description/environment/path.dsv
[4.365s] -- Up-to-date: /home/rose/pi4b_ros2/car_ws/install/bot_description/share/bot_description/local_setup.bash
[4.365s] -- Up-to-date: /home/rose/pi4b_ros2/car_ws/install/bot_description/share/bot_description/local_setup.sh
[4.366s] -- Up-to-date: /home/rose/pi4b_ros2/car_ws/install/bot_description/share/bot_description/local_setup.zsh
[4.367s] -- Up-to-date: /home/rose/pi4b_ros2/car_ws/install/bot_description/share/bot_description/local_setup.dsv
[4.367s] -- Installing: /home/rose/pi4b_ros2/car_ws/install/bot_description/share/bot_description/package.dsv
[4.368s] -- Up-to-date: /home/rose/pi4b_ros2/car_ws/install/bot_description/share/ament_index/resource_index/packages/bot_description
[4.388s] -- Up-to-date: /home/rose/pi4b_ros2/car_ws/install/bot_description/share/bot_description/cmake/bot_descriptionConfig.cmake
[4.389s] -- Up-to-date: /home/rose/pi4b_ros2/car_ws/install/bot_description/share/bot_description/cmake/bot_descriptionConfig-version.cmake
[4.390s] -- Up-to-date: /home/rose/pi4b_ros2/car_ws/install/bot_description/share/bot_description/package.xml
[4.395s] Invoked command in '/home/rose/pi4b_ros2/car_ws/build/bot_description' returned '0': CMAKE_PREFIX_PATH=${CMAKE_PREFIX_PATH}:/home/rose/pi4b_ros2/car_ws/install/yolo_counting_pkg:/home/rose/pi4b_ros2/car_ws/install/test_control_pkg:/home/rose/pi4b_ros2/car_ws/install/bot_application:/opt/ros/humble /usr/bin/cmake --install /home/rose/pi4b_ros2/car_ws/build/bot_description
