[0.059s] Invoking command in '/home/rose/pi4b_ros2/car_ws/build/ros2_laser_scan_matcher': AMENT_PREFIX_PATH=/home/rose/pi4b_ros2/car_ws/install/csm:${AMENT_PREFIX_PATH} CMAKE_PREFIX_PATH=/home/rose/pi4b_ros2/car_ws/install/csm:/opt/ros/humble LD_LIBRARY_PATH=/home/rose/pi4b_ros2/car_ws/install/csm/lib:${LD_LIBRARY_PATH} /usr/bin/cmake --build /home/rose/pi4b_ros2/car_ws/build/ros2_laser_scan_matcher -- -j4 -l4
[0.517s] [100%] Built target laser_scan_matcher
[0.587s] Invoked command in '/home/rose/pi4b_ros2/car_ws/build/ros2_laser_scan_matcher' returned '0': AMENT_PREFIX_PATH=/home/rose/pi4b_ros2/car_ws/install/csm:${AMENT_PREFIX_PATH} CMAKE_PREFIX_PATH=/home/rose/pi4b_ros2/car_ws/install/csm:/opt/ros/humble LD_LIBRARY_PATH=/home/rose/pi4b_ros2/car_ws/install/csm/lib:${LD_LIBRARY_PATH} /usr/bin/cmake --build /home/rose/pi4b_ros2/car_ws/build/ros2_laser_scan_matcher -- -j4 -l4
[0.596s] Invoking command in '/home/rose/pi4b_ros2/car_ws/build/ros2_laser_scan_matcher': AMENT_PREFIX_PATH=/home/rose/pi4b_ros2/car_ws/install/csm:${AMENT_PREFIX_PATH} CMAKE_PREFIX_PATH=/home/rose/pi4b_ros2/car_ws/install/csm:/opt/ros/humble LD_LIBRARY_PATH=/home/rose/pi4b_ros2/car_ws/install/csm/lib:${LD_LIBRARY_PATH} /usr/bin/cmake --install /home/rose/pi4b_ros2/car_ws/build/ros2_laser_scan_matcher
[0.646s] -- Install configuration: "Release"
[0.650s] -- Up-to-date: /home/rose/pi4b_ros2/car_ws/install/ros2_laser_scan_matcher/lib/ros2_laser_scan_matcher/laser_scan_matcher
[0.656s] -- Up-to-date: /home/rose/pi4b_ros2/car_ws/install/ros2_laser_scan_matcher/share/ament_index/resource_index/package_run_dependencies/ros2_laser_scan_matcher
[0.661s] -- Up-to-date: /home/rose/pi4b_ros2/car_ws/install/ros2_laser_scan_matcher/share/ament_index/resource_index/parent_prefix_path/ros2_laser_scan_matcher
[0.666s] -- Up-to-date: /home/rose/pi4b_ros2/car_ws/install/ros2_laser_scan_matcher/share/ros2_laser_scan_matcher/environment/ament_prefix_path.sh
[0.671s] -- Up-to-date: /home/rose/pi4b_ros2/car_ws/install/ros2_laser_scan_matcher/share/ros2_laser_scan_matcher/environment/ament_prefix_path.dsv
[0.675s] -- Up-to-date: /home/rose/pi4b_ros2/car_ws/install/ros2_laser_scan_matcher/share/ros2_laser_scan_matcher/environment/path.sh
[0.680s] -- Up-to-date: /home/rose/pi4b_ros2/car_ws/install/ros2_laser_scan_matcher/share/ros2_laser_scan_matcher/environment/path.dsv
[0.684s] -- Up-to-date: /home/rose/pi4b_ros2/car_ws/install/ros2_laser_scan_matcher/share/ros2_laser_scan_matcher/local_setup.bash
[0.688s] -- Up-to-date: /home/rose/pi4b_ros2/car_ws/install/ros2_laser_scan_matcher/share/ros2_laser_scan_matcher/local_setup.sh
[0.692s] -- Up-to-date: /home/rose/pi4b_ros2/car_ws/install/ros2_laser_scan_matcher/share/ros2_laser_scan_matcher/local_setup.zsh
[0.696s] -- Up-to-date: /home/rose/pi4b_ros2/car_ws/install/ros2_laser_scan_matcher/share/ros2_laser_scan_matcher/local_setup.dsv
[0.700s] -- Installing: /home/rose/pi4b_ros2/car_ws/install/ros2_laser_scan_matcher/share/ros2_laser_scan_matcher/package.dsv
[0.709s] -- Up-to-date: /home/rose/pi4b_ros2/car_ws/install/ros2_laser_scan_matcher/share/ament_index/resource_index/packages/ros2_laser_scan_matcher
[0.712s] -- Up-to-date: /home/rose/pi4b_ros2/car_ws/install/ros2_laser_scan_matcher/share/ros2_laser_scan_matcher/cmake/ros2_laser_scan_matcherConfig.cmake
[0.718s] -- Up-to-date: /home/rose/pi4b_ros2/car_ws/install/ros2_laser_scan_matcher/share/ros2_laser_scan_matcher/cmake/ros2_laser_scan_matcherConfig-version.cmake
[0.723s] -- Up-to-date: /home/rose/pi4b_ros2/car_ws/install/ros2_laser_scan_matcher/share/ros2_laser_scan_matcher/package.xml
[0.744s] Invoked command in '/home/rose/pi4b_ros2/car_ws/build/ros2_laser_scan_matcher' returned '0': AMENT_PREFIX_PATH=/home/rose/pi4b_ros2/car_ws/install/csm:${AMENT_PREFIX_PATH} CMAKE_PREFIX_PATH=/home/rose/pi4b_ros2/car_ws/install/csm:/opt/ros/humble LD_LIBRARY_PATH=/home/rose/pi4b_ros2/car_ws/install/csm/lib:${LD_LIBRARY_PATH} /usr/bin/cmake --install /home/rose/pi4b_ros2/car_ws/build/ros2_laser_scan_matcher
