[4.674s] Invoking command in '/home/rose/car_ws/src/yolo_counting_pkg': PYTHONPATH=/home/rose/car_ws/build/yolo_counting_pkg/prefix_override:/usr/lib/python3/dist-packages/colcon_core/task/python/colcon_distutils_commands:/home/rose/car_ws/install/yolo_counting_pkg/lib/python3.10/site-packages:${PYTHONPATH} /usr/bin/python3 -W ignore:setup.py install is deprecated -W ignore:easy_install command is deprecated setup.py egg_info --egg-base ../../build/yolo_counting_pkg build --build-base /home/rose/car_ws/build/yolo_counting_pkg/build install --record /home/rose/car_ws/build/yolo_counting_pkg/install.log --single-version-externally-managed install_data
[6.002s] running egg_info
[6.005s] creating ../../build/yolo_counting_pkg/yolo_counting_pkg.egg-info
[6.008s] writing ../../build/yolo_counting_pkg/yolo_counting_pkg.egg-info/PKG-INFO
[6.009s] writing dependency_links to ../../build/yolo_counting_pkg/yolo_counting_pkg.egg-info/dependency_links.txt
[6.011s] writing entry points to ../../build/yolo_counting_pkg/yolo_counting_pkg.egg-info/entry_points.txt
[6.012s] writing requirements to ../../build/yolo_counting_pkg/yolo_counting_pkg.egg-info/requires.txt
[6.014s] writing top-level names to ../../build/yolo_counting_pkg/yolo_counting_pkg.egg-info/top_level.txt
[6.015s] writing manifest file '../../build/yolo_counting_pkg/yolo_counting_pkg.egg-info/SOURCES.txt'
[6.025s] reading manifest file '../../build/yolo_counting_pkg/yolo_counting_pkg.egg-info/SOURCES.txt'
[6.026s] adding license file 'LICENSE'
[6.029s] writing manifest file '../../build/yolo_counting_pkg/yolo_counting_pkg.egg-info/SOURCES.txt'
[6.030s] running build
[6.031s] running build_py
[6.031s] creating /home/rose/car_ws/build/yolo_counting_pkg/build
[6.032s] creating /home/rose/car_ws/build/yolo_counting_pkg/build/lib
[6.033s] creating /home/rose/car_ws/build/yolo_counting_pkg/build/lib/yolo_counting_pkg
[6.034s] copying yolo_counting_pkg/yolo_ros_node.py -> /home/rose/car_ws/build/yolo_counting_pkg/build/lib/yolo_counting_pkg
[6.035s] copying yolo_counting_pkg/__init__.py -> /home/rose/car_ws/build/yolo_counting_pkg/build/lib/yolo_counting_pkg
[6.038s] copying yolo_counting_pkg/weight_calc.py -> /home/rose/car_ws/build/yolo_counting_pkg/build/lib/yolo_counting_pkg
[6.044s] copying yolo_counting_pkg/yolo_infer.py -> /home/rose/car_ws/build/yolo_counting_pkg/build/lib/yolo_counting_pkg
[6.047s] running install
[6.047s] running install_lib
[6.051s] creating /home/rose/car_ws/install/yolo_counting_pkg/lib/python3.10/site-packages/yolo_counting_pkg
[6.052s] copying /home/rose/car_ws/build/yolo_counting_pkg/build/lib/yolo_counting_pkg/yolo_ros_node.py -> /home/rose/car_ws/install/yolo_counting_pkg/lib/python3.10/site-packages/yolo_counting_pkg
[6.055s] copying /home/rose/car_ws/build/yolo_counting_pkg/build/lib/yolo_counting_pkg/__init__.py -> /home/rose/car_ws/install/yolo_counting_pkg/lib/python3.10/site-packages/yolo_counting_pkg
[6.056s] copying /home/rose/car_ws/build/yolo_counting_pkg/build/lib/yolo_counting_pkg/weight_calc.py -> /home/rose/car_ws/install/yolo_counting_pkg/lib/python3.10/site-packages/yolo_counting_pkg
[6.057s] copying /home/rose/car_ws/build/yolo_counting_pkg/build/lib/yolo_counting_pkg/yolo_infer.py -> /home/rose/car_ws/install/yolo_counting_pkg/lib/python3.10/site-packages/yolo_counting_pkg
[6.059s] byte-compiling /home/rose/car_ws/install/yolo_counting_pkg/lib/python3.10/site-packages/yolo_counting_pkg/yolo_ros_node.py to yolo_ros_node.cpython-310.pyc
[6.065s] byte-compiling /home/rose/car_ws/install/yolo_counting_pkg/lib/python3.10/site-packages/yolo_counting_pkg/__init__.py to __init__.cpython-310.pyc
[6.067s] byte-compiling /home/rose/car_ws/install/yolo_counting_pkg/lib/python3.10/site-packages/yolo_counting_pkg/weight_calc.py to weight_calc.cpython-310.pyc
[6.070s] byte-compiling /home/rose/car_ws/install/yolo_counting_pkg/lib/python3.10/site-packages/yolo_counting_pkg/yolo_infer.py to yolo_infer.cpython-310.pyc
[6.074s] running install_data
[6.075s] creating /home/rose/car_ws/install/yolo_counting_pkg/share/ament_index
[6.076s] creating /home/rose/car_ws/install/yolo_counting_pkg/share/ament_index/resource_index
[6.076s] creating /home/rose/car_ws/install/yolo_counting_pkg/share/ament_index/resource_index/packages
[6.077s] copying resource/yolo_counting_pkg -> /home/rose/car_ws/install/yolo_counting_pkg/share/ament_index/resource_index/packages
[6.078s] copying package.xml -> /home/rose/car_ws/install/yolo_counting_pkg/share/yolo_counting_pkg
[6.079s] creating /home/rose/car_ws/install/yolo_counting_pkg/share/yolo_counting_pkg/models
[6.079s] copying models/best.onnx -> /home/rose/car_ws/install/yolo_counting_pkg/share/yolo_counting_pkg/models
[6.153s] creating /home/rose/car_ws/install/yolo_counting_pkg/share/yolo_counting_pkg/data
[6.154s] creating /home/rose/car_ws/install/yolo_counting_pkg/share/yolo_counting_pkg/data/vedio
[6.154s] copying data/vedio/00001.mp4 -> /home/rose/car_ws/install/yolo_counting_pkg/share/yolo_counting_pkg/data/vedio
[6.346s] creating /home/rose/car_ws/install/yolo_counting_pkg/share/yolo_counting_pkg/results
[6.349s] running install_egg_info
[6.361s] Copying ../../build/yolo_counting_pkg/yolo_counting_pkg.egg-info to /home/rose/car_ws/install/yolo_counting_pkg/lib/python3.10/site-packages/yolo_counting_pkg-0.0.0-py3.10.egg-info
[6.368s] running install_scripts
[6.466s] Installing yolo_counting_node script to /home/rose/car_ws/install/yolo_counting_pkg/lib/yolo_counting_pkg
[6.468s] writing list of installed files to '/home/rose/car_ws/build/yolo_counting_pkg/install.log'
[6.604s] Invoked command in '/home/rose/car_ws/src/yolo_counting_pkg' returned '0': PYTHONPATH=/home/rose/car_ws/build/yolo_counting_pkg/prefix_override:/usr/lib/python3/dist-packages/colcon_core/task/python/colcon_distutils_commands:/home/rose/car_ws/install/yolo_counting_pkg/lib/python3.10/site-packages:${PYTHONPATH} /usr/bin/python3 -W ignore:setup.py install is deprecated -W ignore:easy_install command is deprecated setup.py egg_info --egg-base ../../build/yolo_counting_pkg build --build-base /home/rose/car_ws/build/yolo_counting_pkg/build install --record /home/rose/car_ws/build/yolo_counting_pkg/install.log --single-version-externally-managed install_data
