[8.577s] Invoking command in '/home/rose/pi4b_ros2/car_ws/src/bot_application': PYTHONPATH=/home/rose/pi4b_ros2/car_ws/build/bot_application/prefix_override:/usr/lib/python3/dist-packages/colcon_core/task/python/colcon_distutils_commands:/home/rose/pi4b_ros2/car_ws/install/bot_application/lib/python3.10/site-packages:${PYTHONPATH} /usr/bin/python3 -W ignore:setup.py install is deprecated -W ignore:easy_install command is deprecated setup.py egg_info --egg-base ../../build/bot_application build --build-base /home/rose/pi4b_ros2/car_ws/build/bot_application/build install --record /home/rose/pi4b_ros2/car_ws/build/bot_application/install.log --single-version-externally-managed install_data
[10.061s] /home/rose/.local/lib/python3.10/site-packages/setuptools/_distutils/dist.py:287: UserWarning: Unknown distribution option: 'tests_require'
[10.071s]   warnings.warn(msg)
[11.531s] running egg_info
[11.861s] writing ../../build/bot_application/bot_application.egg-info/PKG-INFO
[11.865s] writing dependency_links to ../../build/bot_application/bot_application.egg-info/dependency_links.txt
[11.875s] writing entry points to ../../build/bot_application/bot_application.egg-info/entry_points.txt
[11.877s] writing requirements to ../../build/bot_application/bot_application.egg-info/requires.txt
[11.880s] writing top-level names to ../../build/bot_application/bot_application.egg-info/top_level.txt
[12.666s] reading manifest file '../../build/bot_application/bot_application.egg-info/SOURCES.txt'
[12.677s] writing manifest file '../../build/bot_application/bot_application.egg-info/SOURCES.txt'
[12.678s] running build
[12.678s] running build_py
[12.693s] copying bot_application/get_cost.py -> /home/rose/pi4b_ros2/car_ws/build/bot_application/build/lib/bot_application
[12.693s] copying bot_application/navigator_full_dp.py -> /home/rose/pi4b_ros2/car_ws/build/bot_application/build/lib/bot_application
[12.694s] copying bot_application/optimized_navigator_dp.py -> /home/rose/pi4b_ros2/car_ws/build/bot_application/build/lib/bot_application
[12.709s] copying bot_application/get_robot_pose.py -> /home/rose/pi4b_ros2/car_ws/build/bot_application/build/lib/bot_application
[12.710s] copying bot_application/optimized_navigator.py -> /home/rose/pi4b_ros2/car_ws/build/bot_application/build/lib/bot_application
[12.711s] copying bot_application/waypoint_cost_calculator.py -> /home/rose/pi4b_ros2/car_ws/build/bot_application/build/lib/bot_application
[12.728s] copying bot_application/__init__.py -> /home/rose/pi4b_ros2/car_ws/build/bot_application/build/lib/bot_application
[12.742s] copying bot_application/nav_through_pose.py -> /home/rose/pi4b_ros2/car_ws/build/bot_application/build/lib/bot_application
[12.745s] copying bot_application/waypoint_follower.py -> /home/rose/pi4b_ros2/car_ws/build/bot_application/build/lib/bot_application
[12.748s] copying bot_application/waypoint_selector.py -> /home/rose/pi4b_ros2/car_ws/build/bot_application/build/lib/bot_application
[12.757s] copying bot_application/nav_to_pose.py -> /home/rose/pi4b_ros2/car_ws/build/bot_application/build/lib/bot_application
[12.763s] copying bot_application/init_robot_pose.py -> /home/rose/pi4b_ros2/car_ws/build/bot_application/build/lib/bot_application
[12.782s] copying bot_application/navigator_full_dp copy.py -> /home/rose/pi4b_ros2/car_ws/build/bot_application/build/lib/bot_application
[12.783s] copying bot_application/navigator_full_ga.py -> /home/rose/pi4b_ros2/car_ws/build/bot_application/build/lib/bot_application
[12.783s] running install
[12.784s] running install_lib
[12.908s] byte-compiling /home/rose/pi4b_ros2/car_ws/install/bot_application/lib/python3.10/site-packages/bot_application/waypoint_cost_calculator copy.py to waypoint_cost_calculator copy.cpython-310.pyc
[12.920s]   File "/home/rose/pi4b_ros2/car_ws/install/bot_application/lib/python3.10/site-packages/bot_application/waypoint_cost_calculator copy.py", line 196
[12.921s]     create_goal_pose(navigator, 0.97, 0.72, 0.0)
[12.922s]     ^^^^^^^^^^^^^^^^^^^^^^^^^^^^^^^^^^^^^^^^^^^^^^^^^^^
[12.922s] SyntaxError: invalid syntax. Perhaps you forgot a comma?
[12.923s] 
[12.926s] running install_data
[12.933s] copying resource/bot_application -> /home/rose/pi4b_ros2/car_ws/install/bot_application/share/ament_index/resource_index/packages
[12.936s] copying package.xml -> /home/rose/pi4b_ros2/car_ws/install/bot_application/share/bot_application
[12.939s] running install_egg_info
[13.121s] removing '/home/rose/pi4b_ros2/car_ws/install/bot_application/lib/python3.10/site-packages/bot_application-0.0.0-py3.10.egg-info' (and everything under it)
[13.133s] Copying ../../build/bot_application/bot_application.egg-info to /home/rose/pi4b_ros2/car_ws/install/bot_application/lib/python3.10/site-packages/bot_application-0.0.0-py3.10.egg-info
[13.150s] running install_scripts
[13.557s] Installing auto_optimized_navigator script to /home/rose/pi4b_ros2/car_ws/install/bot_application/lib/bot_application
[13.557s] Installing get_robot_pose script to /home/rose/pi4b_ros2/car_ws/install/bot_application/lib/bot_application
[13.576s] Installing init_robot_pose script to /home/rose/pi4b_ros2/car_ws/install/bot_application/lib/bot_application
[13.577s] Installing init_robot_pose_door script to /home/rose/pi4b_ros2/car_ws/install/bot_application/lib/bot_application
[13.578s] Installing init_robot_pose_point1 script to /home/rose/pi4b_ros2/car_ws/install/bot_application/lib/bot_application
[13.581s] Installing init_robot_pose_point2 script to /home/rose/pi4b_ros2/car_ws/install/bot_application/lib/bot_application
[13.582s] Installing init_robot_pose_point3 script to /home/rose/pi4b_ros2/car_ws/install/bot_application/lib/bot_application
[13.583s] Installing nav_through_pose script to /home/rose/pi4b_ros2/car_ws/install/bot_application/lib/bot_application
[13.583s] Installing navigator_full_dp script to /home/rose/pi4b_ros2/car_ws/install/bot_application/lib/bot_application
[13.584s] Installing navigator_full_ga script to /home/rose/pi4b_ros2/car_ws/install/bot_application/lib/bot_application
[13.585s] Installing optimized_navigator script to /home/rose/pi4b_ros2/car_ws/install/bot_application/lib/bot_application
[13.585s] Installing optimized_navigator_dp script to /home/rose/pi4b_ros2/car_ws/install/bot_application/lib/bot_application
[13.598s] Installing way_to_go script to /home/rose/pi4b_ros2/car_ws/install/bot_application/lib/bot_application
[13.620s] Installing waypoint_cost_calculator script to /home/rose/pi4b_ros2/car_ws/install/bot_application/lib/bot_application
[13.621s] Installing waypoint_cost_calculator_copy script to /home/rose/pi4b_ros2/car_ws/install/bot_application/lib/bot_application
[13.623s] Installing waypoint_follower script to /home/rose/pi4b_ros2/car_ws/install/bot_application/lib/bot_application
[13.656s] Installing waypoint_selector script to /home/rose/pi4b_ros2/car_ws/install/bot_application/lib/bot_application
[13.662s] writing list of installed files to '/home/rose/pi4b_ros2/car_ws/build/bot_application/install.log'
