[1.877s] Invoking command in '/home/rose/pi4b_ros2/car_ws/build/bot_description': CMAKE_PREFIX_PATH=/opt/ros/humble /usr/bin/cmake --build /home/rose/pi4b_ros2/car_ws/build/bot_description -- -j4 -l4
[2.236s] Invoked command in '/home/rose/pi4b_ros2/car_ws/build/bot_description' returned '0': CMAKE_PREFIX_PATH=/opt/ros/humble /usr/bin/cmake --build /home/rose/pi4b_ros2/car_ws/build/bot_description -- -j4 -l4
[2.374s] Invoking command in '/home/rose/pi4b_ros2/car_ws/build/bot_description': CMAKE_PREFIX_PATH=/opt/ros/humble /usr/bin/cmake --install /home/rose/pi4b_ros2/car_ws/build/bot_description
[2.437s] -- Install configuration: "Release"
[2.439s] -- Up-to-date: /home/rose/pi4b_ros2/car_ws/install/bot_description/share/bot_description/launch
[2.442s] -- Up-to-date: /home/rose/pi4b_ros2/car_ws/install/bot_description/share/bot_description/launch/display_robot.launch.py
[2.455s] -- Up-to-date: /home/rose/pi4b_ros2/car_ws/install/bot_description/share/bot_description/launch/__pycache__
[2.458s] -- Up-to-date: /home/rose/pi4b_ros2/car_ws/install/bot_description/share/bot_description/launch/__pycache__/display_robot.launch.cpython-310.pyc
[2.464s] -- Up-to-date: /home/rose/pi4b_ros2/car_ws/install/bot_description/share/bot_description/launch/lsn10_net_launch.py
[2.468s] -- Up-to-date: /home/rose/pi4b_ros2/car_ws/install/bot_description/share/bot_description/launch/backpack_2d.launch.py
[2.471s] -- Up-to-date: /home/rose/pi4b_ros2/car_ws/install/bot_description/share/bot_description/urdf
[2.498s] -- Up-to-date: /home/rose/pi4b_ros2/car_ws/install/bot_description/share/bot_description/urdf/sensors
[2.499s] -- Up-to-date: /home/rose/pi4b_ros2/car_ws/install/bot_description/share/bot_description/urdf/sensors/imu.urdf.xacro
[2.500s] -- Up-to-date: /home/rose/pi4b_ros2/car_ws/install/bot_description/share/bot_description/urdf/sensors/generic_laser.urdf.xacro
[2.500s] -- Up-to-date: /home/rose/pi4b_ros2/car_ws/install/bot_description/share/bot_description/urdf/sensors/laser.urdf.xacro
[2.501s] -- Up-to-date: /home/rose/pi4b_ros2/car_ws/install/bot_description/share/bot_description/urdf/sensors/depth_sensor.urdf.xacro
[2.501s] -- Up-to-date: /home/rose/pi4b_ros2/car_ws/install/bot_description/share/bot_description/urdf/sensors/plugins.urdf.xacro
[2.501s] -- Up-to-date: /home/rose/pi4b_ros2/car_ws/install/bot_description/share/bot_description/urdf/mybot.urdf
[2.502s] -- Up-to-date: /home/rose/pi4b_ros2/car_ws/install/bot_description/share/bot_description/urdf/mech
[2.502s] -- Up-to-date: /home/rose/pi4b_ros2/car_ws/install/bot_description/share/bot_description/urdf/mech/base.urdf.xacro
[2.503s] -- Up-to-date: /home/rose/pi4b_ros2/car_ws/install/bot_description/share/bot_description/urdf/mech/wheel.urdf.xacro
[2.517s] -- Up-to-date: /home/rose/pi4b_ros2/car_ws/install/bot_description/share/bot_description/urdf/controllers
[2.519s] -- Up-to-date: /home/rose/pi4b_ros2/car_ws/install/bot_description/share/bot_description/urdf/controllers/skid_steer.urdf.xacro
[2.520s] -- Up-to-date: /home/rose/pi4b_ros2/car_ws/install/bot_description/share/bot_description/urdf/4wd.urdf.xacro
[2.522s] -- Up-to-date: /home/rose/pi4b_ros2/car_ws/install/bot_description/share/bot_description/urdf/properties
[2.522s] -- Up-to-date: /home/rose/pi4b_ros2/car_ws/install/bot_description/share/bot_description/urdf/properties/4wd_properties.urdf.xacro
[2.523s] -- Up-to-date: /home/rose/pi4b_ros2/car_ws/install/bot_description/share/bot_description/urdf/mybot.xacro
[2.523s] -- Up-to-date: /home/rose/pi4b_ros2/car_ws/install/bot_description/share/bot_description/rviz
[2.524s] -- Up-to-date: /home/rose/pi4b_ros2/car_ws/install/bot_description/share/bot_description/rviz/rviz.rviz
[2.524s] -- Up-to-date: /home/rose/pi4b_ros2/car_ws/install/bot_description/share/bot_description/config
[2.525s] -- Up-to-date: /home/rose/pi4b_ros2/car_ws/install/bot_description/share/bot_description/config/ekf.yaml
[2.525s] -- Up-to-date: /home/rose/pi4b_ros2/car_ws/install/bot_description/share/bot_description/config/my_robot.lua
[2.526s] -- Up-to-date: /home/rose/pi4b_ros2/car_ws/install/bot_description/share/ament_index/resource_index/package_run_dependencies/bot_description
[2.527s] -- Up-to-date: /home/rose/pi4b_ros2/car_ws/install/bot_description/share/ament_index/resource_index/parent_prefix_path/bot_description
[2.528s] -- Up-to-date: /home/rose/pi4b_ros2/car_ws/install/bot_description/share/bot_description/environment/ament_prefix_path.sh
[2.528s] -- Up-to-date: /home/rose/pi4b_ros2/car_ws/install/bot_description/share/bot_description/environment/ament_prefix_path.dsv
[2.529s] -- Up-to-date: /home/rose/pi4b_ros2/car_ws/install/bot_description/share/bot_description/environment/path.sh
[2.529s] -- Up-to-date: /home/rose/pi4b_ros2/car_ws/install/bot_description/share/bot_description/environment/path.dsv
[2.530s] -- Up-to-date: /home/rose/pi4b_ros2/car_ws/install/bot_description/share/bot_description/local_setup.bash
[2.531s] -- Up-to-date: /home/rose/pi4b_ros2/car_ws/install/bot_description/share/bot_description/local_setup.sh
[2.531s] -- Up-to-date: /home/rose/pi4b_ros2/car_ws/install/bot_description/share/bot_description/local_setup.zsh
[2.547s] -- Up-to-date: /home/rose/pi4b_ros2/car_ws/install/bot_description/share/bot_description/local_setup.dsv
[2.548s] -- Installing: /home/rose/pi4b_ros2/car_ws/install/bot_description/share/bot_description/package.dsv
[2.548s] -- Up-to-date: /home/rose/pi4b_ros2/car_ws/install/bot_description/share/ament_index/resource_index/packages/bot_description
[2.549s] -- Up-to-date: /home/rose/pi4b_ros2/car_ws/install/bot_description/share/bot_description/cmake/bot_descriptionConfig.cmake
[2.549s] -- Up-to-date: /home/rose/pi4b_ros2/car_ws/install/bot_description/share/bot_description/cmake/bot_descriptionConfig-version.cmake
[2.550s] -- Up-to-date: /home/rose/pi4b_ros2/car_ws/install/bot_description/share/bot_description/package.xml
[2.551s] Invoked command in '/home/rose/pi4b_ros2/car_ws/build/bot_description' returned '0': CMAKE_PREFIX_PATH=/opt/ros/humble /usr/bin/cmake --install /home/rose/pi4b_ros2/car_ws/build/bot_description
