[0.229s] Invoking command in '/home/rose/pi4b_ros2/car_ws/build/lslidar_msgs': CMAKE_PREFIX_PATH=${CMAKE_PREFIX_PATH}:/home/rose/pi4b_ros2/car_ws/install/yolo_counting_pkg:/home/rose/pi4b_ros2/car_ws/install/test_control_pkg:/home/rose/pi4b_ros2/car_ws/install/bot_application:/opt/ros/humble /usr/bin/cmake --build /home/rose/pi4b_ros2/car_ws/build/lslidar_msgs -- -j4 -l4
[2.033s] [  1%] Built target lslidar_msgs__cpp
[2.034s] [  1%] Built target ament_cmake_python_copy_lslidar_msgs
[2.034s] [ 12%] Built target lslidar_msgs__rosidl_typesupport_fastrtps_cpp
[2.034s] [ 23%] Built target lslidar_msgs__rosidl_typesupport_introspection_cpp
[3.216s] running egg_info
[3.413s] writing lslidar_msgs.egg-info/PKG-INFO
[3.414s] writing dependency_links to lslidar_msgs.egg-info/dependency_links.txt
[3.415s] writing top-level names to lslidar_msgs.egg-info/top_level.txt
[3.976s] reading manifest file 'lslidar_msgs.egg-info/SOURCES.txt'
[3.987s] writing manifest file 'lslidar_msgs.egg-info/SOURCES.txt'
[4.241s] [ 23%] Built target ament_cmake_python_build_lslidar_msgs_egg
[4.421s] [ 34%] Built target lslidar_msgs__rosidl_typesupport_cpp
[4.609s] [ 46%] Built target lslidar_msgs__rosidl_generator_c
[4.818s] [ 57%] Built target lslidar_msgs__rosidl_typesupport_fastrtps_c
[4.992s] [ 68%] Built target lslidar_msgs__rosidl_typesupport_c
[5.163s] [ 79%] Built target lslidar_msgs__rosidl_typesupport_introspection_c
[5.295s] [ 79%] Built target lslidar_msgs
[5.437s] [ 80%] Built target lslidar_msgs__py
[5.670s] [ 90%] Built target lslidar_msgs__rosidl_generator_py
[5.855s] [ 93%] Built target lslidar_msgs__rosidl_typesupport_fastrtps_c__pyext
[5.874s] gmake[1]: *** wait: 没有子进程。 停止。
[5.875s] gmake[1]: *** 正在等待未完成的任务....
[5.888s] gmake[1]: *** wait: 没有子进程。 停止。
[5.902s] gmake: *** [Makefile:146：all] 错误 2
