[3.146s] Invoking command in '/home/rose/pi4b_ros2/car_ws/build/ros2_laser_scan_matcher': CMAKE_PREFIX_PATH=/home/rose/pi4b_ros2/car_ws/install/csm:/home/rose/pi4b_ros2/car_ws/install/ros2_laser_scan_matcher:/home/rose/pi4b_ros2/car_ws/install/lslidar_driver:/home/rose/pi4b_ros2/car_ws/install/lslidar_msgs:/home/rose/pi4b_ros2/car_ws/install/bot_description:/home/rose/pi4b_ros2/car_ws/install/yolo_counting_pkg:/home/rose/pi4b_ros2/car_ws/install/test_control_pkg:/opt/ros/humble LD_LIBRARY_PATH=/home/rose/pi4b_ros2/car_ws/install/csm/lib:/home/rose/pi4b_ros2/car_ws/install/lslidar_msgs/lib:/opt/ros/humble/opt/rviz_ogre_vendor/lib:/opt/ros/humble/lib/aarch64-linux-gnu:/opt/ros/humble/lib /usr/bin/cmake --build /home/rose/pi4b_ros2/car_ws/build/ros2_laser_scan_matcher -- -j4 -l4
[3.999s] [100%] Built target laser_scan_matcher
[4.187s] Invoked command in '/home/rose/pi4b_ros2/car_ws/build/ros2_laser_scan_matcher' returned '0': CMAKE_PREFIX_PATH=/home/rose/pi4b_ros2/car_ws/install/csm:/home/rose/pi4b_ros2/car_ws/install/ros2_laser_scan_matcher:/home/rose/pi4b_ros2/car_ws/install/lslidar_driver:/home/rose/pi4b_ros2/car_ws/install/lslidar_msgs:/home/rose/pi4b_ros2/car_ws/install/bot_description:/home/rose/pi4b_ros2/car_ws/install/yolo_counting_pkg:/home/rose/pi4b_ros2/car_ws/install/test_control_pkg:/opt/ros/humble LD_LIBRARY_PATH=/home/rose/pi4b_ros2/car_ws/install/csm/lib:/home/rose/pi4b_ros2/car_ws/install/lslidar_msgs/lib:/opt/ros/humble/opt/rviz_ogre_vendor/lib:/opt/ros/humble/lib/aarch64-linux-gnu:/opt/ros/humble/lib /usr/bin/cmake --build /home/rose/pi4b_ros2/car_ws/build/ros2_laser_scan_matcher -- -j4 -l4
[4.229s] Invoking command in '/home/rose/pi4b_ros2/car_ws/build/ros2_laser_scan_matcher': CMAKE_PREFIX_PATH=/home/rose/pi4b_ros2/car_ws/install/csm:/home/rose/pi4b_ros2/car_ws/install/ros2_laser_scan_matcher:/home/rose/pi4b_ros2/car_ws/install/lslidar_driver:/home/rose/pi4b_ros2/car_ws/install/lslidar_msgs:/home/rose/pi4b_ros2/car_ws/install/bot_description:/home/rose/pi4b_ros2/car_ws/install/yolo_counting_pkg:/home/rose/pi4b_ros2/car_ws/install/test_control_pkg:/opt/ros/humble LD_LIBRARY_PATH=/home/rose/pi4b_ros2/car_ws/install/csm/lib:/home/rose/pi4b_ros2/car_ws/install/lslidar_msgs/lib:/opt/ros/humble/opt/rviz_ogre_vendor/lib:/opt/ros/humble/lib/aarch64-linux-gnu:/opt/ros/humble/lib /usr/bin/cmake --install /home/rose/pi4b_ros2/car_ws/build/ros2_laser_scan_matcher
[4.478s] -- Install configuration: ""
[4.479s] -- Up-to-date: /home/rose/pi4b_ros2/car_ws/install/ros2_laser_scan_matcher/lib/ros2_laser_scan_matcher/laser_scan_matcher
[4.480s] -- Up-to-date: /home/rose/pi4b_ros2/car_ws/install/ros2_laser_scan_matcher/share/ament_index/resource_index/package_run_dependencies/ros2_laser_scan_matcher
[4.538s] -- Up-to-date: /home/rose/pi4b_ros2/car_ws/install/ros2_laser_scan_matcher/share/ament_index/resource_index/parent_prefix_path/ros2_laser_scan_matcher
[4.539s] -- Up-to-date: /home/rose/pi4b_ros2/car_ws/install/ros2_laser_scan_matcher/share/ros2_laser_scan_matcher/environment/ament_prefix_path.sh
[4.556s] -- Up-to-date: /home/rose/pi4b_ros2/car_ws/install/ros2_laser_scan_matcher/share/ros2_laser_scan_matcher/environment/ament_prefix_path.dsv
[4.558s] -- Up-to-date: /home/rose/pi4b_ros2/car_ws/install/ros2_laser_scan_matcher/share/ros2_laser_scan_matcher/environment/path.sh
[4.572s] -- Up-to-date: /home/rose/pi4b_ros2/car_ws/install/ros2_laser_scan_matcher/share/ros2_laser_scan_matcher/environment/path.dsv
[4.590s] -- Up-to-date: /home/rose/pi4b_ros2/car_ws/install/ros2_laser_scan_matcher/share/ros2_laser_scan_matcher/local_setup.bash
[4.602s] -- Up-to-date: /home/rose/pi4b_ros2/car_ws/install/ros2_laser_scan_matcher/share/ros2_laser_scan_matcher/local_setup.sh
[4.603s] -- Up-to-date: /home/rose/pi4b_ros2/car_ws/install/ros2_laser_scan_matcher/share/ros2_laser_scan_matcher/local_setup.zsh
[4.619s] -- Up-to-date: /home/rose/pi4b_ros2/car_ws/install/ros2_laser_scan_matcher/share/ros2_laser_scan_matcher/local_setup.dsv
[4.621s] -- Installing: /home/rose/pi4b_ros2/car_ws/install/ros2_laser_scan_matcher/share/ros2_laser_scan_matcher/package.dsv
[4.622s] -- Up-to-date: /home/rose/pi4b_ros2/car_ws/install/ros2_laser_scan_matcher/share/ament_index/resource_index/packages/ros2_laser_scan_matcher
[4.623s] -- Up-to-date: /home/rose/pi4b_ros2/car_ws/install/ros2_laser_scan_matcher/share/ros2_laser_scan_matcher/cmake/ros2_laser_scan_matcherConfig.cmake
[4.625s] -- Up-to-date: /home/rose/pi4b_ros2/car_ws/install/ros2_laser_scan_matcher/share/ros2_laser_scan_matcher/cmake/ros2_laser_scan_matcherConfig-version.cmake
[4.632s] -- Up-to-date: /home/rose/pi4b_ros2/car_ws/install/ros2_laser_scan_matcher/share/ros2_laser_scan_matcher/package.xml
[4.633s] Invoked command in '/home/rose/pi4b_ros2/car_ws/build/ros2_laser_scan_matcher' returned '0': CMAKE_PREFIX_PATH=/home/rose/pi4b_ros2/car_ws/install/csm:/home/rose/pi4b_ros2/car_ws/install/ros2_laser_scan_matcher:/home/rose/pi4b_ros2/car_ws/install/lslidar_driver:/home/rose/pi4b_ros2/car_ws/install/lslidar_msgs:/home/rose/pi4b_ros2/car_ws/install/bot_description:/home/rose/pi4b_ros2/car_ws/install/yolo_counting_pkg:/home/rose/pi4b_ros2/car_ws/install/test_control_pkg:/opt/ros/humble LD_LIBRARY_PATH=/home/rose/pi4b_ros2/car_ws/install/csm/lib:/home/rose/pi4b_ros2/car_ws/install/lslidar_msgs/lib:/opt/ros/humble/opt/rviz_ogre_vendor/lib:/opt/ros/humble/lib/aarch64-linux-gnu:/opt/ros/humble/lib /usr/bin/cmake --install /home/rose/pi4b_ros2/car_ws/build/ros2_laser_scan_matcher
