[0.165s] Invoking command in '/home/rose/pi4b_ros2/car_ws/build/lslidar_msgs': CMAKE_PREFIX_PATH=${CMAKE_PREFIX_PATH}:/home/rose/pi4b_ros2/car_ws/install/yolo_counting_pkg:/home/rose/pi4b_ros2/car_ws/install/test_control_pkg:/opt/ros/humble /usr/bin/cmake --build /home/rose/pi4b_ros2/car_ws/build/lslidar_msgs -- -j4 -l4
[0.873s] [  1%] Built target lslidar_msgs__cpp
[1.007s] [  1%] Built target ament_cmake_python_copy_lslidar_msgs
[1.194s] [ 12%] Built target lslidar_msgs__rosidl_typesupport_fastrtps_cpp
[1.483s] [ 23%] Built target lslidar_msgs__rosidl_typesupport_introspection_cpp
[3.545s] running egg_info
[3.861s] writing lslidar_msgs.egg-info/PKG-INFO
[3.862s] writing dependency_links to lslidar_msgs.egg-info/dependency_links.txt
[3.865s] writing top-level names to lslidar_msgs.egg-info/top_level.txt
[4.510s] reading manifest file 'lslidar_msgs.egg-info/SOURCES.txt'
[4.520s] writing manifest file 'lslidar_msgs.egg-info/SOURCES.txt'
[4.744s] [ 23%] Built target ament_cmake_python_build_lslidar_msgs_egg
[4.914s] [ 34%] Built target lslidar_msgs__rosidl_typesupport_cpp
[5.068s] [ 46%] Built target lslidar_msgs__rosidl_generator_c
[5.237s] [ 57%] Built target lslidar_msgs__rosidl_typesupport_fastrtps_c
[5.391s] [ 68%] Built target lslidar_msgs__rosidl_typesupport_c
[5.534s] [ 79%] Built target lslidar_msgs__rosidl_typesupport_introspection_c
[5.722s] [ 79%] Built target lslidar_msgs
[5.864s] [ 80%] Built target lslidar_msgs__py
[6.021s] [ 90%] Built target lslidar_msgs__rosidl_generator_py
[6.222s] [ 93%] Built target lslidar_msgs__rosidl_typesupport_fastrtps_c__pyext
[6.520s] [ 96%] Built target lslidar_msgs__rosidl_typesupport_c__pyext
[6.699s] [100%] Built target lslidar_msgs__rosidl_typesupport_introspection_c__pyext
[6.867s] Invoked command in '/home/rose/pi4b_ros2/car_ws/build/lslidar_msgs' returned '0': CMAKE_PREFIX_PATH=${CMAKE_PREFIX_PATH}:/home/rose/pi4b_ros2/car_ws/install/yolo_counting_pkg:/home/rose/pi4b_ros2/car_ws/install/test_control_pkg:/opt/ros/humble /usr/bin/cmake --build /home/rose/pi4b_ros2/car_ws/build/lslidar_msgs -- -j4 -l4
[6.900s] Invoking command in '/home/rose/pi4b_ros2/car_ws/build/lslidar_msgs': CMAKE_PREFIX_PATH=${CMAKE_PREFIX_PATH}:/home/rose/pi4b_ros2/car_ws/install/yolo_counting_pkg:/home/rose/pi4b_ros2/car_ws/install/test_control_pkg:/opt/ros/humble /usr/bin/cmake --install /home/rose/pi4b_ros2/car_ws/build/lslidar_msgs
[7.009s] -- Install configuration: "Release"
[7.016s] -- Up-to-date: /home/rose/pi4b_ros2/car_ws/install/lslidar_msgs/share/ament_index/resource_index/rosidl_interfaces/lslidar_msgs
[7.033s] -- Up-to-date: /home/rose/pi4b_ros2/car_ws/install/lslidar_msgs/include/lslidar_msgs/lslidar_msgs
[7.036s] -- Up-to-date: /home/rose/pi4b_ros2/car_ws/install/lslidar_msgs/include/lslidar_msgs/lslidar_msgs/msg
[7.036s] -- Up-to-date: /home/rose/pi4b_ros2/car_ws/install/lslidar_msgs/include/lslidar_msgs/lslidar_msgs/msg/lslidar_point.h
[7.037s] -- Up-to-date: /home/rose/pi4b_ros2/car_ws/install/lslidar_msgs/include/lslidar_msgs/lslidar_msgs/msg/rosidl_generator_c__visibility_control.h
[7.037s] -- Up-to-date: /home/rose/pi4b_ros2/car_ws/install/lslidar_msgs/include/lslidar_msgs/lslidar_msgs/msg/lslidar_sweep.h
[7.038s] -- Up-to-date: /home/rose/pi4b_ros2/car_ws/install/lslidar_msgs/include/lslidar_msgs/lslidar_msgs/msg/lslidar_difop.h
[7.038s] -- Up-to-date: /home/rose/pi4b_ros2/car_ws/install/lslidar_msgs/include/lslidar_msgs/lslidar_msgs/msg/lslidar_scan.h
[7.039s] -- Up-to-date: /home/rose/pi4b_ros2/car_ws/install/lslidar_msgs/include/lslidar_msgs/lslidar_msgs/msg/detail
[7.040s] -- Up-to-date: /home/rose/pi4b_ros2/car_ws/install/lslidar_msgs/include/lslidar_msgs/lslidar_msgs/msg/detail/lslidar_packet__type_support.h
[7.057s] -- Up-to-date: /home/rose/pi4b_ros2/car_ws/install/lslidar_msgs/include/lslidar_msgs/lslidar_msgs/msg/detail/lslidar_scan__struct.h
[7.057s] -- Up-to-date: /home/rose/pi4b_ros2/car_ws/install/lslidar_msgs/include/lslidar_msgs/lslidar_msgs/msg/detail/lslidar_sweep__functions.c
[7.058s] -- Up-to-date: /home/rose/pi4b_ros2/car_ws/install/lslidar_msgs/include/lslidar_msgs/lslidar_msgs/msg/detail/lslidar_sweep__type_support.h
[7.058s] -- Up-to-date: /home/rose/pi4b_ros2/car_ws/install/lslidar_msgs/include/lslidar_msgs/lslidar_msgs/msg/detail/lslidar_difop__functions.c
[7.059s] -- Up-to-date: /home/rose/pi4b_ros2/car_ws/install/lslidar_msgs/include/lslidar_msgs/lslidar_msgs/msg/detail/lslidar_packet__struct.h
[7.059s] -- Up-to-date: /home/rose/pi4b_ros2/car_ws/install/lslidar_msgs/include/lslidar_msgs/lslidar_msgs/msg/detail/lslidar_packet__functions.c
[7.060s] -- Up-to-date: /home/rose/pi4b_ros2/car_ws/install/lslidar_msgs/include/lslidar_msgs/lslidar_msgs/msg/detail/lslidar_sweep__functions.h
[7.060s] -- Up-to-date: /home/rose/pi4b_ros2/car_ws/install/lslidar_msgs/include/lslidar_msgs/lslidar_msgs/msg/detail/lslidar_difop__functions.h
[7.061s] -- Up-to-date: /home/rose/pi4b_ros2/car_ws/install/lslidar_msgs/include/lslidar_msgs/lslidar_msgs/msg/detail/lslidar_point__functions.c
[7.061s] -- Up-to-date: /home/rose/pi4b_ros2/car_ws/install/lslidar_msgs/include/lslidar_msgs/lslidar_msgs/msg/detail/lslidar_sweep__struct.h
[7.062s] -- Up-to-date: /home/rose/pi4b_ros2/car_ws/install/lslidar_msgs/include/lslidar_msgs/lslidar_msgs/msg/detail/lslidar_scan__functions.h
[7.062s] -- Up-to-date: /home/rose/pi4b_ros2/car_ws/install/lslidar_msgs/include/lslidar_msgs/lslidar_msgs/msg/detail/lslidar_point__type_support.h
[7.091s] -- Up-to-date: /home/rose/pi4b_ros2/car_ws/install/lslidar_msgs/include/lslidar_msgs/lslidar_msgs/msg/detail/lslidar_packet__functions.h
[7.091s] -- Up-to-date: /home/rose/pi4b_ros2/car_ws/install/lslidar_msgs/include/lslidar_msgs/lslidar_msgs/msg/detail/lslidar_difop__type_support.h
[7.092s] -- Up-to-date: /home/rose/pi4b_ros2/car_ws/install/lslidar_msgs/include/lslidar_msgs/lslidar_msgs/msg/detail/lslidar_difop__struct.h
[7.092s] -- Up-to-date: /home/rose/pi4b_ros2/car_ws/install/lslidar_msgs/include/lslidar_msgs/lslidar_msgs/msg/detail/lslidar_point__struct.h
[7.093s] -- Up-to-date: /home/rose/pi4b_ros2/car_ws/install/lslidar_msgs/include/lslidar_msgs/lslidar_msgs/msg/detail/lslidar_point__functions.h
[7.093s] -- Up-to-date: /home/rose/pi4b_ros2/car_ws/install/lslidar_msgs/include/lslidar_msgs/lslidar_msgs/msg/detail/lslidar_scan__functions.c
[7.094s] -- Up-to-date: /home/rose/pi4b_ros2/car_ws/install/lslidar_msgs/include/lslidar_msgs/lslidar_msgs/msg/detail/lslidar_scan__type_support.h
[7.094s] -- Up-to-date: /home/rose/pi4b_ros2/car_ws/install/lslidar_msgs/include/lslidar_msgs/lslidar_msgs/msg/lslidar_packet.h
[7.095s] -- Up-to-date: /home/rose/pi4b_ros2/car_ws/install/lslidar_msgs/share/lslidar_msgs/environment/library_path.sh
[7.095s] -- Up-to-date: /home/rose/pi4b_ros2/car_ws/install/lslidar_msgs/share/lslidar_msgs/environment/library_path.dsv
[7.095s] -- Up-to-date: /home/rose/pi4b_ros2/car_ws/install/lslidar_msgs/lib/liblslidar_msgs__rosidl_generator_c.so
[7.096s] -- Up-to-date: /home/rose/pi4b_ros2/car_ws/install/lslidar_msgs/include/lslidar_msgs/lslidar_msgs
[7.096s] -- Up-to-date: /home/rose/pi4b_ros2/car_ws/install/lslidar_msgs/include/lslidar_msgs/lslidar_msgs/msg
[7.097s] -- Up-to-date: /home/rose/pi4b_ros2/car_ws/install/lslidar_msgs/include/lslidar_msgs/lslidar_msgs/msg/detail
[7.097s] -- Up-to-date: /home/rose/pi4b_ros2/car_ws/install/lslidar_msgs/include/lslidar_msgs/lslidar_msgs/msg/detail/lslidar_difop__rosidl_typesupport_fastrtps_c.h
[7.098s] -- Up-to-date: /home/rose/pi4b_ros2/car_ws/install/lslidar_msgs/include/lslidar_msgs/lslidar_msgs/msg/detail/lslidar_sweep__rosidl_typesupport_fastrtps_c.h
[7.112s] -- Up-to-date: /home/rose/pi4b_ros2/car_ws/install/lslidar_msgs/include/lslidar_msgs/lslidar_msgs/msg/detail/lslidar_packet__rosidl_typesupport_fastrtps_c.h
[7.113s] -- Up-to-date: /home/rose/pi4b_ros2/car_ws/install/lslidar_msgs/include/lslidar_msgs/lslidar_msgs/msg/detail/lslidar_scan__rosidl_typesupport_fastrtps_c.h
[7.113s] -- Up-to-date: /home/rose/pi4b_ros2/car_ws/install/lslidar_msgs/include/lslidar_msgs/lslidar_msgs/msg/detail/lslidar_point__rosidl_typesupport_fastrtps_c.h
[7.123s] -- Up-to-date: /home/rose/pi4b_ros2/car_ws/install/lslidar_msgs/include/lslidar_msgs/lslidar_msgs/msg/rosidl_typesupport_fastrtps_c__visibility_control.h
[7.124s] -- Up-to-date: /home/rose/pi4b_ros2/car_ws/install/lslidar_msgs/lib/liblslidar_msgs__rosidl_typesupport_fastrtps_c.so
[7.126s] -- Up-to-date: /home/rose/pi4b_ros2/car_ws/install/lslidar_msgs/include/lslidar_msgs/lslidar_msgs
[7.127s] -- Up-to-date: /home/rose/pi4b_ros2/car_ws/install/lslidar_msgs/include/lslidar_msgs/lslidar_msgs/msg
[7.128s] -- Up-to-date: /home/rose/pi4b_ros2/car_ws/install/lslidar_msgs/include/lslidar_msgs/lslidar_msgs/msg/rosidl_generator_cpp__visibility_control.hpp
[7.129s] -- Up-to-date: /home/rose/pi4b_ros2/car_ws/install/lslidar_msgs/include/lslidar_msgs/lslidar_msgs/msg/lslidar_sweep.hpp
[7.142s] -- Up-to-date: /home/rose/pi4b_ros2/car_ws/install/lslidar_msgs/include/lslidar_msgs/lslidar_msgs/msg/lslidar_difop.hpp
[7.152s] -- Up-to-date: /home/rose/pi4b_ros2/car_ws/install/lslidar_msgs/include/lslidar_msgs/lslidar_msgs/msg/detail
[7.153s] -- Up-to-date: /home/rose/pi4b_ros2/car_ws/install/lslidar_msgs/include/lslidar_msgs/lslidar_msgs/msg/detail/lslidar_difop__traits.hpp
[7.153s] -- Up-to-date: /home/rose/pi4b_ros2/car_ws/install/lslidar_msgs/include/lslidar_msgs/lslidar_msgs/msg/detail/lslidar_scan__struct.hpp
[7.154s] -- Up-to-date: /home/rose/pi4b_ros2/car_ws/install/lslidar_msgs/include/lslidar_msgs/lslidar_msgs/msg/detail/lslidar_difop__struct.hpp
[7.154s] -- Up-to-date: /home/rose/pi4b_ros2/car_ws/install/lslidar_msgs/include/lslidar_msgs/lslidar_msgs/msg/detail/lslidar_point__traits.hpp
[7.155s] -- Up-to-date: /home/rose/pi4b_ros2/car_ws/install/lslidar_msgs/include/lslidar_msgs/lslidar_msgs/msg/detail/lslidar_difop__type_support.hpp
[7.155s] -- Up-to-date: /home/rose/pi4b_ros2/car_ws/install/lslidar_msgs/include/lslidar_msgs/lslidar_msgs/msg/detail/lslidar_packet__struct.hpp
[7.156s] -- Up-to-date: /home/rose/pi4b_ros2/car_ws/install/lslidar_msgs/include/lslidar_msgs/lslidar_msgs/msg/detail/lslidar_packet__type_support.hpp
[7.156s] -- Up-to-date: /home/rose/pi4b_ros2/car_ws/install/lslidar_msgs/include/lslidar_msgs/lslidar_msgs/msg/detail/lslidar_sweep__struct.hpp
[7.157s] -- Up-to-date: /home/rose/pi4b_ros2/car_ws/install/lslidar_msgs/include/lslidar_msgs/lslidar_msgs/msg/detail/lslidar_point__builder.hpp
[7.157s] -- Up-to-date: /home/rose/pi4b_ros2/car_ws/install/lslidar_msgs/include/lslidar_msgs/lslidar_msgs/msg/detail/lslidar_scan__type_support.hpp
[7.158s] -- Up-to-date: /home/rose/pi4b_ros2/car_ws/install/lslidar_msgs/include/lslidar_msgs/lslidar_msgs/msg/detail/lslidar_sweep__traits.hpp
[7.158s] -- Up-to-date: /home/rose/pi4b_ros2/car_ws/install/lslidar_msgs/include/lslidar_msgs/lslidar_msgs/msg/detail/lslidar_packet__builder.hpp
[7.180s] -- Up-to-date: /home/rose/pi4b_ros2/car_ws/install/lslidar_msgs/include/lslidar_msgs/lslidar_msgs/msg/detail/lslidar_packet__traits.hpp
[7.181s] -- Up-to-date: /home/rose/pi4b_ros2/car_ws/install/lslidar_msgs/include/lslidar_msgs/lslidar_msgs/msg/detail/lslidar_sweep__type_support.hpp
[7.182s] -- Up-to-date: /home/rose/pi4b_ros2/car_ws/install/lslidar_msgs/include/lslidar_msgs/lslidar_msgs/msg/detail/lslidar_difop__builder.hpp
[7.191s] -- Up-to-date: /home/rose/pi4b_ros2/car_ws/install/lslidar_msgs/include/lslidar_msgs/lslidar_msgs/msg/detail/lslidar_point__struct.hpp
[7.192s] -- Up-to-date: /home/rose/pi4b_ros2/car_ws/install/lslidar_msgs/include/lslidar_msgs/lslidar_msgs/msg/detail/lslidar_scan__builder.hpp
[7.192s] -- Up-to-date: /home/rose/pi4b_ros2/car_ws/install/lslidar_msgs/include/lslidar_msgs/lslidar_msgs/msg/detail/lslidar_scan__traits.hpp
[7.193s] -- Up-to-date: /home/rose/pi4b_ros2/car_ws/install/lslidar_msgs/include/lslidar_msgs/lslidar_msgs/msg/detail/lslidar_sweep__builder.hpp
[7.193s] -- Up-to-date: /home/rose/pi4b_ros2/car_ws/install/lslidar_msgs/include/lslidar_msgs/lslidar_msgs/msg/detail/lslidar_point__type_support.hpp
[7.194s] -- Up-to-date: /home/rose/pi4b_ros2/car_ws/install/lslidar_msgs/include/lslidar_msgs/lslidar_msgs/msg/lslidar_point.hpp
[7.194s] -- Up-to-date: /home/rose/pi4b_ros2/car_ws/install/lslidar_msgs/include/lslidar_msgs/lslidar_msgs/msg/lslidar_packet.hpp
[7.195s] -- Up-to-date: /home/rose/pi4b_ros2/car_ws/install/lslidar_msgs/include/lslidar_msgs/lslidar_msgs/msg/lslidar_scan.hpp
[7.195s] -- Up-to-date: /home/rose/pi4b_ros2/car_ws/install/lslidar_msgs/include/lslidar_msgs/lslidar_msgs
[7.196s] -- Up-to-date: /home/rose/pi4b_ros2/car_ws/install/lslidar_msgs/include/lslidar_msgs/lslidar_msgs/msg
[7.209s] -- Up-to-date: /home/rose/pi4b_ros2/car_ws/install/lslidar_msgs/include/lslidar_msgs/lslidar_msgs/msg/rosidl_typesupport_fastrtps_cpp__visibility_control.h
[7.210s] -- Up-to-date: /home/rose/pi4b_ros2/car_ws/install/lslidar_msgs/include/lslidar_msgs/lslidar_msgs/msg/detail
[7.213s] -- Up-to-date: /home/rose/pi4b_ros2/car_ws/install/lslidar_msgs/include/lslidar_msgs/lslidar_msgs/msg/detail/lslidar_difop__rosidl_typesupport_fastrtps_cpp.hpp
[7.214s] -- Up-to-date: /home/rose/pi4b_ros2/car_ws/install/lslidar_msgs/include/lslidar_msgs/lslidar_msgs/msg/detail/lslidar_point__rosidl_typesupport_fastrtps_cpp.hpp
[7.214s] -- Up-to-date: /home/rose/pi4b_ros2/car_ws/install/lslidar_msgs/include/lslidar_msgs/lslidar_msgs/msg/detail/lslidar_sweep__rosidl_typesupport_fastrtps_cpp.hpp
[7.215s] -- Up-to-date: /home/rose/pi4b_ros2/car_ws/install/lslidar_msgs/include/lslidar_msgs/lslidar_msgs/msg/detail/lslidar_scan__rosidl_typesupport_fastrtps_cpp.hpp
[7.215s] -- Up-to-date: /home/rose/pi4b_ros2/car_ws/install/lslidar_msgs/include/lslidar_msgs/lslidar_msgs/msg/detail/dds_fastrtps
[7.216s] -- Up-to-date: /home/rose/pi4b_ros2/car_ws/install/lslidar_msgs/include/lslidar_msgs/lslidar_msgs/msg/detail/lslidar_packet__rosidl_typesupport_fastrtps_cpp.hpp
[7.227s] -- Up-to-date: /home/rose/pi4b_ros2/car_ws/install/lslidar_msgs/lib/liblslidar_msgs__rosidl_typesupport_fastrtps_cpp.so
[7.235s] -- Up-to-date: /home/rose/pi4b_ros2/car_ws/install/lslidar_msgs/include/lslidar_msgs/lslidar_msgs
[7.257s] -- Up-to-date: /home/rose/pi4b_ros2/car_ws/install/lslidar_msgs/include/lslidar_msgs/lslidar_msgs/msg
[7.356s] -- Up-to-date: /home/rose/pi4b_ros2/car_ws/install/lslidar_msgs/include/lslidar_msgs/lslidar_msgs/msg/detail
[7.377s] -- Up-to-date: /home/rose/pi4b_ros2/car_ws/install/lslidar_msgs/include/lslidar_msgs/lslidar_msgs/msg/detail/lslidar_scan__type_support.c
[7.377s] -- Up-to-date: /home/rose/pi4b_ros2/car_ws/install/lslidar_msgs/include/lslidar_msgs/lslidar_msgs/msg/detail/lslidar_difop__type_support.c
[7.378s] -- Up-to-date: /home/rose/pi4b_ros2/car_ws/install/lslidar_msgs/include/lslidar_msgs/lslidar_msgs/msg/detail/lslidar_sweep__rosidl_typesupport_introspection_c.h
[7.406s] -- Up-to-date: /home/rose/pi4b_ros2/car_ws/install/lslidar_msgs/include/lslidar_msgs/lslidar_msgs/msg/detail/lslidar_scan__rosidl_typesupport_introspection_c.h
[7.415s] -- Up-to-date: /home/rose/pi4b_ros2/car_ws/install/lslidar_msgs/include/lslidar_msgs/lslidar_msgs/msg/detail/lslidar_point__type_support.c
[7.416s] -- Up-to-date: /home/rose/pi4b_ros2/car_ws/install/lslidar_msgs/include/lslidar_msgs/lslidar_msgs/msg/detail/lslidar_packet__type_support.c
[7.455s] -- Up-to-date: /home/rose/pi4b_ros2/car_ws/install/lslidar_msgs/include/lslidar_msgs/lslidar_msgs/msg/detail/lslidar_difop__rosidl_typesupport_introspection_c.h
[7.456s] -- Up-to-date: /home/rose/pi4b_ros2/car_ws/install/lslidar_msgs/include/lslidar_msgs/lslidar_msgs/msg/detail/lslidar_point__rosidl_typesupport_introspection_c.h
[7.456s] -- Up-to-date: /home/rose/pi4b_ros2/car_ws/install/lslidar_msgs/include/lslidar_msgs/lslidar_msgs/msg/detail/lslidar_packet__rosidl_typesupport_introspection_c.h
[7.458s] -- Up-to-date: /home/rose/pi4b_ros2/car_ws/install/lslidar_msgs/include/lslidar_msgs/lslidar_msgs/msg/detail/lslidar_sweep__type_support.c
[7.477s] -- Up-to-date: /home/rose/pi4b_ros2/car_ws/install/lslidar_msgs/include/lslidar_msgs/lslidar_msgs/msg/rosidl_typesupport_introspection_c__visibility_control.h
[7.487s] -- Up-to-date: /home/rose/pi4b_ros2/car_ws/install/lslidar_msgs/lib/liblslidar_msgs__rosidl_typesupport_introspection_c.so
[7.492s] -- Up-to-date: /home/rose/pi4b_ros2/car_ws/install/lslidar_msgs/lib/liblslidar_msgs__rosidl_typesupport_c.so
[7.519s] -- Up-to-date: /home/rose/pi4b_ros2/car_ws/install/lslidar_msgs/include/lslidar_msgs/lslidar_msgs
[7.520s] -- Up-to-date: /home/rose/pi4b_ros2/car_ws/install/lslidar_msgs/include/lslidar_msgs/lslidar_msgs/msg
[7.520s] -- Up-to-date: /home/rose/pi4b_ros2/car_ws/install/lslidar_msgs/include/lslidar_msgs/lslidar_msgs/msg/detail
[7.521s] -- Up-to-date: /home/rose/pi4b_ros2/car_ws/install/lslidar_msgs/include/lslidar_msgs/lslidar_msgs/msg/detail/lslidar_packet__rosidl_typesupport_introspection_cpp.hpp
[7.522s] -- Up-to-date: /home/rose/pi4b_ros2/car_ws/install/lslidar_msgs/include/lslidar_msgs/lslidar_msgs/msg/detail/lslidar_difop__type_support.cpp
[7.528s] -- Up-to-date: /home/rose/pi4b_ros2/car_ws/install/lslidar_msgs/include/lslidar_msgs/lslidar_msgs/msg/detail/lslidar_packet__type_support.cpp
[7.529s] -- Up-to-date: /home/rose/pi4b_ros2/car_ws/install/lslidar_msgs/include/lslidar_msgs/lslidar_msgs/msg/detail/lslidar_point__type_support.cpp
[7.530s] -- Up-to-date: /home/rose/pi4b_ros2/car_ws/install/lslidar_msgs/include/lslidar_msgs/lslidar_msgs/msg/detail/lslidar_difop__rosidl_typesupport_introspection_cpp.hpp
[7.530s] -- Up-to-date: /home/rose/pi4b_ros2/car_ws/install/lslidar_msgs/include/lslidar_msgs/lslidar_msgs/msg/detail/lslidar_point__rosidl_typesupport_introspection_cpp.hpp
[7.540s] -- Up-to-date: /home/rose/pi4b_ros2/car_ws/install/lslidar_msgs/include/lslidar_msgs/lslidar_msgs/msg/detail/lslidar_scan__type_support.cpp
[7.541s] -- Up-to-date: /home/rose/pi4b_ros2/car_ws/install/lslidar_msgs/include/lslidar_msgs/lslidar_msgs/msg/detail/lslidar_scan__rosidl_typesupport_introspection_cpp.hpp
[7.543s] -- Up-to-date: /home/rose/pi4b_ros2/car_ws/install/lslidar_msgs/include/lslidar_msgs/lslidar_msgs/msg/detail/lslidar_sweep__type_support.cpp
[7.549s] -- Up-to-date: /home/rose/pi4b_ros2/car_ws/install/lslidar_msgs/include/lslidar_msgs/lslidar_msgs/msg/detail/lslidar_sweep__rosidl_typesupport_introspection_cpp.hpp
[7.550s] -- Up-to-date: /home/rose/pi4b_ros2/car_ws/install/lslidar_msgs/lib/liblslidar_msgs__rosidl_typesupport_introspection_cpp.so
[7.550s] -- Up-to-date: /home/rose/pi4b_ros2/car_ws/install/lslidar_msgs/lib/liblslidar_msgs__rosidl_typesupport_cpp.so
[7.551s] -- Up-to-date: /home/rose/pi4b_ros2/car_ws/install/lslidar_msgs/share/lslidar_msgs/environment/pythonpath.sh
[7.551s] -- Up-to-date: /home/rose/pi4b_ros2/car_ws/install/lslidar_msgs/share/lslidar_msgs/environment/pythonpath.dsv
[7.575s] -- Up-to-date: /home/rose/pi4b_ros2/car_ws/install/lslidar_msgs/local/lib/python3.10/dist-packages/lslidar_msgs-1.2.0-py3.10.egg-info
[7.576s] -- Installing: /home/rose/pi4b_ros2/car_ws/install/lslidar_msgs/local/lib/python3.10/dist-packages/lslidar_msgs-1.2.0-py3.10.egg-info/PKG-INFO
[7.576s] -- Installing: /home/rose/pi4b_ros2/car_ws/install/lslidar_msgs/local/lib/python3.10/dist-packages/lslidar_msgs-1.2.0-py3.10.egg-info/top_level.txt
[7.581s] -- Installing: /home/rose/pi4b_ros2/car_ws/install/lslidar_msgs/local/lib/python3.10/dist-packages/lslidar_msgs-1.2.0-py3.10.egg-info/dependency_links.txt
[7.582s] -- Installing: /home/rose/pi4b_ros2/car_ws/install/lslidar_msgs/local/lib/python3.10/dist-packages/lslidar_msgs-1.2.0-py3.10.egg-info/SOURCES.txt
[7.582s] -- Up-to-date: /home/rose/pi4b_ros2/car_ws/install/lslidar_msgs/local/lib/python3.10/dist-packages/lslidar_msgs
[7.583s] -- Up-to-date: /home/rose/pi4b_ros2/car_ws/install/lslidar_msgs/local/lib/python3.10/dist-packages/lslidar_msgs/liblslidar_msgs__rosidl_generator_py.so
[7.583s] -- Up-to-date: /home/rose/pi4b_ros2/car_ws/install/lslidar_msgs/local/lib/python3.10/dist-packages/lslidar_msgs/lslidar_msgs_s__rosidl_typesupport_fastrtps_c.cpython-310-aarch64-linux-gnu.so
[7.584s] -- Up-to-date: /home/rose/pi4b_ros2/car_ws/install/lslidar_msgs/local/lib/python3.10/dist-packages/lslidar_msgs/msg
[7.585s] -- Up-to-date: /home/rose/pi4b_ros2/car_ws/install/lslidar_msgs/local/lib/python3.10/dist-packages/lslidar_msgs/msg/_lslidar_packet.py
[7.585s] -- Up-to-date: /home/rose/pi4b_ros2/car_ws/install/lslidar_msgs/local/lib/python3.10/dist-packages/lslidar_msgs/msg/_lslidar_difop.py
[7.586s] -- Up-to-date: /home/rose/pi4b_ros2/car_ws/install/lslidar_msgs/local/lib/python3.10/dist-packages/lslidar_msgs/msg/_lslidar_scan.py
[7.624s] -- Up-to-date: /home/rose/pi4b_ros2/car_ws/install/lslidar_msgs/local/lib/python3.10/dist-packages/lslidar_msgs/msg/__init__.py
[7.631s] -- Up-to-date: /home/rose/pi4b_ros2/car_ws/install/lslidar_msgs/local/lib/python3.10/dist-packages/lslidar_msgs/msg/_lslidar_packet_s.c
[7.639s] -- Up-to-date: /home/rose/pi4b_ros2/car_ws/install/lslidar_msgs/local/lib/python3.10/dist-packages/lslidar_msgs/msg/_lslidar_point.py
[7.639s] -- Up-to-date: /home/rose/pi4b_ros2/car_ws/install/lslidar_msgs/local/lib/python3.10/dist-packages/lslidar_msgs/msg/_lslidar_sweep_s.c
[7.640s] -- Up-to-date: /home/rose/pi4b_ros2/car_ws/install/lslidar_msgs/local/lib/python3.10/dist-packages/lslidar_msgs/msg/_lslidar_difop_s.c
[7.647s] -- Up-to-date: /home/rose/pi4b_ros2/car_ws/install/lslidar_msgs/local/lib/python3.10/dist-packages/lslidar_msgs/msg/_lslidar_point_s.c
[7.659s] -- Up-to-date: /home/rose/pi4b_ros2/car_ws/install/lslidar_msgs/local/lib/python3.10/dist-packages/lslidar_msgs/msg/_lslidar_sweep.py
[7.660s] -- Up-to-date: /home/rose/pi4b_ros2/car_ws/install/lslidar_msgs/local/lib/python3.10/dist-packages/lslidar_msgs/msg/_lslidar_scan_s.c
[7.661s] -- Up-to-date: /home/rose/pi4b_ros2/car_ws/install/lslidar_msgs/local/lib/python3.10/dist-packages/lslidar_msgs/lslidar_msgs_s__rosidl_typesupport_c.cpython-310-aarch64-linux-gnu.so
[7.662s] -- Up-to-date: /home/rose/pi4b_ros2/car_ws/install/lslidar_msgs/local/lib/python3.10/dist-packages/lslidar_msgs/_lslidar_msgs_s.ep.rosidl_typesupport_introspection_c.c
[7.665s] -- Up-to-date: /home/rose/pi4b_ros2/car_ws/install/lslidar_msgs/local/lib/python3.10/dist-packages/lslidar_msgs/_lslidar_msgs_s.ep.rosidl_typesupport_c.c
[7.670s] -- Up-to-date: /home/rose/pi4b_ros2/car_ws/install/lslidar_msgs/local/lib/python3.10/dist-packages/lslidar_msgs/_lslidar_msgs_s.ep.rosidl_typesupport_fastrtps_c.c
[7.699s] -- Up-to-date: /home/rose/pi4b_ros2/car_ws/install/lslidar_msgs/local/lib/python3.10/dist-packages/lslidar_msgs/__init__.py
[7.700s] -- Up-to-date: /home/rose/pi4b_ros2/car_ws/install/lslidar_msgs/local/lib/python3.10/dist-packages/lslidar_msgs/lslidar_msgs_s__rosidl_typesupport_introspection_c.cpython-310-aarch64-linux-gnu.so
[8.037s] Listing '/home/rose/pi4b_ros2/car_ws/install/lslidar_msgs/local/lib/python3.10/dist-packages/lslidar_msgs'...
[8.048s] Listing '/home/rose/pi4b_ros2/car_ws/install/lslidar_msgs/local/lib/python3.10/dist-packages/lslidar_msgs/msg'...
[8.096s] -- Up-to-date: /home/rose/pi4b_ros2/car_ws/install/lslidar_msgs/local/lib/python3.10/dist-packages/lslidar_msgs/lslidar_msgs_s__rosidl_typesupport_fastrtps_c.cpython-310-aarch64-linux-gnu.so
[8.105s] -- Up-to-date: /home/rose/pi4b_ros2/car_ws/install/lslidar_msgs/local/lib/python3.10/dist-packages/lslidar_msgs/lslidar_msgs_s__rosidl_typesupport_introspection_c.cpython-310-aarch64-linux-gnu.so
[8.111s] -- Up-to-date: /home/rose/pi4b_ros2/car_ws/install/lslidar_msgs/local/lib/python3.10/dist-packages/lslidar_msgs/lslidar_msgs_s__rosidl_typesupport_c.cpython-310-aarch64-linux-gnu.so
[8.118s] -- Up-to-date: /home/rose/pi4b_ros2/car_ws/install/lslidar_msgs/lib/liblslidar_msgs__rosidl_generator_py.so
[8.123s] -- Up-to-date: /home/rose/pi4b_ros2/car_ws/install/lslidar_msgs/share/lslidar_msgs/msg/LslidarDifop.idl
[8.126s] -- Up-to-date: /home/rose/pi4b_ros2/car_ws/install/lslidar_msgs/share/lslidar_msgs/msg/LslidarPacket.idl
[8.128s] -- Up-to-date: /home/rose/pi4b_ros2/car_ws/install/lslidar_msgs/share/lslidar_msgs/msg/LslidarPoint.idl
[8.130s] -- Up-to-date: /home/rose/pi4b_ros2/car_ws/install/lslidar_msgs/share/lslidar_msgs/msg/LslidarScan.idl
[8.134s] -- Up-to-date: /home/rose/pi4b_ros2/car_ws/install/lslidar_msgs/share/lslidar_msgs/msg/LslidarSweep.idl
[8.141s] -- Up-to-date: /home/rose/pi4b_ros2/car_ws/install/lslidar_msgs/share/lslidar_msgs/msg/LslidarDifop.msg
[8.145s] -- Up-to-date: /home/rose/pi4b_ros2/car_ws/install/lslidar_msgs/share/lslidar_msgs/msg/LslidarPacket.msg
[8.152s] -- Up-to-date: /home/rose/pi4b_ros2/car_ws/install/lslidar_msgs/share/lslidar_msgs/msg/LslidarPoint.msg
[8.160s] -- Up-to-date: /home/rose/pi4b_ros2/car_ws/install/lslidar_msgs/share/lslidar_msgs/msg/LslidarScan.msg
[8.162s] -- Up-to-date: /home/rose/pi4b_ros2/car_ws/install/lslidar_msgs/share/lslidar_msgs/msg/LslidarSweep.msg
[8.163s] -- Up-to-date: /home/rose/pi4b_ros2/car_ws/install/lslidar_msgs/share/ament_index/resource_index/package_run_dependencies/lslidar_msgs
[8.175s] -- Up-to-date: /home/rose/pi4b_ros2/car_ws/install/lslidar_msgs/share/ament_index/resource_index/parent_prefix_path/lslidar_msgs
[8.176s] -- Up-to-date: /home/rose/pi4b_ros2/car_ws/install/lslidar_msgs/share/lslidar_msgs/environment/ament_prefix_path.sh
[8.176s] -- Up-to-date: /home/rose/pi4b_ros2/car_ws/install/lslidar_msgs/share/lslidar_msgs/environment/ament_prefix_path.dsv
[8.177s] -- Up-to-date: /home/rose/pi4b_ros2/car_ws/install/lslidar_msgs/share/lslidar_msgs/environment/path.sh
[8.186s] -- Up-to-date: /home/rose/pi4b_ros2/car_ws/install/lslidar_msgs/share/lslidar_msgs/environment/path.dsv
[8.186s] -- Up-to-date: /home/rose/pi4b_ros2/car_ws/install/lslidar_msgs/share/lslidar_msgs/local_setup.bash
[8.187s] -- Up-to-date: /home/rose/pi4b_ros2/car_ws/install/lslidar_msgs/share/lslidar_msgs/local_setup.sh
[8.187s] -- Up-to-date: /home/rose/pi4b_ros2/car_ws/install/lslidar_msgs/share/lslidar_msgs/local_setup.zsh
[8.200s] -- Up-to-date: /home/rose/pi4b_ros2/car_ws/install/lslidar_msgs/share/lslidar_msgs/local_setup.dsv
[8.200s] -- Installing: /home/rose/pi4b_ros2/car_ws/install/lslidar_msgs/share/lslidar_msgs/package.dsv
[8.201s] -- Up-to-date: /home/rose/pi4b_ros2/car_ws/install/lslidar_msgs/share/ament_index/resource_index/packages/lslidar_msgs
[8.201s] -- Up-to-date: /home/rose/pi4b_ros2/car_ws/install/lslidar_msgs/share/lslidar_msgs/cmake/export_lslidar_msgs__rosidl_generator_cExport.cmake
[8.215s] -- Up-to-date: /home/rose/pi4b_ros2/car_ws/install/lslidar_msgs/share/lslidar_msgs/cmake/export_lslidar_msgs__rosidl_generator_cExport-release.cmake
[8.215s] -- Up-to-date: /home/rose/pi4b_ros2/car_ws/install/lslidar_msgs/share/lslidar_msgs/cmake/export_lslidar_msgs__rosidl_typesupport_fastrtps_cExport.cmake
[8.217s] -- Up-to-date: /home/rose/pi4b_ros2/car_ws/install/lslidar_msgs/share/lslidar_msgs/cmake/export_lslidar_msgs__rosidl_typesupport_fastrtps_cExport-release.cmake
[8.217s] -- Up-to-date: /home/rose/pi4b_ros2/car_ws/install/lslidar_msgs/share/lslidar_msgs/cmake/export_lslidar_msgs__rosidl_generator_cppExport.cmake
[8.218s] -- Up-to-date: /home/rose/pi4b_ros2/car_ws/install/lslidar_msgs/share/lslidar_msgs/cmake/export_lslidar_msgs__rosidl_typesupport_fastrtps_cppExport.cmake
[8.218s] -- Up-to-date: /home/rose/pi4b_ros2/car_ws/install/lslidar_msgs/share/lslidar_msgs/cmake/export_lslidar_msgs__rosidl_typesupport_fastrtps_cppExport-release.cmake
[8.219s] -- Up-to-date: /home/rose/pi4b_ros2/car_ws/install/lslidar_msgs/share/lslidar_msgs/cmake/lslidar_msgs__rosidl_typesupport_introspection_cExport.cmake
[8.220s] -- Up-to-date: /home/rose/pi4b_ros2/car_ws/install/lslidar_msgs/share/lslidar_msgs/cmake/lslidar_msgs__rosidl_typesupport_introspection_cExport-release.cmake
[8.220s] -- Up-to-date: /home/rose/pi4b_ros2/car_ws/install/lslidar_msgs/share/lslidar_msgs/cmake/lslidar_msgs__rosidl_typesupport_cExport.cmake
[8.221s] -- Up-to-date: /home/rose/pi4b_ros2/car_ws/install/lslidar_msgs/share/lslidar_msgs/cmake/lslidar_msgs__rosidl_typesupport_cExport-release.cmake
[8.231s] -- Up-to-date: /home/rose/pi4b_ros2/car_ws/install/lslidar_msgs/share/lslidar_msgs/cmake/lslidar_msgs__rosidl_typesupport_introspection_cppExport.cmake
[8.232s] -- Up-to-date: /home/rose/pi4b_ros2/car_ws/install/lslidar_msgs/share/lslidar_msgs/cmake/lslidar_msgs__rosidl_typesupport_introspection_cppExport-release.cmake
[8.232s] -- Up-to-date: /home/rose/pi4b_ros2/car_ws/install/lslidar_msgs/share/lslidar_msgs/cmake/lslidar_msgs__rosidl_typesupport_cppExport.cmake
[8.233s] -- Up-to-date: /home/rose/pi4b_ros2/car_ws/install/lslidar_msgs/share/lslidar_msgs/cmake/lslidar_msgs__rosidl_typesupport_cppExport-release.cmake
[8.233s] -- Up-to-date: /home/rose/pi4b_ros2/car_ws/install/lslidar_msgs/share/lslidar_msgs/cmake/export_lslidar_msgs__rosidl_generator_pyExport.cmake
[8.240s] -- Up-to-date: /home/rose/pi4b_ros2/car_ws/install/lslidar_msgs/share/lslidar_msgs/cmake/export_lslidar_msgs__rosidl_generator_pyExport-release.cmake
[8.242s] -- Up-to-date: /home/rose/pi4b_ros2/car_ws/install/lslidar_msgs/share/lslidar_msgs/cmake/rosidl_cmake-extras.cmake
[8.242s] -- Up-to-date: /home/rose/pi4b_ros2/car_ws/install/lslidar_msgs/share/lslidar_msgs/cmake/ament_cmake_export_dependencies-extras.cmake
[8.243s] -- Up-to-date: /home/rose/pi4b_ros2/car_ws/install/lslidar_msgs/share/lslidar_msgs/cmake/ament_cmake_export_include_directories-extras.cmake
[8.243s] -- Up-to-date: /home/rose/pi4b_ros2/car_ws/install/lslidar_msgs/share/lslidar_msgs/cmake/ament_cmake_export_libraries-extras.cmake
[8.251s] -- Up-to-date: /home/rose/pi4b_ros2/car_ws/install/lslidar_msgs/share/lslidar_msgs/cmake/ament_cmake_export_targets-extras.cmake
[8.251s] -- Up-to-date: /home/rose/pi4b_ros2/car_ws/install/lslidar_msgs/share/lslidar_msgs/cmake/rosidl_cmake_export_typesupport_targets-extras.cmake
[8.253s] -- Up-to-date: /home/rose/pi4b_ros2/car_ws/install/lslidar_msgs/share/lslidar_msgs/cmake/rosidl_cmake_export_typesupport_libraries-extras.cmake
[8.253s] -- Up-to-date: /home/rose/pi4b_ros2/car_ws/install/lslidar_msgs/share/lslidar_msgs/cmake/lslidar_msgsConfig.cmake
[8.254s] -- Up-to-date: /home/rose/pi4b_ros2/car_ws/install/lslidar_msgs/share/lslidar_msgs/cmake/lslidar_msgsConfig-version.cmake
[8.254s] -- Up-to-date: /home/rose/pi4b_ros2/car_ws/install/lslidar_msgs/share/lslidar_msgs/package.xml
[8.267s] Invoked command in '/home/rose/pi4b_ros2/car_ws/build/lslidar_msgs' returned '0': CMAKE_PREFIX_PATH=${CMAKE_PREFIX_PATH}:/home/rose/pi4b_ros2/car_ws/install/yolo_counting_pkg:/home/rose/pi4b_ros2/car_ws/install/test_control_pkg:/opt/ros/humble /usr/bin/cmake --install /home/rose/pi4b_ros2/car_ws/build/lslidar_msgs
