[0.058s] Invoking command in '/home/rose/pi4b_ros2/car_ws/build/bot_localization': CMAKE_PREFIX_PATH=/opt/ros/humble /usr/bin/cmake --build /home/rose/pi4b_ros2/car_ws/build/bot_localization -- -j4 -l4
[0.499s] Invoked command in '/home/rose/pi4b_ros2/car_ws/build/bot_localization' returned '0': CMAKE_PREFIX_PATH=/opt/ros/humble /usr/bin/cmake --build /home/rose/pi4b_ros2/car_ws/build/bot_localization -- -j4 -l4
[0.503s] Invoking command in '/home/rose/pi4b_ros2/car_ws/build/bot_localization': CMAKE_PREFIX_PATH=/opt/ros/humble /usr/bin/cmake --install /home/rose/pi4b_ros2/car_ws/build/bot_localization
[0.547s] -- Install configuration: "Release"
[0.551s] -- Up-to-date: /home/rose/pi4b_ros2/car_ws/install/bot_localization/share/bot_localization/launch
[0.555s] -- Up-to-date: /home/rose/pi4b_ros2/car_ws/install/bot_localization/share/bot_localization/launch/localization.launch.py
[0.572s] -- Up-to-date: /home/rose/pi4b_ros2/car_ws/install/bot_localization/share/bot_localization/config
[0.577s] -- Up-to-date: /home/rose/pi4b_ros2/car_ws/install/bot_localization/share/bot_localization/config/ekf.yaml
[0.583s] -- Up-to-date: /home/rose/pi4b_ros2/car_ws/install/bot_localization/share/ament_index/resource_index/package_run_dependencies/bot_localization
[0.588s] -- Up-to-date: /home/rose/pi4b_ros2/car_ws/install/bot_localization/share/ament_index/resource_index/parent_prefix_path/bot_localization
[0.596s] -- Up-to-date: /home/rose/pi4b_ros2/car_ws/install/bot_localization/share/bot_localization/environment/ament_prefix_path.sh
[0.602s] -- Up-to-date: /home/rose/pi4b_ros2/car_ws/install/bot_localization/share/bot_localization/environment/ament_prefix_path.dsv
[0.607s] -- Up-to-date: /home/rose/pi4b_ros2/car_ws/install/bot_localization/share/bot_localization/environment/path.sh
[0.615s] -- Up-to-date: /home/rose/pi4b_ros2/car_ws/install/bot_localization/share/bot_localization/environment/path.dsv
[0.621s] -- Up-to-date: /home/rose/pi4b_ros2/car_ws/install/bot_localization/share/bot_localization/local_setup.bash
[0.622s] -- Up-to-date: /home/rose/pi4b_ros2/car_ws/install/bot_localization/share/bot_localization/local_setup.sh
[0.622s] -- Up-to-date: /home/rose/pi4b_ros2/car_ws/install/bot_localization/share/bot_localization/local_setup.zsh
[0.623s] -- Up-to-date: /home/rose/pi4b_ros2/car_ws/install/bot_localization/share/bot_localization/local_setup.dsv
[0.623s] -- Installing: /home/rose/pi4b_ros2/car_ws/install/bot_localization/share/bot_localization/package.dsv
[0.624s] -- Up-to-date: /home/rose/pi4b_ros2/car_ws/install/bot_localization/share/ament_index/resource_index/packages/bot_localization
[0.628s] -- Up-to-date: /home/rose/pi4b_ros2/car_ws/install/bot_localization/share/bot_localization/cmake/ament_cmake_export_dependencies-extras.cmake
[0.629s] -- Up-to-date: /home/rose/pi4b_ros2/car_ws/install/bot_localization/share/bot_localization/cmake/bot_localizationConfig.cmake
[0.631s] -- Up-to-date: /home/rose/pi4b_ros2/car_ws/install/bot_localization/share/bot_localization/cmake/bot_localizationConfig-version.cmake
[0.632s] -- Up-to-date: /home/rose/pi4b_ros2/car_ws/install/bot_localization/share/bot_localization/package.xml
[0.643s] Invoked command in '/home/rose/pi4b_ros2/car_ws/build/bot_localization' returned '0': CMAKE_PREFIX_PATH=/opt/ros/humble /usr/bin/cmake --install /home/rose/pi4b_ros2/car_ws/build/bot_localization
