[7.866s] Invoking command in '/home/rose/pi4b_ros2/car_ws/src/yolo_counting_pkg': PYTHONPATH=/home/rose/pi4b_ros2/car_ws/build/yolo_counting_pkg/prefix_override:/usr/lib/python3/dist-packages/colcon_core/task/python/colcon_distutils_commands:/home/rose/pi4b_ros2/car_ws/install/yolo_counting_pkg/lib/python3.10/site-packages:${PYTHONPATH} /usr/bin/python3 -W ignore:setup.py install is deprecated -W ignore:easy_install command is deprecated setup.py egg_info --egg-base ../../build/yolo_counting_pkg build --build-base /home/rose/pi4b_ros2/car_ws/build/yolo_counting_pkg/build install --record /home/rose/pi4b_ros2/car_ws/build/yolo_counting_pkg/install.log --single-version-externally-managed install_data
[10.367s] running egg_info
[10.576s] writing ../../build/yolo_counting_pkg/yolo_counting_pkg.egg-info/PKG-INFO
[10.581s] writing dependency_links to ../../build/yolo_counting_pkg/yolo_counting_pkg.egg-info/dependency_links.txt
[10.591s] writing entry points to ../../build/yolo_counting_pkg/yolo_counting_pkg.egg-info/entry_points.txt
[10.605s] writing requirements to ../../build/yolo_counting_pkg/yolo_counting_pkg.egg-info/requires.txt
[10.606s] writing top-level names to ../../build/yolo_counting_pkg/yolo_counting_pkg.egg-info/top_level.txt
[10.971s] reading manifest file '../../build/yolo_counting_pkg/yolo_counting_pkg.egg-info/SOURCES.txt'
[11.000s] adding license file 'LICENSE'
[11.003s] writing manifest file '../../build/yolo_counting_pkg/yolo_counting_pkg.egg-info/SOURCES.txt'
[11.003s] running build
[11.004s] running build_py
[11.004s] copying yolo_counting_pkg/priority_calc.py -> /home/rose/pi4b_ros2/car_ws/build/yolo_counting_pkg/build/lib/yolo_counting_pkg
[11.005s] copying yolo_counting_pkg/__init__.py -> /home/rose/pi4b_ros2/car_ws/build/yolo_counting_pkg/build/lib/yolo_counting_pkg
[11.006s] copying yolo_counting_pkg/yolo_detector.py -> /home/rose/pi4b_ros2/car_ws/build/yolo_counting_pkg/build/lib/yolo_counting_pkg
[11.006s] running install
[11.013s] running install_lib
[11.192s] running install_data
[11.197s] copying resource/yolo_counting_pkg -> /home/rose/pi4b_ros2/car_ws/install/yolo_counting_pkg/share/ament_index/resource_index/packages
[11.199s] copying package.xml -> /home/rose/pi4b_ros2/car_ws/install/yolo_counting_pkg/share/yolo_counting_pkg
[11.201s] copying models/best.onnx -> /home/rose/pi4b_ros2/car_ws/install/yolo_counting_pkg/share/yolo_counting_pkg/models
[11.364s] copying data/vedio/spot1.mp4 -> /home/rose/pi4b_ros2/car_ws/install/yolo_counting_pkg/share/yolo_counting_pkg/data/vedio
[11.765s] copying data/vedio/spot5.mp4 -> /home/rose/pi4b_ros2/car_ws/install/yolo_counting_pkg/share/yolo_counting_pkg/data/vedio
[11.810s] copying data/vedio/spot2.mp4 -> /home/rose/pi4b_ros2/car_ws/install/yolo_counting_pkg/share/yolo_counting_pkg/data/vedio
[12.020s] copying results/scenic_spot_detections.txt -> /home/rose/pi4b_ros2/car_ws/install/yolo_counting_pkg/share/yolo_counting_pkg/results
[12.024s] running install_egg_info
[12.168s] removing '/home/rose/pi4b_ros2/car_ws/install/yolo_counting_pkg/lib/python3.10/site-packages/yolo_counting_pkg-0.0.0-py3.10.egg-info' (and everything under it)
[12.169s] Copying ../../build/yolo_counting_pkg/yolo_counting_pkg.egg-info to /home/rose/pi4b_ros2/car_ws/install/yolo_counting_pkg/lib/python3.10/site-packages/yolo_counting_pkg-0.0.0-py3.10.egg-info
[12.169s] running install_scripts
[12.538s] Installing priority_calc script to /home/rose/pi4b_ros2/car_ws/install/yolo_counting_pkg/lib/yolo_counting_pkg
[12.543s] Installing yolo_detector script to /home/rose/pi4b_ros2/car_ws/install/yolo_counting_pkg/lib/yolo_counting_pkg
[12.551s] writing list of installed files to '/home/rose/pi4b_ros2/car_ws/build/yolo_counting_pkg/install.log'
[12.696s] Invoked command in '/home/rose/pi4b_ros2/car_ws/src/yolo_counting_pkg' returned '0': PYTHONPATH=/home/rose/pi4b_ros2/car_ws/build/yolo_counting_pkg/prefix_override:/usr/lib/python3/dist-packages/colcon_core/task/python/colcon_distutils_commands:/home/rose/pi4b_ros2/car_ws/install/yolo_counting_pkg/lib/python3.10/site-packages:${PYTHONPATH} /usr/bin/python3 -W ignore:setup.py install is deprecated -W ignore:easy_install command is deprecated setup.py egg_info --egg-base ../../build/yolo_counting_pkg build --build-base /home/rose/pi4b_ros2/car_ws/build/yolo_counting_pkg/build install --record /home/rose/pi4b_ros2/car_ws/build/yolo_counting_pkg/install.log --single-version-externally-managed install_data
