[1.204s] [34mcolcon[0m [1;30mDEBUG[0m [32mCommand line arguments: ['/usr/bin/colcon', 'build', '--packages-select', 'bot_application'][0m
[1.205s] [34mcolcon[0m [1;30mDEBUG[0m [32mParsed command line arguments: Namespace(log_base=None, log_level=None, verb_name='build', build_base='build', install_base='install', merge_install=False, symlink_install=False, test_result_base=None, continue_on_error=False, executor='parallel', parallel_workers=4, event_handlers=None, ignore_user_meta=False, metas=['./colcon.meta'], base_paths=['.'], packages_ignore=None, packages_ignore_regex=None, paths=None, packages_up_to=None, packages_up_to_regex=None, packages_above=None, packages_above_and_dependencies=None, packages_above_depth=None, packages_select_by_dep=None, packages_skip_by_dep=None, packages_skip_up_to=None, packages_select_build_failed=False, packages_skip_build_finished=False, packages_select_test_failures=False, packages_skip_test_passed=False, packages_select=['bot_application'], packages_skip=None, packages_select_regex=None, packages_skip_regex=None, packages_start=None, packages_end=None, allow_overriding=[], cmake_args=None, cmake_target=None, cmake_target_skip_unavailable=False, cmake_clean_cache=False, cmake_clean_first=False, cmake_force_configure=False, ament_cmake_args=None, catkin_cmake_args=None, catkin_skip_building_tests=False, verb_parser=<colcon_defaults.argument_parser.defaults.DefaultArgumentsDecorator object at 0xffffaca38820>, verb_extension=<colcon_core.verb.build.BuildVerb object at 0xffffacb3e260>, main=<bound method BuildVerb.main of <colcon_core.verb.build.BuildVerb object at 0xffffacb3e260>>)[0m
[1.648s] [34mcolcon.colcon_core.package_discovery[0m [1;30mLevel 1[0m discover_packages(colcon_meta) check parameters
[1.649s] [34mcolcon.colcon_core.package_discovery[0m [1;30mLevel 1[0m discover_packages(recursive) check parameters
[1.649s] [34mcolcon.colcon_core.package_discovery[0m [1;30mLevel 1[0m discover_packages(ignore) check parameters
[1.650s] [34mcolcon.colcon_core.package_discovery[0m [1;30mLevel 1[0m discover_packages(path) check parameters
[1.650s] [34mcolcon.colcon_core.package_discovery[0m [1;30mLevel 1[0m discover_packages(colcon_meta) discover
[1.651s] [34mcolcon.colcon_core.package_discovery[0m [1;30mLevel 1[0m discover_packages(recursive) discover
[1.652s] [34mcolcon.colcon_core.package_discovery[0m [1;30mINFO[0m Crawling recursively for packages in '/home/rose/pi4b_ros2/car_ws'
[1.653s] [34mcolcon.colcon_core.package_identification[0m [1;30mLevel 1[0m _identify(.) by extensions ['ignore', 'ignore_ament_install']
[1.654s] [34mcolcon.colcon_core.package_identification[0m [1;30mLevel 1[0m _identify(.) by extension 'ignore'
[1.655s] [34mcolcon.colcon_core.package_identification[0m [1;30mLevel 1[0m _identify(.) by extension 'ignore_ament_install'
[1.656s] [34mcolcon.colcon_core.package_identification[0m [1;30mLevel 1[0m _identify(.) by extensions ['colcon_pkg']
[1.656s] [34mcolcon.colcon_core.package_identification[0m [1;30mLevel 1[0m _identify(.) by extension 'colcon_pkg'
[1.657s] [34mcolcon.colcon_core.package_identification[0m [1;30mLevel 1[0m _identify(.) by extensions ['colcon_meta']
[1.658s] [34mcolcon.colcon_core.package_identification[0m [1;30mLevel 1[0m _identify(.) by extension 'colcon_meta'
[1.658s] [34mcolcon.colcon_core.package_identification[0m [1;30mLevel 1[0m _identify(.) by extensions ['ros']
[1.659s] [34mcolcon.colcon_core.package_identification[0m [1;30mLevel 1[0m _identify(.) by extension 'ros'
[1.944s] [34mcolcon.colcon_core.package_identification[0m [1;30mLevel 1[0m _identify(.) by extensions ['cmake', 'python']
[1.945s] [34mcolcon.colcon_core.package_identification[0m [1;30mLevel 1[0m _identify(.) by extension 'cmake'
[1.947s] [34mcolcon.colcon_core.package_identification[0m [1;30mLevel 1[0m _identify(.) by extension 'python'
[1.948s] [34mcolcon.colcon_core.package_identification[0m [1;30mLevel 1[0m _identify(.) by extensions ['python_setup_py']
[1.949s] [34mcolcon.colcon_core.package_identification[0m [1;30mLevel 1[0m _identify(.) by extension 'python_setup_py'
[1.951s] [34mcolcon.colcon_core.package_identification[0m [1;30mLevel 1[0m _identify(build) by extensions ['ignore', 'ignore_ament_install']
[1.953s] [34mcolcon.colcon_core.package_identification[0m [1;30mLevel 1[0m _identify(build) by extension 'ignore'
[1.954s] [34mcolcon.colcon_core.package_identification[0m [1;30mLevel 1[0m _identify(build) ignored
[1.957s] [34mcolcon.colcon_core.package_identification[0m [1;30mLevel 1[0m _identify(install) by extensions ['ignore', 'ignore_ament_install']
[1.959s] [34mcolcon.colcon_core.package_identification[0m [1;30mLevel 1[0m _identify(install) by extension 'ignore'
[1.960s] [34mcolcon.colcon_core.package_identification[0m [1;30mLevel 1[0m _identify(install) ignored
[1.968s] [34mcolcon.colcon_core.package_identification[0m [1;30mLevel 1[0m _identify(log) by extensions ['ignore', 'ignore_ament_install']
[1.969s] [34mcolcon.colcon_core.package_identification[0m [1;30mLevel 1[0m _identify(log) by extension 'ignore'
[1.970s] [34mcolcon.colcon_core.package_identification[0m [1;30mLevel 1[0m _identify(log) ignored
[1.972s] [34mcolcon.colcon_core.package_identification[0m [1;30mLevel 1[0m _identify(logs) by extensions ['ignore', 'ignore_ament_install']
[1.973s] [34mcolcon.colcon_core.package_identification[0m [1;30mLevel 1[0m _identify(logs) by extension 'ignore'
[1.974s] [34mcolcon.colcon_core.package_identification[0m [1;30mLevel 1[0m _identify(logs) by extension 'ignore_ament_install'
[1.975s] [34mcolcon.colcon_core.package_identification[0m [1;30mLevel 1[0m _identify(logs) by extensions ['colcon_pkg']
[1.976s] [34mcolcon.colcon_core.package_identification[0m [1;30mLevel 1[0m _identify(logs) by extension 'colcon_pkg'
[1.977s] [34mcolcon.colcon_core.package_identification[0m [1;30mLevel 1[0m _identify(logs) by extensions ['colcon_meta']
[1.979s] [34mcolcon.colcon_core.package_identification[0m [1;30mLevel 1[0m _identify(logs) by extension 'colcon_meta'
[1.980s] [34mcolcon.colcon_core.package_identification[0m [1;30mLevel 1[0m _identify(logs) by extensions ['ros']
[1.981s] [34mcolcon.colcon_core.package_identification[0m [1;30mLevel 1[0m _identify(logs) by extension 'ros'
[1.983s] [34mcolcon.colcon_core.package_identification[0m [1;30mLevel 1[0m _identify(logs) by extensions ['cmake', 'python']
[1.984s] [34mcolcon.colcon_core.package_identification[0m [1;30mLevel 1[0m _identify(logs) by extension 'cmake'
[1.985s] [34mcolcon.colcon_core.package_identification[0m [1;30mLevel 1[0m _identify(logs) by extension 'python'
[1.986s] [34mcolcon.colcon_core.package_identification[0m [1;30mLevel 1[0m _identify(logs) by extensions ['python_setup_py']
[1.987s] [34mcolcon.colcon_core.package_identification[0m [1;30mLevel 1[0m _identify(logs) by extension 'python_setup_py'
[1.989s] [34mcolcon.colcon_core.package_identification[0m [1;30mLevel 1[0m _identify(src) by extensions ['ignore', 'ignore_ament_install']
[1.990s] [34mcolcon.colcon_core.package_identification[0m [1;30mLevel 1[0m _identify(src) by extension 'ignore'
[1.991s] [34mcolcon.colcon_core.package_identification[0m [1;30mLevel 1[0m _identify(src) by extension 'ignore_ament_install'
[1.992s] [34mcolcon.colcon_core.package_identification[0m [1;30mLevel 1[0m _identify(src) by extensions ['colcon_pkg']
[1.993s] [34mcolcon.colcon_core.package_identification[0m [1;30mLevel 1[0m _identify(src) by extension 'colcon_pkg'
[1.994s] [34mcolcon.colcon_core.package_identification[0m [1;30mLevel 1[0m _identify(src) by extensions ['colcon_meta']
[1.995s] [34mcolcon.colcon_core.package_identification[0m [1;30mLevel 1[0m _identify(src) by extension 'colcon_meta'
[1.997s] [34mcolcon.colcon_core.package_identification[0m [1;30mLevel 1[0m _identify(src) by extensions ['ros']
[1.998s] [34mcolcon.colcon_core.package_identification[0m [1;30mLevel 1[0m _identify(src) by extension 'ros'
[1.999s] [34mcolcon.colcon_core.package_identification[0m [1;30mLevel 1[0m _identify(src) by extensions ['cmake', 'python']
[2.000s] [34mcolcon.colcon_core.package_identification[0m [1;30mLevel 1[0m _identify(src) by extension 'cmake'
[2.001s] [34mcolcon.colcon_core.package_identification[0m [1;30mLevel 1[0m _identify(src) by extension 'python'
[2.002s] [34mcolcon.colcon_core.package_identification[0m [1;30mLevel 1[0m _identify(src) by extensions ['python_setup_py']
[2.003s] [34mcolcon.colcon_core.package_identification[0m [1;30mLevel 1[0m _identify(src) by extension 'python_setup_py'
[2.005s] [34mcolcon.colcon_core.package_identification[0m [1;30mLevel 1[0m _identify(src/LSLIDAR_X_ROS2-20240228) by extensions ['ignore', 'ignore_ament_install']
[2.006s] [34mcolcon.colcon_core.package_identification[0m [1;30mLevel 1[0m _identify(src/LSLIDAR_X_ROS2-20240228) by extension 'ignore'
[2.007s] [34mcolcon.colcon_core.package_identification[0m [1;30mLevel 1[0m _identify(src/LSLIDAR_X_ROS2-20240228) by extension 'ignore_ament_install'
[2.008s] [34mcolcon.colcon_core.package_identification[0m [1;30mLevel 1[0m _identify(src/LSLIDAR_X_ROS2-20240228) by extensions ['colcon_pkg']
[2.009s] [34mcolcon.colcon_core.package_identification[0m [1;30mLevel 1[0m _identify(src/LSLIDAR_X_ROS2-20240228) by extension 'colcon_pkg'
[2.010s] [34mcolcon.colcon_core.package_identification[0m [1;30mLevel 1[0m _identify(src/LSLIDAR_X_ROS2-20240228) by extensions ['colcon_meta']
[2.011s] [34mcolcon.colcon_core.package_identification[0m [1;30mLevel 1[0m _identify(src/LSLIDAR_X_ROS2-20240228) by extension 'colcon_meta'
[2.012s] [34mcolcon.colcon_core.package_identification[0m [1;30mLevel 1[0m _identify(src/LSLIDAR_X_ROS2-20240228) by extensions ['ros']
[2.013s] [34mcolcon.colcon_core.package_identification[0m [1;30mLevel 1[0m _identify(src/LSLIDAR_X_ROS2-20240228) by extension 'ros'
[2.014s] [34mcolcon.colcon_core.package_identification[0m [1;30mLevel 1[0m _identify(src/LSLIDAR_X_ROS2-20240228) by extensions ['cmake', 'python']
[2.015s] [34mcolcon.colcon_core.package_identification[0m [1;30mLevel 1[0m _identify(src/LSLIDAR_X_ROS2-20240228) by extension 'cmake'
[2.016s] [34mcolcon.colcon_core.package_identification[0m [1;30mLevel 1[0m _identify(src/LSLIDAR_X_ROS2-20240228) by extension 'python'
[2.017s] [34mcolcon.colcon_core.package_identification[0m [1;30mLevel 1[0m _identify(src/LSLIDAR_X_ROS2-20240228) by extensions ['python_setup_py']
[2.018s] [34mcolcon.colcon_core.package_identification[0m [1;30mLevel 1[0m _identify(src/LSLIDAR_X_ROS2-20240228) by extension 'python_setup_py'
[2.020s] [34mcolcon.colcon_core.package_identification[0m [1;30mLevel 1[0m _identify(src/LSLIDAR_X_ROS2-20240228/src) by extensions ['ignore', 'ignore_ament_install']
[2.021s] [34mcolcon.colcon_core.package_identification[0m [1;30mLevel 1[0m _identify(src/LSLIDAR_X_ROS2-20240228/src) by extension 'ignore'
[2.022s] [34mcolcon.colcon_core.package_identification[0m [1;30mLevel 1[0m _identify(src/LSLIDAR_X_ROS2-20240228/src) by extension 'ignore_ament_install'
[2.024s] [34mcolcon.colcon_core.package_identification[0m [1;30mLevel 1[0m _identify(src/LSLIDAR_X_ROS2-20240228/src) by extensions ['colcon_pkg']
[2.025s] [34mcolcon.colcon_core.package_identification[0m [1;30mLevel 1[0m _identify(src/LSLIDAR_X_ROS2-20240228/src) by extension 'colcon_pkg'
[2.026s] [34mcolcon.colcon_core.package_identification[0m [1;30mLevel 1[0m _identify(src/LSLIDAR_X_ROS2-20240228/src) by extensions ['colcon_meta']
[2.027s] [34mcolcon.colcon_core.package_identification[0m [1;30mLevel 1[0m _identify(src/LSLIDAR_X_ROS2-20240228/src) by extension 'colcon_meta'
[2.028s] [34mcolcon.colcon_core.package_identification[0m [1;30mLevel 1[0m _identify(src/LSLIDAR_X_ROS2-20240228/src) by extensions ['ros']
[2.029s] [34mcolcon.colcon_core.package_identification[0m [1;30mLevel 1[0m _identify(src/LSLIDAR_X_ROS2-20240228/src) by extension 'ros'
[2.030s] [34mcolcon.colcon_core.package_identification[0m [1;30mLevel 1[0m _identify(src/LSLIDAR_X_ROS2-20240228/src) by extensions ['cmake', 'python']
[2.031s] [34mcolcon.colcon_core.package_identification[0m [1;30mLevel 1[0m _identify(src/LSLIDAR_X_ROS2-20240228/src) by extension 'cmake'
[2.032s] [34mcolcon.colcon_core.package_identification[0m [1;30mLevel 1[0m _identify(src/LSLIDAR_X_ROS2-20240228/src) by extension 'python'
[2.033s] [34mcolcon.colcon_core.package_identification[0m [1;30mLevel 1[0m _identify(src/LSLIDAR_X_ROS2-20240228/src) by extensions ['python_setup_py']
[2.034s] [34mcolcon.colcon_core.package_identification[0m [1;30mLevel 1[0m _identify(src/LSLIDAR_X_ROS2-20240228/src) by extension 'python_setup_py'
[2.036s] [34mcolcon.colcon_core.package_identification[0m [1;30mLevel 1[0m _identify(src/LSLIDAR_X_ROS2-20240228/src/lslidar_driver) by extensions ['ignore', 'ignore_ament_install']
[2.037s] [34mcolcon.colcon_core.package_identification[0m [1;30mLevel 1[0m _identify(src/LSLIDAR_X_ROS2-20240228/src/lslidar_driver) by extension 'ignore'
[2.038s] [34mcolcon.colcon_core.package_identification[0m [1;30mLevel 1[0m _identify(src/LSLIDAR_X_ROS2-20240228/src/lslidar_driver) by extension 'ignore_ament_install'
[2.040s] [34mcolcon.colcon_core.package_identification[0m [1;30mLevel 1[0m _identify(src/LSLIDAR_X_ROS2-20240228/src/lslidar_driver) by extensions ['colcon_pkg']
[2.041s] [34mcolcon.colcon_core.package_identification[0m [1;30mLevel 1[0m _identify(src/LSLIDAR_X_ROS2-20240228/src/lslidar_driver) by extension 'colcon_pkg'
[2.042s] [34mcolcon.colcon_core.package_identification[0m [1;30mLevel 1[0m _identify(src/LSLIDAR_X_ROS2-20240228/src/lslidar_driver) by extensions ['colcon_meta']
[2.043s] [34mcolcon.colcon_core.package_identification[0m [1;30mLevel 1[0m _identify(src/LSLIDAR_X_ROS2-20240228/src/lslidar_driver) by extension 'colcon_meta'
[2.044s] [34mcolcon.colcon_core.package_identification[0m [1;30mLevel 1[0m _identify(src/LSLIDAR_X_ROS2-20240228/src/lslidar_driver) by extensions ['ros']
[2.045s] [34mcolcon.colcon_core.package_identification[0m [1;30mLevel 1[0m _identify(src/LSLIDAR_X_ROS2-20240228/src/lslidar_driver) by extension 'ros'
[2.061s] [34mcolcon.colcon_core.package_identification[0m [1;30mDEBUG[0m [32mPackage 'src/LSLIDAR_X_ROS2-20240228/src/lslidar_driver' with type 'ros.ament_cmake' and name 'lslidar_driver'[0m
[2.063s] [34mcolcon.colcon_core.package_identification[0m [1;30mLevel 1[0m _identify(src/LSLIDAR_X_ROS2-20240228/src/lslidar_msgs) by extensions ['ignore', 'ignore_ament_install']
[2.064s] [34mcolcon.colcon_core.package_identification[0m [1;30mLevel 1[0m _identify(src/LSLIDAR_X_ROS2-20240228/src/lslidar_msgs) by extension 'ignore'
[2.065s] [34mcolcon.colcon_core.package_identification[0m [1;30mLevel 1[0m _identify(src/LSLIDAR_X_ROS2-20240228/src/lslidar_msgs) by extension 'ignore_ament_install'
[2.066s] [34mcolcon.colcon_core.package_identification[0m [1;30mLevel 1[0m _identify(src/LSLIDAR_X_ROS2-20240228/src/lslidar_msgs) by extensions ['colcon_pkg']
[2.067s] [34mcolcon.colcon_core.package_identification[0m [1;30mLevel 1[0m _identify(src/LSLIDAR_X_ROS2-20240228/src/lslidar_msgs) by extension 'colcon_pkg'
[2.069s] [34mcolcon.colcon_core.package_identification[0m [1;30mLevel 1[0m _identify(src/LSLIDAR_X_ROS2-20240228/src/lslidar_msgs) by extensions ['colcon_meta']
[2.069s] [34mcolcon.colcon_core.package_identification[0m [1;30mLevel 1[0m _identify(src/LSLIDAR_X_ROS2-20240228/src/lslidar_msgs) by extension 'colcon_meta'
[2.071s] [34mcolcon.colcon_core.package_identification[0m [1;30mLevel 1[0m _identify(src/LSLIDAR_X_ROS2-20240228/src/lslidar_msgs) by extensions ['ros']
[2.072s] [34mcolcon.colcon_core.package_identification[0m [1;30mLevel 1[0m _identify(src/LSLIDAR_X_ROS2-20240228/src/lslidar_msgs) by extension 'ros'
[2.076s] [34mcolcon.colcon_core.package_identification[0m [1;30mDEBUG[0m [32mPackage 'src/LSLIDAR_X_ROS2-20240228/src/lslidar_msgs' with type 'ros.ament_cmake' and name 'lslidar_msgs'[0m
[2.078s] [34mcolcon.colcon_core.package_identification[0m [1;30mLevel 1[0m _identify(src/bot_application) by extensions ['ignore', 'ignore_ament_install']
[2.079s] [34mcolcon.colcon_core.package_identification[0m [1;30mLevel 1[0m _identify(src/bot_application) by extension 'ignore'
[2.080s] [34mcolcon.colcon_core.package_identification[0m [1;30mLevel 1[0m _identify(src/bot_application) by extension 'ignore_ament_install'
[2.081s] [34mcolcon.colcon_core.package_identification[0m [1;30mLevel 1[0m _identify(src/bot_application) by extensions ['colcon_pkg']
[2.082s] [34mcolcon.colcon_core.package_identification[0m [1;30mLevel 1[0m _identify(src/bot_application) by extension 'colcon_pkg'
[2.083s] [34mcolcon.colcon_core.package_identification[0m [1;30mLevel 1[0m _identify(src/bot_application) by extensions ['colcon_meta']
[2.085s] [34mcolcon.colcon_core.package_identification[0m [1;30mLevel 1[0m _identify(src/bot_application) by extension 'colcon_meta'
[2.086s] [34mcolcon.colcon_core.package_identification[0m [1;30mLevel 1[0m _identify(src/bot_application) by extensions ['ros']
[2.086s] [34mcolcon.colcon_core.package_identification[0m [1;30mLevel 1[0m _identify(src/bot_application) by extension 'ros'
[2.090s] [34mcolcon.colcon_core.package_identification[0m [1;30mDEBUG[0m [32mPackage 'src/bot_application' with type 'ros.ament_python' and name 'bot_application'[0m
[2.092s] [34mcolcon.colcon_core.package_identification[0m [1;30mLevel 1[0m _identify(src/bot_description) by extensions ['ignore', 'ignore_ament_install']
[2.094s] [34mcolcon.colcon_core.package_identification[0m [1;30mLevel 1[0m _identify(src/bot_description) by extension 'ignore'
[2.095s] [34mcolcon.colcon_core.package_identification[0m [1;30mLevel 1[0m _identify(src/bot_description) by extension 'ignore_ament_install'
[2.096s] [34mcolcon.colcon_core.package_identification[0m [1;30mLevel 1[0m _identify(src/bot_description) by extensions ['colcon_pkg']
[2.097s] [34mcolcon.colcon_core.package_identification[0m [1;30mLevel 1[0m _identify(src/bot_description) by extension 'colcon_pkg'
[2.098s] [34mcolcon.colcon_core.package_identification[0m [1;30mLevel 1[0m _identify(src/bot_description) by extensions ['colcon_meta']
[2.098s] [34mcolcon.colcon_core.package_identification[0m [1;30mLevel 1[0m _identify(src/bot_description) by extension 'colcon_meta'
[2.099s] [34mcolcon.colcon_core.package_identification[0m [1;30mLevel 1[0m _identify(src/bot_description) by extensions ['ros']
[2.100s] [34mcolcon.colcon_core.package_identification[0m [1;30mLevel 1[0m _identify(src/bot_description) by extension 'ros'
[2.104s] [34mcolcon.colcon_core.package_identification[0m [1;30mDEBUG[0m [32mPackage 'src/bot_description' with type 'ros.ament_cmake' and name 'bot_description'[0m
[2.105s] [34mcolcon.colcon_core.package_identification[0m [1;30mLevel 1[0m _identify(src/bot_localization) by extensions ['ignore', 'ignore_ament_install']
[2.106s] [34mcolcon.colcon_core.package_identification[0m [1;30mLevel 1[0m _identify(src/bot_localization) by extension 'ignore'
[2.106s] [34mcolcon.colcon_core.package_identification[0m [1;30mLevel 1[0m _identify(src/bot_localization) by extension 'ignore_ament_install'
[2.107s] [34mcolcon.colcon_core.package_identification[0m [1;30mLevel 1[0m _identify(src/bot_localization) by extensions ['colcon_pkg']
[2.108s] [34mcolcon.colcon_core.package_identification[0m [1;30mLevel 1[0m _identify(src/bot_localization) by extension 'colcon_pkg'
[2.108s] [34mcolcon.colcon_core.package_identification[0m [1;30mLevel 1[0m _identify(src/bot_localization) by extensions ['colcon_meta']
[2.108s] [34mcolcon.colcon_core.package_identification[0m [1;30mLevel 1[0m _identify(src/bot_localization) by extension 'colcon_meta'
[2.109s] [34mcolcon.colcon_core.package_identification[0m [1;30mLevel 1[0m _identify(src/bot_localization) by extensions ['ros']
[2.109s] [34mcolcon.colcon_core.package_identification[0m [1;30mLevel 1[0m _identify(src/bot_localization) by extension 'ros'
[2.114s] [34mcolcon.colcon_core.package_identification[0m [1;30mDEBUG[0m [32mPackage 'src/bot_localization' with type 'ros.ament_cmake' and name 'bot_localization'[0m
[2.115s] [34mcolcon.colcon_core.package_identification[0m [1;30mLevel 1[0m _identify(src/bot_navigation2) by extensions ['ignore', 'ignore_ament_install']
[2.116s] [34mcolcon.colcon_core.package_identification[0m [1;30mLevel 1[0m _identify(src/bot_navigation2) by extension 'ignore'
[2.116s] [34mcolcon.colcon_core.package_identification[0m [1;30mLevel 1[0m _identify(src/bot_navigation2) by extension 'ignore_ament_install'
[2.116s] [34mcolcon.colcon_core.package_identification[0m [1;30mLevel 1[0m _identify(src/bot_navigation2) by extensions ['colcon_pkg']
[2.117s] [34mcolcon.colcon_core.package_identification[0m [1;30mLevel 1[0m _identify(src/bot_navigation2) by extension 'colcon_pkg'
[2.117s] [34mcolcon.colcon_core.package_identification[0m [1;30mLevel 1[0m _identify(src/bot_navigation2) by extensions ['colcon_meta']
[2.118s] [34mcolcon.colcon_core.package_identification[0m [1;30mLevel 1[0m _identify(src/bot_navigation2) by extension 'colcon_meta'
[2.118s] [34mcolcon.colcon_core.package_identification[0m [1;30mLevel 1[0m _identify(src/bot_navigation2) by extensions ['ros']
[2.118s] [34mcolcon.colcon_core.package_identification[0m [1;30mLevel 1[0m _identify(src/bot_navigation2) by extension 'ros'
[2.123s] [34mcolcon.colcon_core.package_identification[0m [1;30mDEBUG[0m [32mPackage 'src/bot_navigation2' with type 'ros.ament_cmake' and name 'bot_navigation2'[0m
[2.124s] [34mcolcon.colcon_core.package_identification[0m [1;30mLevel 1[0m _identify(src/csm) by extensions ['ignore', 'ignore_ament_install']
[2.125s] [34mcolcon.colcon_core.package_identification[0m [1;30mLevel 1[0m _identify(src/csm) by extension 'ignore'
[2.125s] [34mcolcon.colcon_core.package_identification[0m [1;30mLevel 1[0m _identify(src/csm) by extension 'ignore_ament_install'
[2.126s] [34mcolcon.colcon_core.package_identification[0m [1;30mLevel 1[0m _identify(src/csm) by extensions ['colcon_pkg']
[2.126s] [34mcolcon.colcon_core.package_identification[0m [1;30mLevel 1[0m _identify(src/csm) by extension 'colcon_pkg'
[2.127s] [34mcolcon.colcon_core.package_identification[0m [1;30mLevel 1[0m _identify(src/csm) by extensions ['colcon_meta']
[2.127s] [34mcolcon.colcon_core.package_identification[0m [1;30mLevel 1[0m _identify(src/csm) by extension 'colcon_meta'
[2.128s] [34mcolcon.colcon_core.package_identification[0m [1;30mLevel 1[0m _identify(src/csm) by extensions ['ros']
[2.128s] [34mcolcon.colcon_core.package_identification[0m [1;30mLevel 1[0m _identify(src/csm) by extension 'ros'
[2.132s] [34mcolcon.colcon_core.package_identification[0m [1;30mDEBUG[0m [32mPackage 'src/csm' with type 'ros.ament_cmake' and name 'csm'[0m
[2.133s] [34mcolcon.colcon_core.package_identification[0m [1;30mLevel 1[0m _identify(src/ros2_laser_scan_matcher) by extensions ['ignore', 'ignore_ament_install']
[2.133s] [34mcolcon.colcon_core.package_identification[0m [1;30mLevel 1[0m _identify(src/ros2_laser_scan_matcher) by extension 'ignore'
[2.134s] [34mcolcon.colcon_core.package_identification[0m [1;30mLevel 1[0m _identify(src/ros2_laser_scan_matcher) by extension 'ignore_ament_install'
[2.134s] [34mcolcon.colcon_core.package_identification[0m [1;30mLevel 1[0m _identify(src/ros2_laser_scan_matcher) by extensions ['colcon_pkg']
[2.135s] [34mcolcon.colcon_core.package_identification[0m [1;30mLevel 1[0m _identify(src/ros2_laser_scan_matcher) by extension 'colcon_pkg'
[2.135s] [34mcolcon.colcon_core.package_identification[0m [1;30mLevel 1[0m _identify(src/ros2_laser_scan_matcher) by extensions ['colcon_meta']
[2.136s] [34mcolcon.colcon_core.package_identification[0m [1;30mLevel 1[0m _identify(src/ros2_laser_scan_matcher) by extension 'colcon_meta'
[2.136s] [34mcolcon.colcon_core.package_identification[0m [1;30mLevel 1[0m _identify(src/ros2_laser_scan_matcher) by extensions ['ros']
[2.137s] [34mcolcon.colcon_core.package_identification[0m [1;30mLevel 1[0m _identify(src/ros2_laser_scan_matcher) by extension 'ros'
[2.141s] [34mcolcon.colcon_core.package_identification[0m [1;30mDEBUG[0m [32mPackage 'src/ros2_laser_scan_matcher' with type 'ros.ament_cmake' and name 'ros2_laser_scan_matcher'[0m
[2.143s] [34mcolcon.colcon_core.package_identification[0m [1;30mLevel 1[0m _identify(src/test_control_pkg) by extensions ['ignore', 'ignore_ament_install']
[2.143s] [34mcolcon.colcon_core.package_identification[0m [1;30mLevel 1[0m _identify(src/test_control_pkg) by extension 'ignore'
[2.144s] [34mcolcon.colcon_core.package_identification[0m [1;30mLevel 1[0m _identify(src/test_control_pkg) by extension 'ignore_ament_install'
[2.145s] [34mcolcon.colcon_core.package_identification[0m [1;30mLevel 1[0m _identify(src/test_control_pkg) by extensions ['colcon_pkg']
[2.145s] [34mcolcon.colcon_core.package_identification[0m [1;30mLevel 1[0m _identify(src/test_control_pkg) by extension 'colcon_pkg'
[2.146s] [34mcolcon.colcon_core.package_identification[0m [1;30mLevel 1[0m _identify(src/test_control_pkg) by extensions ['colcon_meta']
[2.146s] [34mcolcon.colcon_core.package_identification[0m [1;30mLevel 1[0m _identify(src/test_control_pkg) by extension 'colcon_meta'
[2.147s] [34mcolcon.colcon_core.package_identification[0m [1;30mLevel 1[0m _identify(src/test_control_pkg) by extensions ['ros']
[2.147s] [34mcolcon.colcon_core.package_identification[0m [1;30mLevel 1[0m _identify(src/test_control_pkg) by extension 'ros'
[2.152s] [34mcolcon.colcon_core.package_identification[0m [1;30mDEBUG[0m [32mPackage 'src/test_control_pkg' with type 'ros.ament_python' and name 'test_control_pkg'[0m
[2.154s] [34mcolcon.colcon_core.package_identification[0m [1;30mLevel 1[0m _identify(src/yolo_counting_pkg) by extensions ['ignore', 'ignore_ament_install']
[2.154s] [34mcolcon.colcon_core.package_identification[0m [1;30mLevel 1[0m _identify(src/yolo_counting_pkg) by extension 'ignore'
[2.155s] [34mcolcon.colcon_core.package_identification[0m [1;30mLevel 1[0m _identify(src/yolo_counting_pkg) by extension 'ignore_ament_install'
[2.155s] [34mcolcon.colcon_core.package_identification[0m [1;30mLevel 1[0m _identify(src/yolo_counting_pkg) by extensions ['colcon_pkg']
[2.156s] [34mcolcon.colcon_core.package_identification[0m [1;30mLevel 1[0m _identify(src/yolo_counting_pkg) by extension 'colcon_pkg'
[2.156s] [34mcolcon.colcon_core.package_identification[0m [1;30mLevel 1[0m _identify(src/yolo_counting_pkg) by extensions ['colcon_meta']
[2.157s] [34mcolcon.colcon_core.package_identification[0m [1;30mLevel 1[0m _identify(src/yolo_counting_pkg) by extension 'colcon_meta'
[2.157s] [34mcolcon.colcon_core.package_identification[0m [1;30mLevel 1[0m _identify(src/yolo_counting_pkg) by extensions ['ros']
[2.159s] [34mcolcon.colcon_core.package_identification[0m [1;30mLevel 1[0m _identify(src/yolo_counting_pkg) by extension 'ros'
[2.164s] [34mcolcon.colcon_core.package_identification[0m [1;30mDEBUG[0m [32mPackage 'src/yolo_counting_pkg' with type 'ros.ament_python' and name 'yolo_counting_pkg'[0m
[2.165s] [34mcolcon.colcon_core.package_discovery[0m [1;30mLevel 1[0m discover_packages(recursive) using defaults
[2.166s] [34mcolcon.colcon_core.package_discovery[0m [1;30mLevel 1[0m discover_packages(ignore) discover
[2.166s] [34mcolcon.colcon_core.package_discovery[0m [1;30mLevel 1[0m discover_packages(ignore) using defaults
[2.166s] [34mcolcon.colcon_core.package_discovery[0m [1;30mLevel 1[0m discover_packages(path) discover
[2.167s] [34mcolcon.colcon_core.package_discovery[0m [1;30mLevel 1[0m discover_packages(path) using defaults
[2.282s] [34mcolcon.colcon_core.package_selection[0m [1;30mINFO[0m Skipping not selected package 'bot_description' in 'src/bot_description'
[2.282s] [34mcolcon.colcon_core.package_selection[0m [1;30mINFO[0m Skipping not selected package 'bot_localization' in 'src/bot_localization'
[2.283s] [34mcolcon.colcon_core.package_selection[0m [1;30mINFO[0m Skipping not selected package 'bot_navigation2' in 'src/bot_navigation2'
[2.283s] [34mcolcon.colcon_core.package_selection[0m [1;30mINFO[0m Skipping not selected package 'csm' in 'src/csm'
[2.283s] [34mcolcon.colcon_core.package_selection[0m [1;30mINFO[0m Skipping not selected package 'lslidar_msgs' in 'src/LSLIDAR_X_ROS2-20240228/src/lslidar_msgs'
[2.283s] [34mcolcon.colcon_core.package_selection[0m [1;30mINFO[0m Skipping not selected package 'test_control_pkg' in 'src/test_control_pkg'
[2.283s] [34mcolcon.colcon_core.package_selection[0m [1;30mINFO[0m Skipping not selected package 'yolo_counting_pkg' in 'src/yolo_counting_pkg'
[2.284s] [34mcolcon.colcon_core.package_selection[0m [1;30mINFO[0m Skipping not selected package 'lslidar_driver' in 'src/LSLIDAR_X_ROS2-20240228/src/lslidar_driver'
[2.284s] [34mcolcon.colcon_core.package_selection[0m [1;30mINFO[0m Skipping not selected package 'ros2_laser_scan_matcher' in 'src/ros2_laser_scan_matcher'
[2.286s] [34mcolcon.colcon_core.package_discovery[0m [1;30mLevel 1[0m discover_packages(prefix_path) check parameters
[2.286s] [34mcolcon.colcon_core.package_discovery[0m [1;30mLevel 1[0m discover_packages(prefix_path) discover
[2.304s] [34mcolcon.colcon_installed_package_information.package_discovery[0m [1;30mDEBUG[0m [32mFound 11 installed packages in /home/rose/pi4b_ros2/car_ws/install[0m
[2.316s] [34mcolcon.colcon_installed_package_information.package_discovery[0m [1;30mDEBUG[0m [32mFound 325 installed packages in /opt/ros/humble[0m
[2.324s] [34mcolcon.colcon_core.package_discovery[0m [1;30mLevel 1[0m discover_packages(prefix_path) using defaults
[2.773s] [34mcolcon.colcon_core.verb[0m [1;30mLevel 5[0m set package 'bot_application' build argument 'cmake_args' from command line to 'None'
[2.773s] [34mcolcon.colcon_core.verb[0m [1;30mLevel 5[0m set package 'bot_application' build argument 'cmake_target' from command line to 'None'
[2.774s] [34mcolcon.colcon_core.verb[0m [1;30mLevel 5[0m set package 'bot_application' build argument 'cmake_target_skip_unavailable' from command line to 'False'
[2.775s] [34mcolcon.colcon_core.verb[0m [1;30mLevel 5[0m set package 'bot_application' build argument 'cmake_clean_cache' from command line to 'False'
[2.775s] [34mcolcon.colcon_core.verb[0m [1;30mLevel 5[0m set package 'bot_application' build argument 'cmake_clean_first' from command line to 'False'
[2.776s] [34mcolcon.colcon_core.verb[0m [1;30mLevel 5[0m set package 'bot_application' build argument 'cmake_force_configure' from command line to 'False'
[2.776s] [34mcolcon.colcon_core.verb[0m [1;30mLevel 5[0m set package 'bot_application' build argument 'ament_cmake_args' from command line to 'None'
[2.776s] [34mcolcon.colcon_core.verb[0m [1;30mLevel 5[0m set package 'bot_application' build argument 'catkin_cmake_args' from command line to 'None'
[2.776s] [34mcolcon.colcon_core.verb[0m [1;30mLevel 5[0m set package 'bot_application' build argument 'catkin_skip_building_tests' from command line to 'False'
[2.777s] [34mcolcon.colcon_core.verb[0m [1;30mDEBUG[0m [32mBuilding package 'bot_application' with the following arguments: {'ament_cmake_args': None, 'build_base': '/home/rose/pi4b_ros2/car_ws/build/bot_application', 'catkin_cmake_args': None, 'catkin_skip_building_tests': False, 'cmake_args': None, 'cmake_clean_cache': False, 'cmake_clean_first': False, 'cmake_force_configure': False, 'cmake_target': None, 'cmake_target_skip_unavailable': False, 'install_base': '/home/rose/pi4b_ros2/car_ws/install/bot_application', 'merge_install': False, 'path': '/home/rose/pi4b_ros2/car_ws/src/bot_application', 'symlink_install': False, 'test_result_base': None}[0m
[2.779s] [34mcolcon.colcon_core.executor[0m [1;30mINFO[0m Executing jobs using 'parallel' executor
[2.787s] [34mcolcon.colcon_parallel_executor.executor.parallel[0m [1;30mDEBUG[0m [32mrun_until_complete[0m
[2.796s] [34mcolcon.colcon_ros.task.ament_python.build[0m [1;30mINFO[0m Building ROS package in '/home/rose/pi4b_ros2/car_ws/src/bot_application' with build type 'ament_python'
[2.797s] [34mcolcon.colcon_core.shell[0m [1;30mLevel 1[0m create_environment_hook('bot_application', 'ament_prefix_path')
[2.816s] [34mcolcon.colcon_core.plugin_system[0m [1;30mINFO[0m Skipping extension 'colcon_core.shell.bat': Not used on non-Windows systems
[2.817s] [34mcolcon.colcon_core.shell[0m [1;30mINFO[0m Creating environment hook '/home/rose/pi4b_ros2/car_ws/install/bot_application/share/bot_application/hook/ament_prefix_path.ps1'
[2.821s] [34mcolcon.colcon_core.shell[0m [1;30mINFO[0m Creating environment descriptor '/home/rose/pi4b_ros2/car_ws/install/bot_application/share/bot_application/hook/ament_prefix_path.dsv'
[2.824s] [34mcolcon.colcon_core.shell[0m [1;30mINFO[0m Creating environment hook '/home/rose/pi4b_ros2/car_ws/install/bot_application/share/bot_application/hook/ament_prefix_path.sh'
[2.829s] [34mcolcon.colcon_core.shell[0m [1;30mINFO[0m Skip shell extension 'powershell' for command environment: Not usable outside of PowerShell
[2.830s] [34mcolcon.colcon_core.shell[0m [1;30mDEBUG[0m [32mSkip shell extension 'dsv' for command environment[0m
[4.800s] [34mcolcon.colcon_core.task.python.build[0m [1;30mINFO[0m Building Python package in '/home/rose/pi4b_ros2/car_ws/src/bot_application'
[4.802s] [34mcolcon.colcon_core.shell[0m [1;30mINFO[0m Skip shell extension 'powershell' for command environment: Not usable outside of PowerShell
[4.802s] [34mcolcon.colcon_core.shell[0m [1;30mDEBUG[0m [32mSkip shell extension 'dsv' for command environment[0m
[8.985s] [34mcolcon.colcon_core.event_handler.log_command[0m [1;30mDEBUG[0m [32mInvoking command in '/home/rose/pi4b_ros2/car_ws/src/bot_application': PYTHONPATH=/home/rose/pi4b_ros2/car_ws/build/bot_application/prefix_override:/usr/lib/python3/dist-packages/colcon_core/task/python/colcon_distutils_commands:/home/rose/pi4b_ros2/car_ws/install/bot_application/lib/python3.10/site-packages:${PYTHONPATH} /usr/bin/python3 -W ignore:setup.py install is deprecated -W ignore:easy_install command is deprecated setup.py egg_info --egg-base ../../build/bot_application build --build-base /home/rose/pi4b_ros2/car_ws/build/bot_application/build install --record /home/rose/pi4b_ros2/car_ws/build/bot_application/install.log --single-version-externally-managed install_data[0m
[13.656s] [34mcolcon.colcon_core.event_handler.log_command[0m [1;30mDEBUG[0m [32mInvoked command in '/home/rose/pi4b_ros2/car_ws/src/bot_application' returned '0': PYTHONPATH=/home/rose/pi4b_ros2/car_ws/build/bot_application/prefix_override:/usr/lib/python3/dist-packages/colcon_core/task/python/colcon_distutils_commands:/home/rose/pi4b_ros2/car_ws/install/bot_application/lib/python3.10/site-packages:${PYTHONPATH} /usr/bin/python3 -W ignore:setup.py install is deprecated -W ignore:easy_install command is deprecated setup.py egg_info --egg-base ../../build/bot_application build --build-base /home/rose/pi4b_ros2/car_ws/build/bot_application/build install --record /home/rose/pi4b_ros2/car_ws/build/bot_application/install.log --single-version-externally-managed install_data[0m
[13.667s] [34mcolcon.colcon_core.environment[0m [1;30mLevel 1[0m checking '/home/rose/pi4b_ros2/car_ws/install/bot_application' for CMake module files
[13.672s] [34mcolcon.colcon_core.environment[0m [1;30mLevel 1[0m checking '/home/rose/pi4b_ros2/car_ws/install/bot_application' for CMake config files
[13.683s] [34mcolcon.colcon_core.environment[0m [1;30mLevel 1[0m checking '/home/rose/pi4b_ros2/car_ws/install/bot_application/lib'
[13.685s] [34mcolcon.colcon_core.environment[0m [1;30mLevel 1[0m checking '/home/rose/pi4b_ros2/car_ws/install/bot_application/bin'
[13.686s] [34mcolcon.colcon_core.environment[0m [1;30mLevel 1[0m checking '/home/rose/pi4b_ros2/car_ws/install/bot_application/lib/pkgconfig/bot_application.pc'
[13.688s] [34mcolcon.colcon_core.environment[0m [1;30mLevel 1[0m checking '/home/rose/pi4b_ros2/car_ws/install/bot_application/lib/python3.10/site-packages'
[13.690s] [34mcolcon.colcon_core.shell[0m [1;30mLevel 1[0m create_environment_hook('bot_application', 'pythonpath')
[13.693s] [34mcolcon.colcon_core.shell[0m [1;30mINFO[0m Creating environment hook '/home/rose/pi4b_ros2/car_ws/install/bot_application/share/bot_application/hook/pythonpath.ps1'
[13.699s] [34mcolcon.colcon_core.shell[0m [1;30mINFO[0m Creating environment descriptor '/home/rose/pi4b_ros2/car_ws/install/bot_application/share/bot_application/hook/pythonpath.dsv'
[13.703s] [34mcolcon.colcon_core.shell[0m [1;30mINFO[0m Creating environment hook '/home/rose/pi4b_ros2/car_ws/install/bot_application/share/bot_application/hook/pythonpath.sh'
[13.709s] [34mcolcon.colcon_core.environment[0m [1;30mLevel 1[0m checking '/home/rose/pi4b_ros2/car_ws/install/bot_application/bin'
[13.710s] [34mcolcon.colcon_core.environment[0m [1;30mLevel 1[0m create_environment_scripts_only(bot_application)
[13.713s] [34mcolcon.colcon_core.shell[0m [1;30mINFO[0m Creating package script '/home/rose/pi4b_ros2/car_ws/install/bot_application/share/bot_application/package.ps1'
[13.720s] [34mcolcon.colcon_core.shell[0m [1;30mINFO[0m Creating package descriptor '/home/rose/pi4b_ros2/car_ws/install/bot_application/share/bot_application/package.dsv'
[13.726s] [34mcolcon.colcon_core.shell[0m [1;30mINFO[0m Creating package script '/home/rose/pi4b_ros2/car_ws/install/bot_application/share/bot_application/package.sh'
[13.733s] [34mcolcon.colcon_core.shell[0m [1;30mINFO[0m Creating package script '/home/rose/pi4b_ros2/car_ws/install/bot_application/share/bot_application/package.bash'
[13.743s] [34mcolcon.colcon_core.shell[0m [1;30mINFO[0m Creating package script '/home/rose/pi4b_ros2/car_ws/install/bot_application/share/bot_application/package.zsh'
[13.749s] [34mcolcon.colcon_core.environment[0m [1;30mLevel 1[0m create_file_with_runtime_dependencies(/home/rose/pi4b_ros2/car_ws/install/bot_application/share/colcon-core/packages/bot_application)
[13.753s] [34mcolcon.colcon_parallel_executor.executor.parallel[0m [1;30mDEBUG[0m [32mclosing loop[0m
[13.764s] [34mcolcon.colcon_parallel_executor.executor.parallel[0m [1;30mDEBUG[0m [32mloop closed[0m
[13.765s] [34mcolcon.colcon_parallel_executor.executor.parallel[0m [1;30mDEBUG[0m [32mrun_until_complete finished with '0'[0m
[13.766s] [34mcolcon.colcon_core.event_reactor[0m [1;30mDEBUG[0m [32mjoining thread[0m
[13.828s] [34mcolcon.colcon_core.plugin_system[0m [1;30mINFO[0m Skipping extension 'colcon_notification.desktop_notification.terminal_notifier': Not used on non-Darwin systems
[13.831s] [34mcolcon.colcon_core.plugin_system[0m [1;30mINFO[0m Skipping extension 'colcon_notification.desktop_notification.win32': Not used on non-Windows systems
[13.832s] [34mcolcon.colcon_notification.desktop_notification[0m [1;30mINFO[0m Sending desktop notification using 'notify2'
[13.852s] [34mcolcon.colcon_notification.desktop_notification.notify2[0m [1;30mDEBUG[0m [32mFailed to initialize notify2: org.freedesktop.DBus.Error.ServiceUnknown: The name org.freedesktop.Notifications was not provided by any .service files[0m
[13.855s] [34mcolcon.colcon_core.event_reactor[0m [1;30mDEBUG[0m [32mjoined thread[0m
[13.857s] [34mcolcon.colcon_core.shell[0m [1;30mINFO[0m Creating prefix script '/home/rose/pi4b_ros2/car_ws/install/local_setup.ps1'
[13.874s] [34mcolcon.colcon_core.shell[0m [1;30mINFO[0m Creating prefix util module '/home/rose/pi4b_ros2/car_ws/install/_local_setup_util_ps1.py'
[13.896s] [34mcolcon.colcon_core.shell[0m [1;30mINFO[0m Creating prefix chain script '/home/rose/pi4b_ros2/car_ws/install/setup.ps1'
[13.916s] [34mcolcon.colcon_core.shell[0m [1;30mINFO[0m Creating prefix script '/home/rose/pi4b_ros2/car_ws/install/local_setup.sh'
[13.922s] [34mcolcon.colcon_core.shell[0m [1;30mINFO[0m Creating prefix util module '/home/rose/pi4b_ros2/car_ws/install/_local_setup_util_sh.py'
[13.929s] [34mcolcon.colcon_core.shell[0m [1;30mINFO[0m Creating prefix chain script '/home/rose/pi4b_ros2/car_ws/install/setup.sh'
[13.968s] [34mcolcon.colcon_core.shell[0m [1;30mINFO[0m Creating prefix script '/home/rose/pi4b_ros2/car_ws/install/local_setup.bash'
[13.972s] [34mcolcon.colcon_core.shell[0m [1;30mINFO[0m Creating prefix chain script '/home/rose/pi4b_ros2/car_ws/install/setup.bash'
[13.986s] [34mcolcon.colcon_core.shell[0m [1;30mINFO[0m Creating prefix script '/home/rose/pi4b_ros2/car_ws/install/local_setup.zsh'
[13.992s] [34mcolcon.colcon_core.shell[0m [1;30mINFO[0m Creating prefix chain script '/home/rose/pi4b_ros2/car_ws/install/setup.zsh'
