[0.130s] Invoking command in '/home/rose/pi4b_ros2/car_ws/build/lslidar_driver': CMAKE_PREFIX_PATH=/home/rose/pi4b_ros2/car_ws/install/lslidar_msgs:/home/rose/pi4b_ros2/car_ws/install/ros2_laser_scan_matcher:/home/rose/pi4b_ros2/car_ws/install/lslidar_driver:/home/rose/pi4b_ros2/car_ws/install/csm:/home/rose/pi4b_ros2/car_ws/install/bot_description:/home/rose/pi4b_ros2/car_ws/install/yolo_counting_pkg:/home/rose/pi4b_ros2/car_ws/install/test_control_pkg:/opt/ros/humble /usr/bin/cmake --build /home/rose/pi4b_ros2/car_ws/build/lslidar_driver -- -j4 -l4
[1.306s] [100%] Built target lslidar_driver_node
[1.572s] Invoked command in '/home/rose/pi4b_ros2/car_ws/build/lslidar_driver' returned '0': CMAKE_PREFIX_PATH=/home/rose/pi4b_ros2/car_ws/install/lslidar_msgs:/home/rose/pi4b_ros2/car_ws/install/ros2_laser_scan_matcher:/home/rose/pi4b_ros2/car_ws/install/lslidar_driver:/home/rose/pi4b_ros2/car_ws/install/csm:/home/rose/pi4b_ros2/car_ws/install/bot_description:/home/rose/pi4b_ros2/car_ws/install/yolo_counting_pkg:/home/rose/pi4b_ros2/car_ws/install/test_control_pkg:/opt/ros/humble /usr/bin/cmake --build /home/rose/pi4b_ros2/car_ws/build/lslidar_driver -- -j4 -l4
[1.589s] Invoking command in '/home/rose/pi4b_ros2/car_ws/build/lslidar_driver': CMAKE_PREFIX_PATH=/home/rose/pi4b_ros2/car_ws/install/lslidar_msgs:/home/rose/pi4b_ros2/car_ws/install/ros2_laser_scan_matcher:/home/rose/pi4b_ros2/car_ws/install/lslidar_driver:/home/rose/pi4b_ros2/car_ws/install/csm:/home/rose/pi4b_ros2/car_ws/install/bot_description:/home/rose/pi4b_ros2/car_ws/install/yolo_counting_pkg:/home/rose/pi4b_ros2/car_ws/install/test_control_pkg:/opt/ros/humble /usr/bin/cmake --install /home/rose/pi4b_ros2/car_ws/build/lslidar_driver
[1.683s] -- Install configuration: ""
[1.688s] -- Up-to-date: /home/rose/pi4b_ros2/car_ws/install/lslidar_driver/share/lslidar_driver/launch
[1.696s] -- Up-to-date: /home/rose/pi4b_ros2/car_ws/install/lslidar_driver/share/lslidar_driver/launch/lsm10_net_launch.py
[1.707s] -- Up-to-date: /home/rose/pi4b_ros2/car_ws/install/lslidar_driver/share/lslidar_driver/launch/lsn10_net_launch.py
[1.720s] -- Up-to-date: /home/rose/pi4b_ros2/car_ws/install/lslidar_driver/share/lslidar_driver/launch/lsn10_launch.py
[1.771s] -- Up-to-date: /home/rose/pi4b_ros2/car_ws/install/lslidar_driver/share/lslidar_driver/launch/viewer_scan_launch.py
[1.773s] -- Up-to-date: /home/rose/pi4b_ros2/car_ws/install/lslidar_driver/share/lslidar_driver/launch/lsm10p_net_launch.py
[1.775s] -- Up-to-date: /home/rose/pi4b_ros2/car_ws/install/lslidar_driver/share/lslidar_driver/launch/lsn10p_net_launch.py
[1.776s] -- Up-to-date: /home/rose/pi4b_ros2/car_ws/install/lslidar_driver/share/lslidar_driver/launch/lsm10_uart_launch.py
[1.806s] -- Up-to-date: /home/rose/pi4b_ros2/car_ws/install/lslidar_driver/share/lslidar_driver/launch/lslidar_double_launch.py
[1.807s] -- Up-to-date: /home/rose/pi4b_ros2/car_ws/install/lslidar_driver/share/lslidar_driver/launch/lsn10p_launch.py
[1.808s] -- Up-to-date: /home/rose/pi4b_ros2/car_ws/install/lslidar_driver/share/lslidar_driver/launch/lsm10p_uart_launch.py
[1.809s] -- Up-to-date: /home/rose/pi4b_ros2/car_ws/install/lslidar_driver/share/lslidar_driver/params
[1.827s] -- Up-to-date: /home/rose/pi4b_ros2/car_ws/install/lslidar_driver/share/lslidar_driver/params/lidar_net_ros2
[1.847s] -- Up-to-date: /home/rose/pi4b_ros2/car_ws/install/lslidar_driver/share/lslidar_driver/params/lidar_net_ros2/lsn10p_net.yaml
[1.858s] -- Up-to-date: /home/rose/pi4b_ros2/car_ws/install/lslidar_driver/share/lslidar_driver/params/lidar_net_ros2/lsm10p_net.yaml
[1.867s] -- Up-to-date: /home/rose/pi4b_ros2/car_ws/install/lslidar_driver/share/lslidar_driver/params/lidar_net_ros2/lsn10_net.yaml
[1.876s] -- Up-to-date: /home/rose/pi4b_ros2/car_ws/install/lslidar_driver/share/lslidar_driver/params/lidar_net_ros2/lsm10_net.yaml
[1.881s] -- Up-to-date: /home/rose/pi4b_ros2/car_ws/install/lslidar_driver/share/lslidar_driver/params/lidar_uart_ros2
[1.888s] -- Up-to-date: /home/rose/pi4b_ros2/car_ws/install/lslidar_driver/share/lslidar_driver/params/lidar_uart_ros2/lsm10_p.yaml
[1.895s] -- Up-to-date: /home/rose/pi4b_ros2/car_ws/install/lslidar_driver/share/lslidar_driver/params/lidar_uart_ros2/lsn10.yaml
[1.917s] -- Up-to-date: /home/rose/pi4b_ros2/car_ws/install/lslidar_driver/share/lslidar_driver/params/lidar_uart_ros2/lsn10p.yaml
[1.931s] -- Up-to-date: /home/rose/pi4b_ros2/car_ws/install/lslidar_driver/share/lslidar_driver/params/lidar_uart_ros2/lsm10.yaml
[1.949s] -- Up-to-date: /home/rose/pi4b_ros2/car_ws/install/lslidar_driver/share/lslidar_driver/rviz
[1.952s] -- Up-to-date: /home/rose/pi4b_ros2/car_ws/install/lslidar_driver/share/lslidar_driver/rviz/lslidar.rviz
[1.960s] -- Up-to-date: /home/rose/pi4b_ros2/car_ws/install/lslidar_driver/lib/lslidar_driver/lslidar_driver_node
[1.965s] -- Up-to-date: /home/rose/pi4b_ros2/car_ws/install/lslidar_driver/share/ament_index/resource_index/package_run_dependencies/lslidar_driver
[1.982s] -- Up-to-date: /home/rose/pi4b_ros2/car_ws/install/lslidar_driver/share/ament_index/resource_index/parent_prefix_path/lslidar_driver
[1.990s] -- Up-to-date: /home/rose/pi4b_ros2/car_ws/install/lslidar_driver/share/lslidar_driver/environment/ament_prefix_path.sh
[1.997s] -- Up-to-date: /home/rose/pi4b_ros2/car_ws/install/lslidar_driver/share/lslidar_driver/environment/ament_prefix_path.dsv
[1.999s] -- Up-to-date: /home/rose/pi4b_ros2/car_ws/install/lslidar_driver/share/lslidar_driver/environment/path.sh
[2.002s] -- Up-to-date: /home/rose/pi4b_ros2/car_ws/install/lslidar_driver/share/lslidar_driver/environment/path.dsv
[2.004s] -- Up-to-date: /home/rose/pi4b_ros2/car_ws/install/lslidar_driver/share/lslidar_driver/local_setup.bash
[2.007s] -- Up-to-date: /home/rose/pi4b_ros2/car_ws/install/lslidar_driver/share/lslidar_driver/local_setup.sh
[2.008s] -- Up-to-date: /home/rose/pi4b_ros2/car_ws/install/lslidar_driver/share/lslidar_driver/local_setup.zsh
[2.008s] -- Up-to-date: /home/rose/pi4b_ros2/car_ws/install/lslidar_driver/share/lslidar_driver/local_setup.dsv
[2.018s] -- Installing: /home/rose/pi4b_ros2/car_ws/install/lslidar_driver/share/lslidar_driver/package.dsv
[2.020s] -- Up-to-date: /home/rose/pi4b_ros2/car_ws/install/lslidar_driver/share/ament_index/resource_index/packages/lslidar_driver
[2.031s] -- Up-to-date: /home/rose/pi4b_ros2/car_ws/install/lslidar_driver/share/lslidar_driver/cmake/ament_cmake_export_dependencies-extras.cmake
[2.032s] -- Up-to-date: /home/rose/pi4b_ros2/car_ws/install/lslidar_driver/share/lslidar_driver/cmake/ament_cmake_export_include_directories-extras.cmake
[2.033s] -- Up-to-date: /home/rose/pi4b_ros2/car_ws/install/lslidar_driver/share/lslidar_driver/cmake/lslidar_driverConfig.cmake
[2.034s] -- Up-to-date: /home/rose/pi4b_ros2/car_ws/install/lslidar_driver/share/lslidar_driver/cmake/lslidar_driverConfig-version.cmake
[2.036s] -- Up-to-date: /home/rose/pi4b_ros2/car_ws/install/lslidar_driver/share/lslidar_driver/package.xml
[2.037s] Invoked command in '/home/rose/pi4b_ros2/car_ws/build/lslidar_driver' returned '0': CMAKE_PREFIX_PATH=/home/rose/pi4b_ros2/car_ws/install/lslidar_msgs:/home/rose/pi4b_ros2/car_ws/install/ros2_laser_scan_matcher:/home/rose/pi4b_ros2/car_ws/install/lslidar_driver:/home/rose/pi4b_ros2/car_ws/install/csm:/home/rose/pi4b_ros2/car_ws/install/bot_description:/home/rose/pi4b_ros2/car_ws/install/yolo_counting_pkg:/home/rose/pi4b_ros2/car_ws/install/test_control_pkg:/opt/ros/humble /usr/bin/cmake --install /home/rose/pi4b_ros2/car_ws/build/lslidar_driver
