[0.134s] Invoking command in '/home/rose/pi4b_ros2/car_ws/build/lslidar_msgs': CMAKE_PREFIX_PATH=/opt/ros/humble /usr/bin/cmake --build /home/rose/pi4b_ros2/car_ws/build/lslidar_msgs -- -j4 -l4
[0.820s] [  1%] Built target lslidar_msgs__cpp
[0.932s] [ 12%] Built target lslidar_msgs__rosidl_generator_c
[0.982s] [ 12%] Built target ament_cmake_python_copy_lslidar_msgs
[1.267s] [ 23%] Built target lslidar_msgs__rosidl_typesupport_cpp
[1.284s] [ 34%] Built target lslidar_msgs__rosidl_typesupport_fastrtps_cpp
[1.353s] [ 46%] Built target lslidar_msgs__rosidl_typesupport_fastrtps_c
[1.414s] [ 57%] Built target lslidar_msgs__rosidl_typesupport_introspection_cpp
[1.600s] [ 68%] Built target lslidar_msgs__rosidl_typesupport_introspection_c
[1.679s] [ 79%] Built target lslidar_msgs__rosidl_typesupport_c
[2.030s] [ 79%] Built target lslidar_msgs
[2.188s] [ 80%] Built target lslidar_msgs__py
[2.437s] [ 90%] Built target lslidar_msgs__rosidl_generator_py
[2.643s] [ 93%] Built target lslidar_msgs__rosidl_typesupport_fastrtps_c__pyext
[2.676s] [ 96%] Built target lslidar_msgs__rosidl_typesupport_introspection_c__pyext
[2.691s] [100%] Built target lslidar_msgs__rosidl_typesupport_c__pyext
[3.323s] running egg_info
[3.422s] writing lslidar_msgs.egg-info/PKG-INFO
[3.427s] writing dependency_links to lslidar_msgs.egg-info/dependency_links.txt
[3.428s] writing top-level names to lslidar_msgs.egg-info/top_level.txt
[3.879s] reading manifest file 'lslidar_msgs.egg-info/SOURCES.txt'
[3.885s] writing manifest file 'lslidar_msgs.egg-info/SOURCES.txt'
[4.072s] [100%] Built target ament_cmake_python_build_lslidar_msgs_egg
[4.872s] Invoked command in '/home/rose/pi4b_ros2/car_ws/build/lslidar_msgs' returned '0': CMAKE_PREFIX_PATH=/opt/ros/humble /usr/bin/cmake --build /home/rose/pi4b_ros2/car_ws/build/lslidar_msgs -- -j4 -l4
[4.883s] Invoking command in '/home/rose/pi4b_ros2/car_ws/build/lslidar_msgs': CMAKE_PREFIX_PATH=/opt/ros/humble /usr/bin/cmake --install /home/rose/pi4b_ros2/car_ws/build/lslidar_msgs
[4.938s] -- Install configuration: ""
[4.940s] -- Up-to-date: /home/rose/pi4b_ros2/car_ws/install/lslidar_msgs/share/ament_index/resource_index/rosidl_interfaces/lslidar_msgs
[4.941s] -- Up-to-date: /home/rose/pi4b_ros2/car_ws/install/lslidar_msgs/include/lslidar_msgs/lslidar_msgs
[4.942s] -- Up-to-date: /home/rose/pi4b_ros2/car_ws/install/lslidar_msgs/include/lslidar_msgs/lslidar_msgs/msg
[4.942s] -- Up-to-date: /home/rose/pi4b_ros2/car_ws/install/lslidar_msgs/include/lslidar_msgs/lslidar_msgs/msg/lslidar_point.h
[4.943s] -- Up-to-date: /home/rose/pi4b_ros2/car_ws/install/lslidar_msgs/include/lslidar_msgs/lslidar_msgs/msg/rosidl_generator_c__visibility_control.h
[4.943s] -- Up-to-date: /home/rose/pi4b_ros2/car_ws/install/lslidar_msgs/include/lslidar_msgs/lslidar_msgs/msg/lslidar_sweep.h
[4.979s] -- Up-to-date: /home/rose/pi4b_ros2/car_ws/install/lslidar_msgs/include/lslidar_msgs/lslidar_msgs/msg/lslidar_difop.h
[4.984s] -- Up-to-date: /home/rose/pi4b_ros2/car_ws/install/lslidar_msgs/include/lslidar_msgs/lslidar_msgs/msg/lslidar_scan.h
[4.990s] -- Up-to-date: /home/rose/pi4b_ros2/car_ws/install/lslidar_msgs/include/lslidar_msgs/lslidar_msgs/msg/detail
[4.999s] -- Up-to-date: /home/rose/pi4b_ros2/car_ws/install/lslidar_msgs/include/lslidar_msgs/lslidar_msgs/msg/detail/lslidar_packet__type_support.h
[5.006s] -- Up-to-date: /home/rose/pi4b_ros2/car_ws/install/lslidar_msgs/include/lslidar_msgs/lslidar_msgs/msg/detail/lslidar_scan__struct.h
[5.011s] -- Up-to-date: /home/rose/pi4b_ros2/car_ws/install/lslidar_msgs/include/lslidar_msgs/lslidar_msgs/msg/detail/lslidar_sweep__functions.c
[5.015s] -- Up-to-date: /home/rose/pi4b_ros2/car_ws/install/lslidar_msgs/include/lslidar_msgs/lslidar_msgs/msg/detail/lslidar_sweep__type_support.h
[5.043s] -- Up-to-date: /home/rose/pi4b_ros2/car_ws/install/lslidar_msgs/include/lslidar_msgs/lslidar_msgs/msg/detail/lslidar_difop__functions.c
[5.052s] -- Up-to-date: /home/rose/pi4b_ros2/car_ws/install/lslidar_msgs/include/lslidar_msgs/lslidar_msgs/msg/detail/lslidar_packet__struct.h
[5.053s] -- Up-to-date: /home/rose/pi4b_ros2/car_ws/install/lslidar_msgs/include/lslidar_msgs/lslidar_msgs/msg/detail/lslidar_packet__functions.c
[5.053s] -- Up-to-date: /home/rose/pi4b_ros2/car_ws/install/lslidar_msgs/include/lslidar_msgs/lslidar_msgs/msg/detail/lslidar_sweep__functions.h
[5.054s] -- Up-to-date: /home/rose/pi4b_ros2/car_ws/install/lslidar_msgs/include/lslidar_msgs/lslidar_msgs/msg/detail/lslidar_difop__functions.h
[5.054s] -- Up-to-date: /home/rose/pi4b_ros2/car_ws/install/lslidar_msgs/include/lslidar_msgs/lslidar_msgs/msg/detail/lslidar_point__functions.c
[5.055s] -- Up-to-date: /home/rose/pi4b_ros2/car_ws/install/lslidar_msgs/include/lslidar_msgs/lslidar_msgs/msg/detail/lslidar_sweep__struct.h
[5.055s] -- Up-to-date: /home/rose/pi4b_ros2/car_ws/install/lslidar_msgs/include/lslidar_msgs/lslidar_msgs/msg/detail/lslidar_scan__functions.h
[5.056s] -- Up-to-date: /home/rose/pi4b_ros2/car_ws/install/lslidar_msgs/include/lslidar_msgs/lslidar_msgs/msg/detail/lslidar_point__type_support.h
[5.057s] -- Up-to-date: /home/rose/pi4b_ros2/car_ws/install/lslidar_msgs/include/lslidar_msgs/lslidar_msgs/msg/detail/lslidar_packet__functions.h
[5.057s] -- Up-to-date: /home/rose/pi4b_ros2/car_ws/install/lslidar_msgs/include/lslidar_msgs/lslidar_msgs/msg/detail/lslidar_difop__type_support.h
[5.057s] -- Up-to-date: /home/rose/pi4b_ros2/car_ws/install/lslidar_msgs/include/lslidar_msgs/lslidar_msgs/msg/detail/lslidar_difop__struct.h
[5.058s] -- Up-to-date: /home/rose/pi4b_ros2/car_ws/install/lslidar_msgs/include/lslidar_msgs/lslidar_msgs/msg/detail/lslidar_point__struct.h
[5.058s] -- Up-to-date: /home/rose/pi4b_ros2/car_ws/install/lslidar_msgs/include/lslidar_msgs/lslidar_msgs/msg/detail/lslidar_point__functions.h
[5.058s] -- Up-to-date: /home/rose/pi4b_ros2/car_ws/install/lslidar_msgs/include/lslidar_msgs/lslidar_msgs/msg/detail/lslidar_scan__functions.c
[5.059s] -- Up-to-date: /home/rose/pi4b_ros2/car_ws/install/lslidar_msgs/include/lslidar_msgs/lslidar_msgs/msg/detail/lslidar_scan__type_support.h
[5.059s] -- Up-to-date: /home/rose/pi4b_ros2/car_ws/install/lslidar_msgs/include/lslidar_msgs/lslidar_msgs/msg/lslidar_packet.h
[5.059s] -- Up-to-date: /home/rose/pi4b_ros2/car_ws/install/lslidar_msgs/share/lslidar_msgs/environment/library_path.sh
[5.059s] -- Up-to-date: /home/rose/pi4b_ros2/car_ws/install/lslidar_msgs/share/lslidar_msgs/environment/library_path.dsv
[5.071s] -- Up-to-date: /home/rose/pi4b_ros2/car_ws/install/lslidar_msgs/lib/liblslidar_msgs__rosidl_generator_c.so
[5.077s] -- Up-to-date: /home/rose/pi4b_ros2/car_ws/install/lslidar_msgs/include/lslidar_msgs/lslidar_msgs
[5.078s] -- Up-to-date: /home/rose/pi4b_ros2/car_ws/install/lslidar_msgs/include/lslidar_msgs/lslidar_msgs/msg
[5.079s] -- Up-to-date: /home/rose/pi4b_ros2/car_ws/install/lslidar_msgs/include/lslidar_msgs/lslidar_msgs/msg/detail
[5.084s] -- Up-to-date: /home/rose/pi4b_ros2/car_ws/install/lslidar_msgs/include/lslidar_msgs/lslidar_msgs/msg/detail/lslidar_difop__rosidl_typesupport_fastrtps_c.h
[5.085s] -- Up-to-date: /home/rose/pi4b_ros2/car_ws/install/lslidar_msgs/include/lslidar_msgs/lslidar_msgs/msg/detail/lslidar_sweep__rosidl_typesupport_fastrtps_c.h
[5.085s] -- Up-to-date: /home/rose/pi4b_ros2/car_ws/install/lslidar_msgs/include/lslidar_msgs/lslidar_msgs/msg/detail/lslidar_packet__rosidl_typesupport_fastrtps_c.h
[5.086s] -- Up-to-date: /home/rose/pi4b_ros2/car_ws/install/lslidar_msgs/include/lslidar_msgs/lslidar_msgs/msg/detail/lslidar_scan__rosidl_typesupport_fastrtps_c.h
[5.087s] -- Up-to-date: /home/rose/pi4b_ros2/car_ws/install/lslidar_msgs/include/lslidar_msgs/lslidar_msgs/msg/detail/lslidar_point__rosidl_typesupport_fastrtps_c.h
[5.087s] -- Up-to-date: /home/rose/pi4b_ros2/car_ws/install/lslidar_msgs/include/lslidar_msgs/lslidar_msgs/msg/rosidl_typesupport_fastrtps_c__visibility_control.h
[5.088s] -- Up-to-date: /home/rose/pi4b_ros2/car_ws/install/lslidar_msgs/lib/liblslidar_msgs__rosidl_typesupport_fastrtps_c.so
[5.089s] -- Up-to-date: /home/rose/pi4b_ros2/car_ws/install/lslidar_msgs/include/lslidar_msgs/lslidar_msgs
[5.089s] -- Up-to-date: /home/rose/pi4b_ros2/car_ws/install/lslidar_msgs/include/lslidar_msgs/lslidar_msgs/msg
[5.091s] -- Up-to-date: /home/rose/pi4b_ros2/car_ws/install/lslidar_msgs/include/lslidar_msgs/lslidar_msgs/msg/rosidl_generator_cpp__visibility_control.hpp
[5.092s] -- Up-to-date: /home/rose/pi4b_ros2/car_ws/install/lslidar_msgs/include/lslidar_msgs/lslidar_msgs/msg/lslidar_sweep.hpp
[5.092s] -- Up-to-date: /home/rose/pi4b_ros2/car_ws/install/lslidar_msgs/include/lslidar_msgs/lslidar_msgs/msg/lslidar_difop.hpp
[5.093s] -- Up-to-date: /home/rose/pi4b_ros2/car_ws/install/lslidar_msgs/include/lslidar_msgs/lslidar_msgs/msg/detail
[5.094s] -- Up-to-date: /home/rose/pi4b_ros2/car_ws/install/lslidar_msgs/include/lslidar_msgs/lslidar_msgs/msg/detail/lslidar_difop__traits.hpp
[5.094s] -- Up-to-date: /home/rose/pi4b_ros2/car_ws/install/lslidar_msgs/include/lslidar_msgs/lslidar_msgs/msg/detail/lslidar_scan__struct.hpp
[5.095s] -- Up-to-date: /home/rose/pi4b_ros2/car_ws/install/lslidar_msgs/include/lslidar_msgs/lslidar_msgs/msg/detail/lslidar_difop__struct.hpp
[5.105s] -- Up-to-date: /home/rose/pi4b_ros2/car_ws/install/lslidar_msgs/include/lslidar_msgs/lslidar_msgs/msg/detail/lslidar_point__traits.hpp
[5.112s] -- Up-to-date: /home/rose/pi4b_ros2/car_ws/install/lslidar_msgs/include/lslidar_msgs/lslidar_msgs/msg/detail/lslidar_difop__type_support.hpp
[5.113s] -- Up-to-date: /home/rose/pi4b_ros2/car_ws/install/lslidar_msgs/include/lslidar_msgs/lslidar_msgs/msg/detail/lslidar_packet__struct.hpp
[5.114s] -- Up-to-date: /home/rose/pi4b_ros2/car_ws/install/lslidar_msgs/include/lslidar_msgs/lslidar_msgs/msg/detail/lslidar_packet__type_support.hpp
[5.114s] -- Up-to-date: /home/rose/pi4b_ros2/car_ws/install/lslidar_msgs/include/lslidar_msgs/lslidar_msgs/msg/detail/lslidar_sweep__struct.hpp
[5.115s] -- Up-to-date: /home/rose/pi4b_ros2/car_ws/install/lslidar_msgs/include/lslidar_msgs/lslidar_msgs/msg/detail/lslidar_point__builder.hpp
[5.115s] -- Up-to-date: /home/rose/pi4b_ros2/car_ws/install/lslidar_msgs/include/lslidar_msgs/lslidar_msgs/msg/detail/lslidar_scan__type_support.hpp
[5.128s] -- Up-to-date: /home/rose/pi4b_ros2/car_ws/install/lslidar_msgs/include/lslidar_msgs/lslidar_msgs/msg/detail/lslidar_sweep__traits.hpp
[5.129s] -- Up-to-date: /home/rose/pi4b_ros2/car_ws/install/lslidar_msgs/include/lslidar_msgs/lslidar_msgs/msg/detail/lslidar_packet__builder.hpp
[5.129s] -- Up-to-date: /home/rose/pi4b_ros2/car_ws/install/lslidar_msgs/include/lslidar_msgs/lslidar_msgs/msg/detail/lslidar_packet__traits.hpp
[5.130s] -- Up-to-date: /home/rose/pi4b_ros2/car_ws/install/lslidar_msgs/include/lslidar_msgs/lslidar_msgs/msg/detail/lslidar_sweep__type_support.hpp
[5.131s] -- Up-to-date: /home/rose/pi4b_ros2/car_ws/install/lslidar_msgs/include/lslidar_msgs/lslidar_msgs/msg/detail/lslidar_difop__builder.hpp
[5.131s] -- Up-to-date: /home/rose/pi4b_ros2/car_ws/install/lslidar_msgs/include/lslidar_msgs/lslidar_msgs/msg/detail/lslidar_point__struct.hpp
[5.132s] -- Up-to-date: /home/rose/pi4b_ros2/car_ws/install/lslidar_msgs/include/lslidar_msgs/lslidar_msgs/msg/detail/lslidar_scan__builder.hpp
[5.133s] -- Up-to-date: /home/rose/pi4b_ros2/car_ws/install/lslidar_msgs/include/lslidar_msgs/lslidar_msgs/msg/detail/lslidar_scan__traits.hpp
[5.134s] -- Up-to-date: /home/rose/pi4b_ros2/car_ws/install/lslidar_msgs/include/lslidar_msgs/lslidar_msgs/msg/detail/lslidar_sweep__builder.hpp
[5.135s] -- Up-to-date: /home/rose/pi4b_ros2/car_ws/install/lslidar_msgs/include/lslidar_msgs/lslidar_msgs/msg/detail/lslidar_point__type_support.hpp
[5.136s] -- Up-to-date: /home/rose/pi4b_ros2/car_ws/install/lslidar_msgs/include/lslidar_msgs/lslidar_msgs/msg/lslidar_point.hpp
[5.137s] -- Up-to-date: /home/rose/pi4b_ros2/car_ws/install/lslidar_msgs/include/lslidar_msgs/lslidar_msgs/msg/lslidar_packet.hpp
[5.138s] -- Up-to-date: /home/rose/pi4b_ros2/car_ws/install/lslidar_msgs/include/lslidar_msgs/lslidar_msgs/msg/lslidar_scan.hpp
[5.138s] -- Up-to-date: /home/rose/pi4b_ros2/car_ws/install/lslidar_msgs/include/lslidar_msgs/lslidar_msgs
[5.139s] -- Up-to-date: /home/rose/pi4b_ros2/car_ws/install/lslidar_msgs/include/lslidar_msgs/lslidar_msgs/msg
[5.139s] -- Up-to-date: /home/rose/pi4b_ros2/car_ws/install/lslidar_msgs/include/lslidar_msgs/lslidar_msgs/msg/rosidl_typesupport_fastrtps_cpp__visibility_control.h
[5.140s] -- Up-to-date: /home/rose/pi4b_ros2/car_ws/install/lslidar_msgs/include/lslidar_msgs/lslidar_msgs/msg/detail
[5.140s] -- Up-to-date: /home/rose/pi4b_ros2/car_ws/install/lslidar_msgs/include/lslidar_msgs/lslidar_msgs/msg/detail/lslidar_difop__rosidl_typesupport_fastrtps_cpp.hpp
[5.141s] -- Up-to-date: /home/rose/pi4b_ros2/car_ws/install/lslidar_msgs/include/lslidar_msgs/lslidar_msgs/msg/detail/lslidar_point__rosidl_typesupport_fastrtps_cpp.hpp
[5.142s] -- Up-to-date: /home/rose/pi4b_ros2/car_ws/install/lslidar_msgs/include/lslidar_msgs/lslidar_msgs/msg/detail/lslidar_sweep__rosidl_typesupport_fastrtps_cpp.hpp
[5.142s] -- Up-to-date: /home/rose/pi4b_ros2/car_ws/install/lslidar_msgs/include/lslidar_msgs/lslidar_msgs/msg/detail/lslidar_scan__rosidl_typesupport_fastrtps_cpp.hpp
[5.149s] -- Up-to-date: /home/rose/pi4b_ros2/car_ws/install/lslidar_msgs/include/lslidar_msgs/lslidar_msgs/msg/detail/dds_fastrtps
[5.149s] -- Up-to-date: /home/rose/pi4b_ros2/car_ws/install/lslidar_msgs/include/lslidar_msgs/lslidar_msgs/msg/detail/lslidar_packet__rosidl_typesupport_fastrtps_cpp.hpp
[5.150s] -- Up-to-date: /home/rose/pi4b_ros2/car_ws/install/lslidar_msgs/lib/liblslidar_msgs__rosidl_typesupport_fastrtps_cpp.so
[5.150s] -- Up-to-date: /home/rose/pi4b_ros2/car_ws/install/lslidar_msgs/include/lslidar_msgs/lslidar_msgs
[5.151s] -- Up-to-date: /home/rose/pi4b_ros2/car_ws/install/lslidar_msgs/include/lslidar_msgs/lslidar_msgs/msg
[5.152s] -- Up-to-date: /home/rose/pi4b_ros2/car_ws/install/lslidar_msgs/include/lslidar_msgs/lslidar_msgs/msg/detail
[5.154s] -- Up-to-date: /home/rose/pi4b_ros2/car_ws/install/lslidar_msgs/include/lslidar_msgs/lslidar_msgs/msg/detail/lslidar_scan__type_support.c
[5.160s] -- Up-to-date: /home/rose/pi4b_ros2/car_ws/install/lslidar_msgs/include/lslidar_msgs/lslidar_msgs/msg/detail/lslidar_difop__type_support.c
[5.162s] -- Up-to-date: /home/rose/pi4b_ros2/car_ws/install/lslidar_msgs/include/lslidar_msgs/lslidar_msgs/msg/detail/lslidar_sweep__rosidl_typesupport_introspection_c.h
[5.162s] -- Up-to-date: /home/rose/pi4b_ros2/car_ws/install/lslidar_msgs/include/lslidar_msgs/lslidar_msgs/msg/detail/lslidar_scan__rosidl_typesupport_introspection_c.h
[5.163s] -- Up-to-date: /home/rose/pi4b_ros2/car_ws/install/lslidar_msgs/include/lslidar_msgs/lslidar_msgs/msg/detail/lslidar_point__type_support.c
[5.164s] -- Up-to-date: /home/rose/pi4b_ros2/car_ws/install/lslidar_msgs/include/lslidar_msgs/lslidar_msgs/msg/detail/lslidar_packet__type_support.c
[5.164s] -- Up-to-date: /home/rose/pi4b_ros2/car_ws/install/lslidar_msgs/include/lslidar_msgs/lslidar_msgs/msg/detail/lslidar_difop__rosidl_typesupport_introspection_c.h
[5.165s] -- Up-to-date: /home/rose/pi4b_ros2/car_ws/install/lslidar_msgs/include/lslidar_msgs/lslidar_msgs/msg/detail/lslidar_point__rosidl_typesupport_introspection_c.h
[5.166s] -- Up-to-date: /home/rose/pi4b_ros2/car_ws/install/lslidar_msgs/include/lslidar_msgs/lslidar_msgs/msg/detail/lslidar_packet__rosidl_typesupport_introspection_c.h
[5.166s] -- Up-to-date: /home/rose/pi4b_ros2/car_ws/install/lslidar_msgs/include/lslidar_msgs/lslidar_msgs/msg/detail/lslidar_sweep__type_support.c
[5.167s] -- Up-to-date: /home/rose/pi4b_ros2/car_ws/install/lslidar_msgs/include/lslidar_msgs/lslidar_msgs/msg/rosidl_typesupport_introspection_c__visibility_control.h
[5.195s] -- Up-to-date: /home/rose/pi4b_ros2/car_ws/install/lslidar_msgs/lib/liblslidar_msgs__rosidl_typesupport_introspection_c.so
[5.196s] -- Up-to-date: /home/rose/pi4b_ros2/car_ws/install/lslidar_msgs/lib/liblslidar_msgs__rosidl_typesupport_c.so
[5.196s] -- Up-to-date: /home/rose/pi4b_ros2/car_ws/install/lslidar_msgs/include/lslidar_msgs/lslidar_msgs
[5.197s] -- Up-to-date: /home/rose/pi4b_ros2/car_ws/install/lslidar_msgs/include/lslidar_msgs/lslidar_msgs/msg
[5.197s] -- Up-to-date: /home/rose/pi4b_ros2/car_ws/install/lslidar_msgs/include/lslidar_msgs/lslidar_msgs/msg/detail
[5.198s] -- Up-to-date: /home/rose/pi4b_ros2/car_ws/install/lslidar_msgs/include/lslidar_msgs/lslidar_msgs/msg/detail/lslidar_packet__rosidl_typesupport_introspection_cpp.hpp
[5.198s] -- Up-to-date: /home/rose/pi4b_ros2/car_ws/install/lslidar_msgs/include/lslidar_msgs/lslidar_msgs/msg/detail/lslidar_difop__type_support.cpp
[5.198s] -- Up-to-date: /home/rose/pi4b_ros2/car_ws/install/lslidar_msgs/include/lslidar_msgs/lslidar_msgs/msg/detail/lslidar_packet__type_support.cpp
[5.199s] -- Up-to-date: /home/rose/pi4b_ros2/car_ws/install/lslidar_msgs/include/lslidar_msgs/lslidar_msgs/msg/detail/lslidar_point__type_support.cpp
[5.199s] -- Up-to-date: /home/rose/pi4b_ros2/car_ws/install/lslidar_msgs/include/lslidar_msgs/lslidar_msgs/msg/detail/lslidar_difop__rosidl_typesupport_introspection_cpp.hpp
[5.200s] -- Up-to-date: /home/rose/pi4b_ros2/car_ws/install/lslidar_msgs/include/lslidar_msgs/lslidar_msgs/msg/detail/lslidar_point__rosidl_typesupport_introspection_cpp.hpp
[5.200s] -- Up-to-date: /home/rose/pi4b_ros2/car_ws/install/lslidar_msgs/include/lslidar_msgs/lslidar_msgs/msg/detail/lslidar_scan__type_support.cpp
[5.201s] -- Up-to-date: /home/rose/pi4b_ros2/car_ws/install/lslidar_msgs/include/lslidar_msgs/lslidar_msgs/msg/detail/lslidar_scan__rosidl_typesupport_introspection_cpp.hpp
[5.201s] -- Up-to-date: /home/rose/pi4b_ros2/car_ws/install/lslidar_msgs/include/lslidar_msgs/lslidar_msgs/msg/detail/lslidar_sweep__type_support.cpp
[5.202s] -- Up-to-date: /home/rose/pi4b_ros2/car_ws/install/lslidar_msgs/include/lslidar_msgs/lslidar_msgs/msg/detail/lslidar_sweep__rosidl_typesupport_introspection_cpp.hpp
[5.202s] -- Up-to-date: /home/rose/pi4b_ros2/car_ws/install/lslidar_msgs/lib/liblslidar_msgs__rosidl_typesupport_introspection_cpp.so
[5.202s] -- Up-to-date: /home/rose/pi4b_ros2/car_ws/install/lslidar_msgs/lib/liblslidar_msgs__rosidl_typesupport_cpp.so
[5.203s] -- Up-to-date: /home/rose/pi4b_ros2/car_ws/install/lslidar_msgs/share/lslidar_msgs/environment/pythonpath.sh
[5.203s] -- Up-to-date: /home/rose/pi4b_ros2/car_ws/install/lslidar_msgs/share/lslidar_msgs/environment/pythonpath.dsv
[5.218s] -- Up-to-date: /home/rose/pi4b_ros2/car_ws/install/lslidar_msgs/local/lib/python3.10/dist-packages/lslidar_msgs-1.2.0-py3.10.egg-info
[5.226s] -- Installing: /home/rose/pi4b_ros2/car_ws/install/lslidar_msgs/local/lib/python3.10/dist-packages/lslidar_msgs-1.2.0-py3.10.egg-info/PKG-INFO
[5.230s] -- Installing: /home/rose/pi4b_ros2/car_ws/install/lslidar_msgs/local/lib/python3.10/dist-packages/lslidar_msgs-1.2.0-py3.10.egg-info/top_level.txt
[5.235s] -- Installing: /home/rose/pi4b_ros2/car_ws/install/lslidar_msgs/local/lib/python3.10/dist-packages/lslidar_msgs-1.2.0-py3.10.egg-info/dependency_links.txt
[5.239s] -- Installing: /home/rose/pi4b_ros2/car_ws/install/lslidar_msgs/local/lib/python3.10/dist-packages/lslidar_msgs-1.2.0-py3.10.egg-info/SOURCES.txt
[5.243s] -- Up-to-date: /home/rose/pi4b_ros2/car_ws/install/lslidar_msgs/local/lib/python3.10/dist-packages/lslidar_msgs
[5.248s] -- Up-to-date: /home/rose/pi4b_ros2/car_ws/install/lslidar_msgs/local/lib/python3.10/dist-packages/lslidar_msgs/liblslidar_msgs__rosidl_generator_py.so
[5.253s] -- Up-to-date: /home/rose/pi4b_ros2/car_ws/install/lslidar_msgs/local/lib/python3.10/dist-packages/lslidar_msgs/lslidar_msgs_s__rosidl_typesupport_fastrtps_c.cpython-310-aarch64-linux-gnu.so
[5.258s] -- Up-to-date: /home/rose/pi4b_ros2/car_ws/install/lslidar_msgs/local/lib/python3.10/dist-packages/lslidar_msgs/msg
[5.270s] -- Up-to-date: /home/rose/pi4b_ros2/car_ws/install/lslidar_msgs/local/lib/python3.10/dist-packages/lslidar_msgs/msg/_lslidar_packet.py
[5.275s] -- Up-to-date: /home/rose/pi4b_ros2/car_ws/install/lslidar_msgs/local/lib/python3.10/dist-packages/lslidar_msgs/msg/_lslidar_difop.py
[5.279s] -- Up-to-date: /home/rose/pi4b_ros2/car_ws/install/lslidar_msgs/local/lib/python3.10/dist-packages/lslidar_msgs/msg/_lslidar_scan.py
[5.284s] -- Up-to-date: /home/rose/pi4b_ros2/car_ws/install/lslidar_msgs/local/lib/python3.10/dist-packages/lslidar_msgs/msg/__init__.py
[5.291s] -- Up-to-date: /home/rose/pi4b_ros2/car_ws/install/lslidar_msgs/local/lib/python3.10/dist-packages/lslidar_msgs/msg/_lslidar_packet_s.c
[5.295s] -- Up-to-date: /home/rose/pi4b_ros2/car_ws/install/lslidar_msgs/local/lib/python3.10/dist-packages/lslidar_msgs/msg/_lslidar_point.py
[5.301s] -- Up-to-date: /home/rose/pi4b_ros2/car_ws/install/lslidar_msgs/local/lib/python3.10/dist-packages/lslidar_msgs/msg/_lslidar_sweep_s.c
[5.306s] -- Up-to-date: /home/rose/pi4b_ros2/car_ws/install/lslidar_msgs/local/lib/python3.10/dist-packages/lslidar_msgs/msg/_lslidar_difop_s.c
[5.311s] -- Up-to-date: /home/rose/pi4b_ros2/car_ws/install/lslidar_msgs/local/lib/python3.10/dist-packages/lslidar_msgs/msg/_lslidar_point_s.c
[5.316s] -- Up-to-date: /home/rose/pi4b_ros2/car_ws/install/lslidar_msgs/local/lib/python3.10/dist-packages/lslidar_msgs/msg/_lslidar_sweep.py
[5.321s] -- Up-to-date: /home/rose/pi4b_ros2/car_ws/install/lslidar_msgs/local/lib/python3.10/dist-packages/lslidar_msgs/msg/_lslidar_scan_s.c
[5.327s] -- Up-to-date: /home/rose/pi4b_ros2/car_ws/install/lslidar_msgs/local/lib/python3.10/dist-packages/lslidar_msgs/lslidar_msgs_s__rosidl_typesupport_c.cpython-310-aarch64-linux-gnu.so
[5.332s] -- Up-to-date: /home/rose/pi4b_ros2/car_ws/install/lslidar_msgs/local/lib/python3.10/dist-packages/lslidar_msgs/_lslidar_msgs_s.ep.rosidl_typesupport_introspection_c.c
[5.338s] -- Up-to-date: /home/rose/pi4b_ros2/car_ws/install/lslidar_msgs/local/lib/python3.10/dist-packages/lslidar_msgs/_lslidar_msgs_s.ep.rosidl_typesupport_c.c
[5.343s] -- Up-to-date: /home/rose/pi4b_ros2/car_ws/install/lslidar_msgs/local/lib/python3.10/dist-packages/lslidar_msgs/_lslidar_msgs_s.ep.rosidl_typesupport_fastrtps_c.c
[5.347s] -- Up-to-date: /home/rose/pi4b_ros2/car_ws/install/lslidar_msgs/local/lib/python3.10/dist-packages/lslidar_msgs/__init__.py
[5.352s] -- Up-to-date: /home/rose/pi4b_ros2/car_ws/install/lslidar_msgs/local/lib/python3.10/dist-packages/lslidar_msgs/lslidar_msgs_s__rosidl_typesupport_introspection_c.cpython-310-aarch64-linux-gnu.so
[5.617s] Listing '/home/rose/pi4b_ros2/car_ws/install/lslidar_msgs/local/lib/python3.10/dist-packages/lslidar_msgs'...
[5.621s] Listing '/home/rose/pi4b_ros2/car_ws/install/lslidar_msgs/local/lib/python3.10/dist-packages/lslidar_msgs/msg'...
[5.678s] -- Up-to-date: /home/rose/pi4b_ros2/car_ws/install/lslidar_msgs/local/lib/python3.10/dist-packages/lslidar_msgs/lslidar_msgs_s__rosidl_typesupport_fastrtps_c.cpython-310-aarch64-linux-gnu.so
[5.691s] -- Up-to-date: /home/rose/pi4b_ros2/car_ws/install/lslidar_msgs/local/lib/python3.10/dist-packages/lslidar_msgs/lslidar_msgs_s__rosidl_typesupport_introspection_c.cpython-310-aarch64-linux-gnu.so
[5.703s] -- Up-to-date: /home/rose/pi4b_ros2/car_ws/install/lslidar_msgs/local/lib/python3.10/dist-packages/lslidar_msgs/lslidar_msgs_s__rosidl_typesupport_c.cpython-310-aarch64-linux-gnu.so
[5.715s] -- Up-to-date: /home/rose/pi4b_ros2/car_ws/install/lslidar_msgs/lib/liblslidar_msgs__rosidl_generator_py.so
[5.725s] -- Up-to-date: /home/rose/pi4b_ros2/car_ws/install/lslidar_msgs/share/lslidar_msgs/msg/LslidarDifop.idl
[5.731s] -- Up-to-date: /home/rose/pi4b_ros2/car_ws/install/lslidar_msgs/share/lslidar_msgs/msg/LslidarPacket.idl
[5.731s] -- Up-to-date: /home/rose/pi4b_ros2/car_ws/install/lslidar_msgs/share/lslidar_msgs/msg/LslidarPoint.idl
[5.737s] -- Up-to-date: /home/rose/pi4b_ros2/car_ws/install/lslidar_msgs/share/lslidar_msgs/msg/LslidarScan.idl
[5.740s] -- Up-to-date: /home/rose/pi4b_ros2/car_ws/install/lslidar_msgs/share/lslidar_msgs/msg/LslidarSweep.idl
[5.741s] -- Up-to-date: /home/rose/pi4b_ros2/car_ws/install/lslidar_msgs/share/lslidar_msgs/msg/LslidarDifop.msg
[5.742s] -- Up-to-date: /home/rose/pi4b_ros2/car_ws/install/lslidar_msgs/share/lslidar_msgs/msg/LslidarPacket.msg
[5.748s] -- Up-to-date: /home/rose/pi4b_ros2/car_ws/install/lslidar_msgs/share/lslidar_msgs/msg/LslidarPoint.msg
[5.749s] -- Up-to-date: /home/rose/pi4b_ros2/car_ws/install/lslidar_msgs/share/lslidar_msgs/msg/LslidarScan.msg
[5.750s] -- Up-to-date: /home/rose/pi4b_ros2/car_ws/install/lslidar_msgs/share/lslidar_msgs/msg/LslidarSweep.msg
[5.751s] -- Up-to-date: /home/rose/pi4b_ros2/car_ws/install/lslidar_msgs/share/ament_index/resource_index/package_run_dependencies/lslidar_msgs
[5.752s] -- Up-to-date: /home/rose/pi4b_ros2/car_ws/install/lslidar_msgs/share/ament_index/resource_index/parent_prefix_path/lslidar_msgs
[5.754s] -- Up-to-date: /home/rose/pi4b_ros2/car_ws/install/lslidar_msgs/share/lslidar_msgs/environment/ament_prefix_path.sh
[5.756s] -- Up-to-date: /home/rose/pi4b_ros2/car_ws/install/lslidar_msgs/share/lslidar_msgs/environment/ament_prefix_path.dsv
[5.763s] -- Up-to-date: /home/rose/pi4b_ros2/car_ws/install/lslidar_msgs/share/lslidar_msgs/environment/path.sh
[5.764s] -- Up-to-date: /home/rose/pi4b_ros2/car_ws/install/lslidar_msgs/share/lslidar_msgs/environment/path.dsv
[5.765s] -- Up-to-date: /home/rose/pi4b_ros2/car_ws/install/lslidar_msgs/share/lslidar_msgs/local_setup.bash
[5.766s] -- Up-to-date: /home/rose/pi4b_ros2/car_ws/install/lslidar_msgs/share/lslidar_msgs/local_setup.sh
[5.767s] -- Up-to-date: /home/rose/pi4b_ros2/car_ws/install/lslidar_msgs/share/lslidar_msgs/local_setup.zsh
[5.767s] -- Up-to-date: /home/rose/pi4b_ros2/car_ws/install/lslidar_msgs/share/lslidar_msgs/local_setup.dsv
[5.791s] -- Installing: /home/rose/pi4b_ros2/car_ws/install/lslidar_msgs/share/lslidar_msgs/package.dsv
[5.794s] -- Up-to-date: /home/rose/pi4b_ros2/car_ws/install/lslidar_msgs/share/ament_index/resource_index/packages/lslidar_msgs
[5.797s] -- Up-to-date: /home/rose/pi4b_ros2/car_ws/install/lslidar_msgs/share/lslidar_msgs/cmake/export_lslidar_msgs__rosidl_generator_cExport.cmake
[5.800s] -- Up-to-date: /home/rose/pi4b_ros2/car_ws/install/lslidar_msgs/share/lslidar_msgs/cmake/export_lslidar_msgs__rosidl_generator_cExport-noconfig.cmake
[5.803s] -- Up-to-date: /home/rose/pi4b_ros2/car_ws/install/lslidar_msgs/share/lslidar_msgs/cmake/export_lslidar_msgs__rosidl_typesupport_fastrtps_cExport.cmake
[5.805s] -- Up-to-date: /home/rose/pi4b_ros2/car_ws/install/lslidar_msgs/share/lslidar_msgs/cmake/export_lslidar_msgs__rosidl_typesupport_fastrtps_cExport-noconfig.cmake
[5.808s] -- Up-to-date: /home/rose/pi4b_ros2/car_ws/install/lslidar_msgs/share/lslidar_msgs/cmake/export_lslidar_msgs__rosidl_generator_cppExport.cmake
[5.811s] -- Up-to-date: /home/rose/pi4b_ros2/car_ws/install/lslidar_msgs/share/lslidar_msgs/cmake/export_lslidar_msgs__rosidl_typesupport_fastrtps_cppExport.cmake
[5.814s] -- Up-to-date: /home/rose/pi4b_ros2/car_ws/install/lslidar_msgs/share/lslidar_msgs/cmake/export_lslidar_msgs__rosidl_typesupport_fastrtps_cppExport-noconfig.cmake
[5.817s] -- Up-to-date: /home/rose/pi4b_ros2/car_ws/install/lslidar_msgs/share/lslidar_msgs/cmake/lslidar_msgs__rosidl_typesupport_introspection_cExport.cmake
[5.819s] -- Up-to-date: /home/rose/pi4b_ros2/car_ws/install/lslidar_msgs/share/lslidar_msgs/cmake/lslidar_msgs__rosidl_typesupport_introspection_cExport-noconfig.cmake
[5.822s] -- Up-to-date: /home/rose/pi4b_ros2/car_ws/install/lslidar_msgs/share/lslidar_msgs/cmake/lslidar_msgs__rosidl_typesupport_cExport.cmake
[5.825s] -- Up-to-date: /home/rose/pi4b_ros2/car_ws/install/lslidar_msgs/share/lslidar_msgs/cmake/lslidar_msgs__rosidl_typesupport_cExport-noconfig.cmake
[5.828s] -- Up-to-date: /home/rose/pi4b_ros2/car_ws/install/lslidar_msgs/share/lslidar_msgs/cmake/lslidar_msgs__rosidl_typesupport_introspection_cppExport.cmake
[5.833s] -- Up-to-date: /home/rose/pi4b_ros2/car_ws/install/lslidar_msgs/share/lslidar_msgs/cmake/lslidar_msgs__rosidl_typesupport_introspection_cppExport-noconfig.cmake
[5.835s] -- Up-to-date: /home/rose/pi4b_ros2/car_ws/install/lslidar_msgs/share/lslidar_msgs/cmake/lslidar_msgs__rosidl_typesupport_cppExport.cmake
[5.838s] -- Up-to-date: /home/rose/pi4b_ros2/car_ws/install/lslidar_msgs/share/lslidar_msgs/cmake/lslidar_msgs__rosidl_typesupport_cppExport-noconfig.cmake
[5.841s] -- Up-to-date: /home/rose/pi4b_ros2/car_ws/install/lslidar_msgs/share/lslidar_msgs/cmake/export_lslidar_msgs__rosidl_generator_pyExport.cmake
[5.845s] -- Up-to-date: /home/rose/pi4b_ros2/car_ws/install/lslidar_msgs/share/lslidar_msgs/cmake/export_lslidar_msgs__rosidl_generator_pyExport-noconfig.cmake
[5.848s] -- Up-to-date: /home/rose/pi4b_ros2/car_ws/install/lslidar_msgs/share/lslidar_msgs/cmake/rosidl_cmake-extras.cmake
[5.850s] -- Up-to-date: /home/rose/pi4b_ros2/car_ws/install/lslidar_msgs/share/lslidar_msgs/cmake/ament_cmake_export_dependencies-extras.cmake
[5.853s] -- Up-to-date: /home/rose/pi4b_ros2/car_ws/install/lslidar_msgs/share/lslidar_msgs/cmake/ament_cmake_export_include_directories-extras.cmake
[5.856s] -- Up-to-date: /home/rose/pi4b_ros2/car_ws/install/lslidar_msgs/share/lslidar_msgs/cmake/ament_cmake_export_libraries-extras.cmake
[5.860s] -- Up-to-date: /home/rose/pi4b_ros2/car_ws/install/lslidar_msgs/share/lslidar_msgs/cmake/ament_cmake_export_targets-extras.cmake
[5.862s] -- Up-to-date: /home/rose/pi4b_ros2/car_ws/install/lslidar_msgs/share/lslidar_msgs/cmake/rosidl_cmake_export_typesupport_targets-extras.cmake
[5.866s] -- Up-to-date: /home/rose/pi4b_ros2/car_ws/install/lslidar_msgs/share/lslidar_msgs/cmake/rosidl_cmake_export_typesupport_libraries-extras.cmake
[5.869s] -- Up-to-date: /home/rose/pi4b_ros2/car_ws/install/lslidar_msgs/share/lslidar_msgs/cmake/lslidar_msgsConfig.cmake
[5.872s] -- Up-to-date: /home/rose/pi4b_ros2/car_ws/install/lslidar_msgs/share/lslidar_msgs/cmake/lslidar_msgsConfig-version.cmake
[5.876s] -- Up-to-date: /home/rose/pi4b_ros2/car_ws/install/lslidar_msgs/share/lslidar_msgs/package.xml
[5.899s] Invoked command in '/home/rose/pi4b_ros2/car_ws/build/lslidar_msgs' returned '0': CMAKE_PREFIX_PATH=/opt/ros/humble /usr/bin/cmake --install /home/rose/pi4b_ros2/car_ws/build/lslidar_msgs
