[5.786s] Invoking command in '/home/rose/pi4b_ros2/car_ws/src/bot_application': PYTHONPATH=/home/rose/pi4b_ros2/car_ws/build/bot_application/prefix_override:/usr/lib/python3/dist-packages/colcon_core/task/python/colcon_distutils_commands:/home/rose/pi4b_ros2/car_ws/install/bot_application/lib/python3.10/site-packages:${PYTHONPATH} /usr/bin/python3 -W ignore:setup.py install is deprecated -W ignore:easy_install command is deprecated setup.py egg_info --egg-base ../../build/bot_application build --build-base /home/rose/pi4b_ros2/car_ws/build/bot_application/build install --record /home/rose/pi4b_ros2/car_ws/build/bot_application/install.log --single-version-externally-managed install_data
[7.117s] /home/rose/.local/lib/python3.10/site-packages/setuptools/_distutils/dist.py:287: UserWarning: Unknown distribution option: 'tests_require'
[7.122s]   warnings.warn(msg)
[8.293s] running egg_info
[8.569s] writing ../../build/bot_application/bot_application.egg-info/PKG-INFO
[8.577s] writing dependency_links to ../../build/bot_application/bot_application.egg-info/dependency_links.txt
[8.586s] writing entry points to ../../build/bot_application/bot_application.egg-info/entry_points.txt
[8.588s] writing requirements to ../../build/bot_application/bot_application.egg-info/requires.txt
[8.589s] writing top-level names to ../../build/bot_application/bot_application.egg-info/top_level.txt
[8.961s] reading manifest file '../../build/bot_application/bot_application.egg-info/SOURCES.txt'
[8.970s] writing manifest file '../../build/bot_application/bot_application.egg-info/SOURCES.txt'
[8.977s] running build
[8.978s] running build_py
[8.978s] copying bot_application/navigator_unified.py -> /home/rose/pi4b_ros2/car_ws/build/bot_application/build/lib/bot_application
[8.981s] copying bot_application/get_cost.py -> /home/rose/pi4b_ros2/car_ws/build/bot_application/build/lib/bot_application
[8.986s] copying bot_application/navigator_full_dp.py -> /home/rose/pi4b_ros2/car_ws/build/bot_application/build/lib/bot_application
[8.988s] copying bot_application/optimized_navigator_dp.py -> /home/rose/pi4b_ros2/car_ws/build/bot_application/build/lib/bot_application
[8.988s] copying bot_application/get_robot_pose.py -> /home/rose/pi4b_ros2/car_ws/build/bot_application/build/lib/bot_application
[8.989s] copying bot_application/optimized_navigator.py -> /home/rose/pi4b_ros2/car_ws/build/bot_application/build/lib/bot_application
[8.990s] copying bot_application/voice_publisher.py -> /home/rose/pi4b_ros2/car_ws/build/bot_application/build/lib/bot_application
[8.990s] copying bot_application/waypoint_cost_calculator.py -> /home/rose/pi4b_ros2/car_ws/build/bot_application/build/lib/bot_application
[8.991s] copying bot_application/__init__.py -> /home/rose/pi4b_ros2/car_ws/build/bot_application/build/lib/bot_application
[8.991s] copying bot_application/nav_through_pose.py -> /home/rose/pi4b_ros2/car_ws/build/bot_application/build/lib/bot_application
[8.992s] copying bot_application/voice_command_publisher.py -> /home/rose/pi4b_ros2/car_ws/build/bot_application/build/lib/bot_application
[8.994s] copying bot_application/waypoint_follower.py -> /home/rose/pi4b_ros2/car_ws/build/bot_application/build/lib/bot_application
[8.996s] copying bot_application/waypoint_selector.py -> /home/rose/pi4b_ros2/car_ws/build/bot_application/build/lib/bot_application
[8.998s] copying bot_application/nav_to_pose.py -> /home/rose/pi4b_ros2/car_ws/build/bot_application/build/lib/bot_application
[9.001s] copying bot_application/init_robot_pose.py -> /home/rose/pi4b_ros2/car_ws/build/bot_application/build/lib/bot_application
[9.003s] copying bot_application/navigator_full_ga.py -> /home/rose/pi4b_ros2/car_ws/build/bot_application/build/lib/bot_application
[9.007s] running install
[9.031s] running install_lib
[9.251s] copying /home/rose/pi4b_ros2/car_ws/build/bot_application/build/lib/bot_application/navigator_unified.py -> /home/rose/pi4b_ros2/car_ws/install/bot_application/lib/python3.10/site-packages/bot_application
[9.264s] byte-compiling /home/rose/pi4b_ros2/car_ws/install/bot_application/lib/python3.10/site-packages/bot_application/navigator_unified.py to navigator_unified.cpython-310.pyc
[9.309s] byte-compiling /home/rose/pi4b_ros2/car_ws/install/bot_application/lib/python3.10/site-packages/bot_application/waypoint_cost_calculator copy.py to waypoint_cost_calculator copy.cpython-310.pyc
[9.320s]   File "/home/rose/pi4b_ros2/car_ws/install/bot_application/lib/python3.10/site-packages/bot_application/waypoint_cost_calculator copy.py", line 196
[9.320s]     create_goal_pose(navigator, 0.97, 0.72, 0.0)
[9.325s]     ^^^^^^^^^^^^^^^^^^^^^^^^^^^^^^^^^^^^^^^^^^^^^^^^^^^
[9.326s] SyntaxError: invalid syntax. Perhaps you forgot a comma?
[9.327s] 
[9.328s] running install_data
[9.329s] copying resource/bot_application -> /home/rose/pi4b_ros2/car_ws/install/bot_application/share/ament_index/resource_index/packages
[9.329s] copying package.xml -> /home/rose/pi4b_ros2/car_ws/install/bot_application/share/bot_application
[9.337s] running install_egg_info
[9.553s] removing '/home/rose/pi4b_ros2/car_ws/install/bot_application/lib/python3.10/site-packages/bot_application-0.0.0-py3.10.egg-info' (and everything under it)
[9.559s] Copying ../../build/bot_application/bot_application.egg-info to /home/rose/pi4b_ros2/car_ws/install/bot_application/lib/python3.10/site-packages/bot_application-0.0.0-py3.10.egg-info
[9.567s] running install_scripts
[10.012s] Installing auto_optimized_navigator script to /home/rose/pi4b_ros2/car_ws/install/bot_application/lib/bot_application
[10.014s] Installing get_robot_pose script to /home/rose/pi4b_ros2/car_ws/install/bot_application/lib/bot_application
[10.016s] Installing init_robot_pose script to /home/rose/pi4b_ros2/car_ws/install/bot_application/lib/bot_application
[10.021s] Installing init_robot_pose_door script to /home/rose/pi4b_ros2/car_ws/install/bot_application/lib/bot_application
[10.024s] Installing init_robot_pose_point1 script to /home/rose/pi4b_ros2/car_ws/install/bot_application/lib/bot_application
[10.027s] Installing init_robot_pose_point2 script to /home/rose/pi4b_ros2/car_ws/install/bot_application/lib/bot_application
[10.028s] Installing init_robot_pose_point3 script to /home/rose/pi4b_ros2/car_ws/install/bot_application/lib/bot_application
[10.033s] Installing nav_through_pose script to /home/rose/pi4b_ros2/car_ws/install/bot_application/lib/bot_application
[10.034s] Installing navigator_full_dp script to /home/rose/pi4b_ros2/car_ws/install/bot_application/lib/bot_application
[10.041s] Installing navigator_full_ga script to /home/rose/pi4b_ros2/car_ws/install/bot_application/lib/bot_application
[10.042s] Installing navigator_unified script to /home/rose/pi4b_ros2/car_ws/install/bot_application/lib/bot_application
[10.056s] Installing optimized_navigator script to /home/rose/pi4b_ros2/car_ws/install/bot_application/lib/bot_application
[10.063s] Installing optimized_navigator_dp script to /home/rose/pi4b_ros2/car_ws/install/bot_application/lib/bot_application
[10.074s] Installing voice_publisher script to /home/rose/pi4b_ros2/car_ws/install/bot_application/lib/bot_application
[10.075s] Installing way_to_go script to /home/rose/pi4b_ros2/car_ws/install/bot_application/lib/bot_application
[10.077s] Installing waypoint_cost_calculator script to /home/rose/pi4b_ros2/car_ws/install/bot_application/lib/bot_application
[10.079s] Installing waypoint_cost_calculator_copy script to /home/rose/pi4b_ros2/car_ws/install/bot_application/lib/bot_application
[10.102s] Installing waypoint_follower script to /home/rose/pi4b_ros2/car_ws/install/bot_application/lib/bot_application
[10.106s] Installing waypoint_selector script to /home/rose/pi4b_ros2/car_ws/install/bot_application/lib/bot_application
[10.107s] writing list of installed files to '/home/rose/pi4b_ros2/car_ws/build/bot_application/install.log'
[10.308s] Invoked command in '/home/rose/pi4b_ros2/car_ws/src/bot_application' returned '0': PYTHONPATH=/home/rose/pi4b_ros2/car_ws/build/bot_application/prefix_override:/usr/lib/python3/dist-packages/colcon_core/task/python/colcon_distutils_commands:/home/rose/pi4b_ros2/car_ws/install/bot_application/lib/python3.10/site-packages:${PYTHONPATH} /usr/bin/python3 -W ignore:setup.py install is deprecated -W ignore:easy_install command is deprecated setup.py egg_info --egg-base ../../build/bot_application build --build-base /home/rose/pi4b_ros2/car_ws/build/bot_application/build install --record /home/rose/pi4b_ros2/car_ws/build/bot_application/install.log --single-version-externally-managed install_data
