[0.201s] Invoking command in '/home/rose/pi4b_ros2/car_ws/build/fishbot_navigation2': CMAKE_PREFIX_PATH=${CMAKE_PREFIX_PATH}:/home/rose/pi4b_ros2/car_ws/install/yolo_counting_pkg:/home/rose/pi4b_ros2/car_ws/install/test_control_pkg:/opt/ros/humble /usr/bin/cmake /home/rose/pi4b_ros2/car_ws/src/bot_navigation2 -DCMAKE_INSTALL_PREFIX=/home/rose/pi4b_ros2/car_ws/install/fishbot_navigation2
[1.693s] -- The C compiler identification is GNU 11.4.0
[2.976s] -- The CXX compiler identification is GNU 11.4.0
[3.138s] -- Detecting C compiler ABI info
[3.961s] -- Detecting C compiler ABI info - done
[4.054s] -- Check for working C compiler: /usr/bin/cc - skipped
[4.064s] -- Detecting C compile features
[4.072s] -- Detecting C compile features - done
[4.121s] -- Detecting CXX compiler ABI info
[5.088s] -- Detecting CXX compiler ABI info - done
[5.145s] -- Check for working CXX compiler: /usr/bin/c++ - skipped
[5.158s] -- Detecting CXX compile features
[5.195s] -- Detecting CXX compile features - done
[5.282s] -- Found ament_cmake: 1.3.13 (/opt/ros/humble/share/ament_cmake/cmake)
[10.810s] -- Found Python3: /usr/bin/python3 (found version "3.10.12") found components: Interpreter 
[14.061s] -- Found ament_lint_auto: 0.12.15 (/opt/ros/humble/share/ament_lint_auto/cmake)
[16.550s] -- Added test 'flake8' to check Python code syntax and style conventions
[16.570s] -- Added test 'lint_cmake' to check CMake code style
[16.581s] -- Added test 'pep257' to check Python code against some of the docstring style conventions in PEP 257
[16.617s] -- Added test 'xmllint' to check XML markup files
[16.745s] -- Configuring done
[16.841s] -- Generating done
[16.888s] -- Build files have been written to: /home/rose/pi4b_ros2/car_ws/build/fishbot_navigation2
[17.061s] Invoked command in '/home/rose/pi4b_ros2/car_ws/build/fishbot_navigation2' returned '0': CMAKE_PREFIX_PATH=${CMAKE_PREFIX_PATH}:/home/rose/pi4b_ros2/car_ws/install/yolo_counting_pkg:/home/rose/pi4b_ros2/car_ws/install/test_control_pkg:/opt/ros/humble /usr/bin/cmake /home/rose/pi4b_ros2/car_ws/src/bot_navigation2 -DCMAKE_INSTALL_PREFIX=/home/rose/pi4b_ros2/car_ws/install/fishbot_navigation2
[17.079s] Invoking command in '/home/rose/pi4b_ros2/car_ws/build/fishbot_navigation2': CMAKE_PREFIX_PATH=${CMAKE_PREFIX_PATH}:/home/rose/pi4b_ros2/car_ws/install/yolo_counting_pkg:/home/rose/pi4b_ros2/car_ws/install/test_control_pkg:/opt/ros/humble /usr/bin/cmake --build /home/rose/pi4b_ros2/car_ws/build/fishbot_navigation2 -- -j4 -l4
[17.669s] Invoked command in '/home/rose/pi4b_ros2/car_ws/build/fishbot_navigation2' returned '0': CMAKE_PREFIX_PATH=${CMAKE_PREFIX_PATH}:/home/rose/pi4b_ros2/car_ws/install/yolo_counting_pkg:/home/rose/pi4b_ros2/car_ws/install/test_control_pkg:/opt/ros/humble /usr/bin/cmake --build /home/rose/pi4b_ros2/car_ws/build/fishbot_navigation2 -- -j4 -l4
[17.679s] Invoking command in '/home/rose/pi4b_ros2/car_ws/build/fishbot_navigation2': CMAKE_PREFIX_PATH=${CMAKE_PREFIX_PATH}:/home/rose/pi4b_ros2/car_ws/install/yolo_counting_pkg:/home/rose/pi4b_ros2/car_ws/install/test_control_pkg:/opt/ros/humble /usr/bin/cmake --install /home/rose/pi4b_ros2/car_ws/build/fishbot_navigation2
[17.835s] -- Install configuration: ""
[17.835s] -- Installing: /home/rose/pi4b_ros2/car_ws/install/fishbot_navigation2/share/fishbot_navigation2/launch
[17.836s] -- Installing: /home/rose/pi4b_ros2/car_ws/install/fishbot_navigation2/share/fishbot_navigation2/launch/navigation2.launch.py
[17.844s] -- Installing: /home/rose/pi4b_ros2/car_ws/install/fishbot_navigation2/share/fishbot_navigation2/maps
[17.854s] -- Installing: /home/rose/pi4b_ros2/car_ws/install/fishbot_navigation2/share/fishbot_navigation2/maps/room.yaml
[17.862s] -- Installing: /home/rose/pi4b_ros2/car_ws/install/fishbot_navigation2/share/fishbot_navigation2/maps/room.pgm
[17.863s] -- Installing: /home/rose/pi4b_ros2/car_ws/install/fishbot_navigation2/share/fishbot_navigation2/maps/lab.pgm
[17.866s] -- Installing: /home/rose/pi4b_ros2/car_ws/install/fishbot_navigation2/share/fishbot_navigation2/maps/lab.yaml
[17.868s] -- Installing: /home/rose/pi4b_ros2/car_ws/install/fishbot_navigation2/share/fishbot_navigation2/config
[17.881s] -- Installing: /home/rose/pi4b_ros2/car_ws/install/fishbot_navigation2/share/fishbot_navigation2/config/nav2_params.yaml
[17.896s] -- Installing: /home/rose/pi4b_ros2/car_ws/install/fishbot_navigation2/share/ament_index/resource_index/package_run_dependencies/fishbot_navigation2
[17.897s] -- Installing: /home/rose/pi4b_ros2/car_ws/install/fishbot_navigation2/share/ament_index/resource_index/parent_prefix_path/fishbot_navigation2
[17.900s] -- Installing: /home/rose/pi4b_ros2/car_ws/install/fishbot_navigation2/share/fishbot_navigation2/environment/ament_prefix_path.sh
[17.908s] -- Installing: /home/rose/pi4b_ros2/car_ws/install/fishbot_navigation2/share/fishbot_navigation2/environment/ament_prefix_path.dsv
[17.911s] -- Installing: /home/rose/pi4b_ros2/car_ws/install/fishbot_navigation2/share/fishbot_navigation2/environment/path.sh
[17.913s] -- Installing: /home/rose/pi4b_ros2/car_ws/install/fishbot_navigation2/share/fishbot_navigation2/environment/path.dsv
[17.937s] -- Installing: /home/rose/pi4b_ros2/car_ws/install/fishbot_navigation2/share/fishbot_navigation2/local_setup.bash
[17.937s] -- Installing: /home/rose/pi4b_ros2/car_ws/install/fishbot_navigation2/share/fishbot_navigation2/local_setup.sh
[17.938s] -- Installing: /home/rose/pi4b_ros2/car_ws/install/fishbot_navigation2/share/fishbot_navigation2/local_setup.zsh
[17.944s] -- Installing: /home/rose/pi4b_ros2/car_ws/install/fishbot_navigation2/share/fishbot_navigation2/local_setup.dsv
[17.945s] -- Installing: /home/rose/pi4b_ros2/car_ws/install/fishbot_navigation2/share/fishbot_navigation2/package.dsv
[17.960s] -- Installing: /home/rose/pi4b_ros2/car_ws/install/fishbot_navigation2/share/ament_index/resource_index/packages/fishbot_navigation2
[17.962s] -- Installing: /home/rose/pi4b_ros2/car_ws/install/fishbot_navigation2/share/fishbot_navigation2/cmake/fishbot_navigation2Config.cmake
[17.969s] -- Installing: /home/rose/pi4b_ros2/car_ws/install/fishbot_navigation2/share/fishbot_navigation2/cmake/fishbot_navigation2Config-version.cmake
[17.991s] -- Installing: /home/rose/pi4b_ros2/car_ws/install/fishbot_navigation2/share/fishbot_navigation2/package.xml
[17.999s] Invoked command in '/home/rose/pi4b_ros2/car_ws/build/fishbot_navigation2' returned '0': CMAKE_PREFIX_PATH=${CMAKE_PREFIX_PATH}:/home/rose/pi4b_ros2/car_ws/install/yolo_counting_pkg:/home/rose/pi4b_ros2/car_ws/install/test_control_pkg:/opt/ros/humble /usr/bin/cmake --install /home/rose/pi4b_ros2/car_ws/build/fishbot_navigation2
