[5.928s] Invoking command in '/home/rose/pi4b_ros2/car_ws/src/bot_application': PYTHONPATH=/home/rose/pi4b_ros2/car_ws/build/bot_application/prefix_override:/usr/lib/python3/dist-packages/colcon_core/task/python/colcon_distutils_commands:/home/rose/pi4b_ros2/car_ws/install/bot_application/lib/python3.10/site-packages:${PYTHONPATH} /usr/bin/python3 -W ignore:setup.py install is deprecated -W ignore:easy_install command is deprecated setup.py egg_info --egg-base ../../build/bot_application build --build-base /home/rose/pi4b_ros2/car_ws/build/bot_application/build install --record /home/rose/pi4b_ros2/car_ws/build/bot_application/install.log --single-version-externally-managed install_data
[7.406s] /home/rose/.local/lib/python3.10/site-packages/setuptools/_distutils/dist.py:287: UserWarning: Unknown distribution option: 'tests_require'
[7.407s]   warnings.warn(msg)
[8.772s] running egg_info
[9.069s] writing ../../build/bot_application/bot_application.egg-info/PKG-INFO
[9.073s] writing dependency_links to ../../build/bot_application/bot_application.egg-info/dependency_links.txt
[9.077s] writing entry points to ../../build/bot_application/bot_application.egg-info/entry_points.txt
[9.083s] writing requirements to ../../build/bot_application/bot_application.egg-info/requires.txt
[9.086s] writing top-level names to ../../build/bot_application/bot_application.egg-info/top_level.txt
[9.463s] reading manifest file '../../build/bot_application/bot_application.egg-info/SOURCES.txt'
[9.480s] writing manifest file '../../build/bot_application/bot_application.egg-info/SOURCES.txt'
[9.481s] running build
[9.481s] running build_py
[9.483s] copying bot_application/get_cost.py -> /home/rose/pi4b_ros2/car_ws/build/bot_application/build/lib/bot_application
[9.484s] copying bot_application/navigator_full_dp.py -> /home/rose/pi4b_ros2/car_ws/build/bot_application/build/lib/bot_application
[9.487s] copying bot_application/optimized_navigator_dp.py -> /home/rose/pi4b_ros2/car_ws/build/bot_application/build/lib/bot_application
[9.496s] copying bot_application/get_robot_pose.py -> /home/rose/pi4b_ros2/car_ws/build/bot_application/build/lib/bot_application
[9.499s] copying bot_application/optimized_navigator.py -> /home/rose/pi4b_ros2/car_ws/build/bot_application/build/lib/bot_application
[9.499s] copying bot_application/voice_publisher.py -> /home/rose/pi4b_ros2/car_ws/build/bot_application/build/lib/bot_application
[9.500s] copying bot_application/waypoint_cost_calculator.py -> /home/rose/pi4b_ros2/car_ws/build/bot_application/build/lib/bot_application
[9.502s] copying bot_application/__init__.py -> /home/rose/pi4b_ros2/car_ws/build/bot_application/build/lib/bot_application
[9.503s] copying bot_application/nav_through_pose.py -> /home/rose/pi4b_ros2/car_ws/build/bot_application/build/lib/bot_application
[9.505s] copying bot_application/voice_command_publisher.py -> /home/rose/pi4b_ros2/car_ws/build/bot_application/build/lib/bot_application
[9.505s] copying bot_application/waypoint_follower.py -> /home/rose/pi4b_ros2/car_ws/build/bot_application/build/lib/bot_application
[9.507s] copying bot_application/waypoint_selector.py -> /home/rose/pi4b_ros2/car_ws/build/bot_application/build/lib/bot_application
[9.512s] copying bot_application/nav_to_pose.py -> /home/rose/pi4b_ros2/car_ws/build/bot_application/build/lib/bot_application
[9.514s] copying bot_application/init_robot_pose.py -> /home/rose/pi4b_ros2/car_ws/build/bot_application/build/lib/bot_application
[9.516s] copying bot_application/navigator_full_ga.py -> /home/rose/pi4b_ros2/car_ws/build/bot_application/build/lib/bot_application
[9.521s] running install
[9.546s] running install_lib
[9.794s] copying /home/rose/pi4b_ros2/car_ws/build/bot_application/build/lib/bot_application/navigator_full_dp.py -> /home/rose/pi4b_ros2/car_ws/install/bot_application/lib/python3.10/site-packages/bot_application
[9.816s] byte-compiling /home/rose/pi4b_ros2/car_ws/install/bot_application/lib/python3.10/site-packages/bot_application/navigator_full_dp.py to navigator_full_dp.cpython-310.pyc
[9.852s] byte-compiling /home/rose/pi4b_ros2/car_ws/install/bot_application/lib/python3.10/site-packages/bot_application/waypoint_cost_calculator copy.py to waypoint_cost_calculator copy.cpython-310.pyc
[9.864s]   File "/home/rose/pi4b_ros2/car_ws/install/bot_application/lib/python3.10/site-packages/bot_application/waypoint_cost_calculator copy.py", line 196
[9.868s]     create_goal_pose(navigator, 0.97, 0.72, 0.0)
[9.873s]     ^^^^^^^^^^^^^^^^^^^^^^^^^^^^^^^^^^^^^^^^^^^^^^^^^^^
[9.876s] SyntaxError: invalid syntax. Perhaps you forgot a comma?
[9.879s] 
[9.882s] running install_data
[9.885s] copying resource/bot_application -> /home/rose/pi4b_ros2/car_ws/install/bot_application/share/ament_index/resource_index/packages
[9.888s] copying package.xml -> /home/rose/pi4b_ros2/car_ws/install/bot_application/share/bot_application
[9.890s] running install_egg_info
[10.071s] removing '/home/rose/pi4b_ros2/car_ws/install/bot_application/lib/python3.10/site-packages/bot_application-0.0.0-py3.10.egg-info' (and everything under it)
[10.087s] Copying ../../build/bot_application/bot_application.egg-info to /home/rose/pi4b_ros2/car_ws/install/bot_application/lib/python3.10/site-packages/bot_application-0.0.0-py3.10.egg-info
[10.088s] running install_scripts
[10.579s] Installing auto_optimized_navigator script to /home/rose/pi4b_ros2/car_ws/install/bot_application/lib/bot_application
[10.582s] Installing get_robot_pose script to /home/rose/pi4b_ros2/car_ws/install/bot_application/lib/bot_application
[10.583s] Installing init_robot_pose script to /home/rose/pi4b_ros2/car_ws/install/bot_application/lib/bot_application
[10.595s] Installing init_robot_pose_door script to /home/rose/pi4b_ros2/car_ws/install/bot_application/lib/bot_application
[10.601s] Installing init_robot_pose_point1 script to /home/rose/pi4b_ros2/car_ws/install/bot_application/lib/bot_application
[10.602s] Installing init_robot_pose_point2 script to /home/rose/pi4b_ros2/car_ws/install/bot_application/lib/bot_application
[10.602s] Installing init_robot_pose_point3 script to /home/rose/pi4b_ros2/car_ws/install/bot_application/lib/bot_application
[10.603s] Installing nav_through_pose script to /home/rose/pi4b_ros2/car_ws/install/bot_application/lib/bot_application
[10.603s] Installing navigator_full_dp script to /home/rose/pi4b_ros2/car_ws/install/bot_application/lib/bot_application
[10.604s] Installing navigator_full_ga script to /home/rose/pi4b_ros2/car_ws/install/bot_application/lib/bot_application
[10.605s] Installing optimized_navigator script to /home/rose/pi4b_ros2/car_ws/install/bot_application/lib/bot_application
[10.605s] Installing optimized_navigator_dp script to /home/rose/pi4b_ros2/car_ws/install/bot_application/lib/bot_application
[10.606s] Installing voice_publisher script to /home/rose/pi4b_ros2/car_ws/install/bot_application/lib/bot_application
[10.612s] Installing way_to_go script to /home/rose/pi4b_ros2/car_ws/install/bot_application/lib/bot_application
[10.613s] Installing waypoint_cost_calculator script to /home/rose/pi4b_ros2/car_ws/install/bot_application/lib/bot_application
[10.613s] Installing waypoint_cost_calculator_copy script to /home/rose/pi4b_ros2/car_ws/install/bot_application/lib/bot_application
[10.614s] Installing waypoint_follower script to /home/rose/pi4b_ros2/car_ws/install/bot_application/lib/bot_application
[10.618s] Installing waypoint_selector script to /home/rose/pi4b_ros2/car_ws/install/bot_application/lib/bot_application
[10.624s] writing list of installed files to '/home/rose/pi4b_ros2/car_ws/build/bot_application/install.log'
[10.814s] Invoked command in '/home/rose/pi4b_ros2/car_ws/src/bot_application' returned '0': PYTHONPATH=/home/rose/pi4b_ros2/car_ws/build/bot_application/prefix_override:/usr/lib/python3/dist-packages/colcon_core/task/python/colcon_distutils_commands:/home/rose/pi4b_ros2/car_ws/install/bot_application/lib/python3.10/site-packages:${PYTHONPATH} /usr/bin/python3 -W ignore:setup.py install is deprecated -W ignore:easy_install command is deprecated setup.py egg_info --egg-base ../../build/bot_application build --build-base /home/rose/pi4b_ros2/car_ws/build/bot_application/build install --record /home/rose/pi4b_ros2/car_ws/build/bot_application/install.log --single-version-externally-managed install_data
