[1.884s] Invoking command in '/home/rose/pi4b_ros2/car_ws/build/bot_description': CMAKE_PREFIX_PATH=${CMAKE_PREFIX_PATH}:/home/rose/pi4b_ros2/car_ws/install/yolo_counting_pkg:/home/rose/pi4b_ros2/car_ws/install/test_control_pkg:/home/rose/pi4b_ros2/car_ws/install/bot_application:/opt/ros/humble /usr/bin/cmake --build /home/rose/pi4b_ros2/car_ws/build/bot_description -- -j4 -l4
[2.257s] Invoked command in '/home/rose/pi4b_ros2/car_ws/build/bot_description' returned '0': CMAKE_PREFIX_PATH=${CMAKE_PREFIX_PATH}:/home/rose/pi4b_ros2/car_ws/install/yolo_counting_pkg:/home/rose/pi4b_ros2/car_ws/install/test_control_pkg:/home/rose/pi4b_ros2/car_ws/install/bot_application:/opt/ros/humble /usr/bin/cmake --build /home/rose/pi4b_ros2/car_ws/build/bot_description -- -j4 -l4
[2.267s] Invoking command in '/home/rose/pi4b_ros2/car_ws/build/bot_description': CMAKE_PREFIX_PATH=${CMAKE_PREFIX_PATH}:/home/rose/pi4b_ros2/car_ws/install/yolo_counting_pkg:/home/rose/pi4b_ros2/car_ws/install/test_control_pkg:/home/rose/pi4b_ros2/car_ws/install/bot_application:/opt/ros/humble /usr/bin/cmake --install /home/rose/pi4b_ros2/car_ws/build/bot_description
[2.308s] -- Install configuration: "Release"
[2.308s] -- Up-to-date: /home/rose/pi4b_ros2/car_ws/install/bot_description/share/bot_description/launch
[2.308s] -- Up-to-date: /home/rose/pi4b_ros2/car_ws/install/bot_description/share/bot_description/launch/display_robot.launch.py
[2.309s] -- Up-to-date: /home/rose/pi4b_ros2/car_ws/install/bot_description/share/bot_description/launch/__pycache__
[2.309s] -- Up-to-date: /home/rose/pi4b_ros2/car_ws/install/bot_description/share/bot_description/launch/__pycache__/display_robot.launch.cpython-310.pyc
[2.310s] -- Up-to-date: /home/rose/pi4b_ros2/car_ws/install/bot_description/share/bot_description/launch/lsn10_net_launch.py
[2.310s] -- Up-to-date: /home/rose/pi4b_ros2/car_ws/install/bot_description/share/bot_description/launch/backpack_2d.launch.py
[2.310s] -- Up-to-date: /home/rose/pi4b_ros2/car_ws/install/bot_description/share/bot_description/urdf
[2.311s] -- Up-to-date: /home/rose/pi4b_ros2/car_ws/install/bot_description/share/bot_description/urdf/sensors
[2.312s] -- Up-to-date: /home/rose/pi4b_ros2/car_ws/install/bot_description/share/bot_description/urdf/sensors/imu.urdf.xacro
[2.315s] -- Up-to-date: /home/rose/pi4b_ros2/car_ws/install/bot_description/share/bot_description/urdf/sensors/generic_laser.urdf.xacro
[2.316s] -- Up-to-date: /home/rose/pi4b_ros2/car_ws/install/bot_description/share/bot_description/urdf/sensors/laser.urdf.xacro
[2.318s] -- Up-to-date: /home/rose/pi4b_ros2/car_ws/install/bot_description/share/bot_description/urdf/sensors/depth_sensor.urdf.xacro
[2.323s] -- Up-to-date: /home/rose/pi4b_ros2/car_ws/install/bot_description/share/bot_description/urdf/sensors/plugins.urdf.xacro
[2.324s] -- Up-to-date: /home/rose/pi4b_ros2/car_ws/install/bot_description/share/bot_description/urdf/mybot.urdf
[2.324s] -- Up-to-date: /home/rose/pi4b_ros2/car_ws/install/bot_description/share/bot_description/urdf/mech
[2.325s] -- Up-to-date: /home/rose/pi4b_ros2/car_ws/install/bot_description/share/bot_description/urdf/mech/base.urdf.xacro
[2.326s] -- Up-to-date: /home/rose/pi4b_ros2/car_ws/install/bot_description/share/bot_description/urdf/mech/wheel.urdf.xacro
[2.331s] -- Up-to-date: /home/rose/pi4b_ros2/car_ws/install/bot_description/share/bot_description/urdf/controllers
[2.332s] -- Up-to-date: /home/rose/pi4b_ros2/car_ws/install/bot_description/share/bot_description/urdf/controllers/skid_steer.urdf.xacro
[2.333s] -- Up-to-date: /home/rose/pi4b_ros2/car_ws/install/bot_description/share/bot_description/urdf/4wd.urdf.xacro
[2.333s] -- Up-to-date: /home/rose/pi4b_ros2/car_ws/install/bot_description/share/bot_description/urdf/properties
[2.334s] -- Up-to-date: /home/rose/pi4b_ros2/car_ws/install/bot_description/share/bot_description/urdf/properties/4wd_properties.urdf.xacro
[2.341s] -- Up-to-date: /home/rose/pi4b_ros2/car_ws/install/bot_description/share/bot_description/urdf/mybot.xacro
[2.362s] -- Up-to-date: /home/rose/pi4b_ros2/car_ws/install/bot_description/share/bot_description/rviz
[2.365s] -- Up-to-date: /home/rose/pi4b_ros2/car_ws/install/bot_description/share/bot_description/rviz/rviz.rviz
[2.366s] -- Up-to-date: /home/rose/pi4b_ros2/car_ws/install/bot_description/share/bot_description/config
[2.366s] -- Up-to-date: /home/rose/pi4b_ros2/car_ws/install/bot_description/share/bot_description/config/ekf.yaml
[2.368s] -- Up-to-date: /home/rose/pi4b_ros2/car_ws/install/bot_description/share/bot_description/config/my_robot.lua
[2.368s] -- Up-to-date: /home/rose/pi4b_ros2/car_ws/install/bot_description/share/ament_index/resource_index/package_run_dependencies/bot_description
[2.371s] -- Up-to-date: /home/rose/pi4b_ros2/car_ws/install/bot_description/share/ament_index/resource_index/parent_prefix_path/bot_description
[2.373s] -- Up-to-date: /home/rose/pi4b_ros2/car_ws/install/bot_description/share/bot_description/environment/ament_prefix_path.sh
[2.374s] -- Up-to-date: /home/rose/pi4b_ros2/car_ws/install/bot_description/share/bot_description/environment/ament_prefix_path.dsv
[2.375s] -- Up-to-date: /home/rose/pi4b_ros2/car_ws/install/bot_description/share/bot_description/environment/path.sh
[2.375s] -- Up-to-date: /home/rose/pi4b_ros2/car_ws/install/bot_description/share/bot_description/environment/path.dsv
[2.376s] -- Up-to-date: /home/rose/pi4b_ros2/car_ws/install/bot_description/share/bot_description/local_setup.bash
[2.377s] -- Up-to-date: /home/rose/pi4b_ros2/car_ws/install/bot_description/share/bot_description/local_setup.sh
[2.378s] -- Up-to-date: /home/rose/pi4b_ros2/car_ws/install/bot_description/share/bot_description/local_setup.zsh
[2.389s] -- Up-to-date: /home/rose/pi4b_ros2/car_ws/install/bot_description/share/bot_description/local_setup.dsv
[2.390s] -- Installing: /home/rose/pi4b_ros2/car_ws/install/bot_description/share/bot_description/package.dsv
[2.391s] -- Up-to-date: /home/rose/pi4b_ros2/car_ws/install/bot_description/share/ament_index/resource_index/packages/bot_description
[2.391s] -- Up-to-date: /home/rose/pi4b_ros2/car_ws/install/bot_description/share/bot_description/cmake/bot_descriptionConfig.cmake
[2.392s] -- Up-to-date: /home/rose/pi4b_ros2/car_ws/install/bot_description/share/bot_description/cmake/bot_descriptionConfig-version.cmake
[2.392s] -- Up-to-date: /home/rose/pi4b_ros2/car_ws/install/bot_description/share/bot_description/package.xml
[2.393s] Invoked command in '/home/rose/pi4b_ros2/car_ws/build/bot_description' returned '0': CMAKE_PREFIX_PATH=${CMAKE_PREFIX_PATH}:/home/rose/pi4b_ros2/car_ws/install/yolo_counting_pkg:/home/rose/pi4b_ros2/car_ws/install/test_control_pkg:/home/rose/pi4b_ros2/car_ws/install/bot_application:/opt/ros/humble /usr/bin/cmake --install /home/rose/pi4b_ros2/car_ws/build/bot_description
