[0.242s] Invoking command in '/home/rose/pi4b_ros2/car_ws/build/bot_navigation2': CMAKE_PREFIX_PATH=${CMAKE_PREFIX_PATH}:/home/rose/pi4b_ros2/car_ws/install/yolo_counting_pkg:/home/rose/pi4b_ros2/car_ws/install/test_control_pkg:/home/rose/pi4b_ros2/car_ws/install/bot_application:/opt/ros/humble /usr/bin/cmake --build /home/rose/pi4b_ros2/car_ws/build/bot_navigation2 -- -j4 -l4
[0.961s] Invoked command in '/home/rose/pi4b_ros2/car_ws/build/bot_navigation2' returned '0': CMAKE_PREFIX_PATH=${CMAKE_PREFIX_PATH}:/home/rose/pi4b_ros2/car_ws/install/yolo_counting_pkg:/home/rose/pi4b_ros2/car_ws/install/test_control_pkg:/home/rose/pi4b_ros2/car_ws/install/bot_application:/opt/ros/humble /usr/bin/cmake --build /home/rose/pi4b_ros2/car_ws/build/bot_navigation2 -- -j4 -l4
[0.970s] Invoking command in '/home/rose/pi4b_ros2/car_ws/build/bot_navigation2': CMAKE_PREFIX_PATH=${CMAKE_PREFIX_PATH}:/home/rose/pi4b_ros2/car_ws/install/yolo_counting_pkg:/home/rose/pi4b_ros2/car_ws/install/test_control_pkg:/home/rose/pi4b_ros2/car_ws/install/bot_application:/opt/ros/humble /usr/bin/cmake --install /home/rose/pi4b_ros2/car_ws/build/bot_navigation2
[1.165s] -- Install configuration: "Release"
[1.172s] -- Up-to-date: /home/rose/pi4b_ros2/car_ws/install/bot_navigation2/share/bot_navigation2/launch
[1.179s] -- Up-to-date: /home/rose/pi4b_ros2/car_ws/install/bot_navigation2/share/bot_navigation2/launch/navigation2.launch.py
[1.182s] -- Up-to-date: /home/rose/pi4b_ros2/car_ws/install/bot_navigation2/share/bot_navigation2/maps
[1.183s] -- Up-to-date: /home/rose/pi4b_ros2/car_ws/install/bot_navigation2/share/bot_navigation2/maps/lab_1.yaml
[1.189s] -- Up-to-date: /home/rose/pi4b_ros2/car_ws/install/bot_navigation2/share/bot_navigation2/maps/room.yaml
[1.196s] -- Up-to-date: /home/rose/pi4b_ros2/car_ws/install/bot_navigation2/share/bot_navigation2/maps/room.pgm
[1.197s] -- Up-to-date: /home/rose/pi4b_ros2/car_ws/install/bot_navigation2/share/bot_navigation2/maps/lab.pgm
[1.198s] -- Up-to-date: /home/rose/pi4b_ros2/car_ws/install/bot_navigation2/share/bot_navigation2/maps/lab_1.pgm
[1.201s] -- Up-to-date: /home/rose/pi4b_ros2/car_ws/install/bot_navigation2/share/bot_navigation2/maps/lab.yaml
[1.208s] -- Up-to-date: /home/rose/pi4b_ros2/car_ws/install/bot_navigation2/share/bot_navigation2/maps/lab_2.pgm
[1.209s] -- Up-to-date: /home/rose/pi4b_ros2/car_ws/install/bot_navigation2/share/bot_navigation2/maps/lab_2.yaml
[1.209s] -- Up-to-date: /home/rose/pi4b_ros2/car_ws/install/bot_navigation2/share/bot_navigation2/config
[1.244s] -- Up-to-date: /home/rose/pi4b_ros2/car_ws/install/bot_navigation2/share/bot_navigation2/config/nav2_params.yaml
[1.245s] -- Up-to-date: /home/rose/pi4b_ros2/car_ws/install/bot_navigation2/share/bot_navigation2/config/nav2_params.yaml.backup
[1.245s] -- Up-to-date: /home/rose/pi4b_ros2/car_ws/install/bot_navigation2/share/ament_index/resource_index/package_run_dependencies/bot_navigation2
[1.246s] -- Up-to-date: /home/rose/pi4b_ros2/car_ws/install/bot_navigation2/share/ament_index/resource_index/parent_prefix_path/bot_navigation2
[1.246s] -- Up-to-date: /home/rose/pi4b_ros2/car_ws/install/bot_navigation2/share/bot_navigation2/environment/ament_prefix_path.sh
[1.247s] -- Up-to-date: /home/rose/pi4b_ros2/car_ws/install/bot_navigation2/share/bot_navigation2/environment/ament_prefix_path.dsv
[1.247s] -- Up-to-date: /home/rose/pi4b_ros2/car_ws/install/bot_navigation2/share/bot_navigation2/environment/path.sh
[1.248s] -- Up-to-date: /home/rose/pi4b_ros2/car_ws/install/bot_navigation2/share/bot_navigation2/environment/path.dsv
[1.248s] -- Up-to-date: /home/rose/pi4b_ros2/car_ws/install/bot_navigation2/share/bot_navigation2/local_setup.bash
[1.265s] -- Up-to-date: /home/rose/pi4b_ros2/car_ws/install/bot_navigation2/share/bot_navigation2/local_setup.sh
[1.265s] -- Up-to-date: /home/rose/pi4b_ros2/car_ws/install/bot_navigation2/share/bot_navigation2/local_setup.zsh
[1.266s] -- Up-to-date: /home/rose/pi4b_ros2/car_ws/install/bot_navigation2/share/bot_navigation2/local_setup.dsv
[1.266s] -- Installing: /home/rose/pi4b_ros2/car_ws/install/bot_navigation2/share/bot_navigation2/package.dsv
[1.274s] -- Up-to-date: /home/rose/pi4b_ros2/car_ws/install/bot_navigation2/share/ament_index/resource_index/packages/bot_navigation2
[1.282s] -- Up-to-date: /home/rose/pi4b_ros2/car_ws/install/bot_navigation2/share/bot_navigation2/cmake/bot_navigation2Config.cmake
[1.284s] -- Up-to-date: /home/rose/pi4b_ros2/car_ws/install/bot_navigation2/share/bot_navigation2/cmake/bot_navigation2Config-version.cmake
[1.288s] -- Up-to-date: /home/rose/pi4b_ros2/car_ws/install/bot_navigation2/share/bot_navigation2/package.xml
[1.433s] Invoked command in '/home/rose/pi4b_ros2/car_ws/build/bot_navigation2' returned '0': CMAKE_PREFIX_PATH=${CMAKE_PREFIX_PATH}:/home/rose/pi4b_ros2/car_ws/install/yolo_counting_pkg:/home/rose/pi4b_ros2/car_ws/install/test_control_pkg:/home/rose/pi4b_ros2/car_ws/install/bot_application:/opt/ros/humble /usr/bin/cmake --install /home/rose/pi4b_ros2/car_ws/build/bot_navigation2
