[0.065s] Invoking command in '/home/rose/pi4b_ros2/car_ws/build/bot_navigation2': CMAKE_PREFIX_PATH=/opt/ros/humble /usr/bin/cmake --build /home/rose/pi4b_ros2/car_ws/build/bot_navigation2 -- -j4 -l4
[0.227s] Invoked command in '/home/rose/pi4b_ros2/car_ws/build/bot_navigation2' returned '0': CMAKE_PREFIX_PATH=/opt/ros/humble /usr/bin/cmake --build /home/rose/pi4b_ros2/car_ws/build/bot_navigation2 -- -j4 -l4
[0.273s] Invoking command in '/home/rose/pi4b_ros2/car_ws/build/bot_navigation2': CMAKE_PREFIX_PATH=/opt/ros/humble /usr/bin/cmake --install /home/rose/pi4b_ros2/car_ws/build/bot_navigation2
[0.306s] -- Install configuration: "Release"
[0.309s] -- Up-to-date: /home/rose/pi4b_ros2/car_ws/install/bot_navigation2/share/bot_navigation2/launch
[0.309s] -- Up-to-date: /home/rose/pi4b_ros2/car_ws/install/bot_navigation2/share/bot_navigation2/launch/localization.launch.py
[0.310s] -- Up-to-date: /home/rose/pi4b_ros2/car_ws/install/bot_navigation2/share/bot_navigation2/launch/navigation2.launch.py
[0.310s] -- Up-to-date: /home/rose/pi4b_ros2/car_ws/install/bot_navigation2/share/bot_navigation2/launch/navigation2_cartographer.launch.py
[0.311s] -- Up-to-date: /home/rose/pi4b_ros2/car_ws/install/bot_navigation2/share/bot_navigation2/launch/loc_nav.launch.py
[0.311s] -- Up-to-date: /home/rose/pi4b_ros2/car_ws/install/bot_navigation2/share/bot_navigation2/launch/bringup_launch_cartographer.launch.py
[0.312s] -- Up-to-date: /home/rose/pi4b_ros2/car_ws/install/bot_navigation2/share/bot_navigation2/maps
[0.313s] -- Up-to-date: /home/rose/pi4b_ros2/car_ws/install/bot_navigation2/share/bot_navigation2/maps/lab_1.yaml
[0.314s] -- Up-to-date: /home/rose/pi4b_ros2/car_ws/install/bot_navigation2/share/bot_navigation2/maps/lab_5.pgm
[0.314s] -- Up-to-date: /home/rose/pi4b_ros2/car_ws/install/bot_navigation2/share/bot_navigation2/maps/room.yaml
[0.315s] -- Up-to-date: /home/rose/pi4b_ros2/car_ws/install/bot_navigation2/share/bot_navigation2/maps/lab_5.yaml
[0.316s] -- Up-to-date: /home/rose/pi4b_ros2/car_ws/install/bot_navigation2/share/bot_navigation2/maps/room.pgm
[0.317s] -- Up-to-date: /home/rose/pi4b_ros2/car_ws/install/bot_navigation2/share/bot_navigation2/maps/lab.pgm
[0.318s] -- Up-to-date: /home/rose/pi4b_ros2/car_ws/install/bot_navigation2/share/bot_navigation2/maps/lab_3.pgm
[0.319s] -- Up-to-date: /home/rose/pi4b_ros2/car_ws/install/bot_navigation2/share/bot_navigation2/maps/lab_1.pgm
[0.320s] -- Up-to-date: /home/rose/pi4b_ros2/car_ws/install/bot_navigation2/share/bot_navigation2/maps/map.pbstream
[0.321s] -- Up-to-date: /home/rose/pi4b_ros2/car_ws/install/bot_navigation2/share/bot_navigation2/maps/lab_6.pgm
[0.322s] -- Up-to-date: /home/rose/pi4b_ros2/car_ws/install/bot_navigation2/share/bot_navigation2/maps/lab.yaml
[0.322s] -- Up-to-date: /home/rose/pi4b_ros2/car_ws/install/bot_navigation2/share/bot_navigation2/maps/lab_6.yaml
[0.323s] -- Up-to-date: /home/rose/pi4b_ros2/car_ws/install/bot_navigation2/share/bot_navigation2/maps/lab_3.yaml
[0.324s] -- Up-to-date: /home/rose/pi4b_ros2/car_ws/install/bot_navigation2/share/bot_navigation2/maps/lab_2.pgm
[0.325s] -- Up-to-date: /home/rose/pi4b_ros2/car_ws/install/bot_navigation2/share/bot_navigation2/maps/lab_2.yaml
[0.325s] -- Up-to-date: /home/rose/pi4b_ros2/car_ws/install/bot_navigation2/share/bot_navigation2/config
[0.326s] -- Up-to-date: /home/rose/pi4b_ros2/car_ws/install/bot_navigation2/share/bot_navigation2/config/nav2_params.yaml
[0.327s] -- Up-to-date: /home/rose/pi4b_ros2/car_ws/install/bot_navigation2/share/bot_navigation2/config/backpack_2d_localization.lua
[0.328s] -- Installing: /home/rose/pi4b_ros2/car_ws/install/bot_navigation2/share/bot_navigation2/config/backpack_2d.lua
[0.328s] -- Up-to-date: /home/rose/pi4b_ros2/car_ws/install/bot_navigation2/share/bot_navigation2/config/nav2_params.yaml.backup
[0.329s] -- Up-to-date: /home/rose/pi4b_ros2/car_ws/install/bot_navigation2/share/bot_navigation2/config/localization.lua
[0.330s] -- Up-to-date: /home/rose/pi4b_ros2/car_ws/install/bot_navigation2/share/ament_index/resource_index/package_run_dependencies/bot_navigation2
[0.331s] -- Up-to-date: /home/rose/pi4b_ros2/car_ws/install/bot_navigation2/share/ament_index/resource_index/parent_prefix_path/bot_navigation2
[0.344s] -- Up-to-date: /home/rose/pi4b_ros2/car_ws/install/bot_navigation2/share/bot_navigation2/environment/ament_prefix_path.sh
[0.345s] -- Up-to-date: /home/rose/pi4b_ros2/car_ws/install/bot_navigation2/share/bot_navigation2/environment/ament_prefix_path.dsv
[0.346s] -- Up-to-date: /home/rose/pi4b_ros2/car_ws/install/bot_navigation2/share/bot_navigation2/environment/path.sh
[0.347s] -- Up-to-date: /home/rose/pi4b_ros2/car_ws/install/bot_navigation2/share/bot_navigation2/environment/path.dsv
[0.348s] -- Up-to-date: /home/rose/pi4b_ros2/car_ws/install/bot_navigation2/share/bot_navigation2/local_setup.bash
[0.349s] -- Up-to-date: /home/rose/pi4b_ros2/car_ws/install/bot_navigation2/share/bot_navigation2/local_setup.sh
[0.350s] -- Up-to-date: /home/rose/pi4b_ros2/car_ws/install/bot_navigation2/share/bot_navigation2/local_setup.zsh
[0.351s] -- Up-to-date: /home/rose/pi4b_ros2/car_ws/install/bot_navigation2/share/bot_navigation2/local_setup.dsv
[0.352s] -- Installing: /home/rose/pi4b_ros2/car_ws/install/bot_navigation2/share/bot_navigation2/package.dsv
[0.354s] -- Up-to-date: /home/rose/pi4b_ros2/car_ws/install/bot_navigation2/share/ament_index/resource_index/packages/bot_navigation2
[0.356s] -- Up-to-date: /home/rose/pi4b_ros2/car_ws/install/bot_navigation2/share/bot_navigation2/cmake/bot_navigation2Config.cmake
[0.356s] -- Up-to-date: /home/rose/pi4b_ros2/car_ws/install/bot_navigation2/share/bot_navigation2/cmake/bot_navigation2Config-version.cmake
[0.357s] -- Up-to-date: /home/rose/pi4b_ros2/car_ws/install/bot_navigation2/share/bot_navigation2/package.xml
[0.358s] Invoked command in '/home/rose/pi4b_ros2/car_ws/build/bot_navigation2' returned '0': CMAKE_PREFIX_PATH=/opt/ros/humble /usr/bin/cmake --install /home/rose/pi4b_ros2/car_ws/build/bot_navigation2
