[0.649s] Invoking command in '/home/rose/pi4b_ros2/car_ws/build/lslidar_driver': CMAKE_PREFIX_PATH=/home/rose/pi4b_ros2/car_ws/install/lslidar_msgs:/home/rose/pi4b_ros2/car_ws/install/ros2_laser_scan_matcher:/home/rose/pi4b_ros2/car_ws/install/lslidar_driver:/home/rose/pi4b_ros2/car_ws/install/csm:/home/rose/pi4b_ros2/car_ws/install/bot_description:/home/rose/pi4b_ros2/car_ws/install/yolo_counting_pkg:/home/rose/pi4b_ros2/car_ws/install/test_control_pkg:/opt/ros/humble /usr/bin/cmake --build /home/rose/pi4b_ros2/car_ws/build/lslidar_driver -- -j4 -l4
[1.801s] [100%] Built target lslidar_driver_node
[2.090s] Invoked command in '/home/rose/pi4b_ros2/car_ws/build/lslidar_driver' returned '0': CMAKE_PREFIX_PATH=/home/rose/pi4b_ros2/car_ws/install/lslidar_msgs:/home/rose/pi4b_ros2/car_ws/install/ros2_laser_scan_matcher:/home/rose/pi4b_ros2/car_ws/install/lslidar_driver:/home/rose/pi4b_ros2/car_ws/install/csm:/home/rose/pi4b_ros2/car_ws/install/bot_description:/home/rose/pi4b_ros2/car_ws/install/yolo_counting_pkg:/home/rose/pi4b_ros2/car_ws/install/test_control_pkg:/opt/ros/humble /usr/bin/cmake --build /home/rose/pi4b_ros2/car_ws/build/lslidar_driver -- -j4 -l4
[2.115s] Invoking command in '/home/rose/pi4b_ros2/car_ws/build/lslidar_driver': CMAKE_PREFIX_PATH=/home/rose/pi4b_ros2/car_ws/install/lslidar_msgs:/home/rose/pi4b_ros2/car_ws/install/ros2_laser_scan_matcher:/home/rose/pi4b_ros2/car_ws/install/lslidar_driver:/home/rose/pi4b_ros2/car_ws/install/csm:/home/rose/pi4b_ros2/car_ws/install/bot_description:/home/rose/pi4b_ros2/car_ws/install/yolo_counting_pkg:/home/rose/pi4b_ros2/car_ws/install/test_control_pkg:/opt/ros/humble /usr/bin/cmake --install /home/rose/pi4b_ros2/car_ws/build/lslidar_driver
[2.371s] -- Install configuration: ""
[2.407s] -- Up-to-date: /home/rose/pi4b_ros2/car_ws/install/lslidar_driver/share/lslidar_driver/launch
[2.423s] -- Up-to-date: /home/rose/pi4b_ros2/car_ws/install/lslidar_driver/share/lslidar_driver/launch/lsm10_net_launch.py
[2.437s] -- Up-to-date: /home/rose/pi4b_ros2/car_ws/install/lslidar_driver/share/lslidar_driver/launch/lsn10_net_launch.py
[2.459s] -- Up-to-date: /home/rose/pi4b_ros2/car_ws/install/lslidar_driver/share/lslidar_driver/launch/lsn10_launch.py
[2.476s] -- Up-to-date: /home/rose/pi4b_ros2/car_ws/install/lslidar_driver/share/lslidar_driver/launch/viewer_scan_launch.py
[2.502s] -- Up-to-date: /home/rose/pi4b_ros2/car_ws/install/lslidar_driver/share/lslidar_driver/launch/lsm10p_net_launch.py
[2.516s] -- Up-to-date: /home/rose/pi4b_ros2/car_ws/install/lslidar_driver/share/lslidar_driver/launch/lsn10p_net_launch.py
[2.532s] -- Up-to-date: /home/rose/pi4b_ros2/car_ws/install/lslidar_driver/share/lslidar_driver/launch/lsm10_uart_launch.py
[2.561s] -- Up-to-date: /home/rose/pi4b_ros2/car_ws/install/lslidar_driver/share/lslidar_driver/launch/lslidar_double_launch.py
[2.570s] -- Up-to-date: /home/rose/pi4b_ros2/car_ws/install/lslidar_driver/share/lslidar_driver/launch/lsn10p_launch.py
[2.577s] -- Up-to-date: /home/rose/pi4b_ros2/car_ws/install/lslidar_driver/share/lslidar_driver/launch/lsm10p_uart_launch.py
[2.612s] -- Up-to-date: /home/rose/pi4b_ros2/car_ws/install/lslidar_driver/share/lslidar_driver/params
[2.620s] -- Up-to-date: /home/rose/pi4b_ros2/car_ws/install/lslidar_driver/share/lslidar_driver/params/lidar_net_ros2
[2.628s] -- Installing: /home/rose/pi4b_ros2/car_ws/install/lslidar_driver/share/lslidar_driver/params/lidar_net_ros2/lsn10p_net.yaml
[2.654s] -- Up-to-date: /home/rose/pi4b_ros2/car_ws/install/lslidar_driver/share/lslidar_driver/params/lidar_net_ros2/lsm10p_net.yaml
[2.668s] -- Up-to-date: /home/rose/pi4b_ros2/car_ws/install/lslidar_driver/share/lslidar_driver/params/lidar_net_ros2/lsn10_net.yaml
[2.686s] -- Up-to-date: /home/rose/pi4b_ros2/car_ws/install/lslidar_driver/share/lslidar_driver/params/lidar_net_ros2/lsm10_net.yaml
[2.707s] -- Up-to-date: /home/rose/pi4b_ros2/car_ws/install/lslidar_driver/share/lslidar_driver/params/lidar_uart_ros2
[2.709s] -- Up-to-date: /home/rose/pi4b_ros2/car_ws/install/lslidar_driver/share/lslidar_driver/params/lidar_uart_ros2/lsm10_p.yaml
[2.710s] -- Up-to-date: /home/rose/pi4b_ros2/car_ws/install/lslidar_driver/share/lslidar_driver/params/lidar_uart_ros2/lsn10.yaml
[2.711s] -- Up-to-date: /home/rose/pi4b_ros2/car_ws/install/lslidar_driver/share/lslidar_driver/params/lidar_uart_ros2/lsn10p.yaml
[2.730s] -- Up-to-date: /home/rose/pi4b_ros2/car_ws/install/lslidar_driver/share/lslidar_driver/params/lidar_uart_ros2/lsm10.yaml
[2.741s] -- Up-to-date: /home/rose/pi4b_ros2/car_ws/install/lslidar_driver/share/lslidar_driver/rviz
[2.752s] -- Up-to-date: /home/rose/pi4b_ros2/car_ws/install/lslidar_driver/share/lslidar_driver/rviz/lslidar.rviz
[2.773s] -- Up-to-date: /home/rose/pi4b_ros2/car_ws/install/lslidar_driver/lib/lslidar_driver/lslidar_driver_node
[2.785s] -- Up-to-date: /home/rose/pi4b_ros2/car_ws/install/lslidar_driver/share/ament_index/resource_index/package_run_dependencies/lslidar_driver
[2.791s] -- Up-to-date: /home/rose/pi4b_ros2/car_ws/install/lslidar_driver/share/ament_index/resource_index/parent_prefix_path/lslidar_driver
[2.818s] -- Up-to-date: /home/rose/pi4b_ros2/car_ws/install/lslidar_driver/share/lslidar_driver/environment/ament_prefix_path.sh
[2.821s] -- Up-to-date: /home/rose/pi4b_ros2/car_ws/install/lslidar_driver/share/lslidar_driver/environment/ament_prefix_path.dsv
[2.822s] -- Up-to-date: /home/rose/pi4b_ros2/car_ws/install/lslidar_driver/share/lslidar_driver/environment/path.sh
[2.824s] -- Up-to-date: /home/rose/pi4b_ros2/car_ws/install/lslidar_driver/share/lslidar_driver/environment/path.dsv
[2.826s] -- Up-to-date: /home/rose/pi4b_ros2/car_ws/install/lslidar_driver/share/lslidar_driver/local_setup.bash
[2.827s] -- Up-to-date: /home/rose/pi4b_ros2/car_ws/install/lslidar_driver/share/lslidar_driver/local_setup.sh
[2.828s] -- Up-to-date: /home/rose/pi4b_ros2/car_ws/install/lslidar_driver/share/lslidar_driver/local_setup.zsh
[2.830s] -- Up-to-date: /home/rose/pi4b_ros2/car_ws/install/lslidar_driver/share/lslidar_driver/local_setup.dsv
[2.834s] -- Installing: /home/rose/pi4b_ros2/car_ws/install/lslidar_driver/share/lslidar_driver/package.dsv
[2.836s] -- Up-to-date: /home/rose/pi4b_ros2/car_ws/install/lslidar_driver/share/ament_index/resource_index/packages/lslidar_driver
[2.838s] -- Up-to-date: /home/rose/pi4b_ros2/car_ws/install/lslidar_driver/share/lslidar_driver/cmake/ament_cmake_export_dependencies-extras.cmake
[2.840s] -- Up-to-date: /home/rose/pi4b_ros2/car_ws/install/lslidar_driver/share/lslidar_driver/cmake/ament_cmake_export_include_directories-extras.cmake
[2.842s] -- Up-to-date: /home/rose/pi4b_ros2/car_ws/install/lslidar_driver/share/lslidar_driver/cmake/lslidar_driverConfig.cmake
[2.843s] -- Up-to-date: /home/rose/pi4b_ros2/car_ws/install/lslidar_driver/share/lslidar_driver/cmake/lslidar_driverConfig-version.cmake
[2.844s] -- Up-to-date: /home/rose/pi4b_ros2/car_ws/install/lslidar_driver/share/lslidar_driver/package.xml
[2.846s] Invoked command in '/home/rose/pi4b_ros2/car_ws/build/lslidar_driver' returned '0': CMAKE_PREFIX_PATH=/home/rose/pi4b_ros2/car_ws/install/lslidar_msgs:/home/rose/pi4b_ros2/car_ws/install/ros2_laser_scan_matcher:/home/rose/pi4b_ros2/car_ws/install/lslidar_driver:/home/rose/pi4b_ros2/car_ws/install/csm:/home/rose/pi4b_ros2/car_ws/install/bot_description:/home/rose/pi4b_ros2/car_ws/install/yolo_counting_pkg:/home/rose/pi4b_ros2/car_ws/install/test_control_pkg:/opt/ros/humble /usr/bin/cmake --install /home/rose/pi4b_ros2/car_ws/build/lslidar_driver
