[2.243s] Invoking command in '/home/rose/pi4b_ros2/car_ws/build/ros2_laser_scan_matcher': CMAKE_PREFIX_PATH=/home/rose/pi4b_ros2/car_ws/install/csm:/home/rose/pi4b_ros2/car_ws/install/ros2_laser_scan_matcher:/home/rose/pi4b_ros2/car_ws/install/lslidar_driver:/home/rose/pi4b_ros2/car_ws/install/lslidar_msgs:/home/rose/pi4b_ros2/car_ws/install/bot_description:/home/rose/pi4b_ros2/car_ws/install/yolo_counting_pkg:/home/rose/pi4b_ros2/car_ws/install/test_control_pkg:/opt/ros/humble LD_LIBRARY_PATH=/home/rose/pi4b_ros2/car_ws/install/csm/lib:/home/rose/pi4b_ros2/car_ws/install/lslidar_msgs/lib:/opt/ros/humble/opt/rviz_ogre_vendor/lib:/opt/ros/humble/lib/aarch64-linux-gnu:/opt/ros/humble/lib /usr/bin/cmake --build /home/rose/pi4b_ros2/car_ws/build/ros2_laser_scan_matcher -- -j4 -l4
[2.966s] [100%] Built target laser_scan_matcher
[3.097s] Invoked command in '/home/rose/pi4b_ros2/car_ws/build/ros2_laser_scan_matcher' returned '0': CMAKE_PREFIX_PATH=/home/rose/pi4b_ros2/car_ws/install/csm:/home/rose/pi4b_ros2/car_ws/install/ros2_laser_scan_matcher:/home/rose/pi4b_ros2/car_ws/install/lslidar_driver:/home/rose/pi4b_ros2/car_ws/install/lslidar_msgs:/home/rose/pi4b_ros2/car_ws/install/bot_description:/home/rose/pi4b_ros2/car_ws/install/yolo_counting_pkg:/home/rose/pi4b_ros2/car_ws/install/test_control_pkg:/opt/ros/humble LD_LIBRARY_PATH=/home/rose/pi4b_ros2/car_ws/install/csm/lib:/home/rose/pi4b_ros2/car_ws/install/lslidar_msgs/lib:/opt/ros/humble/opt/rviz_ogre_vendor/lib:/opt/ros/humble/lib/aarch64-linux-gnu:/opt/ros/humble/lib /usr/bin/cmake --build /home/rose/pi4b_ros2/car_ws/build/ros2_laser_scan_matcher -- -j4 -l4
[3.119s] Invoking command in '/home/rose/pi4b_ros2/car_ws/build/ros2_laser_scan_matcher': CMAKE_PREFIX_PATH=/home/rose/pi4b_ros2/car_ws/install/csm:/home/rose/pi4b_ros2/car_ws/install/ros2_laser_scan_matcher:/home/rose/pi4b_ros2/car_ws/install/lslidar_driver:/home/rose/pi4b_ros2/car_ws/install/lslidar_msgs:/home/rose/pi4b_ros2/car_ws/install/bot_description:/home/rose/pi4b_ros2/car_ws/install/yolo_counting_pkg:/home/rose/pi4b_ros2/car_ws/install/test_control_pkg:/opt/ros/humble LD_LIBRARY_PATH=/home/rose/pi4b_ros2/car_ws/install/csm/lib:/home/rose/pi4b_ros2/car_ws/install/lslidar_msgs/lib:/opt/ros/humble/opt/rviz_ogre_vendor/lib:/opt/ros/humble/lib/aarch64-linux-gnu:/opt/ros/humble/lib /usr/bin/cmake --install /home/rose/pi4b_ros2/car_ws/build/ros2_laser_scan_matcher
[3.289s] -- Install configuration: ""
[3.300s] -- Up-to-date: /home/rose/pi4b_ros2/car_ws/install/ros2_laser_scan_matcher/lib/ros2_laser_scan_matcher/laser_scan_matcher
[3.309s] -- Up-to-date: /home/rose/pi4b_ros2/car_ws/install/ros2_laser_scan_matcher/share/ament_index/resource_index/package_run_dependencies/ros2_laser_scan_matcher
[3.321s] -- Up-to-date: /home/rose/pi4b_ros2/car_ws/install/ros2_laser_scan_matcher/share/ament_index/resource_index/parent_prefix_path/ros2_laser_scan_matcher
[3.334s] -- Up-to-date: /home/rose/pi4b_ros2/car_ws/install/ros2_laser_scan_matcher/share/ros2_laser_scan_matcher/environment/ament_prefix_path.sh
[3.335s] -- Up-to-date: /home/rose/pi4b_ros2/car_ws/install/ros2_laser_scan_matcher/share/ros2_laser_scan_matcher/environment/ament_prefix_path.dsv
[3.336s] -- Up-to-date: /home/rose/pi4b_ros2/car_ws/install/ros2_laser_scan_matcher/share/ros2_laser_scan_matcher/environment/path.sh
[3.341s] -- Up-to-date: /home/rose/pi4b_ros2/car_ws/install/ros2_laser_scan_matcher/share/ros2_laser_scan_matcher/environment/path.dsv
[3.342s] -- Up-to-date: /home/rose/pi4b_ros2/car_ws/install/ros2_laser_scan_matcher/share/ros2_laser_scan_matcher/local_setup.bash
[3.343s] -- Up-to-date: /home/rose/pi4b_ros2/car_ws/install/ros2_laser_scan_matcher/share/ros2_laser_scan_matcher/local_setup.sh
[3.365s] -- Up-to-date: /home/rose/pi4b_ros2/car_ws/install/ros2_laser_scan_matcher/share/ros2_laser_scan_matcher/local_setup.zsh
[3.372s] -- Up-to-date: /home/rose/pi4b_ros2/car_ws/install/ros2_laser_scan_matcher/share/ros2_laser_scan_matcher/local_setup.dsv
[3.373s] -- Installing: /home/rose/pi4b_ros2/car_ws/install/ros2_laser_scan_matcher/share/ros2_laser_scan_matcher/package.dsv
[3.373s] -- Up-to-date: /home/rose/pi4b_ros2/car_ws/install/ros2_laser_scan_matcher/share/ament_index/resource_index/packages/ros2_laser_scan_matcher
[3.393s] -- Up-to-date: /home/rose/pi4b_ros2/car_ws/install/ros2_laser_scan_matcher/share/ros2_laser_scan_matcher/cmake/ros2_laser_scan_matcherConfig.cmake
[3.396s] -- Up-to-date: /home/rose/pi4b_ros2/car_ws/install/ros2_laser_scan_matcher/share/ros2_laser_scan_matcher/cmake/ros2_laser_scan_matcherConfig-version.cmake
[3.405s] -- Up-to-date: /home/rose/pi4b_ros2/car_ws/install/ros2_laser_scan_matcher/share/ros2_laser_scan_matcher/package.xml
[3.406s] Invoked command in '/home/rose/pi4b_ros2/car_ws/build/ros2_laser_scan_matcher' returned '0': CMAKE_PREFIX_PATH=/home/rose/pi4b_ros2/car_ws/install/csm:/home/rose/pi4b_ros2/car_ws/install/ros2_laser_scan_matcher:/home/rose/pi4b_ros2/car_ws/install/lslidar_driver:/home/rose/pi4b_ros2/car_ws/install/lslidar_msgs:/home/rose/pi4b_ros2/car_ws/install/bot_description:/home/rose/pi4b_ros2/car_ws/install/yolo_counting_pkg:/home/rose/pi4b_ros2/car_ws/install/test_control_pkg:/opt/ros/humble LD_LIBRARY_PATH=/home/rose/pi4b_ros2/car_ws/install/csm/lib:/home/rose/pi4b_ros2/car_ws/install/lslidar_msgs/lib:/opt/ros/humble/opt/rviz_ogre_vendor/lib:/opt/ros/humble/lib/aarch64-linux-gnu:/opt/ros/humble/lib /usr/bin/cmake --install /home/rose/pi4b_ros2/car_ws/build/ros2_laser_scan_matcher
