[4.320s] Invoking command in '/home/rose/pi4b_ros2/car_ws/src/bot_application': PYTHONPATH=/home/rose/pi4b_ros2/car_ws/build/bot_application/prefix_override:/usr/lib/python3/dist-packages/colcon_core/task/python/colcon_distutils_commands:/home/rose/pi4b_ros2/car_ws/install/bot_application/lib/python3.10/site-packages:${PYTHONPATH} /usr/bin/python3 -W ignore:setup.py install is deprecated -W ignore:easy_install command is deprecated setup.py egg_info --egg-base ../../build/bot_application build --build-base /home/rose/pi4b_ros2/car_ws/build/bot_application/build install --record /home/rose/pi4b_ros2/car_ws/build/bot_application/install.log --single-version-externally-managed install_data
[5.312s] /home/rose/.local/lib/python3.10/site-packages/setuptools/_distutils/dist.py:287: UserWarning: Unknown distribution option: 'tests_require'
[5.312s]   warnings.warn(msg)
[6.047s] running egg_info
[6.170s] writing ../../build/bot_application/bot_application.egg-info/PKG-INFO
[6.174s] writing dependency_links to ../../build/bot_application/bot_application.egg-info/dependency_links.txt
[6.176s] writing entry points to ../../build/bot_application/bot_application.egg-info/entry_points.txt
[6.177s] writing requirements to ../../build/bot_application/bot_application.egg-info/requires.txt
[6.179s] writing top-level names to ../../build/bot_application/bot_application.egg-info/top_level.txt
[6.441s] reading manifest file '../../build/bot_application/bot_application.egg-info/SOURCES.txt'
[6.449s] writing manifest file '../../build/bot_application/bot_application.egg-info/SOURCES.txt'
[6.451s] running build
[6.453s] running build_py
[6.455s] copying bot_application/get_cost.py -> /home/rose/pi4b_ros2/car_ws/build/bot_application/build/lib/bot_application
[6.457s] copying bot_application/get_robot_pose.py -> /home/rose/pi4b_ros2/car_ws/build/bot_application/build/lib/bot_application
[6.458s] copying bot_application/waypoint_cost_calculator.py -> /home/rose/pi4b_ros2/car_ws/build/bot_application/build/lib/bot_application
[6.462s] copying bot_application/__init__.py -> /home/rose/pi4b_ros2/car_ws/build/bot_application/build/lib/bot_application
[6.464s] copying bot_application/nav_through_pose.py -> /home/rose/pi4b_ros2/car_ws/build/bot_application/build/lib/bot_application
[6.465s] copying bot_application/waypoint_follower.py -> /home/rose/pi4b_ros2/car_ws/build/bot_application/build/lib/bot_application
[6.466s] copying bot_application/nav_to_pose.py -> /home/rose/pi4b_ros2/car_ws/build/bot_application/build/lib/bot_application
[6.474s] copying bot_application/init_robot_pose.py -> /home/rose/pi4b_ros2/car_ws/build/bot_application/build/lib/bot_application
[6.476s] running install
[6.492s] running install_lib
[6.611s] copying /home/rose/pi4b_ros2/car_ws/build/bot_application/build/lib/bot_application/waypoint_cost_calculator.py -> /home/rose/pi4b_ros2/car_ws/install/bot_application/lib/python3.10/site-packages/bot_application
[6.617s] byte-compiling /home/rose/pi4b_ros2/car_ws/install/bot_application/lib/python3.10/site-packages/bot_application/waypoint_cost_calculator.py to waypoint_cost_calculator.cpython-310.pyc
[6.619s] Sorry: IndentationError: expected an indented block after function definition on line 15 (waypoint_cost_calculator.py, line 16)
[6.628s] running install_data
[6.629s] copying resource/bot_application -> /home/rose/pi4b_ros2/car_ws/install/bot_application/share/ament_index/resource_index/packages
[6.635s] copying package.xml -> /home/rose/pi4b_ros2/car_ws/install/bot_application/share/bot_application
[6.636s] running install_egg_info
[6.757s] removing '/home/rose/pi4b_ros2/car_ws/install/bot_application/lib/python3.10/site-packages/bot_application-0.0.0-py3.10.egg-info' (and everything under it)
[6.759s] Copying ../../build/bot_application/bot_application.egg-info to /home/rose/pi4b_ros2/car_ws/install/bot_application/lib/python3.10/site-packages/bot_application-0.0.0-py3.10.egg-info
[6.770s] running install_scripts
[7.029s] Installing init_robot_pose script to /home/rose/pi4b_ros2/car_ws/install/bot_application/lib/bot_application
[7.032s] Installing nav_through_pose script to /home/rose/pi4b_ros2/car_ws/install/bot_application/lib/bot_application
[7.040s] Installing waypoint_cost_calculator script to /home/rose/pi4b_ros2/car_ws/install/bot_application/lib/bot_application
[7.056s] Installing waypoint_follower script to /home/rose/pi4b_ros2/car_ws/install/bot_application/lib/bot_application
[7.065s] writing list of installed files to '/home/rose/pi4b_ros2/car_ws/build/bot_application/install.log'
[7.230s] Invoked command in '/home/rose/pi4b_ros2/car_ws/src/bot_application' returned '0': PYTHONPATH=/home/rose/pi4b_ros2/car_ws/build/bot_application/prefix_override:/usr/lib/python3/dist-packages/colcon_core/task/python/colcon_distutils_commands:/home/rose/pi4b_ros2/car_ws/install/bot_application/lib/python3.10/site-packages:${PYTHONPATH} /usr/bin/python3 -W ignore:setup.py install is deprecated -W ignore:easy_install command is deprecated setup.py egg_info --egg-base ../../build/bot_application build --build-base /home/rose/pi4b_ros2/car_ws/build/bot_application/build install --record /home/rose/pi4b_ros2/car_ws/build/bot_application/install.log --single-version-externally-managed install_data
