[0.264s] Invoking command in '/home/rose/pi4b_ros2/car_ws/build/csm': CMAKE_PREFIX_PATH=${CMAKE_PREFIX_PATH}:/home/rose/pi4b_ros2/car_ws/install/yolo_counting_pkg:/home/rose/pi4b_ros2/car_ws/install/test_control_pkg:/home/rose/pi4b_ros2/car_ws/install/bot_application:/opt/ros/humble /usr/bin/cmake --build /home/rose/pi4b_ros2/car_ws/build/csm -- -j4 -l4
[2.098s] [100%] Built target csm
[2.199s] Invoked command in '/home/rose/pi4b_ros2/car_ws/build/csm' returned '0': CMAKE_PREFIX_PATH=${CMAKE_PREFIX_PATH}:/home/rose/pi4b_ros2/car_ws/install/yolo_counting_pkg:/home/rose/pi4b_ros2/car_ws/install/test_control_pkg:/home/rose/pi4b_ros2/car_ws/install/bot_application:/opt/ros/humble /usr/bin/cmake --build /home/rose/pi4b_ros2/car_ws/build/csm -- -j4 -l4
[2.330s] Invoking command in '/home/rose/pi4b_ros2/car_ws/build/csm': CMAKE_PREFIX_PATH=${CMAKE_PREFIX_PATH}:/home/rose/pi4b_ros2/car_ws/install/yolo_counting_pkg:/home/rose/pi4b_ros2/car_ws/install/test_control_pkg:/home/rose/pi4b_ros2/car_ws/install/bot_application:/opt/ros/humble /usr/bin/cmake --install /home/rose/pi4b_ros2/car_ws/build/csm
[2.419s] -- Install configuration: "Release"
[2.421s] -- Up-to-date: /home/rose/pi4b_ros2/car_ws/install/csm/lib/libcsm.so
[2.422s] -- Up-to-date: /home/rose/pi4b_ros2/car_ws/install/csm/include/..//include
[2.428s] -- Up-to-date: /home/rose/pi4b_ros2/car_ws/install/csm/include/..//include/gsl_eigen
[2.434s] -- Up-to-date: /home/rose/pi4b_ros2/car_ws/install/csm/include/..//include/gsl_eigen/gsl_eigen.h
[2.435s] -- Up-to-date: /home/rose/pi4b_ros2/car_ws/install/csm/include/..//include/csm
[2.436s] -- Up-to-date: /home/rose/pi4b_ros2/car_ws/install/csm/include/..//include/csm/laser_data.h
[2.448s] -- Up-to-date: /home/rose/pi4b_ros2/car_ws/install/csm/include/..//include/csm/csm.h
[2.454s] -- Up-to-date: /home/rose/pi4b_ros2/car_ws/install/csm/include/..//include/csm/restrict.h
[2.455s] -- Up-to-date: /home/rose/pi4b_ros2/car_ws/install/csm/include/..//include/csm/algos.h
[2.456s] -- Up-to-date: /home/rose/pi4b_ros2/car_ws/install/csm/include/..//include/csm/laser_data_inline.h
[2.456s] -- Up-to-date: /home/rose/pi4b_ros2/car_ws/install/csm/share/csm/resource
[2.457s] -- Up-to-date: /home/rose/pi4b_ros2/car_ws/install/csm/share/csm/resource/csm
[2.457s] -- Up-to-date: /home/rose/pi4b_ros2/car_ws/install/csm/include/../gsl_eigen
[2.458s] -- Up-to-date: /home/rose/pi4b_ros2/car_ws/install/csm/include/../gsl_eigen/gsl_eigen.h
[2.458s] -- Up-to-date: /home/rose/pi4b_ros2/car_ws/install/csm/share/csm/environment/library_path.sh
[2.459s] -- Up-to-date: /home/rose/pi4b_ros2/car_ws/install/csm/share/csm/environment/library_path.dsv
[2.459s] -- Up-to-date: /home/rose/pi4b_ros2/car_ws/install/csm/share/ament_index/resource_index/package_run_dependencies/csm
[2.460s] -- Up-to-date: /home/rose/pi4b_ros2/car_ws/install/csm/share/ament_index/resource_index/parent_prefix_path/csm
[2.460s] -- Up-to-date: /home/rose/pi4b_ros2/car_ws/install/csm/share/csm/environment/ament_prefix_path.sh
[2.460s] -- Up-to-date: /home/rose/pi4b_ros2/car_ws/install/csm/share/csm/environment/ament_prefix_path.dsv
[2.461s] -- Up-to-date: /home/rose/pi4b_ros2/car_ws/install/csm/share/csm/environment/path.sh
[2.484s] -- Up-to-date: /home/rose/pi4b_ros2/car_ws/install/csm/share/csm/environment/path.dsv
[2.485s] -- Up-to-date: /home/rose/pi4b_ros2/car_ws/install/csm/share/csm/local_setup.bash
[2.486s] -- Up-to-date: /home/rose/pi4b_ros2/car_ws/install/csm/share/csm/local_setup.sh
[2.486s] -- Up-to-date: /home/rose/pi4b_ros2/car_ws/install/csm/share/csm/local_setup.zsh
[2.487s] -- Up-to-date: /home/rose/pi4b_ros2/car_ws/install/csm/share/csm/local_setup.dsv
[2.488s] -- Installing: /home/rose/pi4b_ros2/car_ws/install/csm/share/csm/package.dsv
[2.488s] -- Up-to-date: /home/rose/pi4b_ros2/car_ws/install/csm/share/ament_index/resource_index/packages/csm
[2.489s] -- Up-to-date: /home/rose/pi4b_ros2/car_ws/install/csm/share/csm/cmake/ament_cmake_export_dependencies-extras.cmake
[2.503s] -- Up-to-date: /home/rose/pi4b_ros2/car_ws/install/csm/share/csm/cmake/ament_cmake_export_include_directories-extras.cmake
[2.503s] -- Up-to-date: /home/rose/pi4b_ros2/car_ws/install/csm/share/csm/cmake/ament_cmake_export_libraries-extras.cmake
[2.504s] -- Up-to-date: /home/rose/pi4b_ros2/car_ws/install/csm/share/csm/cmake/csmConfig.cmake
[2.505s] -- Up-to-date: /home/rose/pi4b_ros2/car_ws/install/csm/share/csm/cmake/csmConfig-version.cmake
[2.508s] -- Up-to-date: /home/rose/pi4b_ros2/car_ws/install/csm/share/csm/package.xml
[2.509s] Invoked command in '/home/rose/pi4b_ros2/car_ws/build/csm' returned '0': CMAKE_PREFIX_PATH=${CMAKE_PREFIX_PATH}:/home/rose/pi4b_ros2/car_ws/install/yolo_counting_pkg:/home/rose/pi4b_ros2/car_ws/install/test_control_pkg:/home/rose/pi4b_ros2/car_ws/install/bot_application:/opt/ros/humble /usr/bin/cmake --install /home/rose/pi4b_ros2/car_ws/build/csm
