[4.429s] Invoking command in '/home/rose/pi4b_ros2/car_ws/src/yolo_counting_pkg': PYTHONPATH=/home/rose/pi4b_ros2/car_ws/build/yolo_counting_pkg/prefix_override:/usr/lib/python3/dist-packages/colcon_core/task/python/colcon_distutils_commands:/home/rose/pi4b_ros2/car_ws/install/yolo_counting_pkg/lib/python3.10/site-packages:${PYTHONPATH} /usr/bin/python3 -W ignore:setup.py install is deprecated -W ignore:easy_install command is deprecated setup.py egg_info --egg-base ../../build/yolo_counting_pkg build --build-base /home/rose/pi4b_ros2/car_ws/build/yolo_counting_pkg/build install --record /home/rose/pi4b_ros2/car_ws/build/yolo_counting_pkg/install.log --single-version-externally-managed install_data
[5.847s] running egg_info
[5.948s] writing ../../build/yolo_counting_pkg/yolo_counting_pkg.egg-info/PKG-INFO
[5.951s] writing dependency_links to ../../build/yolo_counting_pkg/yolo_counting_pkg.egg-info/dependency_links.txt
[5.953s] writing entry points to ../../build/yolo_counting_pkg/yolo_counting_pkg.egg-info/entry_points.txt
[5.955s] writing requirements to ../../build/yolo_counting_pkg/yolo_counting_pkg.egg-info/requires.txt
[5.956s] writing top-level names to ../../build/yolo_counting_pkg/yolo_counting_pkg.egg-info/top_level.txt
[6.190s] reading manifest file '../../build/yolo_counting_pkg/yolo_counting_pkg.egg-info/SOURCES.txt'
[6.191s] adding license file 'LICENSE'
[6.196s] writing manifest file '../../build/yolo_counting_pkg/yolo_counting_pkg.egg-info/SOURCES.txt'
[6.198s] running build
[6.198s] running build_py
[6.200s] copying yolo_counting_pkg/priority_calc.py -> /home/rose/pi4b_ros2/car_ws/build/yolo_counting_pkg/build/lib/yolo_counting_pkg
[6.201s] copying yolo_counting_pkg/__init__.py -> /home/rose/pi4b_ros2/car_ws/build/yolo_counting_pkg/build/lib/yolo_counting_pkg
[6.203s] copying yolo_counting_pkg/yolo_ros_publish.py -> /home/rose/pi4b_ros2/car_ws/build/yolo_counting_pkg/build/lib/yolo_counting_pkg
[6.205s] copying yolo_counting_pkg/yolo_detector.py -> /home/rose/pi4b_ros2/car_ws/build/yolo_counting_pkg/build/lib/yolo_counting_pkg
[6.208s] running install
[6.227s] running install_lib
[6.321s] copying /home/rose/pi4b_ros2/car_ws/build/yolo_counting_pkg/build/lib/yolo_counting_pkg/priority_calc.py -> /home/rose/pi4b_ros2/car_ws/install/yolo_counting_pkg/lib/python3.10/site-packages/yolo_counting_pkg
[6.326s] byte-compiling /home/rose/pi4b_ros2/car_ws/install/yolo_counting_pkg/lib/python3.10/site-packages/yolo_counting_pkg/priority_calc.py to priority_calc.cpython-310.pyc
[6.332s] running install_data
[6.333s] copying resource/yolo_counting_pkg -> /home/rose/pi4b_ros2/car_ws/install/yolo_counting_pkg/share/ament_index/resource_index/packages
[6.335s] copying package.xml -> /home/rose/pi4b_ros2/car_ws/install/yolo_counting_pkg/share/yolo_counting_pkg
[6.337s] copying models/best.onnx -> /home/rose/pi4b_ros2/car_ws/install/yolo_counting_pkg/share/yolo_counting_pkg/models
[6.425s] copying data/vedio/spot1.mp4 -> /home/rose/pi4b_ros2/car_ws/install/yolo_counting_pkg/share/yolo_counting_pkg/data/vedio
[6.649s] copying data/vedio/spot3.mp4 -> /home/rose/pi4b_ros2/car_ws/install/yolo_counting_pkg/share/yolo_counting_pkg/data/vedio
[6.698s] copying data/vedio/spot4.mp4 -> /home/rose/pi4b_ros2/car_ws/install/yolo_counting_pkg/share/yolo_counting_pkg/data/vedio
[6.752s] copying data/vedio/spot5.mp4 -> /home/rose/pi4b_ros2/car_ws/install/yolo_counting_pkg/share/yolo_counting_pkg/data/vedio
[6.796s] copying data/vedio/spot2.mp4 -> /home/rose/pi4b_ros2/car_ws/install/yolo_counting_pkg/share/yolo_counting_pkg/data/vedio
[6.968s] copying results/scenic_spot_detections.txt -> /home/rose/pi4b_ros2/car_ws/install/yolo_counting_pkg/share/yolo_counting_pkg/results
[6.970s] running install_egg_info
[7.065s] removing '/home/rose/pi4b_ros2/car_ws/install/yolo_counting_pkg/lib/python3.10/site-packages/yolo_counting_pkg-0.0.0-py3.10.egg-info' (and everything under it)
[7.067s] Copying ../../build/yolo_counting_pkg/yolo_counting_pkg.egg-info to /home/rose/pi4b_ros2/car_ws/install/yolo_counting_pkg/lib/python3.10/site-packages/yolo_counting_pkg-0.0.0-py3.10.egg-info
[7.075s] running install_scripts
[7.247s] Installing priority_calc script to /home/rose/pi4b_ros2/car_ws/install/yolo_counting_pkg/lib/yolo_counting_pkg
[7.250s] Installing yolo_detector script to /home/rose/pi4b_ros2/car_ws/install/yolo_counting_pkg/lib/yolo_counting_pkg
[7.251s] Installing yolo_result_publisher script to /home/rose/pi4b_ros2/car_ws/install/yolo_counting_pkg/lib/yolo_counting_pkg
[7.254s] writing list of installed files to '/home/rose/pi4b_ros2/car_ws/build/yolo_counting_pkg/install.log'
[7.387s] Invoked command in '/home/rose/pi4b_ros2/car_ws/src/yolo_counting_pkg' returned '0': PYTHONPATH=/home/rose/pi4b_ros2/car_ws/build/yolo_counting_pkg/prefix_override:/usr/lib/python3/dist-packages/colcon_core/task/python/colcon_distutils_commands:/home/rose/pi4b_ros2/car_ws/install/yolo_counting_pkg/lib/python3.10/site-packages:${PYTHONPATH} /usr/bin/python3 -W ignore:setup.py install is deprecated -W ignore:easy_install command is deprecated setup.py egg_info --egg-base ../../build/yolo_counting_pkg build --build-base /home/rose/pi4b_ros2/car_ws/build/yolo_counting_pkg/build install --record /home/rose/pi4b_ros2/car_ws/build/yolo_counting_pkg/install.log --single-version-externally-managed install_data
