[0.191s] Invoking command in '/home/rose/pi4b_ros2/car_ws/build/csm': CMAKE_PREFIX_PATH=${CMAKE_PREFIX_PATH}:/home/rose/pi4b_ros2/car_ws/install/yolo_counting_pkg:/home/rose/pi4b_ros2/car_ws/install/test_control_pkg:/home/rose/pi4b_ros2/car_ws/install/bot_application:/opt/ros/humble /usr/bin/cmake --build /home/rose/pi4b_ros2/car_ws/build/csm -- -j4 -l4
[2.194s] [100%] Built target csm
[2.213s] Invoked command in '/home/rose/pi4b_ros2/car_ws/build/csm' returned '0': CMAKE_PREFIX_PATH=${CMAKE_PREFIX_PATH}:/home/rose/pi4b_ros2/car_ws/install/yolo_counting_pkg:/home/rose/pi4b_ros2/car_ws/install/test_control_pkg:/home/rose/pi4b_ros2/car_ws/install/bot_application:/opt/ros/humble /usr/bin/cmake --build /home/rose/pi4b_ros2/car_ws/build/csm -- -j4 -l4
[2.277s] Invoking command in '/home/rose/pi4b_ros2/car_ws/build/csm': CMAKE_PREFIX_PATH=${CMAKE_PREFIX_PATH}:/home/rose/pi4b_ros2/car_ws/install/yolo_counting_pkg:/home/rose/pi4b_ros2/car_ws/install/test_control_pkg:/home/rose/pi4b_ros2/car_ws/install/bot_application:/opt/ros/humble /usr/bin/cmake --install /home/rose/pi4b_ros2/car_ws/build/csm
[2.339s] -- Install configuration: "Release"
[2.340s] -- Up-to-date: /home/rose/pi4b_ros2/car_ws/install/csm/lib/libcsm.so
[2.346s] -- Up-to-date: /home/rose/pi4b_ros2/car_ws/install/csm/include/..//include
[2.347s] -- Up-to-date: /home/rose/pi4b_ros2/car_ws/install/csm/include/..//include/gsl_eigen
[2.353s] -- Up-to-date: /home/rose/pi4b_ros2/car_ws/install/csm/include/..//include/gsl_eigen/gsl_eigen.h
[2.354s] -- Up-to-date: /home/rose/pi4b_ros2/car_ws/install/csm/include/..//include/csm
[2.357s] -- Up-to-date: /home/rose/pi4b_ros2/car_ws/install/csm/include/..//include/csm/laser_data.h
[2.358s] -- Up-to-date: /home/rose/pi4b_ros2/car_ws/install/csm/include/..//include/csm/csm.h
[2.361s] -- Up-to-date: /home/rose/pi4b_ros2/car_ws/install/csm/include/..//include/csm/restrict.h
[2.363s] -- Up-to-date: /home/rose/pi4b_ros2/car_ws/install/csm/include/..//include/csm/algos.h
[2.369s] -- Up-to-date: /home/rose/pi4b_ros2/car_ws/install/csm/include/..//include/csm/laser_data_inline.h
[2.371s] -- Up-to-date: /home/rose/pi4b_ros2/car_ws/install/csm/share/csm/resource
[2.372s] -- Up-to-date: /home/rose/pi4b_ros2/car_ws/install/csm/share/csm/resource/csm
[2.374s] -- Up-to-date: /home/rose/pi4b_ros2/car_ws/install/csm/include/../gsl_eigen
[2.376s] -- Up-to-date: /home/rose/pi4b_ros2/car_ws/install/csm/include/../gsl_eigen/gsl_eigen.h
[2.379s] -- Up-to-date: /home/rose/pi4b_ros2/car_ws/install/csm/share/csm/environment/library_path.sh
[2.389s] -- Up-to-date: /home/rose/pi4b_ros2/car_ws/install/csm/share/csm/environment/library_path.dsv
[2.390s] -- Up-to-date: /home/rose/pi4b_ros2/car_ws/install/csm/share/ament_index/resource_index/package_run_dependencies/csm
[2.393s] -- Up-to-date: /home/rose/pi4b_ros2/car_ws/install/csm/share/ament_index/resource_index/parent_prefix_path/csm
[2.395s] -- Up-to-date: /home/rose/pi4b_ros2/car_ws/install/csm/share/csm/environment/ament_prefix_path.sh
[2.397s] -- Up-to-date: /home/rose/pi4b_ros2/car_ws/install/csm/share/csm/environment/ament_prefix_path.dsv
[2.401s] -- Up-to-date: /home/rose/pi4b_ros2/car_ws/install/csm/share/csm/environment/path.sh
[2.419s] -- Up-to-date: /home/rose/pi4b_ros2/car_ws/install/csm/share/csm/environment/path.dsv
[2.419s] -- Up-to-date: /home/rose/pi4b_ros2/car_ws/install/csm/share/csm/local_setup.bash
[2.425s] -- Up-to-date: /home/rose/pi4b_ros2/car_ws/install/csm/share/csm/local_setup.sh
[2.426s] -- Up-to-date: /home/rose/pi4b_ros2/car_ws/install/csm/share/csm/local_setup.zsh
[2.427s] -- Up-to-date: /home/rose/pi4b_ros2/car_ws/install/csm/share/csm/local_setup.dsv
[2.427s] -- Installing: /home/rose/pi4b_ros2/car_ws/install/csm/share/csm/package.dsv
[2.432s] -- Up-to-date: /home/rose/pi4b_ros2/car_ws/install/csm/share/ament_index/resource_index/packages/csm
[2.433s] -- Up-to-date: /home/rose/pi4b_ros2/car_ws/install/csm/share/csm/cmake/ament_cmake_export_dependencies-extras.cmake
[2.433s] -- Up-to-date: /home/rose/pi4b_ros2/car_ws/install/csm/share/csm/cmake/ament_cmake_export_include_directories-extras.cmake
[2.434s] -- Up-to-date: /home/rose/pi4b_ros2/car_ws/install/csm/share/csm/cmake/ament_cmake_export_libraries-extras.cmake
[2.434s] -- Up-to-date: /home/rose/pi4b_ros2/car_ws/install/csm/share/csm/cmake/csmConfig.cmake
[2.435s] -- Up-to-date: /home/rose/pi4b_ros2/car_ws/install/csm/share/csm/cmake/csmConfig-version.cmake
[2.435s] -- Up-to-date: /home/rose/pi4b_ros2/car_ws/install/csm/share/csm/package.xml
[2.457s] Invoked command in '/home/rose/pi4b_ros2/car_ws/build/csm' returned '0': CMAKE_PREFIX_PATH=${CMAKE_PREFIX_PATH}:/home/rose/pi4b_ros2/car_ws/install/yolo_counting_pkg:/home/rose/pi4b_ros2/car_ws/install/test_control_pkg:/home/rose/pi4b_ros2/car_ws/install/bot_application:/opt/ros/humble /usr/bin/cmake --install /home/rose/pi4b_ros2/car_ws/build/csm
