[4.667s] Invoking command in '/home/rose/pi4b_ros2/car_ws/src/yolo_counting_pkg': PYTHONPATH=/home/rose/pi4b_ros2/car_ws/build/yolo_counting_pkg/prefix_override:/usr/lib/python3/dist-packages/colcon_core/task/python/colcon_distutils_commands:/home/rose/pi4b_ros2/car_ws/install/yolo_counting_pkg/lib/python3.10/site-packages:${PYTHONPATH} /usr/bin/python3 -W ignore:setup.py install is deprecated -W ignore:easy_install command is deprecated setup.py egg_info --egg-base ../../build/yolo_counting_pkg build --build-base /home/rose/pi4b_ros2/car_ws/build/yolo_counting_pkg/build install --record /home/rose/pi4b_ros2/car_ws/build/yolo_counting_pkg/install.log --single-version-externally-managed install_data
[6.306s] running egg_info
[6.386s] writing ../../build/yolo_counting_pkg/yolo_counting_pkg.egg-info/PKG-INFO
[6.389s] writing dependency_links to ../../build/yolo_counting_pkg/yolo_counting_pkg.egg-info/dependency_links.txt
[6.390s] writing entry points to ../../build/yolo_counting_pkg/yolo_counting_pkg.egg-info/entry_points.txt
[6.392s] writing requirements to ../../build/yolo_counting_pkg/yolo_counting_pkg.egg-info/requires.txt
[6.393s] writing top-level names to ../../build/yolo_counting_pkg/yolo_counting_pkg.egg-info/top_level.txt
[6.617s] reading manifest file '../../build/yolo_counting_pkg/yolo_counting_pkg.egg-info/SOURCES.txt'
[6.620s] adding license file 'LICENSE'
[6.625s] writing manifest file '../../build/yolo_counting_pkg/yolo_counting_pkg.egg-info/SOURCES.txt'
[6.627s] running build
[6.628s] running build_py
[6.628s] copying yolo_counting_pkg/priority_calc.py -> /home/rose/pi4b_ros2/car_ws/build/yolo_counting_pkg/build/lib/yolo_counting_pkg
[6.629s] copying yolo_counting_pkg/__init__.py -> /home/rose/pi4b_ros2/car_ws/build/yolo_counting_pkg/build/lib/yolo_counting_pkg
[6.630s] copying yolo_counting_pkg/yolo_detector.py -> /home/rose/pi4b_ros2/car_ws/build/yolo_counting_pkg/build/lib/yolo_counting_pkg
[6.633s] running install
[6.650s] running install_lib
[6.736s] running install_data
[6.737s] copying resource/yolo_counting_pkg -> /home/rose/pi4b_ros2/car_ws/install/yolo_counting_pkg/share/ament_index/resource_index/packages
[6.739s] copying package.xml -> /home/rose/pi4b_ros2/car_ws/install/yolo_counting_pkg/share/yolo_counting_pkg
[6.740s] copying models/best.onnx -> /home/rose/pi4b_ros2/car_ws/install/yolo_counting_pkg/share/yolo_counting_pkg/models
[6.834s] copying data/vedio/spot1.mp4 -> /home/rose/pi4b_ros2/car_ws/install/yolo_counting_pkg/share/yolo_counting_pkg/data/vedio
[7.048s] copying data/vedio/spot5.mp4 -> /home/rose/pi4b_ros2/car_ws/install/yolo_counting_pkg/share/yolo_counting_pkg/data/vedio
[7.085s] copying results/scenic_spot_detections.txt -> /home/rose/pi4b_ros2/car_ws/install/yolo_counting_pkg/share/yolo_counting_pkg/results
[7.086s] running install_egg_info
[7.176s] removing '/home/rose/pi4b_ros2/car_ws/install/yolo_counting_pkg/lib/python3.10/site-packages/yolo_counting_pkg-0.0.0-py3.10.egg-info' (and everything under it)
[7.182s] Copying ../../build/yolo_counting_pkg/yolo_counting_pkg.egg-info to /home/rose/pi4b_ros2/car_ws/install/yolo_counting_pkg/lib/python3.10/site-packages/yolo_counting_pkg-0.0.0-py3.10.egg-info
[7.187s] running install_scripts
[7.364s] Installing priority_calc script to /home/rose/pi4b_ros2/car_ws/install/yolo_counting_pkg/lib/yolo_counting_pkg
[7.366s] Installing yolo_detector script to /home/rose/pi4b_ros2/car_ws/install/yolo_counting_pkg/lib/yolo_counting_pkg
[7.368s] writing list of installed files to '/home/rose/pi4b_ros2/car_ws/build/yolo_counting_pkg/install.log'
[7.493s] Invoked command in '/home/rose/pi4b_ros2/car_ws/src/yolo_counting_pkg' returned '0': PYTHONPATH=/home/rose/pi4b_ros2/car_ws/build/yolo_counting_pkg/prefix_override:/usr/lib/python3/dist-packages/colcon_core/task/python/colcon_distutils_commands:/home/rose/pi4b_ros2/car_ws/install/yolo_counting_pkg/lib/python3.10/site-packages:${PYTHONPATH} /usr/bin/python3 -W ignore:setup.py install is deprecated -W ignore:easy_install command is deprecated setup.py egg_info --egg-base ../../build/yolo_counting_pkg build --build-base /home/rose/pi4b_ros2/car_ws/build/yolo_counting_pkg/build install --record /home/rose/pi4b_ros2/car_ws/build/yolo_counting_pkg/install.log --single-version-externally-managed install_data
