[0.121s] Invoking command in '/home/rose/pi4b_ros2/car_ws/build/lslidar_msgs': CMAKE_PREFIX_PATH=/opt/ros/humble /usr/bin/cmake --build /home/rose/pi4b_ros2/car_ws/build/lslidar_msgs -- -j4 -l4
[1.852s] [  1%] Built target lslidar_msgs__cpp
[1.854s] [ 12%] Built target lslidar_msgs__rosidl_generator_c
[1.861s] [ 12%] Built target ament_cmake_python_copy_lslidar_msgs
[1.862s] [ 23%] Built target lslidar_msgs__rosidl_typesupport_cpp
[1.862s] [ 34%] Built target lslidar_msgs__rosidl_typesupport_introspection_cpp
[1.862s] [ 46%] Built target lslidar_msgs__rosidl_typesupport_fastrtps_cpp
[1.863s] [ 60%] Built target lslidar_msgs__rosidl_typesupport_introspection_c
[1.863s] [ 68%] Built target lslidar_msgs__rosidl_typesupport_fastrtps_c
[1.864s] [ 79%] Built target lslidar_msgs__rosidl_typesupport_c
[1.864s] [ 79%] Built target lslidar_msgs
[1.865s] [ 80%] Built target lslidar_msgs__py
[1.865s] [ 90%] Built target lslidar_msgs__rosidl_generator_py
[1.866s] [ 93%] Built target lslidar_msgs__rosidl_typesupport_introspection_c__pyext
[1.866s] [ 96%] Built target lslidar_msgs__rosidl_typesupport_c__pyext
[1.866s] [100%] Built target lslidar_msgs__rosidl_typesupport_fastrtps_c__pyext
[2.651s] running egg_info
[2.897s] writing lslidar_msgs.egg-info/PKG-INFO
[2.902s] writing dependency_links to lslidar_msgs.egg-info/dependency_links.txt
[2.905s] writing top-level names to lslidar_msgs.egg-info/top_level.txt
[3.450s] reading manifest file 'lslidar_msgs.egg-info/SOURCES.txt'
[3.458s] writing manifest file 'lslidar_msgs.egg-info/SOURCES.txt'
[3.659s] [100%] Built target ament_cmake_python_build_lslidar_msgs_egg
[4.512s] Invoked command in '/home/rose/pi4b_ros2/car_ws/build/lslidar_msgs' returned '0': CMAKE_PREFIX_PATH=/opt/ros/humble /usr/bin/cmake --build /home/rose/pi4b_ros2/car_ws/build/lslidar_msgs -- -j4 -l4
[4.524s] Invoking command in '/home/rose/pi4b_ros2/car_ws/build/lslidar_msgs': CMAKE_PREFIX_PATH=/opt/ros/humble /usr/bin/cmake --install /home/rose/pi4b_ros2/car_ws/build/lslidar_msgs
[4.663s] -- Install configuration: "Release"
[4.663s] -- Up-to-date: /home/rose/pi4b_ros2/car_ws/install/lslidar_msgs/share/ament_index/resource_index/rosidl_interfaces/lslidar_msgs
[4.663s] -- Up-to-date: /home/rose/pi4b_ros2/car_ws/install/lslidar_msgs/include/lslidar_msgs/lslidar_msgs
[4.664s] -- Up-to-date: /home/rose/pi4b_ros2/car_ws/install/lslidar_msgs/include/lslidar_msgs/lslidar_msgs/msg
[4.664s] -- Up-to-date: /home/rose/pi4b_ros2/car_ws/install/lslidar_msgs/include/lslidar_msgs/lslidar_msgs/msg/lslidar_point.h
[4.665s] -- Up-to-date: /home/rose/pi4b_ros2/car_ws/install/lslidar_msgs/include/lslidar_msgs/lslidar_msgs/msg/rosidl_generator_c__visibility_control.h
[4.665s] -- Up-to-date: /home/rose/pi4b_ros2/car_ws/install/lslidar_msgs/include/lslidar_msgs/lslidar_msgs/msg/lslidar_sweep.h
[4.666s] -- Up-to-date: /home/rose/pi4b_ros2/car_ws/install/lslidar_msgs/include/lslidar_msgs/lslidar_msgs/msg/lslidar_difop.h
[4.667s] -- Up-to-date: /home/rose/pi4b_ros2/car_ws/install/lslidar_msgs/include/lslidar_msgs/lslidar_msgs/msg/lslidar_scan.h
[4.668s] -- Up-to-date: /home/rose/pi4b_ros2/car_ws/install/lslidar_msgs/include/lslidar_msgs/lslidar_msgs/msg/detail
[4.668s] -- Up-to-date: /home/rose/pi4b_ros2/car_ws/install/lslidar_msgs/include/lslidar_msgs/lslidar_msgs/msg/detail/lslidar_packet__type_support.h
[4.669s] -- Up-to-date: /home/rose/pi4b_ros2/car_ws/install/lslidar_msgs/include/lslidar_msgs/lslidar_msgs/msg/detail/lslidar_scan__struct.h
[4.670s] -- Up-to-date: /home/rose/pi4b_ros2/car_ws/install/lslidar_msgs/include/lslidar_msgs/lslidar_msgs/msg/detail/lslidar_sweep__functions.c
[4.670s] -- Up-to-date: /home/rose/pi4b_ros2/car_ws/install/lslidar_msgs/include/lslidar_msgs/lslidar_msgs/msg/detail/lslidar_sweep__type_support.h
[4.671s] -- Up-to-date: /home/rose/pi4b_ros2/car_ws/install/lslidar_msgs/include/lslidar_msgs/lslidar_msgs/msg/detail/lslidar_difop__functions.c
[4.671s] -- Up-to-date: /home/rose/pi4b_ros2/car_ws/install/lslidar_msgs/include/lslidar_msgs/lslidar_msgs/msg/detail/lslidar_packet__struct.h
[4.672s] -- Up-to-date: /home/rose/pi4b_ros2/car_ws/install/lslidar_msgs/include/lslidar_msgs/lslidar_msgs/msg/detail/lslidar_packet__functions.c
[4.673s] -- Up-to-date: /home/rose/pi4b_ros2/car_ws/install/lslidar_msgs/include/lslidar_msgs/lslidar_msgs/msg/detail/lslidar_sweep__functions.h
[4.674s] -- Up-to-date: /home/rose/pi4b_ros2/car_ws/install/lslidar_msgs/include/lslidar_msgs/lslidar_msgs/msg/detail/lslidar_difop__functions.h
[4.674s] -- Up-to-date: /home/rose/pi4b_ros2/car_ws/install/lslidar_msgs/include/lslidar_msgs/lslidar_msgs/msg/detail/lslidar_point__functions.c
[4.675s] -- Up-to-date: /home/rose/pi4b_ros2/car_ws/install/lslidar_msgs/include/lslidar_msgs/lslidar_msgs/msg/detail/lslidar_sweep__struct.h
[4.675s] -- Up-to-date: /home/rose/pi4b_ros2/car_ws/install/lslidar_msgs/include/lslidar_msgs/lslidar_msgs/msg/detail/lslidar_scan__functions.h
[4.676s] -- Up-to-date: /home/rose/pi4b_ros2/car_ws/install/lslidar_msgs/include/lslidar_msgs/lslidar_msgs/msg/detail/lslidar_point__type_support.h
[4.676s] -- Up-to-date: /home/rose/pi4b_ros2/car_ws/install/lslidar_msgs/include/lslidar_msgs/lslidar_msgs/msg/detail/lslidar_packet__functions.h
[4.677s] -- Up-to-date: /home/rose/pi4b_ros2/car_ws/install/lslidar_msgs/include/lslidar_msgs/lslidar_msgs/msg/detail/lslidar_difop__type_support.h
[4.677s] -- Up-to-date: /home/rose/pi4b_ros2/car_ws/install/lslidar_msgs/include/lslidar_msgs/lslidar_msgs/msg/detail/lslidar_difop__struct.h
[4.678s] -- Up-to-date: /home/rose/pi4b_ros2/car_ws/install/lslidar_msgs/include/lslidar_msgs/lslidar_msgs/msg/detail/lslidar_point__struct.h
[4.679s] -- Up-to-date: /home/rose/pi4b_ros2/car_ws/install/lslidar_msgs/include/lslidar_msgs/lslidar_msgs/msg/detail/lslidar_point__functions.h
[4.679s] -- Up-to-date: /home/rose/pi4b_ros2/car_ws/install/lslidar_msgs/include/lslidar_msgs/lslidar_msgs/msg/detail/lslidar_scan__functions.c
[4.680s] -- Up-to-date: /home/rose/pi4b_ros2/car_ws/install/lslidar_msgs/include/lslidar_msgs/lslidar_msgs/msg/detail/lslidar_scan__type_support.h
[4.685s] -- Up-to-date: /home/rose/pi4b_ros2/car_ws/install/lslidar_msgs/include/lslidar_msgs/lslidar_msgs/msg/lslidar_packet.h
[4.686s] -- Up-to-date: /home/rose/pi4b_ros2/car_ws/install/lslidar_msgs/share/lslidar_msgs/environment/library_path.sh
[4.686s] -- Up-to-date: /home/rose/pi4b_ros2/car_ws/install/lslidar_msgs/share/lslidar_msgs/environment/library_path.dsv
[4.686s] -- Up-to-date: /home/rose/pi4b_ros2/car_ws/install/lslidar_msgs/lib/liblslidar_msgs__rosidl_generator_c.so
[4.687s] -- Up-to-date: /home/rose/pi4b_ros2/car_ws/install/lslidar_msgs/include/lslidar_msgs/lslidar_msgs
[4.687s] -- Up-to-date: /home/rose/pi4b_ros2/car_ws/install/lslidar_msgs/include/lslidar_msgs/lslidar_msgs/msg
[4.688s] -- Up-to-date: /home/rose/pi4b_ros2/car_ws/install/lslidar_msgs/include/lslidar_msgs/lslidar_msgs/msg/detail
[4.693s] -- Up-to-date: /home/rose/pi4b_ros2/car_ws/install/lslidar_msgs/include/lslidar_msgs/lslidar_msgs/msg/detail/lslidar_difop__rosidl_typesupport_fastrtps_c.h
[4.696s] -- Up-to-date: /home/rose/pi4b_ros2/car_ws/install/lslidar_msgs/include/lslidar_msgs/lslidar_msgs/msg/detail/lslidar_sweep__rosidl_typesupport_fastrtps_c.h
[4.700s] -- Up-to-date: /home/rose/pi4b_ros2/car_ws/install/lslidar_msgs/include/lslidar_msgs/lslidar_msgs/msg/detail/lslidar_packet__rosidl_typesupport_fastrtps_c.h
[4.705s] -- Up-to-date: /home/rose/pi4b_ros2/car_ws/install/lslidar_msgs/include/lslidar_msgs/lslidar_msgs/msg/detail/lslidar_scan__rosidl_typesupport_fastrtps_c.h
[4.708s] -- Up-to-date: /home/rose/pi4b_ros2/car_ws/install/lslidar_msgs/include/lslidar_msgs/lslidar_msgs/msg/detail/lslidar_point__rosidl_typesupport_fastrtps_c.h
[4.713s] -- Up-to-date: /home/rose/pi4b_ros2/car_ws/install/lslidar_msgs/include/lslidar_msgs/lslidar_msgs/msg/rosidl_typesupport_fastrtps_c__visibility_control.h
[4.722s] -- Up-to-date: /home/rose/pi4b_ros2/car_ws/install/lslidar_msgs/lib/liblslidar_msgs__rosidl_typesupport_fastrtps_c.so
[4.723s] -- Up-to-date: /home/rose/pi4b_ros2/car_ws/install/lslidar_msgs/include/lslidar_msgs/lslidar_msgs
[4.724s] -- Up-to-date: /home/rose/pi4b_ros2/car_ws/install/lslidar_msgs/include/lslidar_msgs/lslidar_msgs/msg
[4.724s] -- Up-to-date: /home/rose/pi4b_ros2/car_ws/install/lslidar_msgs/include/lslidar_msgs/lslidar_msgs/msg/rosidl_generator_cpp__visibility_control.hpp
[4.725s] -- Up-to-date: /home/rose/pi4b_ros2/car_ws/install/lslidar_msgs/include/lslidar_msgs/lslidar_msgs/msg/lslidar_sweep.hpp
[4.725s] -- Up-to-date: /home/rose/pi4b_ros2/car_ws/install/lslidar_msgs/include/lslidar_msgs/lslidar_msgs/msg/lslidar_difop.hpp
[4.725s] -- Up-to-date: /home/rose/pi4b_ros2/car_ws/install/lslidar_msgs/include/lslidar_msgs/lslidar_msgs/msg/detail
[4.726s] -- Up-to-date: /home/rose/pi4b_ros2/car_ws/install/lslidar_msgs/include/lslidar_msgs/lslidar_msgs/msg/detail/lslidar_difop__traits.hpp
[4.727s] -- Up-to-date: /home/rose/pi4b_ros2/car_ws/install/lslidar_msgs/include/lslidar_msgs/lslidar_msgs/msg/detail/lslidar_scan__struct.hpp
[4.727s] -- Up-to-date: /home/rose/pi4b_ros2/car_ws/install/lslidar_msgs/include/lslidar_msgs/lslidar_msgs/msg/detail/lslidar_difop__struct.hpp
[4.728s] -- Up-to-date: /home/rose/pi4b_ros2/car_ws/install/lslidar_msgs/include/lslidar_msgs/lslidar_msgs/msg/detail/lslidar_point__traits.hpp
[4.729s] -- Up-to-date: /home/rose/pi4b_ros2/car_ws/install/lslidar_msgs/include/lslidar_msgs/lslidar_msgs/msg/detail/lslidar_difop__type_support.hpp
[4.739s] -- Up-to-date: /home/rose/pi4b_ros2/car_ws/install/lslidar_msgs/include/lslidar_msgs/lslidar_msgs/msg/detail/lslidar_packet__struct.hpp
[4.740s] -- Up-to-date: /home/rose/pi4b_ros2/car_ws/install/lslidar_msgs/include/lslidar_msgs/lslidar_msgs/msg/detail/lslidar_packet__type_support.hpp
[4.740s] -- Up-to-date: /home/rose/pi4b_ros2/car_ws/install/lslidar_msgs/include/lslidar_msgs/lslidar_msgs/msg/detail/lslidar_sweep__struct.hpp
[4.741s] -- Up-to-date: /home/rose/pi4b_ros2/car_ws/install/lslidar_msgs/include/lslidar_msgs/lslidar_msgs/msg/detail/lslidar_point__builder.hpp
[4.741s] -- Up-to-date: /home/rose/pi4b_ros2/car_ws/install/lslidar_msgs/include/lslidar_msgs/lslidar_msgs/msg/detail/lslidar_scan__type_support.hpp
[4.742s] -- Up-to-date: /home/rose/pi4b_ros2/car_ws/install/lslidar_msgs/include/lslidar_msgs/lslidar_msgs/msg/detail/lslidar_sweep__traits.hpp
[4.743s] -- Up-to-date: /home/rose/pi4b_ros2/car_ws/install/lslidar_msgs/include/lslidar_msgs/lslidar_msgs/msg/detail/lslidar_packet__builder.hpp
[4.743s] -- Up-to-date: /home/rose/pi4b_ros2/car_ws/install/lslidar_msgs/include/lslidar_msgs/lslidar_msgs/msg/detail/lslidar_packet__traits.hpp
[4.744s] -- Up-to-date: /home/rose/pi4b_ros2/car_ws/install/lslidar_msgs/include/lslidar_msgs/lslidar_msgs/msg/detail/lslidar_sweep__type_support.hpp
[4.745s] -- Up-to-date: /home/rose/pi4b_ros2/car_ws/install/lslidar_msgs/include/lslidar_msgs/lslidar_msgs/msg/detail/lslidar_difop__builder.hpp
[4.745s] -- Up-to-date: /home/rose/pi4b_ros2/car_ws/install/lslidar_msgs/include/lslidar_msgs/lslidar_msgs/msg/detail/lslidar_point__struct.hpp
[4.746s] -- Up-to-date: /home/rose/pi4b_ros2/car_ws/install/lslidar_msgs/include/lslidar_msgs/lslidar_msgs/msg/detail/lslidar_scan__builder.hpp
[4.747s] -- Up-to-date: /home/rose/pi4b_ros2/car_ws/install/lslidar_msgs/include/lslidar_msgs/lslidar_msgs/msg/detail/lslidar_scan__traits.hpp
[4.747s] -- Up-to-date: /home/rose/pi4b_ros2/car_ws/install/lslidar_msgs/include/lslidar_msgs/lslidar_msgs/msg/detail/lslidar_sweep__builder.hpp
[4.748s] -- Up-to-date: /home/rose/pi4b_ros2/car_ws/install/lslidar_msgs/include/lslidar_msgs/lslidar_msgs/msg/detail/lslidar_point__type_support.hpp
[4.748s] -- Up-to-date: /home/rose/pi4b_ros2/car_ws/install/lslidar_msgs/include/lslidar_msgs/lslidar_msgs/msg/lslidar_point.hpp
[4.749s] -- Up-to-date: /home/rose/pi4b_ros2/car_ws/install/lslidar_msgs/include/lslidar_msgs/lslidar_msgs/msg/lslidar_packet.hpp
[4.750s] -- Up-to-date: /home/rose/pi4b_ros2/car_ws/install/lslidar_msgs/include/lslidar_msgs/lslidar_msgs/msg/lslidar_scan.hpp
[4.751s] -- Up-to-date: /home/rose/pi4b_ros2/car_ws/install/lslidar_msgs/include/lslidar_msgs/lslidar_msgs
[4.751s] -- Up-to-date: /home/rose/pi4b_ros2/car_ws/install/lslidar_msgs/include/lslidar_msgs/lslidar_msgs/msg
[4.764s] -- Up-to-date: /home/rose/pi4b_ros2/car_ws/install/lslidar_msgs/include/lslidar_msgs/lslidar_msgs/msg/rosidl_typesupport_fastrtps_cpp__visibility_control.h
[4.765s] -- Up-to-date: /home/rose/pi4b_ros2/car_ws/install/lslidar_msgs/include/lslidar_msgs/lslidar_msgs/msg/detail
[4.765s] -- Up-to-date: /home/rose/pi4b_ros2/car_ws/install/lslidar_msgs/include/lslidar_msgs/lslidar_msgs/msg/detail/lslidar_difop__rosidl_typesupport_fastrtps_cpp.hpp
[4.766s] -- Up-to-date: /home/rose/pi4b_ros2/car_ws/install/lslidar_msgs/include/lslidar_msgs/lslidar_msgs/msg/detail/lslidar_point__rosidl_typesupport_fastrtps_cpp.hpp
[4.766s] -- Up-to-date: /home/rose/pi4b_ros2/car_ws/install/lslidar_msgs/include/lslidar_msgs/lslidar_msgs/msg/detail/lslidar_sweep__rosidl_typesupport_fastrtps_cpp.hpp
[4.767s] -- Up-to-date: /home/rose/pi4b_ros2/car_ws/install/lslidar_msgs/include/lslidar_msgs/lslidar_msgs/msg/detail/lslidar_scan__rosidl_typesupport_fastrtps_cpp.hpp
[4.768s] -- Up-to-date: /home/rose/pi4b_ros2/car_ws/install/lslidar_msgs/include/lslidar_msgs/lslidar_msgs/msg/detail/dds_fastrtps
[4.768s] -- Up-to-date: /home/rose/pi4b_ros2/car_ws/install/lslidar_msgs/include/lslidar_msgs/lslidar_msgs/msg/detail/lslidar_packet__rosidl_typesupport_fastrtps_cpp.hpp
[4.769s] -- Up-to-date: /home/rose/pi4b_ros2/car_ws/install/lslidar_msgs/lib/liblslidar_msgs__rosidl_typesupport_fastrtps_cpp.so
[4.769s] -- Up-to-date: /home/rose/pi4b_ros2/car_ws/install/lslidar_msgs/include/lslidar_msgs/lslidar_msgs
[4.770s] -- Up-to-date: /home/rose/pi4b_ros2/car_ws/install/lslidar_msgs/include/lslidar_msgs/lslidar_msgs/msg
[4.771s] -- Up-to-date: /home/rose/pi4b_ros2/car_ws/install/lslidar_msgs/include/lslidar_msgs/lslidar_msgs/msg/detail
[4.771s] -- Up-to-date: /home/rose/pi4b_ros2/car_ws/install/lslidar_msgs/include/lslidar_msgs/lslidar_msgs/msg/detail/lslidar_scan__type_support.c
[4.772s] -- Up-to-date: /home/rose/pi4b_ros2/car_ws/install/lslidar_msgs/include/lslidar_msgs/lslidar_msgs/msg/detail/lslidar_difop__type_support.c
[4.772s] -- Up-to-date: /home/rose/pi4b_ros2/car_ws/install/lslidar_msgs/include/lslidar_msgs/lslidar_msgs/msg/detail/lslidar_sweep__rosidl_typesupport_introspection_c.h
[4.773s] -- Up-to-date: /home/rose/pi4b_ros2/car_ws/install/lslidar_msgs/include/lslidar_msgs/lslidar_msgs/msg/detail/lslidar_scan__rosidl_typesupport_introspection_c.h
[4.773s] -- Up-to-date: /home/rose/pi4b_ros2/car_ws/install/lslidar_msgs/include/lslidar_msgs/lslidar_msgs/msg/detail/lslidar_point__type_support.c
[4.774s] -- Up-to-date: /home/rose/pi4b_ros2/car_ws/install/lslidar_msgs/include/lslidar_msgs/lslidar_msgs/msg/detail/lslidar_packet__type_support.c
[4.774s] -- Up-to-date: /home/rose/pi4b_ros2/car_ws/install/lslidar_msgs/include/lslidar_msgs/lslidar_msgs/msg/detail/lslidar_difop__rosidl_typesupport_introspection_c.h
[4.775s] -- Up-to-date: /home/rose/pi4b_ros2/car_ws/install/lslidar_msgs/include/lslidar_msgs/lslidar_msgs/msg/detail/lslidar_point__rosidl_typesupport_introspection_c.h
[4.775s] -- Up-to-date: /home/rose/pi4b_ros2/car_ws/install/lslidar_msgs/include/lslidar_msgs/lslidar_msgs/msg/detail/lslidar_packet__rosidl_typesupport_introspection_c.h
[4.776s] -- Up-to-date: /home/rose/pi4b_ros2/car_ws/install/lslidar_msgs/include/lslidar_msgs/lslidar_msgs/msg/detail/lslidar_sweep__type_support.c
[4.789s] -- Up-to-date: /home/rose/pi4b_ros2/car_ws/install/lslidar_msgs/include/lslidar_msgs/lslidar_msgs/msg/rosidl_typesupport_introspection_c__visibility_control.h
[4.790s] -- Up-to-date: /home/rose/pi4b_ros2/car_ws/install/lslidar_msgs/lib/liblslidar_msgs__rosidl_typesupport_introspection_c.so
[4.790s] -- Up-to-date: /home/rose/pi4b_ros2/car_ws/install/lslidar_msgs/lib/liblslidar_msgs__rosidl_typesupport_c.so
[4.791s] -- Up-to-date: /home/rose/pi4b_ros2/car_ws/install/lslidar_msgs/include/lslidar_msgs/lslidar_msgs
[4.791s] -- Up-to-date: /home/rose/pi4b_ros2/car_ws/install/lslidar_msgs/include/lslidar_msgs/lslidar_msgs/msg
[4.792s] -- Up-to-date: /home/rose/pi4b_ros2/car_ws/install/lslidar_msgs/include/lslidar_msgs/lslidar_msgs/msg/detail
[4.792s] -- Up-to-date: /home/rose/pi4b_ros2/car_ws/install/lslidar_msgs/include/lslidar_msgs/lslidar_msgs/msg/detail/lslidar_packet__rosidl_typesupport_introspection_cpp.hpp
[4.793s] -- Up-to-date: /home/rose/pi4b_ros2/car_ws/install/lslidar_msgs/include/lslidar_msgs/lslidar_msgs/msg/detail/lslidar_difop__type_support.cpp
[4.793s] -- Up-to-date: /home/rose/pi4b_ros2/car_ws/install/lslidar_msgs/include/lslidar_msgs/lslidar_msgs/msg/detail/lslidar_packet__type_support.cpp
[4.794s] -- Up-to-date: /home/rose/pi4b_ros2/car_ws/install/lslidar_msgs/include/lslidar_msgs/lslidar_msgs/msg/detail/lslidar_point__type_support.cpp
[4.794s] -- Up-to-date: /home/rose/pi4b_ros2/car_ws/install/lslidar_msgs/include/lslidar_msgs/lslidar_msgs/msg/detail/lslidar_difop__rosidl_typesupport_introspection_cpp.hpp
[4.795s] -- Up-to-date: /home/rose/pi4b_ros2/car_ws/install/lslidar_msgs/include/lslidar_msgs/lslidar_msgs/msg/detail/lslidar_point__rosidl_typesupport_introspection_cpp.hpp
[4.795s] -- Up-to-date: /home/rose/pi4b_ros2/car_ws/install/lslidar_msgs/include/lslidar_msgs/lslidar_msgs/msg/detail/lslidar_scan__type_support.cpp
[4.795s] -- Up-to-date: /home/rose/pi4b_ros2/car_ws/install/lslidar_msgs/include/lslidar_msgs/lslidar_msgs/msg/detail/lslidar_scan__rosidl_typesupport_introspection_cpp.hpp
[4.796s] -- Up-to-date: /home/rose/pi4b_ros2/car_ws/install/lslidar_msgs/include/lslidar_msgs/lslidar_msgs/msg/detail/lslidar_sweep__type_support.cpp
[4.796s] -- Up-to-date: /home/rose/pi4b_ros2/car_ws/install/lslidar_msgs/include/lslidar_msgs/lslidar_msgs/msg/detail/lslidar_sweep__rosidl_typesupport_introspection_cpp.hpp
[4.797s] -- Up-to-date: /home/rose/pi4b_ros2/car_ws/install/lslidar_msgs/lib/liblslidar_msgs__rosidl_typesupport_introspection_cpp.so
[4.798s] -- Up-to-date: /home/rose/pi4b_ros2/car_ws/install/lslidar_msgs/lib/liblslidar_msgs__rosidl_typesupport_cpp.so
[4.798s] -- Up-to-date: /home/rose/pi4b_ros2/car_ws/install/lslidar_msgs/share/lslidar_msgs/environment/pythonpath.sh
[4.799s] -- Up-to-date: /home/rose/pi4b_ros2/car_ws/install/lslidar_msgs/share/lslidar_msgs/environment/pythonpath.dsv
[4.799s] -- Up-to-date: /home/rose/pi4b_ros2/car_ws/install/lslidar_msgs/local/lib/python3.10/dist-packages/lslidar_msgs-1.2.0-py3.10.egg-info
[4.799s] -- Installing: /home/rose/pi4b_ros2/car_ws/install/lslidar_msgs/local/lib/python3.10/dist-packages/lslidar_msgs-1.2.0-py3.10.egg-info/PKG-INFO
[4.800s] -- Installing: /home/rose/pi4b_ros2/car_ws/install/lslidar_msgs/local/lib/python3.10/dist-packages/lslidar_msgs-1.2.0-py3.10.egg-info/top_level.txt
[4.811s] -- Installing: /home/rose/pi4b_ros2/car_ws/install/lslidar_msgs/local/lib/python3.10/dist-packages/lslidar_msgs-1.2.0-py3.10.egg-info/dependency_links.txt
[4.812s] -- Installing: /home/rose/pi4b_ros2/car_ws/install/lslidar_msgs/local/lib/python3.10/dist-packages/lslidar_msgs-1.2.0-py3.10.egg-info/SOURCES.txt
[4.812s] -- Up-to-date: /home/rose/pi4b_ros2/car_ws/install/lslidar_msgs/local/lib/python3.10/dist-packages/lslidar_msgs
[4.813s] -- Up-to-date: /home/rose/pi4b_ros2/car_ws/install/lslidar_msgs/local/lib/python3.10/dist-packages/lslidar_msgs/liblslidar_msgs__rosidl_generator_py.so
[4.813s] -- Up-to-date: /home/rose/pi4b_ros2/car_ws/install/lslidar_msgs/local/lib/python3.10/dist-packages/lslidar_msgs/lslidar_msgs_s__rosidl_typesupport_fastrtps_c.cpython-310-aarch64-linux-gnu.so
[4.814s] -- Up-to-date: /home/rose/pi4b_ros2/car_ws/install/lslidar_msgs/local/lib/python3.10/dist-packages/lslidar_msgs/msg
[4.814s] -- Up-to-date: /home/rose/pi4b_ros2/car_ws/install/lslidar_msgs/local/lib/python3.10/dist-packages/lslidar_msgs/msg/_lslidar_packet.py
[4.815s] -- Up-to-date: /home/rose/pi4b_ros2/car_ws/install/lslidar_msgs/local/lib/python3.10/dist-packages/lslidar_msgs/msg/_lslidar_difop.py
[4.815s] -- Up-to-date: /home/rose/pi4b_ros2/car_ws/install/lslidar_msgs/local/lib/python3.10/dist-packages/lslidar_msgs/msg/_lslidar_scan.py
[4.816s] -- Up-to-date: /home/rose/pi4b_ros2/car_ws/install/lslidar_msgs/local/lib/python3.10/dist-packages/lslidar_msgs/msg/__init__.py
[4.816s] -- Up-to-date: /home/rose/pi4b_ros2/car_ws/install/lslidar_msgs/local/lib/python3.10/dist-packages/lslidar_msgs/msg/_lslidar_packet_s.c
[4.817s] -- Up-to-date: /home/rose/pi4b_ros2/car_ws/install/lslidar_msgs/local/lib/python3.10/dist-packages/lslidar_msgs/msg/_lslidar_point.py
[4.818s] -- Up-to-date: /home/rose/pi4b_ros2/car_ws/install/lslidar_msgs/local/lib/python3.10/dist-packages/lslidar_msgs/msg/_lslidar_sweep_s.c
[4.818s] -- Up-to-date: /home/rose/pi4b_ros2/car_ws/install/lslidar_msgs/local/lib/python3.10/dist-packages/lslidar_msgs/msg/_lslidar_difop_s.c
[4.819s] -- Up-to-date: /home/rose/pi4b_ros2/car_ws/install/lslidar_msgs/local/lib/python3.10/dist-packages/lslidar_msgs/msg/_lslidar_point_s.c
[4.819s] -- Up-to-date: /home/rose/pi4b_ros2/car_ws/install/lslidar_msgs/local/lib/python3.10/dist-packages/lslidar_msgs/msg/_lslidar_sweep.py
[4.820s] -- Up-to-date: /home/rose/pi4b_ros2/car_ws/install/lslidar_msgs/local/lib/python3.10/dist-packages/lslidar_msgs/msg/_lslidar_scan_s.c
[4.820s] -- Up-to-date: /home/rose/pi4b_ros2/car_ws/install/lslidar_msgs/local/lib/python3.10/dist-packages/lslidar_msgs/lslidar_msgs_s__rosidl_typesupport_c.cpython-310-aarch64-linux-gnu.so
[4.821s] -- Up-to-date: /home/rose/pi4b_ros2/car_ws/install/lslidar_msgs/local/lib/python3.10/dist-packages/lslidar_msgs/_lslidar_msgs_s.ep.rosidl_typesupport_introspection_c.c
[4.822s] -- Up-to-date: /home/rose/pi4b_ros2/car_ws/install/lslidar_msgs/local/lib/python3.10/dist-packages/lslidar_msgs/_lslidar_msgs_s.ep.rosidl_typesupport_c.c
[4.823s] -- Up-to-date: /home/rose/pi4b_ros2/car_ws/install/lslidar_msgs/local/lib/python3.10/dist-packages/lslidar_msgs/_lslidar_msgs_s.ep.rosidl_typesupport_fastrtps_c.c
[4.825s] -- Up-to-date: /home/rose/pi4b_ros2/car_ws/install/lslidar_msgs/local/lib/python3.10/dist-packages/lslidar_msgs/__init__.py
[4.826s] -- Up-to-date: /home/rose/pi4b_ros2/car_ws/install/lslidar_msgs/local/lib/python3.10/dist-packages/lslidar_msgs/lslidar_msgs_s__rosidl_typesupport_introspection_c.cpython-310-aarch64-linux-gnu.so
[5.005s] Listing '/home/rose/pi4b_ros2/car_ws/install/lslidar_msgs/local/lib/python3.10/dist-packages/lslidar_msgs'...
[5.005s] Listing '/home/rose/pi4b_ros2/car_ws/install/lslidar_msgs/local/lib/python3.10/dist-packages/lslidar_msgs/msg'...
[5.080s] -- Up-to-date: /home/rose/pi4b_ros2/car_ws/install/lslidar_msgs/local/lib/python3.10/dist-packages/lslidar_msgs/lslidar_msgs_s__rosidl_typesupport_fastrtps_c.cpython-310-aarch64-linux-gnu.so
[5.080s] -- Up-to-date: /home/rose/pi4b_ros2/car_ws/install/lslidar_msgs/local/lib/python3.10/dist-packages/lslidar_msgs/lslidar_msgs_s__rosidl_typesupport_introspection_c.cpython-310-aarch64-linux-gnu.so
[5.084s] -- Up-to-date: /home/rose/pi4b_ros2/car_ws/install/lslidar_msgs/local/lib/python3.10/dist-packages/lslidar_msgs/lslidar_msgs_s__rosidl_typesupport_c.cpython-310-aarch64-linux-gnu.so
[5.088s] -- Up-to-date: /home/rose/pi4b_ros2/car_ws/install/lslidar_msgs/lib/liblslidar_msgs__rosidl_generator_py.so
[5.091s] -- Up-to-date: /home/rose/pi4b_ros2/car_ws/install/lslidar_msgs/share/lslidar_msgs/msg/LslidarDifop.idl
[5.093s] -- Up-to-date: /home/rose/pi4b_ros2/car_ws/install/lslidar_msgs/share/lslidar_msgs/msg/LslidarPacket.idl
[5.094s] -- Up-to-date: /home/rose/pi4b_ros2/car_ws/install/lslidar_msgs/share/lslidar_msgs/msg/LslidarPoint.idl
[5.097s] -- Up-to-date: /home/rose/pi4b_ros2/car_ws/install/lslidar_msgs/share/lslidar_msgs/msg/LslidarScan.idl
[5.097s] -- Up-to-date: /home/rose/pi4b_ros2/car_ws/install/lslidar_msgs/share/lslidar_msgs/msg/LslidarSweep.idl
[5.098s] -- Up-to-date: /home/rose/pi4b_ros2/car_ws/install/lslidar_msgs/share/lslidar_msgs/msg/LslidarDifop.msg
[5.101s] -- Up-to-date: /home/rose/pi4b_ros2/car_ws/install/lslidar_msgs/share/lslidar_msgs/msg/LslidarPacket.msg
[5.101s] -- Up-to-date: /home/rose/pi4b_ros2/car_ws/install/lslidar_msgs/share/lslidar_msgs/msg/LslidarPoint.msg
[5.102s] -- Up-to-date: /home/rose/pi4b_ros2/car_ws/install/lslidar_msgs/share/lslidar_msgs/msg/LslidarScan.msg
[5.104s] -- Up-to-date: /home/rose/pi4b_ros2/car_ws/install/lslidar_msgs/share/lslidar_msgs/msg/LslidarSweep.msg
[5.106s] -- Up-to-date: /home/rose/pi4b_ros2/car_ws/install/lslidar_msgs/share/ament_index/resource_index/package_run_dependencies/lslidar_msgs
[5.106s] -- Up-to-date: /home/rose/pi4b_ros2/car_ws/install/lslidar_msgs/share/ament_index/resource_index/parent_prefix_path/lslidar_msgs
[5.109s] -- Up-to-date: /home/rose/pi4b_ros2/car_ws/install/lslidar_msgs/share/lslidar_msgs/environment/ament_prefix_path.sh
[5.110s] -- Up-to-date: /home/rose/pi4b_ros2/car_ws/install/lslidar_msgs/share/lslidar_msgs/environment/ament_prefix_path.dsv
[5.113s] -- Up-to-date: /home/rose/pi4b_ros2/car_ws/install/lslidar_msgs/share/lslidar_msgs/environment/path.sh
[5.113s] -- Up-to-date: /home/rose/pi4b_ros2/car_ws/install/lslidar_msgs/share/lslidar_msgs/environment/path.dsv
[5.114s] -- Up-to-date: /home/rose/pi4b_ros2/car_ws/install/lslidar_msgs/share/lslidar_msgs/local_setup.bash
[5.116s] -- Up-to-date: /home/rose/pi4b_ros2/car_ws/install/lslidar_msgs/share/lslidar_msgs/local_setup.sh
[5.117s] -- Up-to-date: /home/rose/pi4b_ros2/car_ws/install/lslidar_msgs/share/lslidar_msgs/local_setup.zsh
[5.120s] -- Up-to-date: /home/rose/pi4b_ros2/car_ws/install/lslidar_msgs/share/lslidar_msgs/local_setup.dsv
[5.121s] -- Installing: /home/rose/pi4b_ros2/car_ws/install/lslidar_msgs/share/lslidar_msgs/package.dsv
[5.122s] -- Up-to-date: /home/rose/pi4b_ros2/car_ws/install/lslidar_msgs/share/ament_index/resource_index/packages/lslidar_msgs
[5.124s] -- Up-to-date: /home/rose/pi4b_ros2/car_ws/install/lslidar_msgs/share/lslidar_msgs/cmake/export_lslidar_msgs__rosidl_generator_cExport.cmake
[5.126s] -- Up-to-date: /home/rose/pi4b_ros2/car_ws/install/lslidar_msgs/share/lslidar_msgs/cmake/export_lslidar_msgs__rosidl_generator_cExport-release.cmake
[5.128s] -- Up-to-date: /home/rose/pi4b_ros2/car_ws/install/lslidar_msgs/share/lslidar_msgs/cmake/export_lslidar_msgs__rosidl_typesupport_fastrtps_cExport.cmake
[5.130s] -- Up-to-date: /home/rose/pi4b_ros2/car_ws/install/lslidar_msgs/share/lslidar_msgs/cmake/export_lslidar_msgs__rosidl_typesupport_fastrtps_cExport-release.cmake
[5.132s] -- Up-to-date: /home/rose/pi4b_ros2/car_ws/install/lslidar_msgs/share/lslidar_msgs/cmake/export_lslidar_msgs__rosidl_generator_cppExport.cmake
[5.134s] -- Up-to-date: /home/rose/pi4b_ros2/car_ws/install/lslidar_msgs/share/lslidar_msgs/cmake/export_lslidar_msgs__rosidl_typesupport_fastrtps_cppExport.cmake
[5.136s] -- Up-to-date: /home/rose/pi4b_ros2/car_ws/install/lslidar_msgs/share/lslidar_msgs/cmake/export_lslidar_msgs__rosidl_typesupport_fastrtps_cppExport-release.cmake
[5.138s] -- Up-to-date: /home/rose/pi4b_ros2/car_ws/install/lslidar_msgs/share/lslidar_msgs/cmake/lslidar_msgs__rosidl_typesupport_introspection_cExport.cmake
[5.140s] -- Up-to-date: /home/rose/pi4b_ros2/car_ws/install/lslidar_msgs/share/lslidar_msgs/cmake/lslidar_msgs__rosidl_typesupport_introspection_cExport-release.cmake
[5.142s] -- Up-to-date: /home/rose/pi4b_ros2/car_ws/install/lslidar_msgs/share/lslidar_msgs/cmake/lslidar_msgs__rosidl_typesupport_cExport.cmake
[5.144s] -- Up-to-date: /home/rose/pi4b_ros2/car_ws/install/lslidar_msgs/share/lslidar_msgs/cmake/lslidar_msgs__rosidl_typesupport_cExport-release.cmake
[5.146s] -- Up-to-date: /home/rose/pi4b_ros2/car_ws/install/lslidar_msgs/share/lslidar_msgs/cmake/lslidar_msgs__rosidl_typesupport_introspection_cppExport.cmake
[5.147s] -- Up-to-date: /home/rose/pi4b_ros2/car_ws/install/lslidar_msgs/share/lslidar_msgs/cmake/lslidar_msgs__rosidl_typesupport_introspection_cppExport-release.cmake
[5.149s] -- Up-to-date: /home/rose/pi4b_ros2/car_ws/install/lslidar_msgs/share/lslidar_msgs/cmake/lslidar_msgs__rosidl_typesupport_cppExport.cmake
[5.151s] -- Up-to-date: /home/rose/pi4b_ros2/car_ws/install/lslidar_msgs/share/lslidar_msgs/cmake/lslidar_msgs__rosidl_typesupport_cppExport-release.cmake
[5.153s] -- Up-to-date: /home/rose/pi4b_ros2/car_ws/install/lslidar_msgs/share/lslidar_msgs/cmake/export_lslidar_msgs__rosidl_generator_pyExport.cmake
[5.154s] -- Up-to-date: /home/rose/pi4b_ros2/car_ws/install/lslidar_msgs/share/lslidar_msgs/cmake/export_lslidar_msgs__rosidl_generator_pyExport-release.cmake
[5.156s] -- Up-to-date: /home/rose/pi4b_ros2/car_ws/install/lslidar_msgs/share/lslidar_msgs/cmake/rosidl_cmake-extras.cmake
[5.158s] -- Up-to-date: /home/rose/pi4b_ros2/car_ws/install/lslidar_msgs/share/lslidar_msgs/cmake/ament_cmake_export_dependencies-extras.cmake
[5.159s] -- Up-to-date: /home/rose/pi4b_ros2/car_ws/install/lslidar_msgs/share/lslidar_msgs/cmake/ament_cmake_export_include_directories-extras.cmake
[5.161s] -- Up-to-date: /home/rose/pi4b_ros2/car_ws/install/lslidar_msgs/share/lslidar_msgs/cmake/ament_cmake_export_libraries-extras.cmake
[5.162s] -- Up-to-date: /home/rose/pi4b_ros2/car_ws/install/lslidar_msgs/share/lslidar_msgs/cmake/ament_cmake_export_targets-extras.cmake
[5.164s] -- Up-to-date: /home/rose/pi4b_ros2/car_ws/install/lslidar_msgs/share/lslidar_msgs/cmake/rosidl_cmake_export_typesupport_targets-extras.cmake
[5.166s] -- Up-to-date: /home/rose/pi4b_ros2/car_ws/install/lslidar_msgs/share/lslidar_msgs/cmake/rosidl_cmake_export_typesupport_libraries-extras.cmake
[5.167s] -- Up-to-date: /home/rose/pi4b_ros2/car_ws/install/lslidar_msgs/share/lslidar_msgs/cmake/lslidar_msgsConfig.cmake
[5.169s] -- Up-to-date: /home/rose/pi4b_ros2/car_ws/install/lslidar_msgs/share/lslidar_msgs/cmake/lslidar_msgsConfig-version.cmake
[5.171s] -- Up-to-date: /home/rose/pi4b_ros2/car_ws/install/lslidar_msgs/share/lslidar_msgs/package.xml
[6.357s] Invoked command in '/home/rose/pi4b_ros2/car_ws/build/lslidar_msgs' returned '0': CMAKE_PREFIX_PATH=/opt/ros/humble /usr/bin/cmake --install /home/rose/pi4b_ros2/car_ws/build/lslidar_msgs
