[5.511s] Invoking command in '/home/rose/pi4b_ros2/car_ws/src/bot_application': PYTHONPATH=/home/rose/pi4b_ros2/car_ws/build/bot_application/prefix_override:/usr/lib/python3/dist-packages/colcon_core/task/python/colcon_distutils_commands:/home/rose/pi4b_ros2/car_ws/install/bot_application/lib/python3.10/site-packages:${PYTHONPATH} /usr/bin/python3 -W ignore:setup.py install is deprecated -W ignore:easy_install command is deprecated setup.py egg_info --egg-base ../../build/bot_application build --build-base /home/rose/pi4b_ros2/car_ws/build/bot_application/build install --record /home/rose/pi4b_ros2/car_ws/build/bot_application/install.log --single-version-externally-managed install_data
[6.658s] /home/rose/.local/lib/python3.10/site-packages/setuptools/_distutils/dist.py:287: UserWarning: Unknown distribution option: 'tests_require'
[6.659s]   warnings.warn(msg)
[7.796s] running egg_info
[7.956s] writing ../../build/bot_application/bot_application.egg-info/PKG-INFO
[7.959s] writing dependency_links to ../../build/bot_application/bot_application.egg-info/dependency_links.txt
[7.961s] writing entry points to ../../build/bot_application/bot_application.egg-info/entry_points.txt
[7.963s] writing requirements to ../../build/bot_application/bot_application.egg-info/requires.txt
[7.966s] writing top-level names to ../../build/bot_application/bot_application.egg-info/top_level.txt
[8.306s] reading manifest file '../../build/bot_application/bot_application.egg-info/SOURCES.txt'
[8.317s] writing manifest file '../../build/bot_application/bot_application.egg-info/SOURCES.txt'
[8.319s] running build
[8.322s] running build_py
[8.323s] copying bot_application/keyboard_controller.py -> /home/rose/pi4b_ros2/car_ws/build/bot_application/build/lib/bot_application
[8.323s] copying bot_application/navigator_unified.py -> /home/rose/pi4b_ros2/car_ws/build/bot_application/build/lib/bot_application
[8.326s] copying bot_application/get_cost.py -> /home/rose/pi4b_ros2/car_ws/build/bot_application/build/lib/bot_application
[8.327s] copying bot_application/navigator_full_dp.py -> /home/rose/pi4b_ros2/car_ws/build/bot_application/build/lib/bot_application
[8.334s] copying bot_application/optimized_navigator_dp.py -> /home/rose/pi4b_ros2/car_ws/build/bot_application/build/lib/bot_application
[8.335s] copying bot_application/get_robot_pose.py -> /home/rose/pi4b_ros2/car_ws/build/bot_application/build/lib/bot_application
[8.342s] copying bot_application/voice_responder_example.py -> /home/rose/pi4b_ros2/car_ws/build/bot_application/build/lib/bot_application
[8.343s] copying bot_application/optimized_navigator.py -> /home/rose/pi4b_ros2/car_ws/build/bot_application/build/lib/bot_application
[8.350s] copying bot_application/voice_publisher.py -> /home/rose/pi4b_ros2/car_ws/build/bot_application/build/lib/bot_application
[8.353s] copying bot_application/waypoint_cost_calculator.py -> /home/rose/pi4b_ros2/car_ws/build/bot_application/build/lib/bot_application
[8.360s] copying bot_application/__init__.py -> /home/rose/pi4b_ros2/car_ws/build/bot_application/build/lib/bot_application
[8.361s] copying bot_application/nav_through_pose.py -> /home/rose/pi4b_ros2/car_ws/build/bot_application/build/lib/bot_application
[8.362s] copying bot_application/voice_command_publisher.py -> /home/rose/pi4b_ros2/car_ws/build/bot_application/build/lib/bot_application
[8.370s] copying bot_application/waypoint_follower.py -> /home/rose/pi4b_ros2/car_ws/build/bot_application/build/lib/bot_application
[8.374s] copying bot_application/waypoint_selector.py -> /home/rose/pi4b_ros2/car_ws/build/bot_application/build/lib/bot_application
[8.375s] copying bot_application/nav_to_pose.py -> /home/rose/pi4b_ros2/car_ws/build/bot_application/build/lib/bot_application
[8.376s] copying bot_application/init_robot_pose.py -> /home/rose/pi4b_ros2/car_ws/build/bot_application/build/lib/bot_application
[8.377s] copying bot_application/navigator_full_ga.py -> /home/rose/pi4b_ros2/car_ws/build/bot_application/build/lib/bot_application
[8.383s] running install
[8.392s] running install_lib
[8.596s] copying /home/rose/pi4b_ros2/car_ws/build/bot_application/build/lib/bot_application/keyboard_controller.py -> /home/rose/pi4b_ros2/car_ws/install/bot_application/lib/python3.10/site-packages/bot_application
[8.598s] copying /home/rose/pi4b_ros2/car_ws/build/bot_application/build/lib/bot_application/navigator_unified.py -> /home/rose/pi4b_ros2/car_ws/install/bot_application/lib/python3.10/site-packages/bot_application
[8.613s] byte-compiling /home/rose/pi4b_ros2/car_ws/install/bot_application/lib/python3.10/site-packages/bot_application/keyboard_controller.py to keyboard_controller.cpython-310.pyc
[8.622s] byte-compiling /home/rose/pi4b_ros2/car_ws/install/bot_application/lib/python3.10/site-packages/bot_application/navigator_unified.py to navigator_unified.cpython-310.pyc
[8.671s] byte-compiling /home/rose/pi4b_ros2/car_ws/install/bot_application/lib/python3.10/site-packages/bot_application/waypoint_cost_calculator copy.py to waypoint_cost_calculator copy.cpython-310.pyc
[8.685s]   File "/home/rose/pi4b_ros2/car_ws/install/bot_application/lib/python3.10/site-packages/bot_application/waypoint_cost_calculator copy.py", line 196
[8.685s]     create_goal_pose(navigator, 0.97, 0.72, 0.0)
[8.686s]     ^^^^^^^^^^^^^^^^^^^^^^^^^^^^^^^^^^^^^^^^^^^^^^^^^^^
[8.686s] SyntaxError: invalid syntax. Perhaps you forgot a comma?
[8.687s] 
[8.688s] running install_data
[8.695s] copying resource/bot_application -> /home/rose/pi4b_ros2/car_ws/install/bot_application/share/ament_index/resource_index/packages
[8.696s] copying package.xml -> /home/rose/pi4b_ros2/car_ws/install/bot_application/share/bot_application
[8.696s] running install_egg_info
[8.936s] removing '/home/rose/pi4b_ros2/car_ws/install/bot_application/lib/python3.10/site-packages/bot_application-0.0.0-py3.10.egg-info' (and everything under it)
[8.943s] Copying ../../build/bot_application/bot_application.egg-info to /home/rose/pi4b_ros2/car_ws/install/bot_application/lib/python3.10/site-packages/bot_application-0.0.0-py3.10.egg-info
[8.956s] running install_scripts
[9.337s] Installing auto_optimized_navigator script to /home/rose/pi4b_ros2/car_ws/install/bot_application/lib/bot_application
[9.339s] Installing get_robot_pose script to /home/rose/pi4b_ros2/car_ws/install/bot_application/lib/bot_application
[9.340s] Installing init_robot_pose script to /home/rose/pi4b_ros2/car_ws/install/bot_application/lib/bot_application
[9.342s] Installing init_robot_pose_door script to /home/rose/pi4b_ros2/car_ws/install/bot_application/lib/bot_application
[9.343s] Installing init_robot_pose_point1 script to /home/rose/pi4b_ros2/car_ws/install/bot_application/lib/bot_application
[9.345s] Installing init_robot_pose_point2 script to /home/rose/pi4b_ros2/car_ws/install/bot_application/lib/bot_application
[9.349s] Installing init_robot_pose_point3 script to /home/rose/pi4b_ros2/car_ws/install/bot_application/lib/bot_application
[9.352s] Installing keyboard_controller script to /home/rose/pi4b_ros2/car_ws/install/bot_application/lib/bot_application
[9.352s] Installing nav_through_pose script to /home/rose/pi4b_ros2/car_ws/install/bot_application/lib/bot_application
[9.355s] Installing navigator_full_dp script to /home/rose/pi4b_ros2/car_ws/install/bot_application/lib/bot_application
[9.357s] Installing navigator_full_ga script to /home/rose/pi4b_ros2/car_ws/install/bot_application/lib/bot_application
[9.358s] Installing navigator_unified script to /home/rose/pi4b_ros2/car_ws/install/bot_application/lib/bot_application
[9.358s] Installing optimized_navigator script to /home/rose/pi4b_ros2/car_ws/install/bot_application/lib/bot_application
[9.359s] Installing optimized_navigator_dp script to /home/rose/pi4b_ros2/car_ws/install/bot_application/lib/bot_application
[9.360s] Installing voice_publisher script to /home/rose/pi4b_ros2/car_ws/install/bot_application/lib/bot_application
[9.360s] Installing voice_responder_example script to /home/rose/pi4b_ros2/car_ws/install/bot_application/lib/bot_application
[9.361s] Installing way_to_go script to /home/rose/pi4b_ros2/car_ws/install/bot_application/lib/bot_application
[9.362s] Installing waypoint_cost_calculator script to /home/rose/pi4b_ros2/car_ws/install/bot_application/lib/bot_application
[9.363s] Installing waypoint_cost_calculator_copy script to /home/rose/pi4b_ros2/car_ws/install/bot_application/lib/bot_application
[9.366s] Installing waypoint_follower script to /home/rose/pi4b_ros2/car_ws/install/bot_application/lib/bot_application
[9.367s] Installing waypoint_selector script to /home/rose/pi4b_ros2/car_ws/install/bot_application/lib/bot_application
[9.370s] writing list of installed files to '/home/rose/pi4b_ros2/car_ws/build/bot_application/install.log'
[9.564s] Invoked command in '/home/rose/pi4b_ros2/car_ws/src/bot_application' returned '0': PYTHONPATH=/home/rose/pi4b_ros2/car_ws/build/bot_application/prefix_override:/usr/lib/python3/dist-packages/colcon_core/task/python/colcon_distutils_commands:/home/rose/pi4b_ros2/car_ws/install/bot_application/lib/python3.10/site-packages:${PYTHONPATH} /usr/bin/python3 -W ignore:setup.py install is deprecated -W ignore:easy_install command is deprecated setup.py egg_info --egg-base ../../build/bot_application build --build-base /home/rose/pi4b_ros2/car_ws/build/bot_application/build install --record /home/rose/pi4b_ros2/car_ws/build/bot_application/install.log --single-version-externally-managed install_data
