[5.197s] Invoking command in '/home/rose/pi4b_ros2/car_ws/src/bot_application': PYTHONPATH=/home/rose/pi4b_ros2/car_ws/build/bot_application/prefix_override:/usr/lib/python3/dist-packages/colcon_core/task/python/colcon_distutils_commands:/home/rose/pi4b_ros2/car_ws/install/bot_application/lib/python3.10/site-packages:${PYTHONPATH} /usr/bin/python3 -W ignore:setup.py install is deprecated -W ignore:easy_install command is deprecated setup.py egg_info --egg-base ../../build/bot_application build --build-base /home/rose/pi4b_ros2/car_ws/build/bot_application/build install --record /home/rose/pi4b_ros2/car_ws/build/bot_application/install.log --single-version-externally-managed install_data
[6.360s] /home/rose/.local/lib/python3.10/site-packages/setuptools/_distutils/dist.py:287: UserWarning: Unknown distribution option: 'tests_require'
[6.364s]   warnings.warn(msg)
[7.398s] running egg_info
[7.559s] writing ../../build/bot_application/bot_application.egg-info/PKG-INFO
[7.562s] writing dependency_links to ../../build/bot_application/bot_application.egg-info/dependency_links.txt
[7.564s] writing entry points to ../../build/bot_application/bot_application.egg-info/entry_points.txt
[7.566s] writing requirements to ../../build/bot_application/bot_application.egg-info/requires.txt
[7.567s] writing top-level names to ../../build/bot_application/bot_application.egg-info/top_level.txt
[7.916s] reading manifest file '../../build/bot_application/bot_application.egg-info/SOURCES.txt'
[7.926s] writing manifest file '../../build/bot_application/bot_application.egg-info/SOURCES.txt'
[7.929s] running build
[7.929s] running build_py
[7.933s] copying bot_application/init_robot_pose_door.py -> /home/rose/pi4b_ros2/car_ws/build/bot_application/build/lib/bot_application
[7.934s] copying bot_application/get_cost.py -> /home/rose/pi4b_ros2/car_ws/build/bot_application/build/lib/bot_application
[7.942s] copying bot_application/get_robot_pose.py -> /home/rose/pi4b_ros2/car_ws/build/bot_application/build/lib/bot_application
[7.942s] copying bot_application/init_robot_pose_point1.py -> /home/rose/pi4b_ros2/car_ws/build/bot_application/build/lib/bot_application
[7.943s] copying bot_application/auto_optimized_navigator.py -> /home/rose/pi4b_ros2/car_ws/build/bot_application/build/lib/bot_application
[7.944s] copying bot_application/init_robot_pose_point3.py -> /home/rose/pi4b_ros2/car_ws/build/bot_application/build/lib/bot_application
[7.953s] copying bot_application/waypoint_cost_calculator.py -> /home/rose/pi4b_ros2/car_ws/build/bot_application/build/lib/bot_application
[7.954s] copying bot_application/__init__.py -> /home/rose/pi4b_ros2/car_ws/build/bot_application/build/lib/bot_application
[7.955s] copying bot_application/nav_through_pose.py -> /home/rose/pi4b_ros2/car_ws/build/bot_application/build/lib/bot_application
[7.955s] copying bot_application/way_to_go.py -> /home/rose/pi4b_ros2/car_ws/build/bot_application/build/lib/bot_application
[7.956s] copying bot_application/waypoint_follower.py -> /home/rose/pi4b_ros2/car_ws/build/bot_application/build/lib/bot_application
[7.957s] copying bot_application/nav_to_pose.py -> /home/rose/pi4b_ros2/car_ws/build/bot_application/build/lib/bot_application
[7.957s] copying bot_application/init_robot_pose.py -> /home/rose/pi4b_ros2/car_ws/build/bot_application/build/lib/bot_application
[7.958s] copying bot_application/init_robot_pose_point2.py -> /home/rose/pi4b_ros2/car_ws/build/bot_application/build/lib/bot_application
[7.965s] running install
[7.989s] running install_lib
[8.188s] copying /home/rose/pi4b_ros2/car_ws/build/bot_application/build/lib/bot_application/auto_optimized_navigator.py -> /home/rose/pi4b_ros2/car_ws/install/bot_application/lib/python3.10/site-packages/bot_application
[8.198s] byte-compiling /home/rose/pi4b_ros2/car_ws/install/bot_application/lib/python3.10/site-packages/bot_application/auto_optimized_navigator.py to auto_optimized_navigator.cpython-310.pyc
[8.214s] byte-compiling /home/rose/pi4b_ros2/car_ws/install/bot_application/lib/python3.10/site-packages/bot_application/waypoint_cost_calculator copy.py to waypoint_cost_calculator copy.cpython-310.pyc
[8.227s]   File "/home/rose/pi4b_ros2/car_ws/install/bot_application/lib/python3.10/site-packages/bot_application/waypoint_cost_calculator copy.py", line 196
[8.232s]     create_goal_pose(navigator, 0.97, 0.72, 0.0)
[8.235s]     ^^^^^^^^^^^^^^^^^^^^^^^^^^^^^^^^^^^^^^^^^^^^^^^^^^^
[8.238s] SyntaxError: invalid syntax. Perhaps you forgot a comma?
[8.240s] 
[8.243s] running install_data
[8.246s] copying resource/bot_application -> /home/rose/pi4b_ros2/car_ws/install/bot_application/share/ament_index/resource_index/packages
[8.249s] copying package.xml -> /home/rose/pi4b_ros2/car_ws/install/bot_application/share/bot_application
[8.252s] running install_egg_info
[8.421s] removing '/home/rose/pi4b_ros2/car_ws/install/bot_application/lib/python3.10/site-packages/bot_application-0.0.0-py3.10.egg-info' (and everything under it)
[8.423s] Copying ../../build/bot_application/bot_application.egg-info to /home/rose/pi4b_ros2/car_ws/install/bot_application/lib/python3.10/site-packages/bot_application-0.0.0-py3.10.egg-info
[8.434s] running install_scripts
[8.772s] Installing auto_optimized_navigator script to /home/rose/pi4b_ros2/car_ws/install/bot_application/lib/bot_application
[8.773s] Installing get_robot_pose script to /home/rose/pi4b_ros2/car_ws/install/bot_application/lib/bot_application
[8.782s] Installing init_robot_pose script to /home/rose/pi4b_ros2/car_ws/install/bot_application/lib/bot_application
[8.793s] Installing init_robot_pose_door script to /home/rose/pi4b_ros2/car_ws/install/bot_application/lib/bot_application
[8.794s] Installing init_robot_pose_point1 script to /home/rose/pi4b_ros2/car_ws/install/bot_application/lib/bot_application
[8.795s] Installing init_robot_pose_point2 script to /home/rose/pi4b_ros2/car_ws/install/bot_application/lib/bot_application
[8.797s] Installing init_robot_pose_point3 script to /home/rose/pi4b_ros2/car_ws/install/bot_application/lib/bot_application
[8.832s] Installing nav_through_pose script to /home/rose/pi4b_ros2/car_ws/install/bot_application/lib/bot_application
[8.832s] Installing way_to_go script to /home/rose/pi4b_ros2/car_ws/install/bot_application/lib/bot_application
[8.833s] Installing waypoint_cost_calculator script to /home/rose/pi4b_ros2/car_ws/install/bot_application/lib/bot_application
[8.833s] Installing waypoint_cost_calculator_copy script to /home/rose/pi4b_ros2/car_ws/install/bot_application/lib/bot_application
[8.834s] Installing waypoint_follower script to /home/rose/pi4b_ros2/car_ws/install/bot_application/lib/bot_application
[8.835s] writing list of installed files to '/home/rose/pi4b_ros2/car_ws/build/bot_application/install.log'
[9.003s] Invoked command in '/home/rose/pi4b_ros2/car_ws/src/bot_application' returned '0': PYTHONPATH=/home/rose/pi4b_ros2/car_ws/build/bot_application/prefix_override:/usr/lib/python3/dist-packages/colcon_core/task/python/colcon_distutils_commands:/home/rose/pi4b_ros2/car_ws/install/bot_application/lib/python3.10/site-packages:${PYTHONPATH} /usr/bin/python3 -W ignore:setup.py install is deprecated -W ignore:easy_install command is deprecated setup.py egg_info --egg-base ../../build/bot_application build --build-base /home/rose/pi4b_ros2/car_ws/build/bot_application/build install --record /home/rose/pi4b_ros2/car_ws/build/bot_application/install.log --single-version-externally-managed install_data
