[3.710s] Invoking command in '/home/rose/pi4b_ros2/car_ws/build/bot_description': CMAKE_PREFIX_PATH=${CMAKE_PREFIX_PATH}:/home/rose/pi4b_ros2/car_ws/install/yolo_counting_pkg:/home/rose/pi4b_ros2/car_ws/install/test_control_pkg:/home/rose/pi4b_ros2/car_ws/install/bot_application:/opt/ros/humble /usr/bin/cmake --build /home/rose/pi4b_ros2/car_ws/build/bot_description -- -j4 -l4
[4.735s] Invoked command in '/home/rose/pi4b_ros2/car_ws/build/bot_description' returned '0': CMAKE_PREFIX_PATH=${CMAKE_PREFIX_PATH}:/home/rose/pi4b_ros2/car_ws/install/yolo_counting_pkg:/home/rose/pi4b_ros2/car_ws/install/test_control_pkg:/home/rose/pi4b_ros2/car_ws/install/bot_application:/opt/ros/humble /usr/bin/cmake --build /home/rose/pi4b_ros2/car_ws/build/bot_description -- -j4 -l4
[4.753s] Invoking command in '/home/rose/pi4b_ros2/car_ws/build/bot_description': CMAKE_PREFIX_PATH=${CMAKE_PREFIX_PATH}:/home/rose/pi4b_ros2/car_ws/install/yolo_counting_pkg:/home/rose/pi4b_ros2/car_ws/install/test_control_pkg:/home/rose/pi4b_ros2/car_ws/install/bot_application:/opt/ros/humble /usr/bin/cmake --install /home/rose/pi4b_ros2/car_ws/build/bot_description
[4.935s] -- Install configuration: "Release"
[4.940s] -- Up-to-date: /home/rose/pi4b_ros2/car_ws/install/bot_description/share/bot_description/launch
[4.945s] -- Up-to-date: /home/rose/pi4b_ros2/car_ws/install/bot_description/share/bot_description/launch/display_robot.launch.py
[4.951s] -- Up-to-date: /home/rose/pi4b_ros2/car_ws/install/bot_description/share/bot_description/launch/__pycache__
[4.957s] -- Up-to-date: /home/rose/pi4b_ros2/car_ws/install/bot_description/share/bot_description/launch/__pycache__/display_robot.launch.cpython-310.pyc
[4.963s] -- Up-to-date: /home/rose/pi4b_ros2/car_ws/install/bot_description/share/bot_description/launch/lsn10_net_launch.py
[4.976s] -- Up-to-date: /home/rose/pi4b_ros2/car_ws/install/bot_description/share/bot_description/launch/backpack_2d.launch.py
[5.008s] -- Up-to-date: /home/rose/pi4b_ros2/car_ws/install/bot_description/share/bot_description/urdf
[5.021s] -- Up-to-date: /home/rose/pi4b_ros2/car_ws/install/bot_description/share/bot_description/urdf/sensors
[5.034s] -- Up-to-date: /home/rose/pi4b_ros2/car_ws/install/bot_description/share/bot_description/urdf/sensors/imu.urdf.xacro
[5.039s] -- Up-to-date: /home/rose/pi4b_ros2/car_ws/install/bot_description/share/bot_description/urdf/sensors/generic_laser.urdf.xacro
[5.052s] -- Up-to-date: /home/rose/pi4b_ros2/car_ws/install/bot_description/share/bot_description/urdf/sensors/laser.urdf.xacro
[5.058s] -- Up-to-date: /home/rose/pi4b_ros2/car_ws/install/bot_description/share/bot_description/urdf/sensors/depth_sensor.urdf.xacro
[5.067s] -- Up-to-date: /home/rose/pi4b_ros2/car_ws/install/bot_description/share/bot_description/urdf/sensors/plugins.urdf.xacro
[5.073s] -- Up-to-date: /home/rose/pi4b_ros2/car_ws/install/bot_description/share/bot_description/urdf/mybot.urdf
[5.076s] -- Up-to-date: /home/rose/pi4b_ros2/car_ws/install/bot_description/share/bot_description/urdf/mech
[5.079s] -- Up-to-date: /home/rose/pi4b_ros2/car_ws/install/bot_description/share/bot_description/urdf/mech/base.urdf.xacro
[5.083s] -- Up-to-date: /home/rose/pi4b_ros2/car_ws/install/bot_description/share/bot_description/urdf/mech/wheel.urdf.xacro
[5.088s] -- Up-to-date: /home/rose/pi4b_ros2/car_ws/install/bot_description/share/bot_description/urdf/controllers
[5.095s] -- Up-to-date: /home/rose/pi4b_ros2/car_ws/install/bot_description/share/bot_description/urdf/controllers/skid_steer.urdf.xacro
[5.102s] -- Up-to-date: /home/rose/pi4b_ros2/car_ws/install/bot_description/share/bot_description/urdf/4wd.urdf.xacro
[5.119s] -- Up-to-date: /home/rose/pi4b_ros2/car_ws/install/bot_description/share/bot_description/urdf/properties
[5.128s] -- Up-to-date: /home/rose/pi4b_ros2/car_ws/install/bot_description/share/bot_description/urdf/properties/4wd_properties.urdf.xacro
[5.131s] -- Up-to-date: /home/rose/pi4b_ros2/car_ws/install/bot_description/share/bot_description/urdf/mybot.xacro
[5.138s] -- Up-to-date: /home/rose/pi4b_ros2/car_ws/install/bot_description/share/bot_description/rviz
[5.141s] -- Up-to-date: /home/rose/pi4b_ros2/car_ws/install/bot_description/share/bot_description/rviz/rviz.rviz
[5.147s] -- Up-to-date: /home/rose/pi4b_ros2/car_ws/install/bot_description/share/bot_description/config
[5.152s] -- Up-to-date: /home/rose/pi4b_ros2/car_ws/install/bot_description/share/bot_description/config/ekf.yaml
[5.154s] -- Up-to-date: /home/rose/pi4b_ros2/car_ws/install/bot_description/share/bot_description/config/my_robot.lua
[5.159s] -- Up-to-date: /home/rose/pi4b_ros2/car_ws/install/bot_description/share/ament_index/resource_index/package_run_dependencies/bot_description
[5.164s] -- Up-to-date: /home/rose/pi4b_ros2/car_ws/install/bot_description/share/ament_index/resource_index/parent_prefix_path/bot_description
[5.166s] -- Up-to-date: /home/rose/pi4b_ros2/car_ws/install/bot_description/share/bot_description/environment/ament_prefix_path.sh
[5.171s] -- Up-to-date: /home/rose/pi4b_ros2/car_ws/install/bot_description/share/bot_description/environment/ament_prefix_path.dsv
[5.176s] -- Up-to-date: /home/rose/pi4b_ros2/car_ws/install/bot_description/share/bot_description/environment/path.sh
[5.180s] -- Up-to-date: /home/rose/pi4b_ros2/car_ws/install/bot_description/share/bot_description/environment/path.dsv
[5.188s] -- Up-to-date: /home/rose/pi4b_ros2/car_ws/install/bot_description/share/bot_description/local_setup.bash
[5.191s] -- Up-to-date: /home/rose/pi4b_ros2/car_ws/install/bot_description/share/bot_description/local_setup.sh
[5.195s] -- Up-to-date: /home/rose/pi4b_ros2/car_ws/install/bot_description/share/bot_description/local_setup.zsh
[5.202s] -- Up-to-date: /home/rose/pi4b_ros2/car_ws/install/bot_description/share/bot_description/local_setup.dsv
[5.204s] -- Installing: /home/rose/pi4b_ros2/car_ws/install/bot_description/share/bot_description/package.dsv
[5.215s] -- Up-to-date: /home/rose/pi4b_ros2/car_ws/install/bot_description/share/ament_index/resource_index/packages/bot_description
[5.221s] -- Up-to-date: /home/rose/pi4b_ros2/car_ws/install/bot_description/share/bot_description/cmake/bot_descriptionConfig.cmake
[5.225s] -- Up-to-date: /home/rose/pi4b_ros2/car_ws/install/bot_description/share/bot_description/cmake/bot_descriptionConfig-version.cmake
[5.232s] -- Up-to-date: /home/rose/pi4b_ros2/car_ws/install/bot_description/share/bot_description/package.xml
[5.234s] Invoked command in '/home/rose/pi4b_ros2/car_ws/build/bot_description' returned '0': CMAKE_PREFIX_PATH=${CMAKE_PREFIX_PATH}:/home/rose/pi4b_ros2/car_ws/install/yolo_counting_pkg:/home/rose/pi4b_ros2/car_ws/install/test_control_pkg:/home/rose/pi4b_ros2/car_ws/install/bot_application:/opt/ros/humble /usr/bin/cmake --install /home/rose/pi4b_ros2/car_ws/build/bot_description
