[6.485s] Invoking command in '/home/rose/pi4b_ros2/car_ws/src/bot_application': PYTHONPATH=/home/rose/pi4b_ros2/car_ws/build/bot_application/prefix_override:/usr/lib/python3/dist-packages/colcon_core/task/python/colcon_distutils_commands:/home/rose/pi4b_ros2/car_ws/install/bot_application/lib/python3.10/site-packages:${PYTHONPATH} /usr/bin/python3 -W ignore:setup.py install is deprecated -W ignore:easy_install command is deprecated setup.py egg_info --egg-base ../../build/bot_application build --build-base /home/rose/pi4b_ros2/car_ws/build/bot_application/build install --record /home/rose/pi4b_ros2/car_ws/build/bot_application/install.log --single-version-externally-managed install_data
[7.832s] /home/rose/.local/lib/python3.10/site-packages/setuptools/_distutils/dist.py:287: UserWarning: Unknown distribution option: 'tests_require'
[7.835s]   warnings.warn(msg)
[9.134s] running egg_info
[9.290s] writing ../../build/bot_application/bot_application.egg-info/PKG-INFO
[9.296s] writing dependency_links to ../../build/bot_application/bot_application.egg-info/dependency_links.txt
[9.298s] writing entry points to ../../build/bot_application/bot_application.egg-info/entry_points.txt
[9.301s] writing requirements to ../../build/bot_application/bot_application.egg-info/requires.txt
[9.303s] writing top-level names to ../../build/bot_application/bot_application.egg-info/top_level.txt
[9.571s] reading manifest file '../../build/bot_application/bot_application.egg-info/SOURCES.txt'
[9.587s] writing manifest file '../../build/bot_application/bot_application.egg-info/SOURCES.txt'
[9.589s] running build
[9.591s] running build_py
[9.595s] copying bot_application/get_cost.py -> /home/rose/pi4b_ros2/car_ws/build/bot_application/build/lib/bot_application
[9.597s] copying bot_application/get_robot_pose.py -> /home/rose/pi4b_ros2/car_ws/build/bot_application/build/lib/bot_application
[9.598s] copying bot_application/waypoint_cost_calculator.py -> /home/rose/pi4b_ros2/car_ws/build/bot_application/build/lib/bot_application
[9.600s] copying bot_application/__init__.py -> /home/rose/pi4b_ros2/car_ws/build/bot_application/build/lib/bot_application
[9.604s] copying bot_application/nav_through_pose.py -> /home/rose/pi4b_ros2/car_ws/build/bot_application/build/lib/bot_application
[9.607s] copying bot_application/waypoint_follower.py -> /home/rose/pi4b_ros2/car_ws/build/bot_application/build/lib/bot_application
[9.611s] copying bot_application/nav_to_pose.py -> /home/rose/pi4b_ros2/car_ws/build/bot_application/build/lib/bot_application
[9.615s] copying bot_application/init_robot_pose.py -> /home/rose/pi4b_ros2/car_ws/build/bot_application/build/lib/bot_application
[9.620s] running install
[9.645s] running install_lib
[9.781s] running install_data
[9.784s] copying resource/bot_application -> /home/rose/pi4b_ros2/car_ws/install/bot_application/share/ament_index/resource_index/packages
[9.787s] copying package.xml -> /home/rose/pi4b_ros2/car_ws/install/bot_application/share/bot_application
[9.789s] running install_egg_info
[9.958s] removing '/home/rose/pi4b_ros2/car_ws/install/bot_application/lib/python3.10/site-packages/bot_application-0.0.0-py3.10.egg-info' (and everything under it)
[9.968s] Copying ../../build/bot_application/bot_application.egg-info to /home/rose/pi4b_ros2/car_ws/install/bot_application/lib/python3.10/site-packages/bot_application-0.0.0-py3.10.egg-info
[9.969s] running install_scripts
[10.367s] Installing init_robot_pose script to /home/rose/pi4b_ros2/car_ws/install/bot_application/lib/bot_application
[10.372s] Installing nav_through_pose script to /home/rose/pi4b_ros2/car_ws/install/bot_application/lib/bot_application
[10.375s] Installing waypoint_cost_calculator script to /home/rose/pi4b_ros2/car_ws/install/bot_application/lib/bot_application
[10.380s] Installing waypoint_follower script to /home/rose/pi4b_ros2/car_ws/install/bot_application/lib/bot_application
[10.385s] writing list of installed files to '/home/rose/pi4b_ros2/car_ws/build/bot_application/install.log'
[10.564s] Invoked command in '/home/rose/pi4b_ros2/car_ws/src/bot_application' returned '0': PYTHONPATH=/home/rose/pi4b_ros2/car_ws/build/bot_application/prefix_override:/usr/lib/python3/dist-packages/colcon_core/task/python/colcon_distutils_commands:/home/rose/pi4b_ros2/car_ws/install/bot_application/lib/python3.10/site-packages:${PYTHONPATH} /usr/bin/python3 -W ignore:setup.py install is deprecated -W ignore:easy_install command is deprecated setup.py egg_info --egg-base ../../build/bot_application build --build-base /home/rose/pi4b_ros2/car_ws/build/bot_application/build install --record /home/rose/pi4b_ros2/car_ws/build/bot_application/install.log --single-version-externally-managed install_data
