[0.314s] Invoking command in '/home/rose/pi4b_ros2/car_ws/build/fishbot_navigation2': CMAKE_PREFIX_PATH=${CMAKE_PREFIX_PATH}:/home/rose/pi4b_ros2/car_ws/install/yolo_counting_pkg:/home/rose/pi4b_ros2/car_ws/install/test_control_pkg:/opt/ros/humble /usr/bin/cmake --build /home/rose/pi4b_ros2/car_ws/build/fishbot_navigation2 -- -j4 -l4
[0.908s] Invoked command in '/home/rose/pi4b_ros2/car_ws/build/fishbot_navigation2' returned '0': CMAKE_PREFIX_PATH=${CMAKE_PREFIX_PATH}:/home/rose/pi4b_ros2/car_ws/install/yolo_counting_pkg:/home/rose/pi4b_ros2/car_ws/install/test_control_pkg:/opt/ros/humble /usr/bin/cmake --build /home/rose/pi4b_ros2/car_ws/build/fishbot_navigation2 -- -j4 -l4
[1.046s] Invoking command in '/home/rose/pi4b_ros2/car_ws/build/fishbot_navigation2': CMAKE_PREFIX_PATH=${CMAKE_PREFIX_PATH}:/home/rose/pi4b_ros2/car_ws/install/yolo_counting_pkg:/home/rose/pi4b_ros2/car_ws/install/test_control_pkg:/opt/ros/humble /usr/bin/cmake --install /home/rose/pi4b_ros2/car_ws/build/fishbot_navigation2
[1.185s] -- Install configuration: ""
[1.200s] -- Up-to-date: /home/rose/pi4b_ros2/car_ws/install/fishbot_navigation2/share/fishbot_navigation2/launch
[1.206s] -- Up-to-date: /home/rose/pi4b_ros2/car_ws/install/fishbot_navigation2/share/fishbot_navigation2/launch/navigation2.launch.py
[1.225s] -- Up-to-date: /home/rose/pi4b_ros2/car_ws/install/fishbot_navigation2/share/fishbot_navigation2/maps
[1.231s] -- Up-to-date: /home/rose/pi4b_ros2/car_ws/install/fishbot_navigation2/share/fishbot_navigation2/maps/room.yaml
[1.244s] -- Up-to-date: /home/rose/pi4b_ros2/car_ws/install/fishbot_navigation2/share/fishbot_navigation2/maps/room.pgm
[1.249s] -- Up-to-date: /home/rose/pi4b_ros2/car_ws/install/fishbot_navigation2/share/fishbot_navigation2/maps/lab.pgm
[1.251s] -- Up-to-date: /home/rose/pi4b_ros2/car_ws/install/fishbot_navigation2/share/fishbot_navigation2/maps/lab.yaml
[1.264s] -- Up-to-date: /home/rose/pi4b_ros2/car_ws/install/fishbot_navigation2/share/fishbot_navigation2/config
[1.284s] -- Up-to-date: /home/rose/pi4b_ros2/car_ws/install/fishbot_navigation2/share/fishbot_navigation2/config/nav2_params.yaml
[1.306s] -- Up-to-date: /home/rose/pi4b_ros2/car_ws/install/fishbot_navigation2/share/ament_index/resource_index/package_run_dependencies/fishbot_navigation2
[1.345s] -- Up-to-date: /home/rose/pi4b_ros2/car_ws/install/fishbot_navigation2/share/ament_index/resource_index/parent_prefix_path/fishbot_navigation2
[1.346s] -- Up-to-date: /home/rose/pi4b_ros2/car_ws/install/fishbot_navigation2/share/fishbot_navigation2/environment/ament_prefix_path.sh
[1.505s] -- Up-to-date: /home/rose/pi4b_ros2/car_ws/install/fishbot_navigation2/share/fishbot_navigation2/environment/ament_prefix_path.dsv
[1.579s] -- Up-to-date: /home/rose/pi4b_ros2/car_ws/install/fishbot_navigation2/share/fishbot_navigation2/environment/path.sh
[1.635s] -- Up-to-date: /home/rose/pi4b_ros2/car_ws/install/fishbot_navigation2/share/fishbot_navigation2/environment/path.dsv
[1.699s] -- Up-to-date: /home/rose/pi4b_ros2/car_ws/install/fishbot_navigation2/share/fishbot_navigation2/local_setup.bash
[1.702s] -- Up-to-date: /home/rose/pi4b_ros2/car_ws/install/fishbot_navigation2/share/fishbot_navigation2/local_setup.sh
[1.705s] -- Up-to-date: /home/rose/pi4b_ros2/car_ws/install/fishbot_navigation2/share/fishbot_navigation2/local_setup.zsh
[1.744s] -- Up-to-date: /home/rose/pi4b_ros2/car_ws/install/fishbot_navigation2/share/fishbot_navigation2/local_setup.dsv
[1.749s] -- Installing: /home/rose/pi4b_ros2/car_ws/install/fishbot_navigation2/share/fishbot_navigation2/package.dsv
[1.763s] -- Up-to-date: /home/rose/pi4b_ros2/car_ws/install/fishbot_navigation2/share/ament_index/resource_index/packages/fishbot_navigation2
[1.770s] -- Up-to-date: /home/rose/pi4b_ros2/car_ws/install/fishbot_navigation2/share/fishbot_navigation2/cmake/fishbot_navigation2Config.cmake
[1.773s] -- Up-to-date: /home/rose/pi4b_ros2/car_ws/install/fishbot_navigation2/share/fishbot_navigation2/cmake/fishbot_navigation2Config-version.cmake
[1.795s] -- Up-to-date: /home/rose/pi4b_ros2/car_ws/install/fishbot_navigation2/share/fishbot_navigation2/package.xml
[2.003s] Invoked command in '/home/rose/pi4b_ros2/car_ws/build/fishbot_navigation2' returned '0': CMAKE_PREFIX_PATH=${CMAKE_PREFIX_PATH}:/home/rose/pi4b_ros2/car_ws/install/yolo_counting_pkg:/home/rose/pi4b_ros2/car_ws/install/test_control_pkg:/opt/ros/humble /usr/bin/cmake --install /home/rose/pi4b_ros2/car_ws/build/fishbot_navigation2
