[0.092s] Invoking command in '/home/rose/pi4b_ros2/car_ws/build/bot_navigation2': CMAKE_PREFIX_PATH=${CMAKE_PREFIX_PATH}:/home/rose/pi4b_ros2/car_ws/install/yolo_counting_pkg:/home/rose/pi4b_ros2/car_ws/install/test_control_pkg:/home/rose/pi4b_ros2/car_ws/install/bot_application:/opt/ros/humble /usr/bin/cmake --build /home/rose/pi4b_ros2/car_ws/build/bot_navigation2 -- -j4 -l4
[0.504s] Invoked command in '/home/rose/pi4b_ros2/car_ws/build/bot_navigation2' returned '0': CMAKE_PREFIX_PATH=${CMAKE_PREFIX_PATH}:/home/rose/pi4b_ros2/car_ws/install/yolo_counting_pkg:/home/rose/pi4b_ros2/car_ws/install/test_control_pkg:/home/rose/pi4b_ros2/car_ws/install/bot_application:/opt/ros/humble /usr/bin/cmake --build /home/rose/pi4b_ros2/car_ws/build/bot_navigation2 -- -j4 -l4
[0.510s] Invoking command in '/home/rose/pi4b_ros2/car_ws/build/bot_navigation2': CMAKE_PREFIX_PATH=${CMAKE_PREFIX_PATH}:/home/rose/pi4b_ros2/car_ws/install/yolo_counting_pkg:/home/rose/pi4b_ros2/car_ws/install/test_control_pkg:/home/rose/pi4b_ros2/car_ws/install/bot_application:/opt/ros/humble /usr/bin/cmake --install /home/rose/pi4b_ros2/car_ws/build/bot_navigation2
[0.616s] -- Install configuration: "Release"
[0.625s] -- Up-to-date: /home/rose/pi4b_ros2/car_ws/install/bot_navigation2/share/bot_navigation2/launch
[0.627s] -- Up-to-date: /home/rose/pi4b_ros2/car_ws/install/bot_navigation2/share/bot_navigation2/launch/navigation2.launch.py
[0.630s] -- Up-to-date: /home/rose/pi4b_ros2/car_ws/install/bot_navigation2/share/bot_navigation2/maps
[0.633s] -- Up-to-date: /home/rose/pi4b_ros2/car_ws/install/bot_navigation2/share/bot_navigation2/maps/lab_1.yaml
[0.636s] -- Up-to-date: /home/rose/pi4b_ros2/car_ws/install/bot_navigation2/share/bot_navigation2/maps/room.yaml
[0.639s] -- Up-to-date: /home/rose/pi4b_ros2/car_ws/install/bot_navigation2/share/bot_navigation2/maps/room.pgm
[0.646s] -- Up-to-date: /home/rose/pi4b_ros2/car_ws/install/bot_navigation2/share/bot_navigation2/maps/lab.pgm
[0.650s] -- Up-to-date: /home/rose/pi4b_ros2/car_ws/install/bot_navigation2/share/bot_navigation2/maps/lab_1.pgm
[0.652s] -- Up-to-date: /home/rose/pi4b_ros2/car_ws/install/bot_navigation2/share/bot_navigation2/maps/lab.yaml
[0.655s] -- Up-to-date: /home/rose/pi4b_ros2/car_ws/install/bot_navigation2/share/bot_navigation2/maps/lab_2.pgm
[0.657s] -- Up-to-date: /home/rose/pi4b_ros2/car_ws/install/bot_navigation2/share/bot_navigation2/maps/lab_2.yaml
[0.658s] -- Up-to-date: /home/rose/pi4b_ros2/car_ws/install/bot_navigation2/share/bot_navigation2/config
[0.660s] -- Up-to-date: /home/rose/pi4b_ros2/car_ws/install/bot_navigation2/share/bot_navigation2/config/nav2_params.yaml
[0.668s] -- Up-to-date: /home/rose/pi4b_ros2/car_ws/install/bot_navigation2/share/bot_navigation2/config/nav2_params.yaml.backup
[0.671s] -- Up-to-date: /home/rose/pi4b_ros2/car_ws/install/bot_navigation2/share/ament_index/resource_index/package_run_dependencies/bot_navigation2
[0.674s] -- Up-to-date: /home/rose/pi4b_ros2/car_ws/install/bot_navigation2/share/ament_index/resource_index/parent_prefix_path/bot_navigation2
[0.676s] -- Up-to-date: /home/rose/pi4b_ros2/car_ws/install/bot_navigation2/share/bot_navigation2/environment/ament_prefix_path.sh
[0.678s] -- Up-to-date: /home/rose/pi4b_ros2/car_ws/install/bot_navigation2/share/bot_navigation2/environment/ament_prefix_path.dsv
[0.680s] -- Up-to-date: /home/rose/pi4b_ros2/car_ws/install/bot_navigation2/share/bot_navigation2/environment/path.sh
[0.682s] -- Up-to-date: /home/rose/pi4b_ros2/car_ws/install/bot_navigation2/share/bot_navigation2/environment/path.dsv
[0.684s] -- Up-to-date: /home/rose/pi4b_ros2/car_ws/install/bot_navigation2/share/bot_navigation2/local_setup.bash
[0.686s] -- Up-to-date: /home/rose/pi4b_ros2/car_ws/install/bot_navigation2/share/bot_navigation2/local_setup.sh
[0.688s] -- Up-to-date: /home/rose/pi4b_ros2/car_ws/install/bot_navigation2/share/bot_navigation2/local_setup.zsh
[0.692s] -- Up-to-date: /home/rose/pi4b_ros2/car_ws/install/bot_navigation2/share/bot_navigation2/local_setup.dsv
[0.697s] -- Installing: /home/rose/pi4b_ros2/car_ws/install/bot_navigation2/share/bot_navigation2/package.dsv
[0.700s] -- Up-to-date: /home/rose/pi4b_ros2/car_ws/install/bot_navigation2/share/ament_index/resource_index/packages/bot_navigation2
[0.703s] -- Up-to-date: /home/rose/pi4b_ros2/car_ws/install/bot_navigation2/share/bot_navigation2/cmake/bot_navigation2Config.cmake
[0.706s] -- Up-to-date: /home/rose/pi4b_ros2/car_ws/install/bot_navigation2/share/bot_navigation2/cmake/bot_navigation2Config-version.cmake
[0.707s] -- Up-to-date: /home/rose/pi4b_ros2/car_ws/install/bot_navigation2/share/bot_navigation2/package.xml
[2.107s] Invoked command in '/home/rose/pi4b_ros2/car_ws/build/bot_navigation2' returned '0': CMAKE_PREFIX_PATH=${CMAKE_PREFIX_PATH}:/home/rose/pi4b_ros2/car_ws/install/yolo_counting_pkg:/home/rose/pi4b_ros2/car_ws/install/test_control_pkg:/home/rose/pi4b_ros2/car_ws/install/bot_application:/opt/ros/humble /usr/bin/cmake --install /home/rose/pi4b_ros2/car_ws/build/bot_navigation2
