[15.198s] Invoking command in '/home/rose/pi4b_ros2/car_ws/src/yolo_counting_pkg': PYTHONPATH=/home/rose/pi4b_ros2/car_ws/build/yolo_counting_pkg/prefix_override:/usr/lib/python3/dist-packages/colcon_core/task/python/colcon_distutils_commands:/home/rose/pi4b_ros2/car_ws/install/yolo_counting_pkg/lib/python3.10/site-packages:${PYTHONPATH} /usr/bin/python3 -W ignore:setup.py install is deprecated -W ignore:easy_install command is deprecated setup.py egg_info --egg-base ../../build/yolo_counting_pkg build --build-base /home/rose/pi4b_ros2/car_ws/build/yolo_counting_pkg/build install --record /home/rose/pi4b_ros2/car_ws/build/yolo_counting_pkg/install.log --single-version-externally-managed install_data
[20.246s] running egg_info
[20.695s] writing ../../build/yolo_counting_pkg/yolo_counting_pkg.egg-info/PKG-INFO
[20.718s] writing dependency_links to ../../build/yolo_counting_pkg/yolo_counting_pkg.egg-info/dependency_links.txt
[20.723s] writing entry points to ../../build/yolo_counting_pkg/yolo_counting_pkg.egg-info/entry_points.txt
[20.740s] writing requirements to ../../build/yolo_counting_pkg/yolo_counting_pkg.egg-info/requires.txt
[20.743s] writing top-level names to ../../build/yolo_counting_pkg/yolo_counting_pkg.egg-info/top_level.txt
[21.866s] reading manifest file '../../build/yolo_counting_pkg/yolo_counting_pkg.egg-info/SOURCES.txt'
[21.877s] adding license file 'LICENSE'
[21.887s] writing manifest file '../../build/yolo_counting_pkg/yolo_counting_pkg.egg-info/SOURCES.txt'
[21.892s] running build
[21.895s] running build_py
[21.905s] copying yolo_counting_pkg/priority_calc.py -> /home/rose/pi4b_ros2/car_ws/build/yolo_counting_pkg/build/lib/yolo_counting_pkg
[21.906s] copying yolo_counting_pkg/__init__.py -> /home/rose/pi4b_ros2/car_ws/build/yolo_counting_pkg/build/lib/yolo_counting_pkg
[21.918s] copying yolo_counting_pkg/yolo_detector.py -> /home/rose/pi4b_ros2/car_ws/build/yolo_counting_pkg/build/lib/yolo_counting_pkg
[21.923s] running install
[21.940s] running install_lib
[22.224s] running install_data
[22.231s] copying resource/yolo_counting_pkg -> /home/rose/pi4b_ros2/car_ws/install/yolo_counting_pkg/share/ament_index/resource_index/packages
[22.232s] copying package.xml -> /home/rose/pi4b_ros2/car_ws/install/yolo_counting_pkg/share/yolo_counting_pkg
[22.262s] copying models/best.onnx -> /home/rose/pi4b_ros2/car_ws/install/yolo_counting_pkg/share/yolo_counting_pkg/models
[22.631s] copying data/vedio/spot1.mp4 -> /home/rose/pi4b_ros2/car_ws/install/yolo_counting_pkg/share/yolo_counting_pkg/data/vedio
[23.847s] copying data/vedio/spot5.mp4 -> /home/rose/pi4b_ros2/car_ws/install/yolo_counting_pkg/share/yolo_counting_pkg/data/vedio
[23.967s] copying results/scenic_spot_detections.txt -> /home/rose/pi4b_ros2/car_ws/install/yolo_counting_pkg/share/yolo_counting_pkg/results
[23.968s] running install_egg_info
[24.200s] removing '/home/rose/pi4b_ros2/car_ws/install/yolo_counting_pkg/lib/python3.10/site-packages/yolo_counting_pkg-0.0.0-py3.10.egg-info' (and everything under it)
[24.212s] Copying ../../build/yolo_counting_pkg/yolo_counting_pkg.egg-info to /home/rose/pi4b_ros2/car_ws/install/yolo_counting_pkg/lib/python3.10/site-packages/yolo_counting_pkg-0.0.0-py3.10.egg-info
[24.215s] running install_scripts
[24.524s] Installing priority_calc script to /home/rose/pi4b_ros2/car_ws/install/yolo_counting_pkg/lib/yolo_counting_pkg
[24.534s] Installing yolo_detector script to /home/rose/pi4b_ros2/car_ws/install/yolo_counting_pkg/lib/yolo_counting_pkg
[24.540s] writing list of installed files to '/home/rose/pi4b_ros2/car_ws/build/yolo_counting_pkg/install.log'
[24.686s] Invoked command in '/home/rose/pi4b_ros2/car_ws/src/yolo_counting_pkg' returned '0': PYTHONPATH=/home/rose/pi4b_ros2/car_ws/build/yolo_counting_pkg/prefix_override:/usr/lib/python3/dist-packages/colcon_core/task/python/colcon_distutils_commands:/home/rose/pi4b_ros2/car_ws/install/yolo_counting_pkg/lib/python3.10/site-packages:${PYTHONPATH} /usr/bin/python3 -W ignore:setup.py install is deprecated -W ignore:easy_install command is deprecated setup.py egg_info --egg-base ../../build/yolo_counting_pkg build --build-base /home/rose/pi4b_ros2/car_ws/build/yolo_counting_pkg/build install --record /home/rose/pi4b_ros2/car_ws/build/yolo_counting_pkg/install.log --single-version-externally-managed install_data
