[4.749s] Invoking command in '/home/rose/pi4b_ros2/car_ws/src/bot_application': PYTHONPATH=/home/rose/pi4b_ros2/car_ws/build/bot_application/prefix_override:/usr/lib/python3/dist-packages/colcon_core/task/python/colcon_distutils_commands:/home/rose/pi4b_ros2/car_ws/install/bot_application/lib/python3.10/site-packages:${PYTHONPATH} /usr/bin/python3 -W ignore:setup.py install is deprecated -W ignore:easy_install command is deprecated setup.py egg_info --egg-base ../../build/bot_application build --build-base /home/rose/pi4b_ros2/car_ws/build/bot_application/build install --record /home/rose/pi4b_ros2/car_ws/build/bot_application/install.log --single-version-externally-managed install_data
[5.854s] /home/rose/.local/lib/python3.10/site-packages/setuptools/_distutils/dist.py:287: UserWarning: Unknown distribution option: 'tests_require'
[5.854s]   warnings.warn(msg)
[6.788s] running egg_info
[6.951s] writing ../../build/bot_application/bot_application.egg-info/PKG-INFO
[6.954s] writing dependency_links to ../../build/bot_application/bot_application.egg-info/dependency_links.txt
[6.956s] writing entry points to ../../build/bot_application/bot_application.egg-info/entry_points.txt
[6.959s] writing requirements to ../../build/bot_application/bot_application.egg-info/requires.txt
[6.961s] writing top-level names to ../../build/bot_application/bot_application.egg-info/top_level.txt
[7.273s] reading manifest file '../../build/bot_application/bot_application.egg-info/SOURCES.txt'
[7.282s] writing manifest file '../../build/bot_application/bot_application.egg-info/SOURCES.txt'
[7.285s] running build
[7.286s] running build_py
[7.290s] copying bot_application/init_robot_pose_door.py -> /home/rose/pi4b_ros2/car_ws/build/bot_application/build/lib/bot_application
[7.302s] copying bot_application/get_cost.py -> /home/rose/pi4b_ros2/car_ws/build/bot_application/build/lib/bot_application
[7.303s] copying bot_application/get_robot_pose.py -> /home/rose/pi4b_ros2/car_ws/build/bot_application/build/lib/bot_application
[7.307s] copying bot_application/init_robot_pose_point1.py -> /home/rose/pi4b_ros2/car_ws/build/bot_application/build/lib/bot_application
[7.315s] copying bot_application/auto_optimized_navigator.py -> /home/rose/pi4b_ros2/car_ws/build/bot_application/build/lib/bot_application
[7.319s] copying bot_application/init_robot_pose_point3.py -> /home/rose/pi4b_ros2/car_ws/build/bot_application/build/lib/bot_application
[7.320s] copying bot_application/optimized_navigator.py -> /home/rose/pi4b_ros2/car_ws/build/bot_application/build/lib/bot_application
[7.324s] copying bot_application/waypoint_cost_calculator.py -> /home/rose/pi4b_ros2/car_ws/build/bot_application/build/lib/bot_application
[7.324s] copying bot_application/__init__.py -> /home/rose/pi4b_ros2/car_ws/build/bot_application/build/lib/bot_application
[7.325s] copying bot_application/nav_through_pose.py -> /home/rose/pi4b_ros2/car_ws/build/bot_application/build/lib/bot_application
[7.325s] copying bot_application/way_to_go.py -> /home/rose/pi4b_ros2/car_ws/build/bot_application/build/lib/bot_application
[7.326s] copying bot_application/waypoint_follower.py -> /home/rose/pi4b_ros2/car_ws/build/bot_application/build/lib/bot_application
[7.326s] copying bot_application/nav_to_pose.py -> /home/rose/pi4b_ros2/car_ws/build/bot_application/build/lib/bot_application
[7.327s] copying bot_application/init_robot_pose.py -> /home/rose/pi4b_ros2/car_ws/build/bot_application/build/lib/bot_application
[7.327s] copying bot_application/init_robot_pose_point2.py -> /home/rose/pi4b_ros2/car_ws/build/bot_application/build/lib/bot_application
[7.330s] running install
[7.343s] running install_lib
[7.487s] copying /home/rose/pi4b_ros2/car_ws/build/bot_application/build/lib/bot_application/optimized_navigator.py -> /home/rose/pi4b_ros2/car_ws/install/bot_application/lib/python3.10/site-packages/bot_application
[7.496s] byte-compiling /home/rose/pi4b_ros2/car_ws/install/bot_application/lib/python3.10/site-packages/bot_application/optimized_navigator.py to optimized_navigator.cpython-310.pyc
[7.516s] byte-compiling /home/rose/pi4b_ros2/car_ws/install/bot_application/lib/python3.10/site-packages/bot_application/waypoint_cost_calculator copy.py to waypoint_cost_calculator copy.cpython-310.pyc
[7.519s]   File "/home/rose/pi4b_ros2/car_ws/install/bot_application/lib/python3.10/site-packages/bot_application/waypoint_cost_calculator copy.py", line 196
[7.521s]     create_goal_pose(navigator, 0.97, 0.72, 0.0)
[7.525s]     ^^^^^^^^^^^^^^^^^^^^^^^^^^^^^^^^^^^^^^^^^^^^^^^^^^^
[7.525s] SyntaxError: invalid syntax. Perhaps you forgot a comma?
[7.526s] 
[7.527s] running install_data
[7.527s] copying resource/bot_application -> /home/rose/pi4b_ros2/car_ws/install/bot_application/share/ament_index/resource_index/packages
[7.537s] copying package.xml -> /home/rose/pi4b_ros2/car_ws/install/bot_application/share/bot_application
[7.538s] running install_egg_info
[7.680s] removing '/home/rose/pi4b_ros2/car_ws/install/bot_application/lib/python3.10/site-packages/bot_application-0.0.0-py3.10.egg-info' (and everything under it)
[7.681s] Copying ../../build/bot_application/bot_application.egg-info to /home/rose/pi4b_ros2/car_ws/install/bot_application/lib/python3.10/site-packages/bot_application-0.0.0-py3.10.egg-info
[7.689s] running install_scripts
[8.071s] Installing auto_optimized_navigator script to /home/rose/pi4b_ros2/car_ws/install/bot_application/lib/bot_application
[8.077s] Installing get_robot_pose script to /home/rose/pi4b_ros2/car_ws/install/bot_application/lib/bot_application
[8.078s] Installing init_robot_pose script to /home/rose/pi4b_ros2/car_ws/install/bot_application/lib/bot_application
[8.090s] Installing init_robot_pose_door script to /home/rose/pi4b_ros2/car_ws/install/bot_application/lib/bot_application
[8.090s] Installing init_robot_pose_point1 script to /home/rose/pi4b_ros2/car_ws/install/bot_application/lib/bot_application
[8.091s] Installing init_robot_pose_point2 script to /home/rose/pi4b_ros2/car_ws/install/bot_application/lib/bot_application
[8.092s] Installing init_robot_pose_point3 script to /home/rose/pi4b_ros2/car_ws/install/bot_application/lib/bot_application
[8.098s] Installing nav_through_pose script to /home/rose/pi4b_ros2/car_ws/install/bot_application/lib/bot_application
[8.110s] Installing optimized_navigator script to /home/rose/pi4b_ros2/car_ws/install/bot_application/lib/bot_application
[8.112s] Installing way_to_go script to /home/rose/pi4b_ros2/car_ws/install/bot_application/lib/bot_application
[8.123s] Installing waypoint_cost_calculator script to /home/rose/pi4b_ros2/car_ws/install/bot_application/lib/bot_application
[8.124s] Installing waypoint_cost_calculator_copy script to /home/rose/pi4b_ros2/car_ws/install/bot_application/lib/bot_application
[8.125s] Installing waypoint_follower script to /home/rose/pi4b_ros2/car_ws/install/bot_application/lib/bot_application
[8.126s] writing list of installed files to '/home/rose/pi4b_ros2/car_ws/build/bot_application/install.log'
[8.267s] Invoked command in '/home/rose/pi4b_ros2/car_ws/src/bot_application' returned '0': PYTHONPATH=/home/rose/pi4b_ros2/car_ws/build/bot_application/prefix_override:/usr/lib/python3/dist-packages/colcon_core/task/python/colcon_distutils_commands:/home/rose/pi4b_ros2/car_ws/install/bot_application/lib/python3.10/site-packages:${PYTHONPATH} /usr/bin/python3 -W ignore:setup.py install is deprecated -W ignore:easy_install command is deprecated setup.py egg_info --egg-base ../../build/bot_application build --build-base /home/rose/pi4b_ros2/car_ws/build/bot_application/build install --record /home/rose/pi4b_ros2/car_ws/build/bot_application/install.log --single-version-externally-managed install_data
