[0.132s] Invoking command in '/home/rose/pi4b_ros2/car_ws/build/lslidar_msgs': CMAKE_PREFIX_PATH=${CMAKE_PREFIX_PATH}:/home/rose/pi4b_ros2/car_ws/install/yolo_counting_pkg:/home/rose/pi4b_ros2/car_ws/install/test_control_pkg:/opt/ros/humble /usr/bin/cmake --build /home/rose/pi4b_ros2/car_ws/build/lslidar_msgs -- -j4 -l4
[0.546s] [ 11%] Built target lslidar_msgs__rosidl_generator_c
[0.547s] [ 12%] Built target lslidar_msgs__cpp
[0.783s] [ 12%] Built target ament_cmake_python_copy_lslidar_msgs
[0.789s] [ 23%] Built target lslidar_msgs__rosidl_typesupport_fastrtps_c
[0.819s] [ 34%] Built target lslidar_msgs__rosidl_typesupport_introspection_c
[0.861s] [ 46%] Built target lslidar_msgs__rosidl_typesupport_c
[1.015s] [ 57%] Built target lslidar_msgs__rosidl_typesupport_introspection_cpp
[1.061s] [ 68%] Built target lslidar_msgs__rosidl_typesupport_cpp
[1.071s] [ 79%] Built target lslidar_msgs__rosidl_typesupport_fastrtps_cpp
[1.195s] [ 79%] Built target lslidar_msgs
[1.417s] [ 80%] Built target lslidar_msgs__py
[1.576s] [ 90%] Built target lslidar_msgs__rosidl_generator_py
[1.714s] [ 93%] Built target lslidar_msgs__rosidl_typesupport_introspection_c__pyext
[1.744s] [ 96%] Built target lslidar_msgs__rosidl_typesupport_fastrtps_c__pyext
[1.746s] [100%] Built target lslidar_msgs__rosidl_typesupport_c__pyext
[2.419s] running egg_info
[2.518s] writing lslidar_msgs.egg-info/PKG-INFO
[2.522s] writing dependency_links to lslidar_msgs.egg-info/dependency_links.txt
[2.524s] writing top-level names to lslidar_msgs.egg-info/top_level.txt
[2.940s] reading manifest file 'lslidar_msgs.egg-info/SOURCES.txt'
[2.946s] writing manifest file 'lslidar_msgs.egg-info/SOURCES.txt'
[3.175s] [100%] Built target ament_cmake_python_build_lslidar_msgs_egg
[4.452s] Invoked command in '/home/rose/pi4b_ros2/car_ws/build/lslidar_msgs' returned '0': CMAKE_PREFIX_PATH=${CMAKE_PREFIX_PATH}:/home/rose/pi4b_ros2/car_ws/install/yolo_counting_pkg:/home/rose/pi4b_ros2/car_ws/install/test_control_pkg:/opt/ros/humble /usr/bin/cmake --build /home/rose/pi4b_ros2/car_ws/build/lslidar_msgs -- -j4 -l4
[4.464s] Invoking command in '/home/rose/pi4b_ros2/car_ws/build/lslidar_msgs': CMAKE_PREFIX_PATH=${CMAKE_PREFIX_PATH}:/home/rose/pi4b_ros2/car_ws/install/yolo_counting_pkg:/home/rose/pi4b_ros2/car_ws/install/test_control_pkg:/opt/ros/humble /usr/bin/cmake --install /home/rose/pi4b_ros2/car_ws/build/lslidar_msgs
[4.530s] -- Install configuration: ""
[4.536s] -- Up-to-date: /home/rose/pi4b_ros2/car_ws/install/lslidar_msgs/share/ament_index/resource_index/rosidl_interfaces/lslidar_msgs
[4.538s] -- Up-to-date: /home/rose/pi4b_ros2/car_ws/install/lslidar_msgs/include/lslidar_msgs/lslidar_msgs
[4.546s] -- Up-to-date: /home/rose/pi4b_ros2/car_ws/install/lslidar_msgs/include/lslidar_msgs/lslidar_msgs/msg
[4.549s] -- Up-to-date: /home/rose/pi4b_ros2/car_ws/install/lslidar_msgs/include/lslidar_msgs/lslidar_msgs/msg/lslidar_point.h
[4.552s] -- Up-to-date: /home/rose/pi4b_ros2/car_ws/install/lslidar_msgs/include/lslidar_msgs/lslidar_msgs/msg/rosidl_generator_c__visibility_control.h
[4.554s] -- Up-to-date: /home/rose/pi4b_ros2/car_ws/install/lslidar_msgs/include/lslidar_msgs/lslidar_msgs/msg/lslidar_sweep.h
[4.558s] -- Up-to-date: /home/rose/pi4b_ros2/car_ws/install/lslidar_msgs/include/lslidar_msgs/lslidar_msgs/msg/lslidar_difop.h
[4.563s] -- Up-to-date: /home/rose/pi4b_ros2/car_ws/install/lslidar_msgs/include/lslidar_msgs/lslidar_msgs/msg/lslidar_scan.h
[4.564s] -- Up-to-date: /home/rose/pi4b_ros2/car_ws/install/lslidar_msgs/include/lslidar_msgs/lslidar_msgs/msg/detail
[4.565s] -- Up-to-date: /home/rose/pi4b_ros2/car_ws/install/lslidar_msgs/include/lslidar_msgs/lslidar_msgs/msg/detail/lslidar_packet__type_support.h
[4.565s] -- Up-to-date: /home/rose/pi4b_ros2/car_ws/install/lslidar_msgs/include/lslidar_msgs/lslidar_msgs/msg/detail/lslidar_scan__struct.h
[4.584s] -- Up-to-date: /home/rose/pi4b_ros2/car_ws/install/lslidar_msgs/include/lslidar_msgs/lslidar_msgs/msg/detail/lslidar_sweep__functions.c
[4.605s] -- Up-to-date: /home/rose/pi4b_ros2/car_ws/install/lslidar_msgs/include/lslidar_msgs/lslidar_msgs/msg/detail/lslidar_sweep__type_support.h
[4.606s] -- Up-to-date: /home/rose/pi4b_ros2/car_ws/install/lslidar_msgs/include/lslidar_msgs/lslidar_msgs/msg/detail/lslidar_difop__functions.c
[4.606s] -- Up-to-date: /home/rose/pi4b_ros2/car_ws/install/lslidar_msgs/include/lslidar_msgs/lslidar_msgs/msg/detail/lslidar_packet__struct.h
[4.606s] -- Up-to-date: /home/rose/pi4b_ros2/car_ws/install/lslidar_msgs/include/lslidar_msgs/lslidar_msgs/msg/detail/lslidar_packet__functions.c
[4.607s] -- Up-to-date: /home/rose/pi4b_ros2/car_ws/install/lslidar_msgs/include/lslidar_msgs/lslidar_msgs/msg/detail/lslidar_sweep__functions.h
[4.607s] -- Up-to-date: /home/rose/pi4b_ros2/car_ws/install/lslidar_msgs/include/lslidar_msgs/lslidar_msgs/msg/detail/lslidar_difop__functions.h
[4.608s] -- Up-to-date: /home/rose/pi4b_ros2/car_ws/install/lslidar_msgs/include/lslidar_msgs/lslidar_msgs/msg/detail/lslidar_point__functions.c
[4.608s] -- Up-to-date: /home/rose/pi4b_ros2/car_ws/install/lslidar_msgs/include/lslidar_msgs/lslidar_msgs/msg/detail/lslidar_sweep__struct.h
[4.609s] -- Up-to-date: /home/rose/pi4b_ros2/car_ws/install/lslidar_msgs/include/lslidar_msgs/lslidar_msgs/msg/detail/lslidar_scan__functions.h
[4.609s] -- Up-to-date: /home/rose/pi4b_ros2/car_ws/install/lslidar_msgs/include/lslidar_msgs/lslidar_msgs/msg/detail/lslidar_point__type_support.h
[4.610s] -- Up-to-date: /home/rose/pi4b_ros2/car_ws/install/lslidar_msgs/include/lslidar_msgs/lslidar_msgs/msg/detail/lslidar_packet__functions.h
[4.610s] -- Up-to-date: /home/rose/pi4b_ros2/car_ws/install/lslidar_msgs/include/lslidar_msgs/lslidar_msgs/msg/detail/lslidar_difop__type_support.h
[4.610s] -- Up-to-date: /home/rose/pi4b_ros2/car_ws/install/lslidar_msgs/include/lslidar_msgs/lslidar_msgs/msg/detail/lslidar_difop__struct.h
[4.611s] -- Up-to-date: /home/rose/pi4b_ros2/car_ws/install/lslidar_msgs/include/lslidar_msgs/lslidar_msgs/msg/detail/lslidar_point__struct.h
[4.611s] -- Up-to-date: /home/rose/pi4b_ros2/car_ws/install/lslidar_msgs/include/lslidar_msgs/lslidar_msgs/msg/detail/lslidar_point__functions.h
[4.612s] -- Up-to-date: /home/rose/pi4b_ros2/car_ws/install/lslidar_msgs/include/lslidar_msgs/lslidar_msgs/msg/detail/lslidar_scan__functions.c
[4.612s] -- Up-to-date: /home/rose/pi4b_ros2/car_ws/install/lslidar_msgs/include/lslidar_msgs/lslidar_msgs/msg/detail/lslidar_scan__type_support.h
[4.613s] -- Up-to-date: /home/rose/pi4b_ros2/car_ws/install/lslidar_msgs/include/lslidar_msgs/lslidar_msgs/msg/lslidar_packet.h
[4.613s] -- Up-to-date: /home/rose/pi4b_ros2/car_ws/install/lslidar_msgs/share/lslidar_msgs/environment/library_path.sh
[4.614s] -- Up-to-date: /home/rose/pi4b_ros2/car_ws/install/lslidar_msgs/share/lslidar_msgs/environment/library_path.dsv
[4.614s] -- Up-to-date: /home/rose/pi4b_ros2/car_ws/install/lslidar_msgs/lib/liblslidar_msgs__rosidl_generator_c.so
[4.614s] -- Up-to-date: /home/rose/pi4b_ros2/car_ws/install/lslidar_msgs/include/lslidar_msgs/lslidar_msgs
[4.615s] -- Up-to-date: /home/rose/pi4b_ros2/car_ws/install/lslidar_msgs/include/lslidar_msgs/lslidar_msgs/msg
[4.615s] -- Up-to-date: /home/rose/pi4b_ros2/car_ws/install/lslidar_msgs/include/lslidar_msgs/lslidar_msgs/msg/detail
[4.623s] -- Up-to-date: /home/rose/pi4b_ros2/car_ws/install/lslidar_msgs/include/lslidar_msgs/lslidar_msgs/msg/detail/lslidar_difop__rosidl_typesupport_fastrtps_c.h
[4.623s] -- Up-to-date: /home/rose/pi4b_ros2/car_ws/install/lslidar_msgs/include/lslidar_msgs/lslidar_msgs/msg/detail/lslidar_sweep__rosidl_typesupport_fastrtps_c.h
[4.624s] -- Up-to-date: /home/rose/pi4b_ros2/car_ws/install/lslidar_msgs/include/lslidar_msgs/lslidar_msgs/msg/detail/lslidar_packet__rosidl_typesupport_fastrtps_c.h
[4.625s] -- Up-to-date: /home/rose/pi4b_ros2/car_ws/install/lslidar_msgs/include/lslidar_msgs/lslidar_msgs/msg/detail/lslidar_scan__rosidl_typesupport_fastrtps_c.h
[4.625s] -- Up-to-date: /home/rose/pi4b_ros2/car_ws/install/lslidar_msgs/include/lslidar_msgs/lslidar_msgs/msg/detail/lslidar_point__rosidl_typesupport_fastrtps_c.h
[4.625s] -- Up-to-date: /home/rose/pi4b_ros2/car_ws/install/lslidar_msgs/include/lslidar_msgs/lslidar_msgs/msg/rosidl_typesupport_fastrtps_c__visibility_control.h
[4.626s] -- Up-to-date: /home/rose/pi4b_ros2/car_ws/install/lslidar_msgs/lib/liblslidar_msgs__rosidl_typesupport_fastrtps_c.so
[4.626s] -- Up-to-date: /home/rose/pi4b_ros2/car_ws/install/lslidar_msgs/include/lslidar_msgs/lslidar_msgs
[4.627s] -- Up-to-date: /home/rose/pi4b_ros2/car_ws/install/lslidar_msgs/include/lslidar_msgs/lslidar_msgs/msg
[4.627s] -- Up-to-date: /home/rose/pi4b_ros2/car_ws/install/lslidar_msgs/include/lslidar_msgs/lslidar_msgs/msg/rosidl_generator_cpp__visibility_control.hpp
[4.645s] -- Up-to-date: /home/rose/pi4b_ros2/car_ws/install/lslidar_msgs/include/lslidar_msgs/lslidar_msgs/msg/lslidar_sweep.hpp
[4.646s] -- Up-to-date: /home/rose/pi4b_ros2/car_ws/install/lslidar_msgs/include/lslidar_msgs/lslidar_msgs/msg/lslidar_difop.hpp
[4.646s] -- Up-to-date: /home/rose/pi4b_ros2/car_ws/install/lslidar_msgs/include/lslidar_msgs/lslidar_msgs/msg/detail
[4.646s] -- Up-to-date: /home/rose/pi4b_ros2/car_ws/install/lslidar_msgs/include/lslidar_msgs/lslidar_msgs/msg/detail/lslidar_difop__traits.hpp
[4.647s] -- Up-to-date: /home/rose/pi4b_ros2/car_ws/install/lslidar_msgs/include/lslidar_msgs/lslidar_msgs/msg/detail/lslidar_scan__struct.hpp
[4.647s] -- Up-to-date: /home/rose/pi4b_ros2/car_ws/install/lslidar_msgs/include/lslidar_msgs/lslidar_msgs/msg/detail/lslidar_difop__struct.hpp
[4.648s] -- Up-to-date: /home/rose/pi4b_ros2/car_ws/install/lslidar_msgs/include/lslidar_msgs/lslidar_msgs/msg/detail/lslidar_point__traits.hpp
[4.648s] -- Up-to-date: /home/rose/pi4b_ros2/car_ws/install/lslidar_msgs/include/lslidar_msgs/lslidar_msgs/msg/detail/lslidar_difop__type_support.hpp
[4.649s] -- Up-to-date: /home/rose/pi4b_ros2/car_ws/install/lslidar_msgs/include/lslidar_msgs/lslidar_msgs/msg/detail/lslidar_packet__struct.hpp
[4.649s] -- Up-to-date: /home/rose/pi4b_ros2/car_ws/install/lslidar_msgs/include/lslidar_msgs/lslidar_msgs/msg/detail/lslidar_packet__type_support.hpp
[4.649s] -- Up-to-date: /home/rose/pi4b_ros2/car_ws/install/lslidar_msgs/include/lslidar_msgs/lslidar_msgs/msg/detail/lslidar_sweep__struct.hpp
[4.650s] -- Up-to-date: /home/rose/pi4b_ros2/car_ws/install/lslidar_msgs/include/lslidar_msgs/lslidar_msgs/msg/detail/lslidar_point__builder.hpp
[4.650s] -- Up-to-date: /home/rose/pi4b_ros2/car_ws/install/lslidar_msgs/include/lslidar_msgs/lslidar_msgs/msg/detail/lslidar_scan__type_support.hpp
[4.651s] -- Up-to-date: /home/rose/pi4b_ros2/car_ws/install/lslidar_msgs/include/lslidar_msgs/lslidar_msgs/msg/detail/lslidar_sweep__traits.hpp
[4.651s] -- Up-to-date: /home/rose/pi4b_ros2/car_ws/install/lslidar_msgs/include/lslidar_msgs/lslidar_msgs/msg/detail/lslidar_packet__builder.hpp
[4.651s] -- Up-to-date: /home/rose/pi4b_ros2/car_ws/install/lslidar_msgs/include/lslidar_msgs/lslidar_msgs/msg/detail/lslidar_packet__traits.hpp
[4.653s] -- Up-to-date: /home/rose/pi4b_ros2/car_ws/install/lslidar_msgs/include/lslidar_msgs/lslidar_msgs/msg/detail/lslidar_sweep__type_support.hpp
[4.653s] -- Up-to-date: /home/rose/pi4b_ros2/car_ws/install/lslidar_msgs/include/lslidar_msgs/lslidar_msgs/msg/detail/lslidar_difop__builder.hpp
[4.653s] -- Up-to-date: /home/rose/pi4b_ros2/car_ws/install/lslidar_msgs/include/lslidar_msgs/lslidar_msgs/msg/detail/lslidar_point__struct.hpp
[4.654s] -- Up-to-date: /home/rose/pi4b_ros2/car_ws/install/lslidar_msgs/include/lslidar_msgs/lslidar_msgs/msg/detail/lslidar_scan__builder.hpp
[4.654s] -- Up-to-date: /home/rose/pi4b_ros2/car_ws/install/lslidar_msgs/include/lslidar_msgs/lslidar_msgs/msg/detail/lslidar_scan__traits.hpp
[4.655s] -- Up-to-date: /home/rose/pi4b_ros2/car_ws/install/lslidar_msgs/include/lslidar_msgs/lslidar_msgs/msg/detail/lslidar_sweep__builder.hpp
[4.655s] -- Up-to-date: /home/rose/pi4b_ros2/car_ws/install/lslidar_msgs/include/lslidar_msgs/lslidar_msgs/msg/detail/lslidar_point__type_support.hpp
[4.655s] -- Up-to-date: /home/rose/pi4b_ros2/car_ws/install/lslidar_msgs/include/lslidar_msgs/lslidar_msgs/msg/lslidar_point.hpp
[4.656s] -- Up-to-date: /home/rose/pi4b_ros2/car_ws/install/lslidar_msgs/include/lslidar_msgs/lslidar_msgs/msg/lslidar_packet.hpp
[4.657s] -- Up-to-date: /home/rose/pi4b_ros2/car_ws/install/lslidar_msgs/include/lslidar_msgs/lslidar_msgs/msg/lslidar_scan.hpp
[4.657s] -- Up-to-date: /home/rose/pi4b_ros2/car_ws/install/lslidar_msgs/include/lslidar_msgs/lslidar_msgs
[4.657s] -- Up-to-date: /home/rose/pi4b_ros2/car_ws/install/lslidar_msgs/include/lslidar_msgs/lslidar_msgs/msg
[4.658s] -- Up-to-date: /home/rose/pi4b_ros2/car_ws/install/lslidar_msgs/include/lslidar_msgs/lslidar_msgs/msg/rosidl_typesupport_fastrtps_cpp__visibility_control.h
[4.658s] -- Up-to-date: /home/rose/pi4b_ros2/car_ws/install/lslidar_msgs/include/lslidar_msgs/lslidar_msgs/msg/detail
[4.659s] -- Up-to-date: /home/rose/pi4b_ros2/car_ws/install/lslidar_msgs/include/lslidar_msgs/lslidar_msgs/msg/detail/lslidar_difop__rosidl_typesupport_fastrtps_cpp.hpp
[4.659s] -- Up-to-date: /home/rose/pi4b_ros2/car_ws/install/lslidar_msgs/include/lslidar_msgs/lslidar_msgs/msg/detail/lslidar_point__rosidl_typesupport_fastrtps_cpp.hpp
[4.668s] -- Up-to-date: /home/rose/pi4b_ros2/car_ws/install/lslidar_msgs/include/lslidar_msgs/lslidar_msgs/msg/detail/lslidar_sweep__rosidl_typesupport_fastrtps_cpp.hpp
[4.669s] -- Up-to-date: /home/rose/pi4b_ros2/car_ws/install/lslidar_msgs/include/lslidar_msgs/lslidar_msgs/msg/detail/lslidar_scan__rosidl_typesupport_fastrtps_cpp.hpp
[4.669s] -- Up-to-date: /home/rose/pi4b_ros2/car_ws/install/lslidar_msgs/include/lslidar_msgs/lslidar_msgs/msg/detail/dds_fastrtps
[4.670s] -- Up-to-date: /home/rose/pi4b_ros2/car_ws/install/lslidar_msgs/include/lslidar_msgs/lslidar_msgs/msg/detail/lslidar_packet__rosidl_typesupport_fastrtps_cpp.hpp
[4.670s] -- Up-to-date: /home/rose/pi4b_ros2/car_ws/install/lslidar_msgs/lib/liblslidar_msgs__rosidl_typesupport_fastrtps_cpp.so
[4.671s] -- Up-to-date: /home/rose/pi4b_ros2/car_ws/install/lslidar_msgs/include/lslidar_msgs/lslidar_msgs
[4.671s] -- Up-to-date: /home/rose/pi4b_ros2/car_ws/install/lslidar_msgs/include/lslidar_msgs/lslidar_msgs/msg
[4.672s] -- Up-to-date: /home/rose/pi4b_ros2/car_ws/install/lslidar_msgs/include/lslidar_msgs/lslidar_msgs/msg/detail
[4.673s] -- Up-to-date: /home/rose/pi4b_ros2/car_ws/install/lslidar_msgs/include/lslidar_msgs/lslidar_msgs/msg/detail/lslidar_scan__type_support.c
[4.673s] -- Up-to-date: /home/rose/pi4b_ros2/car_ws/install/lslidar_msgs/include/lslidar_msgs/lslidar_msgs/msg/detail/lslidar_difop__type_support.c
[4.674s] -- Up-to-date: /home/rose/pi4b_ros2/car_ws/install/lslidar_msgs/include/lslidar_msgs/lslidar_msgs/msg/detail/lslidar_sweep__rosidl_typesupport_introspection_c.h
[4.674s] -- Up-to-date: /home/rose/pi4b_ros2/car_ws/install/lslidar_msgs/include/lslidar_msgs/lslidar_msgs/msg/detail/lslidar_scan__rosidl_typesupport_introspection_c.h
[4.674s] -- Up-to-date: /home/rose/pi4b_ros2/car_ws/install/lslidar_msgs/include/lslidar_msgs/lslidar_msgs/msg/detail/lslidar_point__type_support.c
[4.675s] -- Up-to-date: /home/rose/pi4b_ros2/car_ws/install/lslidar_msgs/include/lslidar_msgs/lslidar_msgs/msg/detail/lslidar_packet__type_support.c
[4.675s] -- Up-to-date: /home/rose/pi4b_ros2/car_ws/install/lslidar_msgs/include/lslidar_msgs/lslidar_msgs/msg/detail/lslidar_difop__rosidl_typesupport_introspection_c.h
[4.675s] -- Up-to-date: /home/rose/pi4b_ros2/car_ws/install/lslidar_msgs/include/lslidar_msgs/lslidar_msgs/msg/detail/lslidar_point__rosidl_typesupport_introspection_c.h
[4.684s] -- Up-to-date: /home/rose/pi4b_ros2/car_ws/install/lslidar_msgs/include/lslidar_msgs/lslidar_msgs/msg/detail/lslidar_packet__rosidl_typesupport_introspection_c.h
[4.692s] -- Up-to-date: /home/rose/pi4b_ros2/car_ws/install/lslidar_msgs/include/lslidar_msgs/lslidar_msgs/msg/detail/lslidar_sweep__type_support.c
[4.693s] -- Up-to-date: /home/rose/pi4b_ros2/car_ws/install/lslidar_msgs/include/lslidar_msgs/lslidar_msgs/msg/rosidl_typesupport_introspection_c__visibility_control.h
[4.694s] -- Up-to-date: /home/rose/pi4b_ros2/car_ws/install/lslidar_msgs/lib/liblslidar_msgs__rosidl_typesupport_introspection_c.so
[4.694s] -- Up-to-date: /home/rose/pi4b_ros2/car_ws/install/lslidar_msgs/lib/liblslidar_msgs__rosidl_typesupport_c.so
[4.695s] -- Up-to-date: /home/rose/pi4b_ros2/car_ws/install/lslidar_msgs/include/lslidar_msgs/lslidar_msgs
[4.696s] -- Up-to-date: /home/rose/pi4b_ros2/car_ws/install/lslidar_msgs/include/lslidar_msgs/lslidar_msgs/msg
[4.696s] -- Up-to-date: /home/rose/pi4b_ros2/car_ws/install/lslidar_msgs/include/lslidar_msgs/lslidar_msgs/msg/detail
[4.697s] -- Up-to-date: /home/rose/pi4b_ros2/car_ws/install/lslidar_msgs/include/lslidar_msgs/lslidar_msgs/msg/detail/lslidar_packet__rosidl_typesupport_introspection_cpp.hpp
[4.697s] -- Up-to-date: /home/rose/pi4b_ros2/car_ws/install/lslidar_msgs/include/lslidar_msgs/lslidar_msgs/msg/detail/lslidar_difop__type_support.cpp
[4.698s] -- Up-to-date: /home/rose/pi4b_ros2/car_ws/install/lslidar_msgs/include/lslidar_msgs/lslidar_msgs/msg/detail/lslidar_packet__type_support.cpp
[4.704s] -- Up-to-date: /home/rose/pi4b_ros2/car_ws/install/lslidar_msgs/include/lslidar_msgs/lslidar_msgs/msg/detail/lslidar_point__type_support.cpp
[4.705s] -- Up-to-date: /home/rose/pi4b_ros2/car_ws/install/lslidar_msgs/include/lslidar_msgs/lslidar_msgs/msg/detail/lslidar_difop__rosidl_typesupport_introspection_cpp.hpp
[4.705s] -- Up-to-date: /home/rose/pi4b_ros2/car_ws/install/lslidar_msgs/include/lslidar_msgs/lslidar_msgs/msg/detail/lslidar_point__rosidl_typesupport_introspection_cpp.hpp
[4.706s] -- Up-to-date: /home/rose/pi4b_ros2/car_ws/install/lslidar_msgs/include/lslidar_msgs/lslidar_msgs/msg/detail/lslidar_scan__type_support.cpp
[4.707s] -- Up-to-date: /home/rose/pi4b_ros2/car_ws/install/lslidar_msgs/include/lslidar_msgs/lslidar_msgs/msg/detail/lslidar_scan__rosidl_typesupport_introspection_cpp.hpp
[4.707s] -- Up-to-date: /home/rose/pi4b_ros2/car_ws/install/lslidar_msgs/include/lslidar_msgs/lslidar_msgs/msg/detail/lslidar_sweep__type_support.cpp
[4.716s] -- Up-to-date: /home/rose/pi4b_ros2/car_ws/install/lslidar_msgs/include/lslidar_msgs/lslidar_msgs/msg/detail/lslidar_sweep__rosidl_typesupport_introspection_cpp.hpp
[4.717s] -- Up-to-date: /home/rose/pi4b_ros2/car_ws/install/lslidar_msgs/lib/liblslidar_msgs__rosidl_typesupport_introspection_cpp.so
[4.717s] -- Up-to-date: /home/rose/pi4b_ros2/car_ws/install/lslidar_msgs/lib/liblslidar_msgs__rosidl_typesupport_cpp.so
[4.718s] -- Up-to-date: /home/rose/pi4b_ros2/car_ws/install/lslidar_msgs/share/lslidar_msgs/environment/pythonpath.sh
[4.719s] -- Up-to-date: /home/rose/pi4b_ros2/car_ws/install/lslidar_msgs/share/lslidar_msgs/environment/pythonpath.dsv
[4.719s] -- Up-to-date: /home/rose/pi4b_ros2/car_ws/install/lslidar_msgs/local/lib/python3.10/dist-packages/lslidar_msgs-1.2.0-py3.10.egg-info
[4.720s] -- Installing: /home/rose/pi4b_ros2/car_ws/install/lslidar_msgs/local/lib/python3.10/dist-packages/lslidar_msgs-1.2.0-py3.10.egg-info/PKG-INFO
[4.720s] -- Installing: /home/rose/pi4b_ros2/car_ws/install/lslidar_msgs/local/lib/python3.10/dist-packages/lslidar_msgs-1.2.0-py3.10.egg-info/top_level.txt
[4.721s] -- Installing: /home/rose/pi4b_ros2/car_ws/install/lslidar_msgs/local/lib/python3.10/dist-packages/lslidar_msgs-1.2.0-py3.10.egg-info/dependency_links.txt
[4.721s] -- Installing: /home/rose/pi4b_ros2/car_ws/install/lslidar_msgs/local/lib/python3.10/dist-packages/lslidar_msgs-1.2.0-py3.10.egg-info/SOURCES.txt
[4.721s] -- Up-to-date: /home/rose/pi4b_ros2/car_ws/install/lslidar_msgs/local/lib/python3.10/dist-packages/lslidar_msgs
[4.722s] -- Up-to-date: /home/rose/pi4b_ros2/car_ws/install/lslidar_msgs/local/lib/python3.10/dist-packages/lslidar_msgs/liblslidar_msgs__rosidl_generator_py.so
[4.722s] -- Up-to-date: /home/rose/pi4b_ros2/car_ws/install/lslidar_msgs/local/lib/python3.10/dist-packages/lslidar_msgs/lslidar_msgs_s__rosidl_typesupport_fastrtps_c.cpython-310-aarch64-linux-gnu.so
[4.723s] -- Up-to-date: /home/rose/pi4b_ros2/car_ws/install/lslidar_msgs/local/lib/python3.10/dist-packages/lslidar_msgs/msg
[4.723s] -- Up-to-date: /home/rose/pi4b_ros2/car_ws/install/lslidar_msgs/local/lib/python3.10/dist-packages/lslidar_msgs/msg/_lslidar_packet.py
[4.723s] -- Up-to-date: /home/rose/pi4b_ros2/car_ws/install/lslidar_msgs/local/lib/python3.10/dist-packages/lslidar_msgs/msg/_lslidar_difop.py
[4.732s] -- Up-to-date: /home/rose/pi4b_ros2/car_ws/install/lslidar_msgs/local/lib/python3.10/dist-packages/lslidar_msgs/msg/_lslidar_scan.py
[4.733s] -- Up-to-date: /home/rose/pi4b_ros2/car_ws/install/lslidar_msgs/local/lib/python3.10/dist-packages/lslidar_msgs/msg/__init__.py
[4.733s] -- Up-to-date: /home/rose/pi4b_ros2/car_ws/install/lslidar_msgs/local/lib/python3.10/dist-packages/lslidar_msgs/msg/_lslidar_packet_s.c
[4.733s] -- Up-to-date: /home/rose/pi4b_ros2/car_ws/install/lslidar_msgs/local/lib/python3.10/dist-packages/lslidar_msgs/msg/_lslidar_point.py
[4.734s] -- Up-to-date: /home/rose/pi4b_ros2/car_ws/install/lslidar_msgs/local/lib/python3.10/dist-packages/lslidar_msgs/msg/_lslidar_sweep_s.c
[4.734s] -- Up-to-date: /home/rose/pi4b_ros2/car_ws/install/lslidar_msgs/local/lib/python3.10/dist-packages/lslidar_msgs/msg/_lslidar_difop_s.c
[4.734s] -- Up-to-date: /home/rose/pi4b_ros2/car_ws/install/lslidar_msgs/local/lib/python3.10/dist-packages/lslidar_msgs/msg/_lslidar_point_s.c
[4.735s] -- Up-to-date: /home/rose/pi4b_ros2/car_ws/install/lslidar_msgs/local/lib/python3.10/dist-packages/lslidar_msgs/msg/_lslidar_sweep.py
[4.735s] -- Up-to-date: /home/rose/pi4b_ros2/car_ws/install/lslidar_msgs/local/lib/python3.10/dist-packages/lslidar_msgs/msg/_lslidar_scan_s.c
[4.735s] -- Up-to-date: /home/rose/pi4b_ros2/car_ws/install/lslidar_msgs/local/lib/python3.10/dist-packages/lslidar_msgs/lslidar_msgs_s__rosidl_typesupport_c.cpython-310-aarch64-linux-gnu.so
[4.736s] -- Up-to-date: /home/rose/pi4b_ros2/car_ws/install/lslidar_msgs/local/lib/python3.10/dist-packages/lslidar_msgs/_lslidar_msgs_s.ep.rosidl_typesupport_introspection_c.c
[4.736s] -- Up-to-date: /home/rose/pi4b_ros2/car_ws/install/lslidar_msgs/local/lib/python3.10/dist-packages/lslidar_msgs/_lslidar_msgs_s.ep.rosidl_typesupport_c.c
[4.736s] -- Up-to-date: /home/rose/pi4b_ros2/car_ws/install/lslidar_msgs/local/lib/python3.10/dist-packages/lslidar_msgs/_lslidar_msgs_s.ep.rosidl_typesupport_fastrtps_c.c
[4.737s] -- Up-to-date: /home/rose/pi4b_ros2/car_ws/install/lslidar_msgs/local/lib/python3.10/dist-packages/lslidar_msgs/__init__.py
[4.737s] -- Up-to-date: /home/rose/pi4b_ros2/car_ws/install/lslidar_msgs/local/lib/python3.10/dist-packages/lslidar_msgs/lslidar_msgs_s__rosidl_typesupport_introspection_c.cpython-310-aarch64-linux-gnu.so
[4.936s] Listing '/home/rose/pi4b_ros2/car_ws/install/lslidar_msgs/local/lib/python3.10/dist-packages/lslidar_msgs'...
[4.937s] Listing '/home/rose/pi4b_ros2/car_ws/install/lslidar_msgs/local/lib/python3.10/dist-packages/lslidar_msgs/msg'...
[5.009s] -- Up-to-date: /home/rose/pi4b_ros2/car_ws/install/lslidar_msgs/local/lib/python3.10/dist-packages/lslidar_msgs/lslidar_msgs_s__rosidl_typesupport_fastrtps_c.cpython-310-aarch64-linux-gnu.so
[5.011s] -- Up-to-date: /home/rose/pi4b_ros2/car_ws/install/lslidar_msgs/local/lib/python3.10/dist-packages/lslidar_msgs/lslidar_msgs_s__rosidl_typesupport_introspection_c.cpython-310-aarch64-linux-gnu.so
[5.014s] -- Up-to-date: /home/rose/pi4b_ros2/car_ws/install/lslidar_msgs/local/lib/python3.10/dist-packages/lslidar_msgs/lslidar_msgs_s__rosidl_typesupport_c.cpython-310-aarch64-linux-gnu.so
[5.021s] -- Up-to-date: /home/rose/pi4b_ros2/car_ws/install/lslidar_msgs/lib/liblslidar_msgs__rosidl_generator_py.so
[5.023s] -- Up-to-date: /home/rose/pi4b_ros2/car_ws/install/lslidar_msgs/share/lslidar_msgs/msg/LslidarDifop.idl
[5.024s] -- Up-to-date: /home/rose/pi4b_ros2/car_ws/install/lslidar_msgs/share/lslidar_msgs/msg/LslidarPacket.idl
[5.025s] -- Up-to-date: /home/rose/pi4b_ros2/car_ws/install/lslidar_msgs/share/lslidar_msgs/msg/LslidarPoint.idl
[5.025s] -- Up-to-date: /home/rose/pi4b_ros2/car_ws/install/lslidar_msgs/share/lslidar_msgs/msg/LslidarScan.idl
[5.037s] -- Up-to-date: /home/rose/pi4b_ros2/car_ws/install/lslidar_msgs/share/lslidar_msgs/msg/LslidarSweep.idl
[5.038s] -- Up-to-date: /home/rose/pi4b_ros2/car_ws/install/lslidar_msgs/share/lslidar_msgs/msg/LslidarDifop.msg
[5.039s] -- Up-to-date: /home/rose/pi4b_ros2/car_ws/install/lslidar_msgs/share/lslidar_msgs/msg/LslidarPacket.msg
[5.041s] -- Up-to-date: /home/rose/pi4b_ros2/car_ws/install/lslidar_msgs/share/lslidar_msgs/msg/LslidarPoint.msg
[5.042s] -- Up-to-date: /home/rose/pi4b_ros2/car_ws/install/lslidar_msgs/share/lslidar_msgs/msg/LslidarScan.msg
[5.043s] -- Up-to-date: /home/rose/pi4b_ros2/car_ws/install/lslidar_msgs/share/lslidar_msgs/msg/LslidarSweep.msg
[5.044s] -- Up-to-date: /home/rose/pi4b_ros2/car_ws/install/lslidar_msgs/share/ament_index/resource_index/package_run_dependencies/lslidar_msgs
[5.045s] -- Up-to-date: /home/rose/pi4b_ros2/car_ws/install/lslidar_msgs/share/ament_index/resource_index/parent_prefix_path/lslidar_msgs
[5.046s] -- Up-to-date: /home/rose/pi4b_ros2/car_ws/install/lslidar_msgs/share/lslidar_msgs/environment/ament_prefix_path.sh
[5.046s] -- Up-to-date: /home/rose/pi4b_ros2/car_ws/install/lslidar_msgs/share/lslidar_msgs/environment/ament_prefix_path.dsv
[5.047s] -- Up-to-date: /home/rose/pi4b_ros2/car_ws/install/lslidar_msgs/share/lslidar_msgs/environment/path.sh
[5.050s] -- Up-to-date: /home/rose/pi4b_ros2/car_ws/install/lslidar_msgs/share/lslidar_msgs/environment/path.dsv
[5.057s] -- Up-to-date: /home/rose/pi4b_ros2/car_ws/install/lslidar_msgs/share/lslidar_msgs/local_setup.bash
[5.065s] -- Up-to-date: /home/rose/pi4b_ros2/car_ws/install/lslidar_msgs/share/lslidar_msgs/local_setup.sh
[5.066s] -- Up-to-date: /home/rose/pi4b_ros2/car_ws/install/lslidar_msgs/share/lslidar_msgs/local_setup.zsh
[5.066s] -- Up-to-date: /home/rose/pi4b_ros2/car_ws/install/lslidar_msgs/share/lslidar_msgs/local_setup.dsv
[5.067s] -- Installing: /home/rose/pi4b_ros2/car_ws/install/lslidar_msgs/share/lslidar_msgs/package.dsv
[5.068s] -- Up-to-date: /home/rose/pi4b_ros2/car_ws/install/lslidar_msgs/share/ament_index/resource_index/packages/lslidar_msgs
[5.068s] -- Up-to-date: /home/rose/pi4b_ros2/car_ws/install/lslidar_msgs/share/lslidar_msgs/cmake/export_lslidar_msgs__rosidl_generator_cExport.cmake
[5.069s] -- Up-to-date: /home/rose/pi4b_ros2/car_ws/install/lslidar_msgs/share/lslidar_msgs/cmake/export_lslidar_msgs__rosidl_generator_cExport-noconfig.cmake
[5.069s] -- Up-to-date: /home/rose/pi4b_ros2/car_ws/install/lslidar_msgs/share/lslidar_msgs/cmake/export_lslidar_msgs__rosidl_typesupport_fastrtps_cExport.cmake
[5.070s] -- Up-to-date: /home/rose/pi4b_ros2/car_ws/install/lslidar_msgs/share/lslidar_msgs/cmake/export_lslidar_msgs__rosidl_typesupport_fastrtps_cExport-noconfig.cmake
[5.070s] -- Up-to-date: /home/rose/pi4b_ros2/car_ws/install/lslidar_msgs/share/lslidar_msgs/cmake/export_lslidar_msgs__rosidl_generator_cppExport.cmake
[5.071s] -- Up-to-date: /home/rose/pi4b_ros2/car_ws/install/lslidar_msgs/share/lslidar_msgs/cmake/export_lslidar_msgs__rosidl_typesupport_fastrtps_cppExport.cmake
[5.097s] -- Up-to-date: /home/rose/pi4b_ros2/car_ws/install/lslidar_msgs/share/lslidar_msgs/cmake/export_lslidar_msgs__rosidl_typesupport_fastrtps_cppExport-noconfig.cmake
[5.105s] -- Up-to-date: /home/rose/pi4b_ros2/car_ws/install/lslidar_msgs/share/lslidar_msgs/cmake/lslidar_msgs__rosidl_typesupport_introspection_cExport.cmake
[5.105s] -- Up-to-date: /home/rose/pi4b_ros2/car_ws/install/lslidar_msgs/share/lslidar_msgs/cmake/lslidar_msgs__rosidl_typesupport_introspection_cExport-noconfig.cmake
[5.106s] -- Up-to-date: /home/rose/pi4b_ros2/car_ws/install/lslidar_msgs/share/lslidar_msgs/cmake/lslidar_msgs__rosidl_typesupport_cExport.cmake
[5.107s] -- Up-to-date: /home/rose/pi4b_ros2/car_ws/install/lslidar_msgs/share/lslidar_msgs/cmake/lslidar_msgs__rosidl_typesupport_cExport-noconfig.cmake
[5.107s] -- Up-to-date: /home/rose/pi4b_ros2/car_ws/install/lslidar_msgs/share/lslidar_msgs/cmake/lslidar_msgs__rosidl_typesupport_introspection_cppExport.cmake
[5.110s] -- Up-to-date: /home/rose/pi4b_ros2/car_ws/install/lslidar_msgs/share/lslidar_msgs/cmake/lslidar_msgs__rosidl_typesupport_introspection_cppExport-noconfig.cmake
[5.111s] -- Up-to-date: /home/rose/pi4b_ros2/car_ws/install/lslidar_msgs/share/lslidar_msgs/cmake/lslidar_msgs__rosidl_typesupport_cppExport.cmake
[5.128s] -- Up-to-date: /home/rose/pi4b_ros2/car_ws/install/lslidar_msgs/share/lslidar_msgs/cmake/lslidar_msgs__rosidl_typesupport_cppExport-noconfig.cmake
[5.129s] -- Up-to-date: /home/rose/pi4b_ros2/car_ws/install/lslidar_msgs/share/lslidar_msgs/cmake/export_lslidar_msgs__rosidl_generator_pyExport.cmake
[5.129s] -- Up-to-date: /home/rose/pi4b_ros2/car_ws/install/lslidar_msgs/share/lslidar_msgs/cmake/export_lslidar_msgs__rosidl_generator_pyExport-noconfig.cmake
[5.130s] -- Up-to-date: /home/rose/pi4b_ros2/car_ws/install/lslidar_msgs/share/lslidar_msgs/cmake/rosidl_cmake-extras.cmake
[5.130s] -- Up-to-date: /home/rose/pi4b_ros2/car_ws/install/lslidar_msgs/share/lslidar_msgs/cmake/ament_cmake_export_dependencies-extras.cmake
[5.131s] -- Up-to-date: /home/rose/pi4b_ros2/car_ws/install/lslidar_msgs/share/lslidar_msgs/cmake/ament_cmake_export_include_directories-extras.cmake
[5.131s] -- Up-to-date: /home/rose/pi4b_ros2/car_ws/install/lslidar_msgs/share/lslidar_msgs/cmake/ament_cmake_export_libraries-extras.cmake
[5.132s] -- Up-to-date: /home/rose/pi4b_ros2/car_ws/install/lslidar_msgs/share/lslidar_msgs/cmake/ament_cmake_export_targets-extras.cmake
[5.132s] -- Up-to-date: /home/rose/pi4b_ros2/car_ws/install/lslidar_msgs/share/lslidar_msgs/cmake/rosidl_cmake_export_typesupport_targets-extras.cmake
[5.133s] -- Up-to-date: /home/rose/pi4b_ros2/car_ws/install/lslidar_msgs/share/lslidar_msgs/cmake/rosidl_cmake_export_typesupport_libraries-extras.cmake
[5.134s] -- Up-to-date: /home/rose/pi4b_ros2/car_ws/install/lslidar_msgs/share/lslidar_msgs/cmake/lslidar_msgsConfig.cmake
[5.142s] -- Up-to-date: /home/rose/pi4b_ros2/car_ws/install/lslidar_msgs/share/lslidar_msgs/cmake/lslidar_msgsConfig-version.cmake
[5.143s] -- Up-to-date: /home/rose/pi4b_ros2/car_ws/install/lslidar_msgs/share/lslidar_msgs/package.xml
[5.145s] Invoked command in '/home/rose/pi4b_ros2/car_ws/build/lslidar_msgs' returned '0': CMAKE_PREFIX_PATH=${CMAKE_PREFIX_PATH}:/home/rose/pi4b_ros2/car_ws/install/yolo_counting_pkg:/home/rose/pi4b_ros2/car_ws/install/test_control_pkg:/opt/ros/humble /usr/bin/cmake --install /home/rose/pi4b_ros2/car_ws/build/lslidar_msgs
