[0.277s] Invoking command in '/home/rose/pi4b_ros2/car_ws/build/csm': CMAKE_PREFIX_PATH=${CMAKE_PREFIX_PATH}:/home/rose/pi4b_ros2/car_ws/install/yolo_counting_pkg:/home/rose/pi4b_ros2/car_ws/install/test_control_pkg:/home/rose/pi4b_ros2/car_ws/install/bot_application:/opt/ros/humble /usr/bin/cmake --build /home/rose/pi4b_ros2/car_ws/build/csm -- -j4 -l4
[2.700s] [100%] Built target csm
[2.856s] Invoked command in '/home/rose/pi4b_ros2/car_ws/build/csm' returned '0': CMAKE_PREFIX_PATH=${CMAKE_PREFIX_PATH}:/home/rose/pi4b_ros2/car_ws/install/yolo_counting_pkg:/home/rose/pi4b_ros2/car_ws/install/test_control_pkg:/home/rose/pi4b_ros2/car_ws/install/bot_application:/opt/ros/humble /usr/bin/cmake --build /home/rose/pi4b_ros2/car_ws/build/csm -- -j4 -l4
[2.958s] Invoking command in '/home/rose/pi4b_ros2/car_ws/build/csm': CMAKE_PREFIX_PATH=${CMAKE_PREFIX_PATH}:/home/rose/pi4b_ros2/car_ws/install/yolo_counting_pkg:/home/rose/pi4b_ros2/car_ws/install/test_control_pkg:/home/rose/pi4b_ros2/car_ws/install/bot_application:/opt/ros/humble /usr/bin/cmake --install /home/rose/pi4b_ros2/car_ws/build/csm
[3.136s] -- Install configuration: "Release"
[3.152s] -- Up-to-date: /home/rose/pi4b_ros2/car_ws/install/csm/lib/libcsm.so
[3.159s] -- Up-to-date: /home/rose/pi4b_ros2/car_ws/install/csm/include/..//include
[3.163s] -- Up-to-date: /home/rose/pi4b_ros2/car_ws/install/csm/include/..//include/gsl_eigen
[3.168s] -- Up-to-date: /home/rose/pi4b_ros2/car_ws/install/csm/include/..//include/gsl_eigen/gsl_eigen.h
[3.173s] -- Up-to-date: /home/rose/pi4b_ros2/car_ws/install/csm/include/..//include/csm
[3.179s] -- Up-to-date: /home/rose/pi4b_ros2/car_ws/install/csm/include/..//include/csm/laser_data.h
[3.189s] -- Up-to-date: /home/rose/pi4b_ros2/car_ws/install/csm/include/..//include/csm/csm.h
[3.195s] -- Up-to-date: /home/rose/pi4b_ros2/car_ws/install/csm/include/..//include/csm/restrict.h
[3.199s] -- Up-to-date: /home/rose/pi4b_ros2/car_ws/install/csm/include/..//include/csm/algos.h
[3.212s] -- Up-to-date: /home/rose/pi4b_ros2/car_ws/install/csm/include/..//include/csm/laser_data_inline.h
[3.232s] -- Up-to-date: /home/rose/pi4b_ros2/car_ws/install/csm/share/csm/resource
[3.244s] -- Up-to-date: /home/rose/pi4b_ros2/car_ws/install/csm/share/csm/resource/csm
[3.251s] -- Up-to-date: /home/rose/pi4b_ros2/car_ws/install/csm/include/../gsl_eigen
[3.256s] -- Up-to-date: /home/rose/pi4b_ros2/car_ws/install/csm/include/../gsl_eigen/gsl_eigen.h
[3.262s] -- Up-to-date: /home/rose/pi4b_ros2/car_ws/install/csm/share/csm/environment/library_path.sh
[3.269s] -- Up-to-date: /home/rose/pi4b_ros2/car_ws/install/csm/share/csm/environment/library_path.dsv
[3.276s] -- Up-to-date: /home/rose/pi4b_ros2/car_ws/install/csm/share/ament_index/resource_index/package_run_dependencies/csm
[3.285s] -- Up-to-date: /home/rose/pi4b_ros2/car_ws/install/csm/share/ament_index/resource_index/parent_prefix_path/csm
[3.297s] -- Up-to-date: /home/rose/pi4b_ros2/car_ws/install/csm/share/csm/environment/ament_prefix_path.sh
[3.310s] -- Up-to-date: /home/rose/pi4b_ros2/car_ws/install/csm/share/csm/environment/ament_prefix_path.dsv
[3.327s] -- Up-to-date: /home/rose/pi4b_ros2/car_ws/install/csm/share/csm/environment/path.sh
[3.340s] -- Up-to-date: /home/rose/pi4b_ros2/car_ws/install/csm/share/csm/environment/path.dsv
[3.344s] -- Up-to-date: /home/rose/pi4b_ros2/car_ws/install/csm/share/csm/local_setup.bash
[3.349s] -- Up-to-date: /home/rose/pi4b_ros2/car_ws/install/csm/share/csm/local_setup.sh
[3.363s] -- Up-to-date: /home/rose/pi4b_ros2/car_ws/install/csm/share/csm/local_setup.zsh
[3.369s] -- Up-to-date: /home/rose/pi4b_ros2/car_ws/install/csm/share/csm/local_setup.dsv
[3.386s] -- Installing: /home/rose/pi4b_ros2/car_ws/install/csm/share/csm/package.dsv
[3.435s] -- Up-to-date: /home/rose/pi4b_ros2/car_ws/install/csm/share/ament_index/resource_index/packages/csm
[3.540s] -- Up-to-date: /home/rose/pi4b_ros2/car_ws/install/csm/share/csm/cmake/ament_cmake_export_dependencies-extras.cmake
[3.617s] -- Up-to-date: /home/rose/pi4b_ros2/car_ws/install/csm/share/csm/cmake/ament_cmake_export_include_directories-extras.cmake
[3.625s] -- Up-to-date: /home/rose/pi4b_ros2/car_ws/install/csm/share/csm/cmake/ament_cmake_export_libraries-extras.cmake
[3.653s] -- Up-to-date: /home/rose/pi4b_ros2/car_ws/install/csm/share/csm/cmake/csmConfig.cmake
[3.656s] -- Up-to-date: /home/rose/pi4b_ros2/car_ws/install/csm/share/csm/cmake/csmConfig-version.cmake
[3.667s] -- Up-to-date: /home/rose/pi4b_ros2/car_ws/install/csm/share/csm/package.xml
[3.722s] Invoked command in '/home/rose/pi4b_ros2/car_ws/build/csm' returned '0': CMAKE_PREFIX_PATH=${CMAKE_PREFIX_PATH}:/home/rose/pi4b_ros2/car_ws/install/yolo_counting_pkg:/home/rose/pi4b_ros2/car_ws/install/test_control_pkg:/home/rose/pi4b_ros2/car_ws/install/bot_application:/opt/ros/humble /usr/bin/cmake --install /home/rose/pi4b_ros2/car_ws/build/csm
