[0.507s] [34mcolcon[0m [1;30mDEBUG[0m [32mCommand line arguments: ['/usr/bin/colcon', 'build'][0m
[0.507s] [34mcolcon[0m [1;30mDEBUG[0m [32mParsed command line arguments: Namespace(log_base=None, log_level=None, verb_name='build', build_base='build', install_base='install', merge_install=False, symlink_install=False, test_result_base=None, continue_on_error=False, executor='parallel', parallel_workers=4, event_handlers=None, ignore_user_meta=False, metas=['./colcon.meta'], base_paths=['.'], packages_ignore=None, packages_ignore_regex=None, paths=None, packages_up_to=None, packages_up_to_regex=None, packages_above=None, packages_above_and_dependencies=None, packages_above_depth=None, packages_select_by_dep=None, packages_skip_by_dep=None, packages_skip_up_to=None, packages_select_build_failed=False, packages_skip_build_finished=False, packages_select_test_failures=False, packages_skip_test_passed=False, packages_select=None, packages_skip=None, packages_select_regex=None, packages_skip_regex=None, packages_start=None, packages_end=None, allow_overriding=[], cmake_args=None, cmake_target=None, cmake_target_skip_unavailable=False, cmake_clean_cache=False, cmake_clean_first=False, cmake_force_configure=False, ament_cmake_args=None, catkin_cmake_args=None, catkin_skip_building_tests=False, verb_parser=<colcon_defaults.argument_parser.defaults.DefaultArgumentsDecorator object at 0xffffa12c3820>, verb_extension=<colcon_core.verb.build.BuildVerb object at 0xffffa14113c0>, main=<bound method BuildVerb.main of <colcon_core.verb.build.BuildVerb object at 0xffffa14113c0>>)[0m
[0.698s] [34mcolcon.colcon_core.package_discovery[0m [1;30mLevel 1[0m discover_packages(colcon_meta) check parameters
[0.699s] [34mcolcon.colcon_core.package_discovery[0m [1;30mLevel 1[0m discover_packages(recursive) check parameters
[0.699s] [34mcolcon.colcon_core.package_discovery[0m [1;30mLevel 1[0m discover_packages(ignore) check parameters
[0.699s] [34mcolcon.colcon_core.package_discovery[0m [1;30mLevel 1[0m discover_packages(path) check parameters
[0.699s] [34mcolcon.colcon_core.package_discovery[0m [1;30mLevel 1[0m discover_packages(colcon_meta) discover
[0.700s] [34mcolcon.colcon_core.package_discovery[0m [1;30mLevel 1[0m discover_packages(recursive) discover
[0.700s] [34mcolcon.colcon_core.package_discovery[0m [1;30mINFO[0m Crawling recursively for packages in '/home/rose/pi4b_ros2/car_ws'
[0.701s] [34mcolcon.colcon_core.package_identification[0m [1;30mLevel 1[0m _identify(.) by extensions ['ignore', 'ignore_ament_install']
[0.702s] [34mcolcon.colcon_core.package_identification[0m [1;30mLevel 1[0m _identify(.) by extension 'ignore'
[0.703s] [34mcolcon.colcon_core.package_identification[0m [1;30mLevel 1[0m _identify(.) by extension 'ignore_ament_install'
[0.703s] [34mcolcon.colcon_core.package_identification[0m [1;30mLevel 1[0m _identify(.) by extensions ['colcon_pkg']
[0.703s] [34mcolcon.colcon_core.package_identification[0m [1;30mLevel 1[0m _identify(.) by extension 'colcon_pkg'
[0.704s] [34mcolcon.colcon_core.package_identification[0m [1;30mLevel 1[0m _identify(.) by extensions ['colcon_meta']
[0.704s] [34mcolcon.colcon_core.package_identification[0m [1;30mLevel 1[0m _identify(.) by extension 'colcon_meta'
[0.704s] [34mcolcon.colcon_core.package_identification[0m [1;30mLevel 1[0m _identify(.) by extensions ['ros']
[0.704s] [34mcolcon.colcon_core.package_identification[0m [1;30mLevel 1[0m _identify(.) by extension 'ros'
[0.831s] [34mcolcon.colcon_core.package_identification[0m [1;30mLevel 1[0m _identify(.) by extensions ['cmake', 'python']
[0.831s] [34mcolcon.colcon_core.package_identification[0m [1;30mLevel 1[0m _identify(.) by extension 'cmake'
[0.832s] [34mcolcon.colcon_core.package_identification[0m [1;30mLevel 1[0m _identify(.) by extension 'python'
[0.832s] [34mcolcon.colcon_core.package_identification[0m [1;30mLevel 1[0m _identify(.) by extensions ['python_setup_py']
[0.833s] [34mcolcon.colcon_core.package_identification[0m [1;30mLevel 1[0m _identify(.) by extension 'python_setup_py'
[0.834s] [34mcolcon.colcon_core.package_identification[0m [1;30mLevel 1[0m _identify(build) by extensions ['ignore', 'ignore_ament_install']
[0.834s] [34mcolcon.colcon_core.package_identification[0m [1;30mLevel 1[0m _identify(build) by extension 'ignore'
[0.835s] [34mcolcon.colcon_core.package_identification[0m [1;30mLevel 1[0m _identify(build) ignored
[0.836s] [34mcolcon.colcon_core.package_identification[0m [1;30mLevel 1[0m _identify(install) by extensions ['ignore', 'ignore_ament_install']
[0.836s] [34mcolcon.colcon_core.package_identification[0m [1;30mLevel 1[0m _identify(install) by extension 'ignore'
[0.836s] [34mcolcon.colcon_core.package_identification[0m [1;30mLevel 1[0m _identify(install) ignored
[0.839s] [34mcolcon.colcon_core.package_identification[0m [1;30mLevel 1[0m _identify(log) by extensions ['ignore', 'ignore_ament_install']
[0.839s] [34mcolcon.colcon_core.package_identification[0m [1;30mLevel 1[0m _identify(log) by extension 'ignore'
[0.840s] [34mcolcon.colcon_core.package_identification[0m [1;30mLevel 1[0m _identify(log) ignored
[0.840s] [34mcolcon.colcon_core.package_identification[0m [1;30mLevel 1[0m _identify(src) by extensions ['ignore', 'ignore_ament_install']
[0.841s] [34mcolcon.colcon_core.package_identification[0m [1;30mLevel 1[0m _identify(src) by extension 'ignore'
[0.841s] [34mcolcon.colcon_core.package_identification[0m [1;30mLevel 1[0m _identify(src) by extension 'ignore_ament_install'
[0.842s] [34mcolcon.colcon_core.package_identification[0m [1;30mLevel 1[0m _identify(src) by extensions ['colcon_pkg']
[0.843s] [34mcolcon.colcon_core.package_identification[0m [1;30mLevel 1[0m _identify(src) by extension 'colcon_pkg'
[0.843s] [34mcolcon.colcon_core.package_identification[0m [1;30mLevel 1[0m _identify(src) by extensions ['colcon_meta']
[0.843s] [34mcolcon.colcon_core.package_identification[0m [1;30mLevel 1[0m _identify(src) by extension 'colcon_meta'
[0.844s] [34mcolcon.colcon_core.package_identification[0m [1;30mLevel 1[0m _identify(src) by extensions ['ros']
[0.844s] [34mcolcon.colcon_core.package_identification[0m [1;30mLevel 1[0m _identify(src) by extension 'ros'
[0.844s] [34mcolcon.colcon_core.package_identification[0m [1;30mLevel 1[0m _identify(src) by extensions ['cmake', 'python']
[0.845s] [34mcolcon.colcon_core.package_identification[0m [1;30mLevel 1[0m _identify(src) by extension 'cmake'
[0.845s] [34mcolcon.colcon_core.package_identification[0m [1;30mLevel 1[0m _identify(src) by extension 'python'
[0.846s] [34mcolcon.colcon_core.package_identification[0m [1;30mLevel 1[0m _identify(src) by extensions ['python_setup_py']
[0.846s] [34mcolcon.colcon_core.package_identification[0m [1;30mLevel 1[0m _identify(src) by extension 'python_setup_py'
[0.846s] [34mcolcon.colcon_core.package_identification[0m [1;30mLevel 1[0m _identify(src/LSLIDAR_X_ROS2-20240228) by extensions ['ignore', 'ignore_ament_install']
[0.847s] [34mcolcon.colcon_core.package_identification[0m [1;30mLevel 1[0m _identify(src/LSLIDAR_X_ROS2-20240228) by extension 'ignore'
[0.847s] [34mcolcon.colcon_core.package_identification[0m [1;30mLevel 1[0m _identify(src/LSLIDAR_X_ROS2-20240228) by extension 'ignore_ament_install'
[0.848s] [34mcolcon.colcon_core.package_identification[0m [1;30mLevel 1[0m _identify(src/LSLIDAR_X_ROS2-20240228) by extensions ['colcon_pkg']
[0.848s] [34mcolcon.colcon_core.package_identification[0m [1;30mLevel 1[0m _identify(src/LSLIDAR_X_ROS2-20240228) by extension 'colcon_pkg'
[0.848s] [34mcolcon.colcon_core.package_identification[0m [1;30mLevel 1[0m _identify(src/LSLIDAR_X_ROS2-20240228) by extensions ['colcon_meta']
[0.848s] [34mcolcon.colcon_core.package_identification[0m [1;30mLevel 1[0m _identify(src/LSLIDAR_X_ROS2-20240228) by extension 'colcon_meta'
[0.848s] [34mcolcon.colcon_core.package_identification[0m [1;30mLevel 1[0m _identify(src/LSLIDAR_X_ROS2-20240228) by extensions ['ros']
[0.849s] [34mcolcon.colcon_core.package_identification[0m [1;30mLevel 1[0m _identify(src/LSLIDAR_X_ROS2-20240228) by extension 'ros'
[0.849s] [34mcolcon.colcon_core.package_identification[0m [1;30mLevel 1[0m _identify(src/LSLIDAR_X_ROS2-20240228) by extensions ['cmake', 'python']
[0.849s] [34mcolcon.colcon_core.package_identification[0m [1;30mLevel 1[0m _identify(src/LSLIDAR_X_ROS2-20240228) by extension 'cmake'
[0.849s] [34mcolcon.colcon_core.package_identification[0m [1;30mLevel 1[0m _identify(src/LSLIDAR_X_ROS2-20240228) by extension 'python'
[0.850s] [34mcolcon.colcon_core.package_identification[0m [1;30mLevel 1[0m _identify(src/LSLIDAR_X_ROS2-20240228) by extensions ['python_setup_py']
[0.850s] [34mcolcon.colcon_core.package_identification[0m [1;30mLevel 1[0m _identify(src/LSLIDAR_X_ROS2-20240228) by extension 'python_setup_py'
[0.850s] [34mcolcon.colcon_core.package_identification[0m [1;30mLevel 1[0m _identify(src/LSLIDAR_X_ROS2-20240228/src) by extensions ['ignore', 'ignore_ament_install']
[0.851s] [34mcolcon.colcon_core.package_identification[0m [1;30mLevel 1[0m _identify(src/LSLIDAR_X_ROS2-20240228/src) by extension 'ignore'
[0.851s] [34mcolcon.colcon_core.package_identification[0m [1;30mLevel 1[0m _identify(src/LSLIDAR_X_ROS2-20240228/src) by extension 'ignore_ament_install'
[0.851s] [34mcolcon.colcon_core.package_identification[0m [1;30mLevel 1[0m _identify(src/LSLIDAR_X_ROS2-20240228/src) by extensions ['colcon_pkg']
[0.852s] [34mcolcon.colcon_core.package_identification[0m [1;30mLevel 1[0m _identify(src/LSLIDAR_X_ROS2-20240228/src) by extension 'colcon_pkg'
[0.852s] [34mcolcon.colcon_core.package_identification[0m [1;30mLevel 1[0m _identify(src/LSLIDAR_X_ROS2-20240228/src) by extensions ['colcon_meta']
[0.852s] [34mcolcon.colcon_core.package_identification[0m [1;30mLevel 1[0m _identify(src/LSLIDAR_X_ROS2-20240228/src) by extension 'colcon_meta'
[0.852s] [34mcolcon.colcon_core.package_identification[0m [1;30mLevel 1[0m _identify(src/LSLIDAR_X_ROS2-20240228/src) by extensions ['ros']
[0.853s] [34mcolcon.colcon_core.package_identification[0m [1;30mLevel 1[0m _identify(src/LSLIDAR_X_ROS2-20240228/src) by extension 'ros'
[0.853s] [34mcolcon.colcon_core.package_identification[0m [1;30mLevel 1[0m _identify(src/LSLIDAR_X_ROS2-20240228/src) by extensions ['cmake', 'python']
[0.853s] [34mcolcon.colcon_core.package_identification[0m [1;30mLevel 1[0m _identify(src/LSLIDAR_X_ROS2-20240228/src) by extension 'cmake'
[0.853s] [34mcolcon.colcon_core.package_identification[0m [1;30mLevel 1[0m _identify(src/LSLIDAR_X_ROS2-20240228/src) by extension 'python'
[0.854s] [34mcolcon.colcon_core.package_identification[0m [1;30mLevel 1[0m _identify(src/LSLIDAR_X_ROS2-20240228/src) by extensions ['python_setup_py']
[0.854s] [34mcolcon.colcon_core.package_identification[0m [1;30mLevel 1[0m _identify(src/LSLIDAR_X_ROS2-20240228/src) by extension 'python_setup_py'
[0.854s] [34mcolcon.colcon_core.package_identification[0m [1;30mLevel 1[0m _identify(src/LSLIDAR_X_ROS2-20240228/src/lslidar_driver) by extensions ['ignore', 'ignore_ament_install']
[0.855s] [34mcolcon.colcon_core.package_identification[0m [1;30mLevel 1[0m _identify(src/LSLIDAR_X_ROS2-20240228/src/lslidar_driver) by extension 'ignore'
[0.855s] [34mcolcon.colcon_core.package_identification[0m [1;30mLevel 1[0m _identify(src/LSLIDAR_X_ROS2-20240228/src/lslidar_driver) by extension 'ignore_ament_install'
[0.855s] [34mcolcon.colcon_core.package_identification[0m [1;30mLevel 1[0m _identify(src/LSLIDAR_X_ROS2-20240228/src/lslidar_driver) by extensions ['colcon_pkg']
[0.856s] [34mcolcon.colcon_core.package_identification[0m [1;30mLevel 1[0m _identify(src/LSLIDAR_X_ROS2-20240228/src/lslidar_driver) by extension 'colcon_pkg'
[0.856s] [34mcolcon.colcon_core.package_identification[0m [1;30mLevel 1[0m _identify(src/LSLIDAR_X_ROS2-20240228/src/lslidar_driver) by extensions ['colcon_meta']
[0.856s] [34mcolcon.colcon_core.package_identification[0m [1;30mLevel 1[0m _identify(src/LSLIDAR_X_ROS2-20240228/src/lslidar_driver) by extension 'colcon_meta'
[0.856s] [34mcolcon.colcon_core.package_identification[0m [1;30mLevel 1[0m _identify(src/LSLIDAR_X_ROS2-20240228/src/lslidar_driver) by extensions ['ros']
[0.857s] [34mcolcon.colcon_core.package_identification[0m [1;30mLevel 1[0m _identify(src/LSLIDAR_X_ROS2-20240228/src/lslidar_driver) by extension 'ros'
[0.866s] [34mcolcon.colcon_core.package_identification[0m [1;30mDEBUG[0m [32mPackage 'src/LSLIDAR_X_ROS2-20240228/src/lslidar_driver' with type 'ros.ament_cmake' and name 'lslidar_driver'[0m
[0.867s] [34mcolcon.colcon_core.package_identification[0m [1;30mLevel 1[0m _identify(src/LSLIDAR_X_ROS2-20240228/src/lslidar_msgs) by extensions ['ignore', 'ignore_ament_install']
[0.868s] [34mcolcon.colcon_core.package_identification[0m [1;30mLevel 1[0m _identify(src/LSLIDAR_X_ROS2-20240228/src/lslidar_msgs) by extension 'ignore'
[0.868s] [34mcolcon.colcon_core.package_identification[0m [1;30mLevel 1[0m _identify(src/LSLIDAR_X_ROS2-20240228/src/lslidar_msgs) by extension 'ignore_ament_install'
[0.868s] [34mcolcon.colcon_core.package_identification[0m [1;30mLevel 1[0m _identify(src/LSLIDAR_X_ROS2-20240228/src/lslidar_msgs) by extensions ['colcon_pkg']
[0.869s] [34mcolcon.colcon_core.package_identification[0m [1;30mLevel 1[0m _identify(src/LSLIDAR_X_ROS2-20240228/src/lslidar_msgs) by extension 'colcon_pkg'
[0.869s] [34mcolcon.colcon_core.package_identification[0m [1;30mLevel 1[0m _identify(src/LSLIDAR_X_ROS2-20240228/src/lslidar_msgs) by extensions ['colcon_meta']
[0.869s] [34mcolcon.colcon_core.package_identification[0m [1;30mLevel 1[0m _identify(src/LSLIDAR_X_ROS2-20240228/src/lslidar_msgs) by extension 'colcon_meta'
[0.869s] [34mcolcon.colcon_core.package_identification[0m [1;30mLevel 1[0m _identify(src/LSLIDAR_X_ROS2-20240228/src/lslidar_msgs) by extensions ['ros']
[0.869s] [34mcolcon.colcon_core.package_identification[0m [1;30mLevel 1[0m _identify(src/LSLIDAR_X_ROS2-20240228/src/lslidar_msgs) by extension 'ros'
[0.872s] [34mcolcon.colcon_core.package_identification[0m [1;30mDEBUG[0m [32mPackage 'src/LSLIDAR_X_ROS2-20240228/src/lslidar_msgs' with type 'ros.ament_cmake' and name 'lslidar_msgs'[0m
[0.873s] [34mcolcon.colcon_core.package_identification[0m [1;30mLevel 1[0m _identify(src/bot_description) by extensions ['ignore', 'ignore_ament_install']
[0.873s] [34mcolcon.colcon_core.package_identification[0m [1;30mLevel 1[0m _identify(src/bot_description) by extension 'ignore'
[0.874s] [34mcolcon.colcon_core.package_identification[0m [1;30mLevel 1[0m _identify(src/bot_description) by extension 'ignore_ament_install'
[0.874s] [34mcolcon.colcon_core.package_identification[0m [1;30mLevel 1[0m _identify(src/bot_description) by extensions ['colcon_pkg']
[0.874s] [34mcolcon.colcon_core.package_identification[0m [1;30mLevel 1[0m _identify(src/bot_description) by extension 'colcon_pkg'
[0.874s] [34mcolcon.colcon_core.package_identification[0m [1;30mLevel 1[0m _identify(src/bot_description) by extensions ['colcon_meta']
[0.875s] [34mcolcon.colcon_core.package_identification[0m [1;30mLevel 1[0m _identify(src/bot_description) by extension 'colcon_meta'
[0.875s] [34mcolcon.colcon_core.package_identification[0m [1;30mLevel 1[0m _identify(src/bot_description) by extensions ['ros']
[0.875s] [34mcolcon.colcon_core.package_identification[0m [1;30mLevel 1[0m _identify(src/bot_description) by extension 'ros'
[0.878s] [34mcolcon.colcon_core.package_identification[0m [1;30mDEBUG[0m [32mPackage 'src/bot_description' with type 'ros.ament_cmake' and name 'bot_description'[0m
[0.879s] [34mcolcon.colcon_core.package_identification[0m [1;30mLevel 1[0m _identify(src/bot_navigation2) by extensions ['ignore', 'ignore_ament_install']
[0.879s] [34mcolcon.colcon_core.package_identification[0m [1;30mLevel 1[0m _identify(src/bot_navigation2) by extension 'ignore'
[0.879s] [34mcolcon.colcon_core.package_identification[0m [1;30mLevel 1[0m _identify(src/bot_navigation2) by extension 'ignore_ament_install'
[0.880s] [34mcolcon.colcon_core.package_identification[0m [1;30mLevel 1[0m _identify(src/bot_navigation2) by extensions ['colcon_pkg']
[0.880s] [34mcolcon.colcon_core.package_identification[0m [1;30mLevel 1[0m _identify(src/bot_navigation2) by extension 'colcon_pkg'
[0.880s] [34mcolcon.colcon_core.package_identification[0m [1;30mLevel 1[0m _identify(src/bot_navigation2) by extensions ['colcon_meta']
[0.880s] [34mcolcon.colcon_core.package_identification[0m [1;30mLevel 1[0m _identify(src/bot_navigation2) by extension 'colcon_meta'
[0.881s] [34mcolcon.colcon_core.package_identification[0m [1;30mLevel 1[0m _identify(src/bot_navigation2) by extensions ['ros']
[0.881s] [34mcolcon.colcon_core.package_identification[0m [1;30mLevel 1[0m _identify(src/bot_navigation2) by extension 'ros'
[0.883s] [34mcolcon.colcon_core.package_identification[0m [1;30mDEBUG[0m [32mPackage 'src/bot_navigation2' with type 'ros.ament_cmake' and name 'fishbot_navigation2'[0m
[0.884s] [34mcolcon.colcon_core.package_identification[0m [1;30mLevel 1[0m _identify(src/csm) by extensions ['ignore', 'ignore_ament_install']
[0.884s] [34mcolcon.colcon_core.package_identification[0m [1;30mLevel 1[0m _identify(src/csm) by extension 'ignore'
[0.884s] [34mcolcon.colcon_core.package_identification[0m [1;30mLevel 1[0m _identify(src/csm) by extension 'ignore_ament_install'
[0.885s] [34mcolcon.colcon_core.package_identification[0m [1;30mLevel 1[0m _identify(src/csm) by extensions ['colcon_pkg']
[0.885s] [34mcolcon.colcon_core.package_identification[0m [1;30mLevel 1[0m _identify(src/csm) by extension 'colcon_pkg'
[0.885s] [34mcolcon.colcon_core.package_identification[0m [1;30mLevel 1[0m _identify(src/csm) by extensions ['colcon_meta']
[0.885s] [34mcolcon.colcon_core.package_identification[0m [1;30mLevel 1[0m _identify(src/csm) by extension 'colcon_meta'
[0.886s] [34mcolcon.colcon_core.package_identification[0m [1;30mLevel 1[0m _identify(src/csm) by extensions ['ros']
[0.886s] [34mcolcon.colcon_core.package_identification[0m [1;30mLevel 1[0m _identify(src/csm) by extension 'ros'
[0.888s] [34mcolcon.colcon_core.package_identification[0m [1;30mDEBUG[0m [32mPackage 'src/csm' with type 'ros.ament_cmake' and name 'csm'[0m
[0.889s] [34mcolcon.colcon_core.package_identification[0m [1;30mLevel 1[0m _identify(src/ros2_laser_scan_matcher) by extensions ['ignore', 'ignore_ament_install']
[0.890s] [34mcolcon.colcon_core.package_identification[0m [1;30mLevel 1[0m _identify(src/ros2_laser_scan_matcher) by extension 'ignore'
[0.890s] [34mcolcon.colcon_core.package_identification[0m [1;30mLevel 1[0m _identify(src/ros2_laser_scan_matcher) by extension 'ignore_ament_install'
[0.891s] [34mcolcon.colcon_core.package_identification[0m [1;30mLevel 1[0m _identify(src/ros2_laser_scan_matcher) by extensions ['colcon_pkg']
[0.891s] [34mcolcon.colcon_core.package_identification[0m [1;30mLevel 1[0m _identify(src/ros2_laser_scan_matcher) by extension 'colcon_pkg'
[0.891s] [34mcolcon.colcon_core.package_identification[0m [1;30mLevel 1[0m _identify(src/ros2_laser_scan_matcher) by extensions ['colcon_meta']
[0.891s] [34mcolcon.colcon_core.package_identification[0m [1;30mLevel 1[0m _identify(src/ros2_laser_scan_matcher) by extension 'colcon_meta'
[0.892s] [34mcolcon.colcon_core.package_identification[0m [1;30mLevel 1[0m _identify(src/ros2_laser_scan_matcher) by extensions ['ros']
[0.892s] [34mcolcon.colcon_core.package_identification[0m [1;30mLevel 1[0m _identify(src/ros2_laser_scan_matcher) by extension 'ros'
[0.895s] [34mcolcon.colcon_core.package_identification[0m [1;30mDEBUG[0m [32mPackage 'src/ros2_laser_scan_matcher' with type 'ros.ament_cmake' and name 'ros2_laser_scan_matcher'[0m
[0.896s] [34mcolcon.colcon_core.package_identification[0m [1;30mLevel 1[0m _identify(src/test_control_pkg) by extensions ['ignore', 'ignore_ament_install']
[0.896s] [34mcolcon.colcon_core.package_identification[0m [1;30mLevel 1[0m _identify(src/test_control_pkg) by extension 'ignore'
[0.896s] [34mcolcon.colcon_core.package_identification[0m [1;30mLevel 1[0m _identify(src/test_control_pkg) by extension 'ignore_ament_install'
[0.897s] [34mcolcon.colcon_core.package_identification[0m [1;30mLevel 1[0m _identify(src/test_control_pkg) by extensions ['colcon_pkg']
[0.897s] [34mcolcon.colcon_core.package_identification[0m [1;30mLevel 1[0m _identify(src/test_control_pkg) by extension 'colcon_pkg'
[0.897s] [34mcolcon.colcon_core.package_identification[0m [1;30mLevel 1[0m _identify(src/test_control_pkg) by extensions ['colcon_meta']
[0.897s] [34mcolcon.colcon_core.package_identification[0m [1;30mLevel 1[0m _identify(src/test_control_pkg) by extension 'colcon_meta'
[0.898s] [34mcolcon.colcon_core.package_identification[0m [1;30mLevel 1[0m _identify(src/test_control_pkg) by extensions ['ros']
[0.898s] [34mcolcon.colcon_core.package_identification[0m [1;30mLevel 1[0m _identify(src/test_control_pkg) by extension 'ros'
[0.901s] [34mcolcon.colcon_core.package_identification[0m [1;30mDEBUG[0m [32mPackage 'src/test_control_pkg' with type 'ros.ament_python' and name 'test_control_pkg'[0m
[0.902s] [34mcolcon.colcon_core.package_identification[0m [1;30mLevel 1[0m _identify(src/yolo_counting_pkg) by extensions ['ignore', 'ignore_ament_install']
[0.902s] [34mcolcon.colcon_core.package_identification[0m [1;30mLevel 1[0m _identify(src/yolo_counting_pkg) by extension 'ignore'
[0.903s] [34mcolcon.colcon_core.package_identification[0m [1;30mLevel 1[0m _identify(src/yolo_counting_pkg) by extension 'ignore_ament_install'
[0.903s] [34mcolcon.colcon_core.package_identification[0m [1;30mLevel 1[0m _identify(src/yolo_counting_pkg) by extensions ['colcon_pkg']
[0.903s] [34mcolcon.colcon_core.package_identification[0m [1;30mLevel 1[0m _identify(src/yolo_counting_pkg) by extension 'colcon_pkg'
[0.904s] [34mcolcon.colcon_core.package_identification[0m [1;30mLevel 1[0m _identify(src/yolo_counting_pkg) by extensions ['colcon_meta']
[0.904s] [34mcolcon.colcon_core.package_identification[0m [1;30mLevel 1[0m _identify(src/yolo_counting_pkg) by extension 'colcon_meta'
[0.904s] [34mcolcon.colcon_core.package_identification[0m [1;30mLevel 1[0m _identify(src/yolo_counting_pkg) by extensions ['ros']
[0.904s] [34mcolcon.colcon_core.package_identification[0m [1;30mLevel 1[0m _identify(src/yolo_counting_pkg) by extension 'ros'
[0.909s] [34mcolcon.colcon_core.package_identification[0m [1;30mDEBUG[0m [32mPackage 'src/yolo_counting_pkg' with type 'ros.ament_python' and name 'yolo_counting_pkg'[0m
[0.909s] [34mcolcon.colcon_core.package_discovery[0m [1;30mLevel 1[0m discover_packages(recursive) using defaults
[0.909s] [34mcolcon.colcon_core.package_discovery[0m [1;30mLevel 1[0m discover_packages(ignore) discover
[0.909s] [34mcolcon.colcon_core.package_discovery[0m [1;30mLevel 1[0m discover_packages(ignore) using defaults
[0.910s] [34mcolcon.colcon_core.package_discovery[0m [1;30mLevel 1[0m discover_packages(path) discover
[0.910s] [34mcolcon.colcon_core.package_discovery[0m [1;30mLevel 1[0m discover_packages(path) using defaults
[0.978s] [34mcolcon.colcon_core.package_discovery[0m [1;30mLevel 1[0m discover_packages(prefix_path) check parameters
[0.978s] [34mcolcon.colcon_core.package_discovery[0m [1;30mLevel 1[0m discover_packages(prefix_path) discover
[0.989s] [34mcolcon.colcon_installed_package_information.package_discovery[0m [1;30mDEBUG[0m [32mFound 8 installed packages in /home/rose/pi4b_ros2/car_ws/install[0m
[1.000s] [34mcolcon.colcon_installed_package_information.package_discovery[0m [1;30mDEBUG[0m [32mFound 324 installed packages in /opt/ros/humble[0m
[1.007s] [34mcolcon.colcon_core.package_discovery[0m [1;30mLevel 1[0m discover_packages(prefix_path) using defaults
[1.281s] [34mcolcon.colcon_core.verb[0m [1;30mLevel 5[0m set package 'bot_description' build argument 'cmake_args' from command line to 'None'
[1.282s] [34mcolcon.colcon_core.verb[0m [1;30mLevel 5[0m set package 'bot_description' build argument 'cmake_target' from command line to 'None'
[1.282s] [34mcolcon.colcon_core.verb[0m [1;30mLevel 5[0m set package 'bot_description' build argument 'cmake_target_skip_unavailable' from command line to 'False'
[1.282s] [34mcolcon.colcon_core.verb[0m [1;30mLevel 5[0m set package 'bot_description' build argument 'cmake_clean_cache' from command line to 'False'
[1.283s] [34mcolcon.colcon_core.verb[0m [1;30mLevel 5[0m set package 'bot_description' build argument 'cmake_clean_first' from command line to 'False'
[1.283s] [34mcolcon.colcon_core.verb[0m [1;30mLevel 5[0m set package 'bot_description' build argument 'cmake_force_configure' from command line to 'False'
[1.284s] [34mcolcon.colcon_core.verb[0m [1;30mLevel 5[0m set package 'bot_description' build argument 'ament_cmake_args' from command line to 'None'
[1.284s] [34mcolcon.colcon_core.verb[0m [1;30mLevel 5[0m set package 'bot_description' build argument 'catkin_cmake_args' from command line to 'None'
[1.284s] [34mcolcon.colcon_core.verb[0m [1;30mLevel 5[0m set package 'bot_description' build argument 'catkin_skip_building_tests' from command line to 'False'
[1.285s] [34mcolcon.colcon_core.verb[0m [1;30mDEBUG[0m [32mBuilding package 'bot_description' with the following arguments: {'ament_cmake_args': None, 'build_base': '/home/rose/pi4b_ros2/car_ws/build/bot_description', 'catkin_cmake_args': None, 'catkin_skip_building_tests': False, 'cmake_args': None, 'cmake_clean_cache': False, 'cmake_clean_first': False, 'cmake_force_configure': False, 'cmake_target': None, 'cmake_target_skip_unavailable': False, 'install_base': '/home/rose/pi4b_ros2/car_ws/install/bot_description', 'merge_install': False, 'path': '/home/rose/pi4b_ros2/car_ws/src/bot_description', 'symlink_install': False, 'test_result_base': None}[0m
[1.286s] [34mcolcon.colcon_core.verb[0m [1;30mLevel 5[0m set package 'csm' build argument 'cmake_args' from command line to 'None'
[1.287s] [34mcolcon.colcon_core.verb[0m [1;30mLevel 5[0m set package 'csm' build argument 'cmake_target' from command line to 'None'
[1.287s] [34mcolcon.colcon_core.verb[0m [1;30mLevel 5[0m set package 'csm' build argument 'cmake_target_skip_unavailable' from command line to 'False'
[1.287s] [34mcolcon.colcon_core.verb[0m [1;30mLevel 5[0m set package 'csm' build argument 'cmake_clean_cache' from command line to 'False'
[1.288s] [34mcolcon.colcon_core.verb[0m [1;30mLevel 5[0m set package 'csm' build argument 'cmake_clean_first' from command line to 'False'
[1.288s] [34mcolcon.colcon_core.verb[0m [1;30mLevel 5[0m set package 'csm' build argument 'cmake_force_configure' from command line to 'False'
[1.288s] [34mcolcon.colcon_core.verb[0m [1;30mLevel 5[0m set package 'csm' build argument 'ament_cmake_args' from command line to 'None'
[1.288s] [34mcolcon.colcon_core.verb[0m [1;30mLevel 5[0m set package 'csm' build argument 'catkin_cmake_args' from command line to 'None'
[1.289s] [34mcolcon.colcon_core.verb[0m [1;30mLevel 5[0m set package 'csm' build argument 'catkin_skip_building_tests' from command line to 'False'
[1.289s] [34mcolcon.colcon_core.verb[0m [1;30mDEBUG[0m [32mBuilding package 'csm' with the following arguments: {'ament_cmake_args': None, 'build_base': '/home/rose/pi4b_ros2/car_ws/build/csm', 'catkin_cmake_args': None, 'catkin_skip_building_tests': False, 'cmake_args': None, 'cmake_clean_cache': False, 'cmake_clean_first': False, 'cmake_force_configure': False, 'cmake_target': None, 'cmake_target_skip_unavailable': False, 'install_base': '/home/rose/pi4b_ros2/car_ws/install/csm', 'merge_install': False, 'path': '/home/rose/pi4b_ros2/car_ws/src/csm', 'symlink_install': False, 'test_result_base': None}[0m
[1.291s] [34mcolcon.colcon_core.verb[0m [1;30mLevel 5[0m set package 'fishbot_navigation2' build argument 'cmake_args' from command line to 'None'
[1.291s] [34mcolcon.colcon_core.verb[0m [1;30mLevel 5[0m set package 'fishbot_navigation2' build argument 'cmake_target' from command line to 'None'
[1.291s] [34mcolcon.colcon_core.verb[0m [1;30mLevel 5[0m set package 'fishbot_navigation2' build argument 'cmake_target_skip_unavailable' from command line to 'False'
[1.292s] [34mcolcon.colcon_core.verb[0m [1;30mLevel 5[0m set package 'fishbot_navigation2' build argument 'cmake_clean_cache' from command line to 'False'
[1.292s] [34mcolcon.colcon_core.verb[0m [1;30mLevel 5[0m set package 'fishbot_navigation2' build argument 'cmake_clean_first' from command line to 'False'
[1.292s] [34mcolcon.colcon_core.verb[0m [1;30mLevel 5[0m set package 'fishbot_navigation2' build argument 'cmake_force_configure' from command line to 'False'
[1.292s] [34mcolcon.colcon_core.verb[0m [1;30mLevel 5[0m set package 'fishbot_navigation2' build argument 'ament_cmake_args' from command line to 'None'
[1.292s] [34mcolcon.colcon_core.verb[0m [1;30mLevel 5[0m set package 'fishbot_navigation2' build argument 'catkin_cmake_args' from command line to 'None'
[1.293s] [34mcolcon.colcon_core.verb[0m [1;30mLevel 5[0m set package 'fishbot_navigation2' build argument 'catkin_skip_building_tests' from command line to 'False'
[1.293s] [34mcolcon.colcon_core.verb[0m [1;30mDEBUG[0m [32mBuilding package 'fishbot_navigation2' with the following arguments: {'ament_cmake_args': None, 'build_base': '/home/rose/pi4b_ros2/car_ws/build/fishbot_navigation2', 'catkin_cmake_args': None, 'catkin_skip_building_tests': False, 'cmake_args': None, 'cmake_clean_cache': False, 'cmake_clean_first': False, 'cmake_force_configure': False, 'cmake_target': None, 'cmake_target_skip_unavailable': False, 'install_base': '/home/rose/pi4b_ros2/car_ws/install/fishbot_navigation2', 'merge_install': False, 'path': '/home/rose/pi4b_ros2/car_ws/src/bot_navigation2', 'symlink_install': False, 'test_result_base': None}[0m
[1.295s] [34mcolcon.colcon_core.verb[0m [1;30mLevel 5[0m set package 'lslidar_msgs' build argument 'cmake_args' from command line to 'None'
[1.295s] [34mcolcon.colcon_core.verb[0m [1;30mLevel 5[0m set package 'lslidar_msgs' build argument 'cmake_target' from command line to 'None'
[1.295s] [34mcolcon.colcon_core.verb[0m [1;30mLevel 5[0m set package 'lslidar_msgs' build argument 'cmake_target_skip_unavailable' from command line to 'False'
[1.296s] [34mcolcon.colcon_core.verb[0m [1;30mLevel 5[0m set package 'lslidar_msgs' build argument 'cmake_clean_cache' from command line to 'False'
[1.296s] [34mcolcon.colcon_core.verb[0m [1;30mLevel 5[0m set package 'lslidar_msgs' build argument 'cmake_clean_first' from command line to 'False'
[1.296s] [34mcolcon.colcon_core.verb[0m [1;30mLevel 5[0m set package 'lslidar_msgs' build argument 'cmake_force_configure' from command line to 'False'
[1.296s] [34mcolcon.colcon_core.verb[0m [1;30mLevel 5[0m set package 'lslidar_msgs' build argument 'ament_cmake_args' from command line to 'None'
[1.297s] [34mcolcon.colcon_core.verb[0m [1;30mLevel 5[0m set package 'lslidar_msgs' build argument 'catkin_cmake_args' from command line to 'None'
[1.297s] [34mcolcon.colcon_core.verb[0m [1;30mLevel 5[0m set package 'lslidar_msgs' build argument 'catkin_skip_building_tests' from command line to 'False'
[1.297s] [34mcolcon.colcon_core.verb[0m [1;30mDEBUG[0m [32mBuilding package 'lslidar_msgs' with the following arguments: {'ament_cmake_args': None, 'build_base': '/home/rose/pi4b_ros2/car_ws/build/lslidar_msgs', 'catkin_cmake_args': None, 'catkin_skip_building_tests': False, 'cmake_args': None, 'cmake_clean_cache': False, 'cmake_clean_first': False, 'cmake_force_configure': False, 'cmake_target': None, 'cmake_target_skip_unavailable': False, 'install_base': '/home/rose/pi4b_ros2/car_ws/install/lslidar_msgs', 'merge_install': False, 'path': '/home/rose/pi4b_ros2/car_ws/src/LSLIDAR_X_ROS2-20240228/src/lslidar_msgs', 'symlink_install': False, 'test_result_base': None}[0m
[1.298s] [34mcolcon.colcon_core.verb[0m [1;30mLevel 5[0m set package 'test_control_pkg' build argument 'cmake_args' from command line to 'None'
[1.299s] [34mcolcon.colcon_core.verb[0m [1;30mLevel 5[0m set package 'test_control_pkg' build argument 'cmake_target' from command line to 'None'
[1.299s] [34mcolcon.colcon_core.verb[0m [1;30mLevel 5[0m set package 'test_control_pkg' build argument 'cmake_target_skip_unavailable' from command line to 'False'
[1.299s] [34mcolcon.colcon_core.verb[0m [1;30mLevel 5[0m set package 'test_control_pkg' build argument 'cmake_clean_cache' from command line to 'False'
[1.299s] [34mcolcon.colcon_core.verb[0m [1;30mLevel 5[0m set package 'test_control_pkg' build argument 'cmake_clean_first' from command line to 'False'
[1.299s] [34mcolcon.colcon_core.verb[0m [1;30mLevel 5[0m set package 'test_control_pkg' build argument 'cmake_force_configure' from command line to 'False'
[1.299s] [34mcolcon.colcon_core.verb[0m [1;30mLevel 5[0m set package 'test_control_pkg' build argument 'ament_cmake_args' from command line to 'None'
[1.300s] [34mcolcon.colcon_core.verb[0m [1;30mLevel 5[0m set package 'test_control_pkg' build argument 'catkin_cmake_args' from command line to 'None'
[1.300s] [34mcolcon.colcon_core.verb[0m [1;30mLevel 5[0m set package 'test_control_pkg' build argument 'catkin_skip_building_tests' from command line to 'False'
[1.300s] [34mcolcon.colcon_core.verb[0m [1;30mDEBUG[0m [32mBuilding package 'test_control_pkg' with the following arguments: {'ament_cmake_args': None, 'build_base': '/home/rose/pi4b_ros2/car_ws/build/test_control_pkg', 'catkin_cmake_args': None, 'catkin_skip_building_tests': False, 'cmake_args': None, 'cmake_clean_cache': False, 'cmake_clean_first': False, 'cmake_force_configure': False, 'cmake_target': None, 'cmake_target_skip_unavailable': False, 'install_base': '/home/rose/pi4b_ros2/car_ws/install/test_control_pkg', 'merge_install': False, 'path': '/home/rose/pi4b_ros2/car_ws/src/test_control_pkg', 'symlink_install': False, 'test_result_base': None}[0m
[1.301s] [34mcolcon.colcon_core.verb[0m [1;30mLevel 5[0m set package 'yolo_counting_pkg' build argument 'cmake_args' from command line to 'None'
[1.302s] [34mcolcon.colcon_core.verb[0m [1;30mLevel 5[0m set package 'yolo_counting_pkg' build argument 'cmake_target' from command line to 'None'
[1.302s] [34mcolcon.colcon_core.verb[0m [1;30mLevel 5[0m set package 'yolo_counting_pkg' build argument 'cmake_target_skip_unavailable' from command line to 'False'
[1.302s] [34mcolcon.colcon_core.verb[0m [1;30mLevel 5[0m set package 'yolo_counting_pkg' build argument 'cmake_clean_cache' from command line to 'False'
[1.302s] [34mcolcon.colcon_core.verb[0m [1;30mLevel 5[0m set package 'yolo_counting_pkg' build argument 'cmake_clean_first' from command line to 'False'
[1.302s] [34mcolcon.colcon_core.verb[0m [1;30mLevel 5[0m set package 'yolo_counting_pkg' build argument 'cmake_force_configure' from command line to 'False'
[1.302s] [34mcolcon.colcon_core.verb[0m [1;30mLevel 5[0m set package 'yolo_counting_pkg' build argument 'ament_cmake_args' from command line to 'None'
[1.302s] [34mcolcon.colcon_core.verb[0m [1;30mLevel 5[0m set package 'yolo_counting_pkg' build argument 'catkin_cmake_args' from command line to 'None'
[1.303s] [34mcolcon.colcon_core.verb[0m [1;30mLevel 5[0m set package 'yolo_counting_pkg' build argument 'catkin_skip_building_tests' from command line to 'False'
[1.303s] [34mcolcon.colcon_core.verb[0m [1;30mDEBUG[0m [32mBuilding package 'yolo_counting_pkg' with the following arguments: {'ament_cmake_args': None, 'build_base': '/home/rose/pi4b_ros2/car_ws/build/yolo_counting_pkg', 'catkin_cmake_args': None, 'catkin_skip_building_tests': False, 'cmake_args': None, 'cmake_clean_cache': False, 'cmake_clean_first': False, 'cmake_force_configure': False, 'cmake_target': None, 'cmake_target_skip_unavailable': False, 'install_base': '/home/rose/pi4b_ros2/car_ws/install/yolo_counting_pkg', 'merge_install': False, 'path': '/home/rose/pi4b_ros2/car_ws/src/yolo_counting_pkg', 'symlink_install': False, 'test_result_base': None}[0m
[1.305s] [34mcolcon.colcon_core.verb[0m [1;30mLevel 5[0m set package 'lslidar_driver' build argument 'cmake_args' from command line to 'None'
[1.305s] [34mcolcon.colcon_core.verb[0m [1;30mLevel 5[0m set package 'lslidar_driver' build argument 'cmake_target' from command line to 'None'
[1.305s] [34mcolcon.colcon_core.verb[0m [1;30mLevel 5[0m set package 'lslidar_driver' build argument 'cmake_target_skip_unavailable' from command line to 'False'
[1.305s] [34mcolcon.colcon_core.verb[0m [1;30mLevel 5[0m set package 'lslidar_driver' build argument 'cmake_clean_cache' from command line to 'False'
[1.305s] [34mcolcon.colcon_core.verb[0m [1;30mLevel 5[0m set package 'lslidar_driver' build argument 'cmake_clean_first' from command line to 'False'
[1.305s] [34mcolcon.colcon_core.verb[0m [1;30mLevel 5[0m set package 'lslidar_driver' build argument 'cmake_force_configure' from command line to 'False'
[1.306s] [34mcolcon.colcon_core.verb[0m [1;30mLevel 5[0m set package 'lslidar_driver' build argument 'ament_cmake_args' from command line to 'None'
[1.306s] [34mcolcon.colcon_core.verb[0m [1;30mLevel 5[0m set package 'lslidar_driver' build argument 'catkin_cmake_args' from command line to 'None'
[1.306s] [34mcolcon.colcon_core.verb[0m [1;30mLevel 5[0m set package 'lslidar_driver' build argument 'catkin_skip_building_tests' from command line to 'False'
[1.306s] [34mcolcon.colcon_core.verb[0m [1;30mDEBUG[0m [32mBuilding package 'lslidar_driver' with the following arguments: {'ament_cmake_args': None, 'build_base': '/home/rose/pi4b_ros2/car_ws/build/lslidar_driver', 'catkin_cmake_args': None, 'catkin_skip_building_tests': False, 'cmake_args': None, 'cmake_clean_cache': False, 'cmake_clean_first': False, 'cmake_force_configure': False, 'cmake_target': None, 'cmake_target_skip_unavailable': False, 'install_base': '/home/rose/pi4b_ros2/car_ws/install/lslidar_driver', 'merge_install': False, 'path': '/home/rose/pi4b_ros2/car_ws/src/LSLIDAR_X_ROS2-20240228/src/lslidar_driver', 'symlink_install': False, 'test_result_base': None}[0m
[1.307s] [34mcolcon.colcon_core.verb[0m [1;30mLevel 5[0m set package 'ros2_laser_scan_matcher' build argument 'cmake_args' from command line to 'None'
[1.308s] [34mcolcon.colcon_core.verb[0m [1;30mLevel 5[0m set package 'ros2_laser_scan_matcher' build argument 'cmake_target' from command line to 'None'
[1.308s] [34mcolcon.colcon_core.verb[0m [1;30mLevel 5[0m set package 'ros2_laser_scan_matcher' build argument 'cmake_target_skip_unavailable' from command line to 'False'
[1.308s] [34mcolcon.colcon_core.verb[0m [1;30mLevel 5[0m set package 'ros2_laser_scan_matcher' build argument 'cmake_clean_cache' from command line to 'False'
[1.308s] [34mcolcon.colcon_core.verb[0m [1;30mLevel 5[0m set package 'ros2_laser_scan_matcher' build argument 'cmake_clean_first' from command line to 'False'
[1.308s] [34mcolcon.colcon_core.verb[0m [1;30mLevel 5[0m set package 'ros2_laser_scan_matcher' build argument 'cmake_force_configure' from command line to 'False'
[1.308s] [34mcolcon.colcon_core.verb[0m [1;30mLevel 5[0m set package 'ros2_laser_scan_matcher' build argument 'ament_cmake_args' from command line to 'None'
[1.308s] [34mcolcon.colcon_core.verb[0m [1;30mLevel 5[0m set package 'ros2_laser_scan_matcher' build argument 'catkin_cmake_args' from command line to 'None'
[1.308s] [34mcolcon.colcon_core.verb[0m [1;30mLevel 5[0m set package 'ros2_laser_scan_matcher' build argument 'catkin_skip_building_tests' from command line to 'False'
[1.309s] [34mcolcon.colcon_core.verb[0m [1;30mDEBUG[0m [32mBuilding package 'ros2_laser_scan_matcher' with the following arguments: {'ament_cmake_args': None, 'build_base': '/home/rose/pi4b_ros2/car_ws/build/ros2_laser_scan_matcher', 'catkin_cmake_args': None, 'catkin_skip_building_tests': False, 'cmake_args': None, 'cmake_clean_cache': False, 'cmake_clean_first': False, 'cmake_force_configure': False, 'cmake_target': None, 'cmake_target_skip_unavailable': False, 'install_base': '/home/rose/pi4b_ros2/car_ws/install/ros2_laser_scan_matcher', 'merge_install': False, 'path': '/home/rose/pi4b_ros2/car_ws/src/ros2_laser_scan_matcher', 'symlink_install': False, 'test_result_base': None}[0m
[1.309s] [34mcolcon.colcon_core.executor[0m [1;30mINFO[0m Executing jobs using 'parallel' executor
[1.313s] [34mcolcon.colcon_parallel_executor.executor.parallel[0m [1;30mDEBUG[0m [32mrun_until_complete[0m
[1.314s] [34mcolcon.colcon_ros.task.ament_cmake.build[0m [1;30mINFO[0m Building ROS package in '/home/rose/pi4b_ros2/car_ws/src/csm' with build type 'ament_cmake'
[1.315s] [34mcolcon.colcon_cmake.task.cmake.build[0m [1;30mINFO[0m Building CMake package in '/home/rose/pi4b_ros2/car_ws/src/csm'
[1.326s] [34mcolcon.colcon_core.plugin_system[0m [1;30mINFO[0m Skipping extension 'colcon_core.shell.bat': Not used on non-Windows systems
[1.327s] [34mcolcon.colcon_core.shell[0m [1;30mINFO[0m Skip shell extension 'powershell' for command environment: Not usable outside of PowerShell
[1.327s] [34mcolcon.colcon_core.shell[0m [1;30mDEBUG[0m [32mSkip shell extension 'dsv' for command environment[0m
[1.351s] [34mcolcon.colcon_ros.task.ament_cmake.build[0m [1;30mINFO[0m Building ROS package in '/home/rose/pi4b_ros2/car_ws/src/LSLIDAR_X_ROS2-20240228/src/lslidar_msgs' with build type 'ament_cmake'
[1.352s] [34mcolcon.colcon_cmake.task.cmake.build[0m [1;30mINFO[0m Building CMake package in '/home/rose/pi4b_ros2/car_ws/src/LSLIDAR_X_ROS2-20240228/src/lslidar_msgs'
[1.353s] [34mcolcon.colcon_core.shell[0m [1;30mINFO[0m Skip shell extension 'powershell' for command environment: Not usable outside of PowerShell
[1.353s] [34mcolcon.colcon_core.shell[0m [1;30mDEBUG[0m [32mSkip shell extension 'dsv' for command environment[0m
[1.379s] [34mcolcon.colcon_ros.task.ament_cmake.build[0m [1;30mINFO[0m Building ROS package in '/home/rose/pi4b_ros2/car_ws/src/bot_description' with build type 'ament_cmake'
[1.380s] [34mcolcon.colcon_cmake.task.cmake.build[0m [1;30mINFO[0m Building CMake package in '/home/rose/pi4b_ros2/car_ws/src/bot_description'
[1.381s] [34mcolcon.colcon_core.shell[0m [1;30mINFO[0m Skip shell extension 'powershell' for command environment: Not usable outside of PowerShell
[1.381s] [34mcolcon.colcon_core.shell[0m [1;30mDEBUG[0m [32mSkip shell extension 'dsv' for command environment[0m
[1.406s] [34mcolcon.colcon_ros.task.ament_cmake.build[0m [1;30mINFO[0m Building ROS package in '/home/rose/pi4b_ros2/car_ws/src/bot_navigation2' with build type 'ament_cmake'
[1.407s] [34mcolcon.colcon_cmake.task.cmake.build[0m [1;30mINFO[0m Building CMake package in '/home/rose/pi4b_ros2/car_ws/src/bot_navigation2'
[1.408s] [34mcolcon.colcon_core.shell[0m [1;30mINFO[0m Skip shell extension 'powershell' for command environment: Not usable outside of PowerShell
[1.409s] [34mcolcon.colcon_core.shell[0m [1;30mDEBUG[0m [32mSkip shell extension 'dsv' for command environment[0m
[1.472s] [34mcolcon.colcon_core.event_handler.log_command[0m [1;30mDEBUG[0m [32mInvoking command in '/home/rose/pi4b_ros2/car_ws/build/csm': CMAKE_PREFIX_PATH=${CMAKE_PREFIX_PATH}:/home/rose/pi4b_ros2/car_ws/install/yolo_counting_pkg:/home/rose/pi4b_ros2/car_ws/install/test_control_pkg:/opt/ros/humble /usr/bin/cmake --build /home/rose/pi4b_ros2/car_ws/build/csm -- -j4 -l4[0m
[1.505s] [34mcolcon.colcon_core.event_handler.log_command[0m [1;30mDEBUG[0m [32mInvoking command in '/home/rose/pi4b_ros2/car_ws/build/lslidar_msgs': CMAKE_PREFIX_PATH=${CMAKE_PREFIX_PATH}:/home/rose/pi4b_ros2/car_ws/install/yolo_counting_pkg:/home/rose/pi4b_ros2/car_ws/install/test_control_pkg:/opt/ros/humble /usr/bin/cmake --build /home/rose/pi4b_ros2/car_ws/build/lslidar_msgs -- -j4 -l4[0m
[1.522s] [34mcolcon.colcon_core.event_handler.log_command[0m [1;30mDEBUG[0m [32mInvoking command in '/home/rose/pi4b_ros2/car_ws/build/bot_description': CMAKE_PREFIX_PATH=${CMAKE_PREFIX_PATH}:/home/rose/pi4b_ros2/car_ws/install/yolo_counting_pkg:/home/rose/pi4b_ros2/car_ws/install/test_control_pkg:/opt/ros/humble /usr/bin/cmake --build /home/rose/pi4b_ros2/car_ws/build/bot_description -- -j4 -l4[0m
[1.552s] [34mcolcon.colcon_core.event_handler.log_command[0m [1;30mDEBUG[0m [32mInvoking command in '/home/rose/pi4b_ros2/car_ws/build/fishbot_navigation2': CMAKE_PREFIX_PATH=${CMAKE_PREFIX_PATH}:/home/rose/pi4b_ros2/car_ws/install/yolo_counting_pkg:/home/rose/pi4b_ros2/car_ws/install/test_control_pkg:/opt/ros/humble /usr/bin/cmake --build /home/rose/pi4b_ros2/car_ws/build/fishbot_navigation2 -- -j4 -l4[0m
[1.722s] [34mcolcon.colcon_core.event_handler.log_command[0m [1;30mDEBUG[0m [32mInvoked command in '/home/rose/pi4b_ros2/car_ws/build/bot_description' returned '0': CMAKE_PREFIX_PATH=${CMAKE_PREFIX_PATH}:/home/rose/pi4b_ros2/car_ws/install/yolo_counting_pkg:/home/rose/pi4b_ros2/car_ws/install/test_control_pkg:/opt/ros/humble /usr/bin/cmake --build /home/rose/pi4b_ros2/car_ws/build/bot_description -- -j4 -l4[0m
[1.813s] [34mcolcon.colcon_core.event_handler.log_command[0m [1;30mDEBUG[0m [32mInvoking command in '/home/rose/pi4b_ros2/car_ws/build/bot_description': CMAKE_PREFIX_PATH=${CMAKE_PREFIX_PATH}:/home/rose/pi4b_ros2/car_ws/install/yolo_counting_pkg:/home/rose/pi4b_ros2/car_ws/install/test_control_pkg:/opt/ros/humble /usr/bin/cmake --install /home/rose/pi4b_ros2/car_ws/build/bot_description[0m
[2.047s] [34mcolcon.colcon_core.environment[0m [1;30mLevel 1[0m create_environment_scripts_only(bot_description)
[2.072s] [34mcolcon.colcon_core.event_handler.log_command[0m [1;30mDEBUG[0m [32mInvoked command in '/home/rose/pi4b_ros2/car_ws/build/bot_description' returned '0': CMAKE_PREFIX_PATH=${CMAKE_PREFIX_PATH}:/home/rose/pi4b_ros2/car_ws/install/yolo_counting_pkg:/home/rose/pi4b_ros2/car_ws/install/test_control_pkg:/opt/ros/humble /usr/bin/cmake --install /home/rose/pi4b_ros2/car_ws/build/bot_description[0m
[2.078s] [34mcolcon.colcon_core.environment[0m [1;30mLevel 1[0m checking '/home/rose/pi4b_ros2/car_ws/install/bot_description' for CMake module files
[2.096s] [34mcolcon.colcon_core.environment[0m [1;30mLevel 1[0m checking '/home/rose/pi4b_ros2/car_ws/install/bot_description' for CMake config files
[2.116s] [34mcolcon.colcon_core.shell[0m [1;30mLevel 1[0m create_environment_hook('bot_description', 'cmake_prefix_path')
[2.126s] [34mcolcon.colcon_core.shell[0m [1;30mINFO[0m Creating environment hook '/home/rose/pi4b_ros2/car_ws/install/bot_description/share/bot_description/hook/cmake_prefix_path.ps1'
[2.132s] [34mcolcon.colcon_core.shell[0m [1;30mINFO[0m Creating environment descriptor '/home/rose/pi4b_ros2/car_ws/install/bot_description/share/bot_description/hook/cmake_prefix_path.dsv'
[2.141s] [34mcolcon.colcon_core.shell[0m [1;30mINFO[0m Creating environment hook '/home/rose/pi4b_ros2/car_ws/install/bot_description/share/bot_description/hook/cmake_prefix_path.sh'
[2.157s] [34mcolcon.colcon_core.environment[0m [1;30mLevel 1[0m checking '/home/rose/pi4b_ros2/car_ws/install/bot_description/bin'
[2.158s] [34mcolcon.colcon_core.environment[0m [1;30mLevel 1[0m checking '/home/rose/pi4b_ros2/car_ws/install/bot_description/lib/pkgconfig/bot_description.pc'
[2.160s] [34mcolcon.colcon_core.environment[0m [1;30mLevel 1[0m checking '/home/rose/pi4b_ros2/car_ws/install/bot_description/lib/python3.10/site-packages'
[2.165s] [34mcolcon.colcon_core.environment[0m [1;30mLevel 1[0m checking '/home/rose/pi4b_ros2/car_ws/install/bot_description/bin'
[2.176s] [34mcolcon.colcon_core.shell[0m [1;30mINFO[0m Creating package script '/home/rose/pi4b_ros2/car_ws/install/bot_description/share/bot_description/package.ps1'
[2.205s] [34mcolcon.colcon_core.shell[0m [1;30mINFO[0m Creating package descriptor '/home/rose/pi4b_ros2/car_ws/install/bot_description/share/bot_description/package.dsv'
[2.217s] [34mcolcon.colcon_core.shell[0m [1;30mINFO[0m Creating package script '/home/rose/pi4b_ros2/car_ws/install/bot_description/share/bot_description/package.sh'
[2.236s] [34mcolcon.colcon_core.shell[0m [1;30mINFO[0m Creating package script '/home/rose/pi4b_ros2/car_ws/install/bot_description/share/bot_description/package.bash'
[2.259s] [34mcolcon.colcon_core.shell[0m [1;30mINFO[0m Creating package script '/home/rose/pi4b_ros2/car_ws/install/bot_description/share/bot_description/package.zsh'
[2.279s] [34mcolcon.colcon_core.environment[0m [1;30mLevel 1[0m create_file_with_runtime_dependencies(/home/rose/pi4b_ros2/car_ws/install/bot_description/share/colcon-core/packages/bot_description)
[2.285s] [34mcolcon.colcon_core.environment[0m [1;30mLevel 1[0m create_environment_scripts_only(bot_description)
[2.287s] [34mcolcon.colcon_core.environment[0m [1;30mLevel 1[0m checking '/home/rose/pi4b_ros2/car_ws/install/bot_description' for CMake module files
[2.294s] [34mcolcon.colcon_core.environment[0m [1;30mLevel 1[0m checking '/home/rose/pi4b_ros2/car_ws/install/bot_description' for CMake config files
[2.300s] [34mcolcon.colcon_core.shell[0m [1;30mLevel 1[0m create_environment_hook('bot_description', 'cmake_prefix_path')
[2.301s] [34mcolcon.colcon_core.shell[0m [1;30mINFO[0m Creating environment hook '/home/rose/pi4b_ros2/car_ws/install/bot_description/share/bot_description/hook/cmake_prefix_path.ps1'
[2.306s] [34mcolcon.colcon_core.shell[0m [1;30mINFO[0m Creating environment descriptor '/home/rose/pi4b_ros2/car_ws/install/bot_description/share/bot_description/hook/cmake_prefix_path.dsv'
[2.311s] [34mcolcon.colcon_core.shell[0m [1;30mINFO[0m Creating environment hook '/home/rose/pi4b_ros2/car_ws/install/bot_description/share/bot_description/hook/cmake_prefix_path.sh'
[2.317s] [34mcolcon.colcon_core.environment[0m [1;30mLevel 1[0m checking '/home/rose/pi4b_ros2/car_ws/install/bot_description/bin'
[2.318s] [34mcolcon.colcon_core.environment[0m [1;30mLevel 1[0m checking '/home/rose/pi4b_ros2/car_ws/install/bot_description/lib/pkgconfig/bot_description.pc'
[2.320s] [34mcolcon.colcon_core.environment[0m [1;30mLevel 1[0m checking '/home/rose/pi4b_ros2/car_ws/install/bot_description/lib/python3.10/site-packages'
[2.323s] [34mcolcon.colcon_core.environment[0m [1;30mLevel 1[0m checking '/home/rose/pi4b_ros2/car_ws/install/bot_description/bin'
[2.325s] [34mcolcon.colcon_core.shell[0m [1;30mINFO[0m Creating package script '/home/rose/pi4b_ros2/car_ws/install/bot_description/share/bot_description/package.ps1'
[2.332s] [34mcolcon.colcon_core.shell[0m [1;30mINFO[0m Creating package descriptor '/home/rose/pi4b_ros2/car_ws/install/bot_description/share/bot_description/package.dsv'
[2.338s] [34mcolcon.colcon_core.shell[0m [1;30mINFO[0m Creating package script '/home/rose/pi4b_ros2/car_ws/install/bot_description/share/bot_description/package.sh'
[2.344s] [34mcolcon.colcon_core.shell[0m [1;30mINFO[0m Creating package script '/home/rose/pi4b_ros2/car_ws/install/bot_description/share/bot_description/package.bash'
[2.349s] [34mcolcon.colcon_core.shell[0m [1;30mINFO[0m Creating package script '/home/rose/pi4b_ros2/car_ws/install/bot_description/share/bot_description/package.zsh'
[2.355s] [34mcolcon.colcon_core.environment[0m [1;30mLevel 1[0m create_file_with_runtime_dependencies(/home/rose/pi4b_ros2/car_ws/install/bot_description/share/colcon-core/packages/bot_description)
[2.366s] [34mcolcon.colcon_ros.task.ament_python.build[0m [1;30mINFO[0m Building ROS package in '/home/rose/pi4b_ros2/car_ws/src/test_control_pkg' with build type 'ament_python'
[2.368s] [34mcolcon.colcon_core.shell[0m [1;30mLevel 1[0m create_environment_hook('test_control_pkg', 'ament_prefix_path')
[2.370s] [34mcolcon.colcon_core.shell[0m [1;30mINFO[0m Creating environment hook '/home/rose/pi4b_ros2/car_ws/install/test_control_pkg/share/test_control_pkg/hook/ament_prefix_path.ps1'
[2.375s] [34mcolcon.colcon_core.shell[0m [1;30mINFO[0m Creating environment descriptor '/home/rose/pi4b_ros2/car_ws/install/test_control_pkg/share/test_control_pkg/hook/ament_prefix_path.dsv'
[2.380s] [34mcolcon.colcon_core.shell[0m [1;30mINFO[0m Creating environment hook '/home/rose/pi4b_ros2/car_ws/install/test_control_pkg/share/test_control_pkg/hook/ament_prefix_path.sh'
[2.386s] [34mcolcon.colcon_core.shell[0m [1;30mINFO[0m Skip shell extension 'powershell' for command environment: Not usable outside of PowerShell
[2.393s] [34mcolcon.colcon_core.shell[0m [1;30mDEBUG[0m [32mSkip shell extension 'dsv' for command environment[0m
[4.287s] [34mcolcon.colcon_core.task.python.build[0m [1;30mINFO[0m Building Python package in '/home/rose/pi4b_ros2/car_ws/src/test_control_pkg'
[4.288s] [34mcolcon.colcon_core.shell[0m [1;30mINFO[0m Skip shell extension 'powershell' for command environment: Not usable outside of PowerShell
[4.288s] [34mcolcon.colcon_core.shell[0m [1;30mDEBUG[0m [32mSkip shell extension 'dsv' for command environment[0m
[4.318s] [34mcolcon.colcon_core.event_handler.log_command[0m [1;30mDEBUG[0m [32mInvoked command in '/home/rose/pi4b_ros2/car_ws/build/csm' returned '0': CMAKE_PREFIX_PATH=${CMAKE_PREFIX_PATH}:/home/rose/pi4b_ros2/car_ws/install/yolo_counting_pkg:/home/rose/pi4b_ros2/car_ws/install/test_control_pkg:/opt/ros/humble /usr/bin/cmake --build /home/rose/pi4b_ros2/car_ws/build/csm -- -j4 -l4[0m
[4.323s] [34mcolcon.colcon_core.event_handler.log_command[0m [1;30mDEBUG[0m [32mInvoking command in '/home/rose/pi4b_ros2/car_ws/build/csm': CMAKE_PREFIX_PATH=${CMAKE_PREFIX_PATH}:/home/rose/pi4b_ros2/car_ws/install/yolo_counting_pkg:/home/rose/pi4b_ros2/car_ws/install/test_control_pkg:/opt/ros/humble /usr/bin/cmake --install /home/rose/pi4b_ros2/car_ws/build/csm[0m
[4.335s] [34mcolcon.colcon_core.event_handler.log_command[0m [1;30mDEBUG[0m [32mInvoked command in '/home/rose/pi4b_ros2/car_ws/build/fishbot_navigation2' returned '2': CMAKE_PREFIX_PATH=${CMAKE_PREFIX_PATH}:/home/rose/pi4b_ros2/car_ws/install/yolo_counting_pkg:/home/rose/pi4b_ros2/car_ws/install/test_control_pkg:/opt/ros/humble /usr/bin/cmake --build /home/rose/pi4b_ros2/car_ws/build/fishbot_navigation2 -- -j4 -l4[0m
[4.339s] [34mcolcon.colcon_core.environment[0m [1;30mLevel 1[0m create_environment_scripts_only(fishbot_navigation2)
[4.341s] [34mcolcon.colcon_core.environment[0m [1;30mLevel 1[0m checking '/home/rose/pi4b_ros2/car_ws/install/fishbot_navigation2' for CMake module files
[4.345s] [34mcolcon.colcon_core.environment[0m [1;30mLevel 1[0m checking '/home/rose/pi4b_ros2/car_ws/install/fishbot_navigation2' for CMake config files
[4.349s] [34mcolcon.colcon_core.shell[0m [1;30mLevel 1[0m create_environment_hook('fishbot_navigation2', 'cmake_prefix_path')
[4.351s] [34mcolcon.colcon_core.shell[0m [1;30mINFO[0m Creating environment hook '/home/rose/pi4b_ros2/car_ws/install/fishbot_navigation2/share/fishbot_navigation2/hook/cmake_prefix_path.ps1'
[4.355s] [34mcolcon.colcon_core.shell[0m [1;30mINFO[0m Creating environment descriptor '/home/rose/pi4b_ros2/car_ws/install/fishbot_navigation2/share/fishbot_navigation2/hook/cmake_prefix_path.dsv'
[4.358s] [34mcolcon.colcon_core.shell[0m [1;30mINFO[0m Creating environment hook '/home/rose/pi4b_ros2/car_ws/install/fishbot_navigation2/share/fishbot_navigation2/hook/cmake_prefix_path.sh'
[4.363s] [34mcolcon.colcon_core.environment[0m [1;30mLevel 1[0m checking '/home/rose/pi4b_ros2/car_ws/install/fishbot_navigation2/bin'
[4.376s] [34mcolcon.colcon_core.environment[0m [1;30mLevel 1[0m checking '/home/rose/pi4b_ros2/car_ws/install/fishbot_navigation2/lib/pkgconfig/fishbot_navigation2.pc'
[4.378s] [34mcolcon.colcon_core.environment[0m [1;30mLevel 1[0m checking '/home/rose/pi4b_ros2/car_ws/install/fishbot_navigation2/lib/python3.10/site-packages'
[4.381s] [34mcolcon.colcon_core.environment[0m [1;30mLevel 1[0m checking '/home/rose/pi4b_ros2/car_ws/install/fishbot_navigation2/bin'
[4.384s] [34mcolcon.colcon_core.shell[0m [1;30mINFO[0m Creating package script '/home/rose/pi4b_ros2/car_ws/install/fishbot_navigation2/share/fishbot_navigation2/package.ps1'
[4.392s] [34mcolcon.colcon_core.shell[0m [1;30mINFO[0m Creating package descriptor '/home/rose/pi4b_ros2/car_ws/install/fishbot_navigation2/share/fishbot_navigation2/package.dsv'
[4.401s] [34mcolcon.colcon_core.shell[0m [1;30mINFO[0m Creating package script '/home/rose/pi4b_ros2/car_ws/install/fishbot_navigation2/share/fishbot_navigation2/package.sh'
[4.410s] [34mcolcon.colcon_core.shell[0m [1;30mINFO[0m Creating package script '/home/rose/pi4b_ros2/car_ws/install/fishbot_navigation2/share/fishbot_navigation2/package.bash'
[4.414s] [34mcolcon.colcon_core.shell[0m [1;30mINFO[0m Creating package script '/home/rose/pi4b_ros2/car_ws/install/fishbot_navigation2/share/fishbot_navigation2/package.zsh'
[4.417s] [34mcolcon.colcon_core.environment[0m [1;30mLevel 1[0m create_file_with_runtime_dependencies(/home/rose/pi4b_ros2/car_ws/install/fishbot_navigation2/share/colcon-core/packages/fishbot_navigation2)
[4.964s] [34mcolcon.colcon_parallel_executor.executor.parallel[0m [1;30mDEBUG[0m [32mclosing loop[0m
[4.965s] [34mcolcon.colcon_parallel_executor.executor.parallel[0m [1;30mDEBUG[0m [32mloop closed[0m
[4.965s] [34mcolcon.colcon_parallel_executor.executor.parallel[0m [1;30mDEBUG[0m [32mrun_until_complete finished with '2'[0m
[4.966s] [34mcolcon.colcon_core.event_reactor[0m [1;30mDEBUG[0m [32mjoining thread[0m
[4.992s] [34mcolcon.colcon_core.plugin_system[0m [1;30mINFO[0m Skipping extension 'colcon_notification.desktop_notification.terminal_notifier': Not used on non-Darwin systems
[4.992s] [34mcolcon.colcon_core.plugin_system[0m [1;30mINFO[0m Skipping extension 'colcon_notification.desktop_notification.win32': Not used on non-Windows systems
[4.993s] [34mcolcon.colcon_notification.desktop_notification[0m [1;30mINFO[0m Sending desktop notification using 'notify2'
[4.998s] [34mcolcon.colcon_notification.desktop_notification.notify2[0m [1;30mDEBUG[0m [32mFailed to initialize notify2: org.freedesktop.DBus.Error.ServiceUnknown: The name org.freedesktop.Notifications was not provided by any .service files[0m
[4.998s] [34mcolcon.colcon_core.event_reactor[0m [1;30mDEBUG[0m [32mjoined thread[0m
[5.000s] [34mcolcon.colcon_core.shell[0m [1;30mINFO[0m Creating prefix script '/home/rose/pi4b_ros2/car_ws/install/local_setup.ps1'
[5.004s] [34mcolcon.colcon_core.shell[0m [1;30mINFO[0m Creating prefix util module '/home/rose/pi4b_ros2/car_ws/install/_local_setup_util_ps1.py'
[5.012s] [34mcolcon.colcon_core.shell[0m [1;30mINFO[0m Creating prefix chain script '/home/rose/pi4b_ros2/car_ws/install/setup.ps1'
[5.020s] [34mcolcon.colcon_core.shell[0m [1;30mINFO[0m Creating prefix script '/home/rose/pi4b_ros2/car_ws/install/local_setup.sh'
[5.023s] [34mcolcon.colcon_core.shell[0m [1;30mINFO[0m Creating prefix util module '/home/rose/pi4b_ros2/car_ws/install/_local_setup_util_sh.py'
[5.026s] [34mcolcon.colcon_core.shell[0m [1;30mINFO[0m Creating prefix chain script '/home/rose/pi4b_ros2/car_ws/install/setup.sh'
[5.033s] [34mcolcon.colcon_core.shell[0m [1;30mINFO[0m Creating prefix script '/home/rose/pi4b_ros2/car_ws/install/local_setup.bash'
[5.035s] [34mcolcon.colcon_core.shell[0m [1;30mINFO[0m Creating prefix chain script '/home/rose/pi4b_ros2/car_ws/install/setup.bash'
[5.043s] [34mcolcon.colcon_core.shell[0m [1;30mINFO[0m Creating prefix script '/home/rose/pi4b_ros2/car_ws/install/local_setup.zsh'
[5.046s] [34mcolcon.colcon_core.shell[0m [1;30mINFO[0m Creating prefix chain script '/home/rose/pi4b_ros2/car_ws/install/setup.zsh'
