[0.071s] Invoking command in '/home/rose/pi4b_ros2/car_ws/build/bot_localization': CMAKE_PREFIX_PATH=${CMAKE_PREFIX_PATH}:/home/rose/pi4b_ros2/car_ws/install/yolo_counting_pkg:/home/rose/pi4b_ros2/car_ws/install/test_control_pkg:/home/rose/pi4b_ros2/car_ws/install/bot_application:/opt/ros/humble /usr/bin/cmake --build /home/rose/pi4b_ros2/car_ws/build/bot_localization -- -j4 -l4
[0.341s] Invoked command in '/home/rose/pi4b_ros2/car_ws/build/bot_localization' returned '0': CMAKE_PREFIX_PATH=${CMAKE_PREFIX_PATH}:/home/rose/pi4b_ros2/car_ws/install/yolo_counting_pkg:/home/rose/pi4b_ros2/car_ws/install/test_control_pkg:/home/rose/pi4b_ros2/car_ws/install/bot_application:/opt/ros/humble /usr/bin/cmake --build /home/rose/pi4b_ros2/car_ws/build/bot_localization -- -j4 -l4
[0.344s] Invoking command in '/home/rose/pi4b_ros2/car_ws/build/bot_localization': CMAKE_PREFIX_PATH=${CMAKE_PREFIX_PATH}:/home/rose/pi4b_ros2/car_ws/install/yolo_counting_pkg:/home/rose/pi4b_ros2/car_ws/install/test_control_pkg:/home/rose/pi4b_ros2/car_ws/install/bot_application:/opt/ros/humble /usr/bin/cmake --install /home/rose/pi4b_ros2/car_ws/build/bot_localization
[0.393s] -- Install configuration: "Release"
[0.394s] -- Up-to-date: /home/rose/pi4b_ros2/car_ws/install/bot_localization/share/bot_localization/launch
[0.395s] -- Up-to-date: /home/rose/pi4b_ros2/car_ws/install/bot_localization/share/bot_localization/launch/localization.launch.py
[0.396s] -- Up-to-date: /home/rose/pi4b_ros2/car_ws/install/bot_localization/share/bot_localization/config
[0.398s] -- Up-to-date: /home/rose/pi4b_ros2/car_ws/install/bot_localization/share/bot_localization/config/ekf.yaml
[0.400s] -- Up-to-date: /home/rose/pi4b_ros2/car_ws/install/bot_localization/share/ament_index/resource_index/package_run_dependencies/bot_localization
[0.401s] -- Up-to-date: /home/rose/pi4b_ros2/car_ws/install/bot_localization/share/ament_index/resource_index/parent_prefix_path/bot_localization
[0.403s] -- Up-to-date: /home/rose/pi4b_ros2/car_ws/install/bot_localization/share/bot_localization/environment/ament_prefix_path.sh
[0.405s] -- Up-to-date: /home/rose/pi4b_ros2/car_ws/install/bot_localization/share/bot_localization/environment/ament_prefix_path.dsv
[0.407s] -- Up-to-date: /home/rose/pi4b_ros2/car_ws/install/bot_localization/share/bot_localization/environment/path.sh
[0.408s] -- Up-to-date: /home/rose/pi4b_ros2/car_ws/install/bot_localization/share/bot_localization/environment/path.dsv
[0.410s] -- Up-to-date: /home/rose/pi4b_ros2/car_ws/install/bot_localization/share/bot_localization/local_setup.bash
[0.412s] -- Up-to-date: /home/rose/pi4b_ros2/car_ws/install/bot_localization/share/bot_localization/local_setup.sh
[0.413s] -- Up-to-date: /home/rose/pi4b_ros2/car_ws/install/bot_localization/share/bot_localization/local_setup.zsh
[0.415s] -- Up-to-date: /home/rose/pi4b_ros2/car_ws/install/bot_localization/share/bot_localization/local_setup.dsv
[0.418s] -- Installing: /home/rose/pi4b_ros2/car_ws/install/bot_localization/share/bot_localization/package.dsv
[0.422s] -- Up-to-date: /home/rose/pi4b_ros2/car_ws/install/bot_localization/share/ament_index/resource_index/packages/bot_localization
[0.423s] -- Up-to-date: /home/rose/pi4b_ros2/car_ws/install/bot_localization/share/bot_localization/cmake/ament_cmake_export_dependencies-extras.cmake
[0.425s] -- Up-to-date: /home/rose/pi4b_ros2/car_ws/install/bot_localization/share/bot_localization/cmake/bot_localizationConfig.cmake
[0.427s] -- Up-to-date: /home/rose/pi4b_ros2/car_ws/install/bot_localization/share/bot_localization/cmake/bot_localizationConfig-version.cmake
[0.428s] -- Up-to-date: /home/rose/pi4b_ros2/car_ws/install/bot_localization/share/bot_localization/package.xml
[0.460s] Invoked command in '/home/rose/pi4b_ros2/car_ws/build/bot_localization' returned '0': CMAKE_PREFIX_PATH=${CMAKE_PREFIX_PATH}:/home/rose/pi4b_ros2/car_ws/install/yolo_counting_pkg:/home/rose/pi4b_ros2/car_ws/install/test_control_pkg:/home/rose/pi4b_ros2/car_ws/install/bot_application:/opt/ros/humble /usr/bin/cmake --install /home/rose/pi4b_ros2/car_ws/build/bot_localization
