[1.308s] Invoking command in '/home/rose/pi4b_ros2/car_ws/build/ros2_laser_scan_matcher': CMAKE_PREFIX_PATH=/home/rose/pi4b_ros2/car_ws/install/csm:/home/rose/pi4b_ros2/car_ws/install/bot_navigation2:/home/rose/pi4b_ros2/car_ws/install/ros2_laser_scan_matcher:/home/rose/pi4b_ros2/car_ws/install/lslidar_driver:/home/rose/pi4b_ros2/car_ws/install/lslidar_msgs:/home/rose/pi4b_ros2/car_ws/install/bot_description:/home/rose/pi4b_ros2/car_ws/install/yolo_counting_pkg:/home/rose/pi4b_ros2/car_ws/install/test_control_pkg:/opt/ros/humble LD_LIBRARY_PATH=/home/rose/pi4b_ros2/car_ws/install/csm/lib:/home/rose/pi4b_ros2/car_ws/install/lslidar_msgs/lib:/opt/ros/humble/opt/rviz_ogre_vendor/lib:/opt/ros/humble/lib/aarch64-linux-gnu:/opt/ros/humble/lib /usr/bin/cmake --build /home/rose/pi4b_ros2/car_ws/build/ros2_laser_scan_matcher -- -j4 -l4
[2.186s] [100%] Built target laser_scan_matcher
[2.396s] Invoked command in '/home/rose/pi4b_ros2/car_ws/build/ros2_laser_scan_matcher' returned '0': CMAKE_PREFIX_PATH=/home/rose/pi4b_ros2/car_ws/install/csm:/home/rose/pi4b_ros2/car_ws/install/bot_navigation2:/home/rose/pi4b_ros2/car_ws/install/ros2_laser_scan_matcher:/home/rose/pi4b_ros2/car_ws/install/lslidar_driver:/home/rose/pi4b_ros2/car_ws/install/lslidar_msgs:/home/rose/pi4b_ros2/car_ws/install/bot_description:/home/rose/pi4b_ros2/car_ws/install/yolo_counting_pkg:/home/rose/pi4b_ros2/car_ws/install/test_control_pkg:/opt/ros/humble LD_LIBRARY_PATH=/home/rose/pi4b_ros2/car_ws/install/csm/lib:/home/rose/pi4b_ros2/car_ws/install/lslidar_msgs/lib:/opt/ros/humble/opt/rviz_ogre_vendor/lib:/opt/ros/humble/lib/aarch64-linux-gnu:/opt/ros/humble/lib /usr/bin/cmake --build /home/rose/pi4b_ros2/car_ws/build/ros2_laser_scan_matcher -- -j4 -l4
[2.398s] Invoking command in '/home/rose/pi4b_ros2/car_ws/build/ros2_laser_scan_matcher': CMAKE_PREFIX_PATH=/home/rose/pi4b_ros2/car_ws/install/csm:/home/rose/pi4b_ros2/car_ws/install/bot_navigation2:/home/rose/pi4b_ros2/car_ws/install/ros2_laser_scan_matcher:/home/rose/pi4b_ros2/car_ws/install/lslidar_driver:/home/rose/pi4b_ros2/car_ws/install/lslidar_msgs:/home/rose/pi4b_ros2/car_ws/install/bot_description:/home/rose/pi4b_ros2/car_ws/install/yolo_counting_pkg:/home/rose/pi4b_ros2/car_ws/install/test_control_pkg:/opt/ros/humble LD_LIBRARY_PATH=/home/rose/pi4b_ros2/car_ws/install/csm/lib:/home/rose/pi4b_ros2/car_ws/install/lslidar_msgs/lib:/opt/ros/humble/opt/rviz_ogre_vendor/lib:/opt/ros/humble/lib/aarch64-linux-gnu:/opt/ros/humble/lib /usr/bin/cmake --install /home/rose/pi4b_ros2/car_ws/build/ros2_laser_scan_matcher
[2.478s] -- Install configuration: ""
[2.482s] -- Up-to-date: /home/rose/pi4b_ros2/car_ws/install/ros2_laser_scan_matcher/lib/ros2_laser_scan_matcher/laser_scan_matcher
[2.488s] -- Up-to-date: /home/rose/pi4b_ros2/car_ws/install/ros2_laser_scan_matcher/share/ament_index/resource_index/package_run_dependencies/ros2_laser_scan_matcher
[2.492s] -- Up-to-date: /home/rose/pi4b_ros2/car_ws/install/ros2_laser_scan_matcher/share/ament_index/resource_index/parent_prefix_path/ros2_laser_scan_matcher
[2.496s] -- Up-to-date: /home/rose/pi4b_ros2/car_ws/install/ros2_laser_scan_matcher/share/ros2_laser_scan_matcher/environment/ament_prefix_path.sh
[2.500s] -- Up-to-date: /home/rose/pi4b_ros2/car_ws/install/ros2_laser_scan_matcher/share/ros2_laser_scan_matcher/environment/ament_prefix_path.dsv
[2.503s] -- Up-to-date: /home/rose/pi4b_ros2/car_ws/install/ros2_laser_scan_matcher/share/ros2_laser_scan_matcher/environment/path.sh
[2.507s] -- Up-to-date: /home/rose/pi4b_ros2/car_ws/install/ros2_laser_scan_matcher/share/ros2_laser_scan_matcher/environment/path.dsv
[2.510s] -- Up-to-date: /home/rose/pi4b_ros2/car_ws/install/ros2_laser_scan_matcher/share/ros2_laser_scan_matcher/local_setup.bash
[2.513s] -- Up-to-date: /home/rose/pi4b_ros2/car_ws/install/ros2_laser_scan_matcher/share/ros2_laser_scan_matcher/local_setup.sh
[2.517s] -- Up-to-date: /home/rose/pi4b_ros2/car_ws/install/ros2_laser_scan_matcher/share/ros2_laser_scan_matcher/local_setup.zsh
[2.520s] -- Up-to-date: /home/rose/pi4b_ros2/car_ws/install/ros2_laser_scan_matcher/share/ros2_laser_scan_matcher/local_setup.dsv
[2.523s] -- Installing: /home/rose/pi4b_ros2/car_ws/install/ros2_laser_scan_matcher/share/ros2_laser_scan_matcher/package.dsv
[2.536s] -- Up-to-date: /home/rose/pi4b_ros2/car_ws/install/ros2_laser_scan_matcher/share/ament_index/resource_index/packages/ros2_laser_scan_matcher
[2.539s] -- Up-to-date: /home/rose/pi4b_ros2/car_ws/install/ros2_laser_scan_matcher/share/ros2_laser_scan_matcher/cmake/ros2_laser_scan_matcherConfig.cmake
[2.542s] -- Up-to-date: /home/rose/pi4b_ros2/car_ws/install/ros2_laser_scan_matcher/share/ros2_laser_scan_matcher/cmake/ros2_laser_scan_matcherConfig-version.cmake
[2.547s] -- Up-to-date: /home/rose/pi4b_ros2/car_ws/install/ros2_laser_scan_matcher/share/ros2_laser_scan_matcher/package.xml
[2.559s] Invoked command in '/home/rose/pi4b_ros2/car_ws/build/ros2_laser_scan_matcher' returned '0': CMAKE_PREFIX_PATH=/home/rose/pi4b_ros2/car_ws/install/csm:/home/rose/pi4b_ros2/car_ws/install/bot_navigation2:/home/rose/pi4b_ros2/car_ws/install/ros2_laser_scan_matcher:/home/rose/pi4b_ros2/car_ws/install/lslidar_driver:/home/rose/pi4b_ros2/car_ws/install/lslidar_msgs:/home/rose/pi4b_ros2/car_ws/install/bot_description:/home/rose/pi4b_ros2/car_ws/install/yolo_counting_pkg:/home/rose/pi4b_ros2/car_ws/install/test_control_pkg:/opt/ros/humble LD_LIBRARY_PATH=/home/rose/pi4b_ros2/car_ws/install/csm/lib:/home/rose/pi4b_ros2/car_ws/install/lslidar_msgs/lib:/opt/ros/humble/opt/rviz_ogre_vendor/lib:/opt/ros/humble/lib/aarch64-linux-gnu:/opt/ros/humble/lib /usr/bin/cmake --install /home/rose/pi4b_ros2/car_ws/build/ros2_laser_scan_matcher
