[5.317s] Invoking command in '/home/rose/pi4b_ros2/car_ws/src/bot_application': PYTHONPATH=/home/rose/pi4b_ros2/car_ws/build/bot_application/prefix_override:/usr/lib/python3/dist-packages/colcon_core/task/python/colcon_distutils_commands:/home/rose/pi4b_ros2/car_ws/install/bot_application/lib/python3.10/site-packages:${PYTHONPATH} /usr/bin/python3 -W ignore:setup.py install is deprecated -W ignore:easy_install command is deprecated setup.py egg_info --egg-base ../../build/bot_application build --build-base /home/rose/pi4b_ros2/car_ws/build/bot_application/build install --record /home/rose/pi4b_ros2/car_ws/build/bot_application/install.log --single-version-externally-managed install_data
[7.064s] /home/rose/.local/lib/python3.10/site-packages/setuptools/_distutils/dist.py:287: UserWarning: Unknown distribution option: 'tests_require'
[7.064s]   warnings.warn(msg)
[8.614s] running egg_info
[8.883s] writing ../../build/bot_application/bot_application.egg-info/PKG-INFO
[9.028s] writing dependency_links to ../../build/bot_application/bot_application.egg-info/dependency_links.txt
[9.029s] writing entry points to ../../build/bot_application/bot_application.egg-info/entry_points.txt
[9.031s] writing requirements to ../../build/bot_application/bot_application.egg-info/requires.txt
[9.031s] writing top-level names to ../../build/bot_application/bot_application.egg-info/top_level.txt
[9.496s] reading manifest file '../../build/bot_application/bot_application.egg-info/SOURCES.txt'
[9.506s] writing manifest file '../../build/bot_application/bot_application.egg-info/SOURCES.txt'
[9.508s] running build
[9.511s] running build_py
[9.512s] copying bot_application/get_cost.py -> /home/rose/pi4b_ros2/car_ws/build/bot_application/build/lib/bot_application
[9.527s] copying bot_application/get_robot_pose.py -> /home/rose/pi4b_ros2/car_ws/build/bot_application/build/lib/bot_application
[9.530s] copying bot_application/waypoint_cost_calculator.py -> /home/rose/pi4b_ros2/car_ws/build/bot_application/build/lib/bot_application
[9.531s] copying bot_application/__init__.py -> /home/rose/pi4b_ros2/car_ws/build/bot_application/build/lib/bot_application
[9.531s] copying bot_application/nav_through_pose.py -> /home/rose/pi4b_ros2/car_ws/build/bot_application/build/lib/bot_application
[9.532s] copying bot_application/waypoint_follower.py -> /home/rose/pi4b_ros2/car_ws/build/bot_application/build/lib/bot_application
[9.536s] copying bot_application/nav_to_pose.py -> /home/rose/pi4b_ros2/car_ws/build/bot_application/build/lib/bot_application
[9.537s] copying bot_application/init_robot_pose.py -> /home/rose/pi4b_ros2/car_ws/build/bot_application/build/lib/bot_application
[9.550s] running install
[9.566s] running install_lib
[9.742s] copying /home/rose/pi4b_ros2/car_ws/build/bot_application/build/lib/bot_application/waypoint_cost_calculator.py -> /home/rose/pi4b_ros2/car_ws/install/bot_application/lib/python3.10/site-packages/bot_application
[9.751s] byte-compiling /home/rose/pi4b_ros2/car_ws/install/bot_application/lib/python3.10/site-packages/bot_application/waypoint_cost_calculator.py to waypoint_cost_calculator.cpython-310.pyc
[9.762s] running install_data
[9.765s] copying resource/bot_application -> /home/rose/pi4b_ros2/car_ws/install/bot_application/share/ament_index/resource_index/packages
[9.778s] copying package.xml -> /home/rose/pi4b_ros2/car_ws/install/bot_application/share/bot_application
[9.779s] running install_egg_info
[9.951s] removing '/home/rose/pi4b_ros2/car_ws/install/bot_application/lib/python3.10/site-packages/bot_application-0.0.0-py3.10.egg-info' (and everything under it)
[9.966s] Copying ../../build/bot_application/bot_application.egg-info to /home/rose/pi4b_ros2/car_ws/install/bot_application/lib/python3.10/site-packages/bot_application-0.0.0-py3.10.egg-info
[9.969s] running install_scripts
[10.324s] Installing init_robot_pose script to /home/rose/pi4b_ros2/car_ws/install/bot_application/lib/bot_application
[10.327s] Installing nav_through_pose script to /home/rose/pi4b_ros2/car_ws/install/bot_application/lib/bot_application
[10.328s] Installing waypoint_cost_calculator script to /home/rose/pi4b_ros2/car_ws/install/bot_application/lib/bot_application
[10.330s] Installing waypoint_follower script to /home/rose/pi4b_ros2/car_ws/install/bot_application/lib/bot_application
[10.353s] writing list of installed files to '/home/rose/pi4b_ros2/car_ws/build/bot_application/install.log'
[10.526s] Invoked command in '/home/rose/pi4b_ros2/car_ws/src/bot_application' returned '0': PYTHONPATH=/home/rose/pi4b_ros2/car_ws/build/bot_application/prefix_override:/usr/lib/python3/dist-packages/colcon_core/task/python/colcon_distutils_commands:/home/rose/pi4b_ros2/car_ws/install/bot_application/lib/python3.10/site-packages:${PYTHONPATH} /usr/bin/python3 -W ignore:setup.py install is deprecated -W ignore:easy_install command is deprecated setup.py egg_info --egg-base ../../build/bot_application build --build-base /home/rose/pi4b_ros2/car_ws/build/bot_application/build install --record /home/rose/pi4b_ros2/car_ws/build/bot_application/install.log --single-version-externally-managed install_data
