[0.136s] Invoking command in '/home/rose/pi4b_ros2/car_ws/build/lslidar_msgs': CMAKE_PREFIX_PATH=${CMAKE_PREFIX_PATH}:/home/rose/pi4b_ros2/car_ws/install/yolo_counting_pkg:/home/rose/pi4b_ros2/car_ws/install/test_control_pkg:/opt/ros/humble /usr/bin/cmake --build /home/rose/pi4b_ros2/car_ws/build/lslidar_msgs -- -j4 -l4
[0.781s] [  1%] Built target lslidar_msgs__cpp
[0.805s] [ 12%] Built target lslidar_msgs__rosidl_generator_c
[1.138s] [ 12%] Built target ament_cmake_python_copy_lslidar_msgs
[1.185s] [ 23%] Built target lslidar_msgs__rosidl_typesupport_introspection_cpp
[1.250s] [ 34%] Built target lslidar_msgs__rosidl_typesupport_fastrtps_cpp
[1.261s] [ 46%] Built target lslidar_msgs__rosidl_typesupport_cpp
[1.461s] [ 57%] Built target lslidar_msgs__rosidl_typesupport_c
[1.530s] [ 68%] Built target lslidar_msgs__rosidl_typesupport_fastrtps_c
[1.577s] [ 79%] Built target lslidar_msgs__rosidl_typesupport_introspection_c
[2.010s] [ 79%] Built target lslidar_msgs
[2.193s] [ 80%] Built target lslidar_msgs__py
[2.400s] [ 90%] Built target lslidar_msgs__rosidl_generator_py
[2.759s] [ 93%] Built target lslidar_msgs__rosidl_typesupport_introspection_c__pyext
[2.807s] [ 96%] Built target lslidar_msgs__rosidl_typesupport_fastrtps_c__pyext
[2.808s] [100%] Built target lslidar_msgs__rosidl_typesupport_c__pyext
[4.003s] running egg_info
[4.173s] writing lslidar_msgs.egg-info/PKG-INFO
[4.180s] writing dependency_links to lslidar_msgs.egg-info/dependency_links.txt
[4.184s] writing top-level names to lslidar_msgs.egg-info/top_level.txt
[4.815s] reading manifest file 'lslidar_msgs.egg-info/SOURCES.txt'
[4.832s] writing manifest file 'lslidar_msgs.egg-info/SOURCES.txt'
[5.078s] [100%] Built target ament_cmake_python_build_lslidar_msgs_egg
[6.246s] Invoked command in '/home/rose/pi4b_ros2/car_ws/build/lslidar_msgs' returned '0': CMAKE_PREFIX_PATH=${CMAKE_PREFIX_PATH}:/home/rose/pi4b_ros2/car_ws/install/yolo_counting_pkg:/home/rose/pi4b_ros2/car_ws/install/test_control_pkg:/opt/ros/humble /usr/bin/cmake --build /home/rose/pi4b_ros2/car_ws/build/lslidar_msgs -- -j4 -l4
[6.270s] Invoking command in '/home/rose/pi4b_ros2/car_ws/build/lslidar_msgs': CMAKE_PREFIX_PATH=${CMAKE_PREFIX_PATH}:/home/rose/pi4b_ros2/car_ws/install/yolo_counting_pkg:/home/rose/pi4b_ros2/car_ws/install/test_control_pkg:/opt/ros/humble /usr/bin/cmake --install /home/rose/pi4b_ros2/car_ws/build/lslidar_msgs
[6.334s] -- Install configuration: "Release"
[6.338s] -- Up-to-date: /home/rose/pi4b_ros2/car_ws/install/lslidar_msgs/share/ament_index/resource_index/rosidl_interfaces/lslidar_msgs
[6.342s] -- Up-to-date: /home/rose/pi4b_ros2/car_ws/install/lslidar_msgs/include/lslidar_msgs/lslidar_msgs
[6.351s] -- Up-to-date: /home/rose/pi4b_ros2/car_ws/install/lslidar_msgs/include/lslidar_msgs/lslidar_msgs/msg
[6.355s] -- Up-to-date: /home/rose/pi4b_ros2/car_ws/install/lslidar_msgs/include/lslidar_msgs/lslidar_msgs/msg/lslidar_point.h
[6.357s] -- Up-to-date: /home/rose/pi4b_ros2/car_ws/install/lslidar_msgs/include/lslidar_msgs/lslidar_msgs/msg/rosidl_generator_c__visibility_control.h
[6.360s] -- Up-to-date: /home/rose/pi4b_ros2/car_ws/install/lslidar_msgs/include/lslidar_msgs/lslidar_msgs/msg/lslidar_sweep.h
[6.362s] -- Up-to-date: /home/rose/pi4b_ros2/car_ws/install/lslidar_msgs/include/lslidar_msgs/lslidar_msgs/msg/lslidar_difop.h
[6.363s] -- Up-to-date: /home/rose/pi4b_ros2/car_ws/install/lslidar_msgs/include/lslidar_msgs/lslidar_msgs/msg/lslidar_scan.h
[6.365s] -- Up-to-date: /home/rose/pi4b_ros2/car_ws/install/lslidar_msgs/include/lslidar_msgs/lslidar_msgs/msg/detail
[6.368s] -- Up-to-date: /home/rose/pi4b_ros2/car_ws/install/lslidar_msgs/include/lslidar_msgs/lslidar_msgs/msg/detail/lslidar_packet__type_support.h
[6.370s] -- Up-to-date: /home/rose/pi4b_ros2/car_ws/install/lslidar_msgs/include/lslidar_msgs/lslidar_msgs/msg/detail/lslidar_scan__struct.h
[6.372s] -- Up-to-date: /home/rose/pi4b_ros2/car_ws/install/lslidar_msgs/include/lslidar_msgs/lslidar_msgs/msg/detail/lslidar_sweep__functions.c
[6.373s] -- Up-to-date: /home/rose/pi4b_ros2/car_ws/install/lslidar_msgs/include/lslidar_msgs/lslidar_msgs/msg/detail/lslidar_sweep__type_support.h
[6.375s] -- Up-to-date: /home/rose/pi4b_ros2/car_ws/install/lslidar_msgs/include/lslidar_msgs/lslidar_msgs/msg/detail/lslidar_difop__functions.c
[6.377s] -- Up-to-date: /home/rose/pi4b_ros2/car_ws/install/lslidar_msgs/include/lslidar_msgs/lslidar_msgs/msg/detail/lslidar_packet__struct.h
[6.378s] -- Up-to-date: /home/rose/pi4b_ros2/car_ws/install/lslidar_msgs/include/lslidar_msgs/lslidar_msgs/msg/detail/lslidar_packet__functions.c
[6.380s] -- Up-to-date: /home/rose/pi4b_ros2/car_ws/install/lslidar_msgs/include/lslidar_msgs/lslidar_msgs/msg/detail/lslidar_sweep__functions.h
[6.382s] -- Up-to-date: /home/rose/pi4b_ros2/car_ws/install/lslidar_msgs/include/lslidar_msgs/lslidar_msgs/msg/detail/lslidar_difop__functions.h
[6.383s] -- Up-to-date: /home/rose/pi4b_ros2/car_ws/install/lslidar_msgs/include/lslidar_msgs/lslidar_msgs/msg/detail/lslidar_point__functions.c
[6.385s] -- Up-to-date: /home/rose/pi4b_ros2/car_ws/install/lslidar_msgs/include/lslidar_msgs/lslidar_msgs/msg/detail/lslidar_sweep__struct.h
[6.386s] -- Up-to-date: /home/rose/pi4b_ros2/car_ws/install/lslidar_msgs/include/lslidar_msgs/lslidar_msgs/msg/detail/lslidar_scan__functions.h
[6.388s] -- Up-to-date: /home/rose/pi4b_ros2/car_ws/install/lslidar_msgs/include/lslidar_msgs/lslidar_msgs/msg/detail/lslidar_point__type_support.h
[6.392s] -- Up-to-date: /home/rose/pi4b_ros2/car_ws/install/lslidar_msgs/include/lslidar_msgs/lslidar_msgs/msg/detail/lslidar_packet__functions.h
[6.393s] -- Up-to-date: /home/rose/pi4b_ros2/car_ws/install/lslidar_msgs/include/lslidar_msgs/lslidar_msgs/msg/detail/lslidar_difop__type_support.h
[6.393s] -- Up-to-date: /home/rose/pi4b_ros2/car_ws/install/lslidar_msgs/include/lslidar_msgs/lslidar_msgs/msg/detail/lslidar_difop__struct.h
[6.399s] -- Up-to-date: /home/rose/pi4b_ros2/car_ws/install/lslidar_msgs/include/lslidar_msgs/lslidar_msgs/msg/detail/lslidar_point__struct.h
[6.399s] -- Up-to-date: /home/rose/pi4b_ros2/car_ws/install/lslidar_msgs/include/lslidar_msgs/lslidar_msgs/msg/detail/lslidar_point__functions.h
[6.399s] -- Up-to-date: /home/rose/pi4b_ros2/car_ws/install/lslidar_msgs/include/lslidar_msgs/lslidar_msgs/msg/detail/lslidar_scan__functions.c
[6.407s] -- Up-to-date: /home/rose/pi4b_ros2/car_ws/install/lslidar_msgs/include/lslidar_msgs/lslidar_msgs/msg/detail/lslidar_scan__type_support.h
[6.408s] -- Up-to-date: /home/rose/pi4b_ros2/car_ws/install/lslidar_msgs/include/lslidar_msgs/lslidar_msgs/msg/lslidar_packet.h
[6.408s] -- Up-to-date: /home/rose/pi4b_ros2/car_ws/install/lslidar_msgs/share/lslidar_msgs/environment/library_path.sh
[6.409s] -- Up-to-date: /home/rose/pi4b_ros2/car_ws/install/lslidar_msgs/share/lslidar_msgs/environment/library_path.dsv
[6.409s] -- Up-to-date: /home/rose/pi4b_ros2/car_ws/install/lslidar_msgs/lib/liblslidar_msgs__rosidl_generator_c.so
[6.411s] -- Up-to-date: /home/rose/pi4b_ros2/car_ws/install/lslidar_msgs/include/lslidar_msgs/lslidar_msgs
[6.413s] -- Up-to-date: /home/rose/pi4b_ros2/car_ws/install/lslidar_msgs/include/lslidar_msgs/lslidar_msgs/msg
[6.415s] -- Up-to-date: /home/rose/pi4b_ros2/car_ws/install/lslidar_msgs/include/lslidar_msgs/lslidar_msgs/msg/detail
[6.417s] -- Up-to-date: /home/rose/pi4b_ros2/car_ws/install/lslidar_msgs/include/lslidar_msgs/lslidar_msgs/msg/detail/lslidar_difop__rosidl_typesupport_fastrtps_c.h
[6.418s] -- Up-to-date: /home/rose/pi4b_ros2/car_ws/install/lslidar_msgs/include/lslidar_msgs/lslidar_msgs/msg/detail/lslidar_sweep__rosidl_typesupport_fastrtps_c.h
[6.420s] -- Up-to-date: /home/rose/pi4b_ros2/car_ws/install/lslidar_msgs/include/lslidar_msgs/lslidar_msgs/msg/detail/lslidar_packet__rosidl_typesupport_fastrtps_c.h
[6.422s] -- Up-to-date: /home/rose/pi4b_ros2/car_ws/install/lslidar_msgs/include/lslidar_msgs/lslidar_msgs/msg/detail/lslidar_scan__rosidl_typesupport_fastrtps_c.h
[6.424s] -- Up-to-date: /home/rose/pi4b_ros2/car_ws/install/lslidar_msgs/include/lslidar_msgs/lslidar_msgs/msg/detail/lslidar_point__rosidl_typesupport_fastrtps_c.h
[6.425s] -- Up-to-date: /home/rose/pi4b_ros2/car_ws/install/lslidar_msgs/include/lslidar_msgs/lslidar_msgs/msg/rosidl_typesupport_fastrtps_c__visibility_control.h
[6.428s] -- Up-to-date: /home/rose/pi4b_ros2/car_ws/install/lslidar_msgs/lib/liblslidar_msgs__rosidl_typesupport_fastrtps_c.so
[6.432s] -- Up-to-date: /home/rose/pi4b_ros2/car_ws/install/lslidar_msgs/include/lslidar_msgs/lslidar_msgs
[6.433s] -- Up-to-date: /home/rose/pi4b_ros2/car_ws/install/lslidar_msgs/include/lslidar_msgs/lslidar_msgs/msg
[6.435s] -- Up-to-date: /home/rose/pi4b_ros2/car_ws/install/lslidar_msgs/include/lslidar_msgs/lslidar_msgs/msg/rosidl_generator_cpp__visibility_control.hpp
[6.439s] -- Up-to-date: /home/rose/pi4b_ros2/car_ws/install/lslidar_msgs/include/lslidar_msgs/lslidar_msgs/msg/lslidar_sweep.hpp
[6.441s] -- Up-to-date: /home/rose/pi4b_ros2/car_ws/install/lslidar_msgs/include/lslidar_msgs/lslidar_msgs/msg/lslidar_difop.hpp
[6.442s] -- Up-to-date: /home/rose/pi4b_ros2/car_ws/install/lslidar_msgs/include/lslidar_msgs/lslidar_msgs/msg/detail
[6.444s] -- Up-to-date: /home/rose/pi4b_ros2/car_ws/install/lslidar_msgs/include/lslidar_msgs/lslidar_msgs/msg/detail/lslidar_difop__traits.hpp
[6.446s] -- Up-to-date: /home/rose/pi4b_ros2/car_ws/install/lslidar_msgs/include/lslidar_msgs/lslidar_msgs/msg/detail/lslidar_scan__struct.hpp
[6.447s] -- Up-to-date: /home/rose/pi4b_ros2/car_ws/install/lslidar_msgs/include/lslidar_msgs/lslidar_msgs/msg/detail/lslidar_difop__struct.hpp
[6.450s] -- Up-to-date: /home/rose/pi4b_ros2/car_ws/install/lslidar_msgs/include/lslidar_msgs/lslidar_msgs/msg/detail/lslidar_point__traits.hpp
[6.452s] -- Up-to-date: /home/rose/pi4b_ros2/car_ws/install/lslidar_msgs/include/lslidar_msgs/lslidar_msgs/msg/detail/lslidar_difop__type_support.hpp
[6.454s] -- Up-to-date: /home/rose/pi4b_ros2/car_ws/install/lslidar_msgs/include/lslidar_msgs/lslidar_msgs/msg/detail/lslidar_packet__struct.hpp
[6.456s] -- Up-to-date: /home/rose/pi4b_ros2/car_ws/install/lslidar_msgs/include/lslidar_msgs/lslidar_msgs/msg/detail/lslidar_packet__type_support.hpp
[6.457s] -- Up-to-date: /home/rose/pi4b_ros2/car_ws/install/lslidar_msgs/include/lslidar_msgs/lslidar_msgs/msg/detail/lslidar_sweep__struct.hpp
[6.461s] -- Up-to-date: /home/rose/pi4b_ros2/car_ws/install/lslidar_msgs/include/lslidar_msgs/lslidar_msgs/msg/detail/lslidar_point__builder.hpp
[6.461s] -- Up-to-date: /home/rose/pi4b_ros2/car_ws/install/lslidar_msgs/include/lslidar_msgs/lslidar_msgs/msg/detail/lslidar_scan__type_support.hpp
[6.462s] -- Up-to-date: /home/rose/pi4b_ros2/car_ws/install/lslidar_msgs/include/lslidar_msgs/lslidar_msgs/msg/detail/lslidar_sweep__traits.hpp
[6.465s] -- Up-to-date: /home/rose/pi4b_ros2/car_ws/install/lslidar_msgs/include/lslidar_msgs/lslidar_msgs/msg/detail/lslidar_packet__builder.hpp
[6.465s] -- Up-to-date: /home/rose/pi4b_ros2/car_ws/install/lslidar_msgs/include/lslidar_msgs/lslidar_msgs/msg/detail/lslidar_packet__traits.hpp
[6.466s] -- Up-to-date: /home/rose/pi4b_ros2/car_ws/install/lslidar_msgs/include/lslidar_msgs/lslidar_msgs/msg/detail/lslidar_sweep__type_support.hpp
[6.466s] -- Up-to-date: /home/rose/pi4b_ros2/car_ws/install/lslidar_msgs/include/lslidar_msgs/lslidar_msgs/msg/detail/lslidar_difop__builder.hpp
[6.470s] -- Up-to-date: /home/rose/pi4b_ros2/car_ws/install/lslidar_msgs/include/lslidar_msgs/lslidar_msgs/msg/detail/lslidar_point__struct.hpp
[6.471s] -- Up-to-date: /home/rose/pi4b_ros2/car_ws/install/lslidar_msgs/include/lslidar_msgs/lslidar_msgs/msg/detail/lslidar_scan__builder.hpp
[6.471s] -- Up-to-date: /home/rose/pi4b_ros2/car_ws/install/lslidar_msgs/include/lslidar_msgs/lslidar_msgs/msg/detail/lslidar_scan__traits.hpp
[6.472s] -- Up-to-date: /home/rose/pi4b_ros2/car_ws/install/lslidar_msgs/include/lslidar_msgs/lslidar_msgs/msg/detail/lslidar_sweep__builder.hpp
[6.472s] -- Up-to-date: /home/rose/pi4b_ros2/car_ws/install/lslidar_msgs/include/lslidar_msgs/lslidar_msgs/msg/detail/lslidar_point__type_support.hpp
[6.477s] -- Up-to-date: /home/rose/pi4b_ros2/car_ws/install/lslidar_msgs/include/lslidar_msgs/lslidar_msgs/msg/lslidar_point.hpp
[6.478s] -- Up-to-date: /home/rose/pi4b_ros2/car_ws/install/lslidar_msgs/include/lslidar_msgs/lslidar_msgs/msg/lslidar_packet.hpp
[6.478s] -- Up-to-date: /home/rose/pi4b_ros2/car_ws/install/lslidar_msgs/include/lslidar_msgs/lslidar_msgs/msg/lslidar_scan.hpp
[6.479s] -- Up-to-date: /home/rose/pi4b_ros2/car_ws/install/lslidar_msgs/include/lslidar_msgs/lslidar_msgs
[6.479s] -- Up-to-date: /home/rose/pi4b_ros2/car_ws/install/lslidar_msgs/include/lslidar_msgs/lslidar_msgs/msg
[6.480s] -- Up-to-date: /home/rose/pi4b_ros2/car_ws/install/lslidar_msgs/include/lslidar_msgs/lslidar_msgs/msg/rosidl_typesupport_fastrtps_cpp__visibility_control.h
[6.486s] -- Up-to-date: /home/rose/pi4b_ros2/car_ws/install/lslidar_msgs/include/lslidar_msgs/lslidar_msgs/msg/detail
[6.487s] -- Up-to-date: /home/rose/pi4b_ros2/car_ws/install/lslidar_msgs/include/lslidar_msgs/lslidar_msgs/msg/detail/lslidar_difop__rosidl_typesupport_fastrtps_cpp.hpp
[6.488s] -- Up-to-date: /home/rose/pi4b_ros2/car_ws/install/lslidar_msgs/include/lslidar_msgs/lslidar_msgs/msg/detail/lslidar_point__rosidl_typesupport_fastrtps_cpp.hpp
[6.489s] -- Up-to-date: /home/rose/pi4b_ros2/car_ws/install/lslidar_msgs/include/lslidar_msgs/lslidar_msgs/msg/detail/lslidar_sweep__rosidl_typesupport_fastrtps_cpp.hpp
[6.489s] -- Up-to-date: /home/rose/pi4b_ros2/car_ws/install/lslidar_msgs/include/lslidar_msgs/lslidar_msgs/msg/detail/lslidar_scan__rosidl_typesupport_fastrtps_cpp.hpp
[6.490s] -- Up-to-date: /home/rose/pi4b_ros2/car_ws/install/lslidar_msgs/include/lslidar_msgs/lslidar_msgs/msg/detail/dds_fastrtps
[6.491s] -- Up-to-date: /home/rose/pi4b_ros2/car_ws/install/lslidar_msgs/include/lslidar_msgs/lslidar_msgs/msg/detail/lslidar_packet__rosidl_typesupport_fastrtps_cpp.hpp
[6.491s] -- Up-to-date: /home/rose/pi4b_ros2/car_ws/install/lslidar_msgs/lib/liblslidar_msgs__rosidl_typesupport_fastrtps_cpp.so
[6.499s] -- Up-to-date: /home/rose/pi4b_ros2/car_ws/install/lslidar_msgs/include/lslidar_msgs/lslidar_msgs
[6.504s] -- Up-to-date: /home/rose/pi4b_ros2/car_ws/install/lslidar_msgs/include/lslidar_msgs/lslidar_msgs/msg
[6.509s] -- Up-to-date: /home/rose/pi4b_ros2/car_ws/install/lslidar_msgs/include/lslidar_msgs/lslidar_msgs/msg/detail
[6.514s] -- Up-to-date: /home/rose/pi4b_ros2/car_ws/install/lslidar_msgs/include/lslidar_msgs/lslidar_msgs/msg/detail/lslidar_scan__type_support.c
[6.518s] -- Up-to-date: /home/rose/pi4b_ros2/car_ws/install/lslidar_msgs/include/lslidar_msgs/lslidar_msgs/msg/detail/lslidar_difop__type_support.c
[6.522s] -- Up-to-date: /home/rose/pi4b_ros2/car_ws/install/lslidar_msgs/include/lslidar_msgs/lslidar_msgs/msg/detail/lslidar_sweep__rosidl_typesupport_introspection_c.h
[6.526s] -- Up-to-date: /home/rose/pi4b_ros2/car_ws/install/lslidar_msgs/include/lslidar_msgs/lslidar_msgs/msg/detail/lslidar_scan__rosidl_typesupport_introspection_c.h
[6.530s] -- Up-to-date: /home/rose/pi4b_ros2/car_ws/install/lslidar_msgs/include/lslidar_msgs/lslidar_msgs/msg/detail/lslidar_point__type_support.c
[6.533s] -- Up-to-date: /home/rose/pi4b_ros2/car_ws/install/lslidar_msgs/include/lslidar_msgs/lslidar_msgs/msg/detail/lslidar_packet__type_support.c
[6.539s] -- Up-to-date: /home/rose/pi4b_ros2/car_ws/install/lslidar_msgs/include/lslidar_msgs/lslidar_msgs/msg/detail/lslidar_difop__rosidl_typesupport_introspection_c.h
[6.546s] -- Up-to-date: /home/rose/pi4b_ros2/car_ws/install/lslidar_msgs/include/lslidar_msgs/lslidar_msgs/msg/detail/lslidar_point__rosidl_typesupport_introspection_c.h
[6.552s] -- Up-to-date: /home/rose/pi4b_ros2/car_ws/install/lslidar_msgs/include/lslidar_msgs/lslidar_msgs/msg/detail/lslidar_packet__rosidl_typesupport_introspection_c.h
[6.561s] -- Up-to-date: /home/rose/pi4b_ros2/car_ws/install/lslidar_msgs/include/lslidar_msgs/lslidar_msgs/msg/detail/lslidar_sweep__type_support.c
[6.568s] -- Up-to-date: /home/rose/pi4b_ros2/car_ws/install/lslidar_msgs/include/lslidar_msgs/lslidar_msgs/msg/rosidl_typesupport_introspection_c__visibility_control.h
[6.573s] -- Up-to-date: /home/rose/pi4b_ros2/car_ws/install/lslidar_msgs/lib/liblslidar_msgs__rosidl_typesupport_introspection_c.so
[6.577s] -- Up-to-date: /home/rose/pi4b_ros2/car_ws/install/lslidar_msgs/lib/liblslidar_msgs__rosidl_typesupport_c.so
[6.579s] -- Up-to-date: /home/rose/pi4b_ros2/car_ws/install/lslidar_msgs/include/lslidar_msgs/lslidar_msgs
[6.585s] -- Up-to-date: /home/rose/pi4b_ros2/car_ws/install/lslidar_msgs/include/lslidar_msgs/lslidar_msgs/msg
[6.596s] -- Up-to-date: /home/rose/pi4b_ros2/car_ws/install/lslidar_msgs/include/lslidar_msgs/lslidar_msgs/msg/detail
[6.599s] -- Up-to-date: /home/rose/pi4b_ros2/car_ws/install/lslidar_msgs/include/lslidar_msgs/lslidar_msgs/msg/detail/lslidar_packet__rosidl_typesupport_introspection_cpp.hpp
[6.603s] -- Up-to-date: /home/rose/pi4b_ros2/car_ws/install/lslidar_msgs/include/lslidar_msgs/lslidar_msgs/msg/detail/lslidar_difop__type_support.cpp
[6.610s] -- Up-to-date: /home/rose/pi4b_ros2/car_ws/install/lslidar_msgs/include/lslidar_msgs/lslidar_msgs/msg/detail/lslidar_packet__type_support.cpp
[6.614s] -- Up-to-date: /home/rose/pi4b_ros2/car_ws/install/lslidar_msgs/include/lslidar_msgs/lslidar_msgs/msg/detail/lslidar_point__type_support.cpp
[6.622s] -- Up-to-date: /home/rose/pi4b_ros2/car_ws/install/lslidar_msgs/include/lslidar_msgs/lslidar_msgs/msg/detail/lslidar_difop__rosidl_typesupport_introspection_cpp.hpp
[6.634s] -- Up-to-date: /home/rose/pi4b_ros2/car_ws/install/lslidar_msgs/include/lslidar_msgs/lslidar_msgs/msg/detail/lslidar_point__rosidl_typesupport_introspection_cpp.hpp
[6.638s] -- Up-to-date: /home/rose/pi4b_ros2/car_ws/install/lslidar_msgs/include/lslidar_msgs/lslidar_msgs/msg/detail/lslidar_scan__type_support.cpp
[6.651s] -- Up-to-date: /home/rose/pi4b_ros2/car_ws/install/lslidar_msgs/include/lslidar_msgs/lslidar_msgs/msg/detail/lslidar_scan__rosidl_typesupport_introspection_cpp.hpp
[6.664s] -- Up-to-date: /home/rose/pi4b_ros2/car_ws/install/lslidar_msgs/include/lslidar_msgs/lslidar_msgs/msg/detail/lslidar_sweep__type_support.cpp
[6.670s] -- Up-to-date: /home/rose/pi4b_ros2/car_ws/install/lslidar_msgs/include/lslidar_msgs/lslidar_msgs/msg/detail/lslidar_sweep__rosidl_typesupport_introspection_cpp.hpp
[6.677s] -- Up-to-date: /home/rose/pi4b_ros2/car_ws/install/lslidar_msgs/lib/liblslidar_msgs__rosidl_typesupport_introspection_cpp.so
[6.687s] -- Up-to-date: /home/rose/pi4b_ros2/car_ws/install/lslidar_msgs/lib/liblslidar_msgs__rosidl_typesupport_cpp.so
[6.692s] -- Up-to-date: /home/rose/pi4b_ros2/car_ws/install/lslidar_msgs/share/lslidar_msgs/environment/pythonpath.sh
[6.699s] -- Up-to-date: /home/rose/pi4b_ros2/car_ws/install/lslidar_msgs/share/lslidar_msgs/environment/pythonpath.dsv
[6.703s] -- Up-to-date: /home/rose/pi4b_ros2/car_ws/install/lslidar_msgs/local/lib/python3.10/dist-packages/lslidar_msgs-1.2.0-py3.10.egg-info
[6.707s] -- Installing: /home/rose/pi4b_ros2/car_ws/install/lslidar_msgs/local/lib/python3.10/dist-packages/lslidar_msgs-1.2.0-py3.10.egg-info/PKG-INFO
[6.721s] -- Installing: /home/rose/pi4b_ros2/car_ws/install/lslidar_msgs/local/lib/python3.10/dist-packages/lslidar_msgs-1.2.0-py3.10.egg-info/top_level.txt
[6.730s] -- Installing: /home/rose/pi4b_ros2/car_ws/install/lslidar_msgs/local/lib/python3.10/dist-packages/lslidar_msgs-1.2.0-py3.10.egg-info/dependency_links.txt
[6.736s] -- Installing: /home/rose/pi4b_ros2/car_ws/install/lslidar_msgs/local/lib/python3.10/dist-packages/lslidar_msgs-1.2.0-py3.10.egg-info/SOURCES.txt
[6.737s] -- Up-to-date: /home/rose/pi4b_ros2/car_ws/install/lslidar_msgs/local/lib/python3.10/dist-packages/lslidar_msgs
[6.738s] -- Up-to-date: /home/rose/pi4b_ros2/car_ws/install/lslidar_msgs/local/lib/python3.10/dist-packages/lslidar_msgs/liblslidar_msgs__rosidl_generator_py.so
[6.739s] -- Up-to-date: /home/rose/pi4b_ros2/car_ws/install/lslidar_msgs/local/lib/python3.10/dist-packages/lslidar_msgs/lslidar_msgs_s__rosidl_typesupport_fastrtps_c.cpython-310-aarch64-linux-gnu.so
[6.776s] -- Up-to-date: /home/rose/pi4b_ros2/car_ws/install/lslidar_msgs/local/lib/python3.10/dist-packages/lslidar_msgs/msg
[6.777s] -- Up-to-date: /home/rose/pi4b_ros2/car_ws/install/lslidar_msgs/local/lib/python3.10/dist-packages/lslidar_msgs/msg/_lslidar_packet.py
[6.778s] -- Up-to-date: /home/rose/pi4b_ros2/car_ws/install/lslidar_msgs/local/lib/python3.10/dist-packages/lslidar_msgs/msg/_lslidar_difop.py
[6.779s] -- Up-to-date: /home/rose/pi4b_ros2/car_ws/install/lslidar_msgs/local/lib/python3.10/dist-packages/lslidar_msgs/msg/_lslidar_scan.py
[6.792s] -- Up-to-date: /home/rose/pi4b_ros2/car_ws/install/lslidar_msgs/local/lib/python3.10/dist-packages/lslidar_msgs/msg/__init__.py
[6.793s] -- Up-to-date: /home/rose/pi4b_ros2/car_ws/install/lslidar_msgs/local/lib/python3.10/dist-packages/lslidar_msgs/msg/_lslidar_packet_s.c
[6.794s] -- Up-to-date: /home/rose/pi4b_ros2/car_ws/install/lslidar_msgs/local/lib/python3.10/dist-packages/lslidar_msgs/msg/_lslidar_point.py
[6.794s] -- Up-to-date: /home/rose/pi4b_ros2/car_ws/install/lslidar_msgs/local/lib/python3.10/dist-packages/lslidar_msgs/msg/_lslidar_sweep_s.c
[6.795s] -- Up-to-date: /home/rose/pi4b_ros2/car_ws/install/lslidar_msgs/local/lib/python3.10/dist-packages/lslidar_msgs/msg/_lslidar_difop_s.c
[6.819s] -- Up-to-date: /home/rose/pi4b_ros2/car_ws/install/lslidar_msgs/local/lib/python3.10/dist-packages/lslidar_msgs/msg/_lslidar_point_s.c
[6.829s] -- Up-to-date: /home/rose/pi4b_ros2/car_ws/install/lslidar_msgs/local/lib/python3.10/dist-packages/lslidar_msgs/msg/_lslidar_sweep.py
[6.837s] -- Up-to-date: /home/rose/pi4b_ros2/car_ws/install/lslidar_msgs/local/lib/python3.10/dist-packages/lslidar_msgs/msg/_lslidar_scan_s.c
[6.841s] -- Up-to-date: /home/rose/pi4b_ros2/car_ws/install/lslidar_msgs/local/lib/python3.10/dist-packages/lslidar_msgs/lslidar_msgs_s__rosidl_typesupport_c.cpython-310-aarch64-linux-gnu.so
[6.846s] -- Up-to-date: /home/rose/pi4b_ros2/car_ws/install/lslidar_msgs/local/lib/python3.10/dist-packages/lslidar_msgs/_lslidar_msgs_s.ep.rosidl_typesupport_introspection_c.c
[6.850s] -- Up-to-date: /home/rose/pi4b_ros2/car_ws/install/lslidar_msgs/local/lib/python3.10/dist-packages/lslidar_msgs/_lslidar_msgs_s.ep.rosidl_typesupport_c.c
[6.854s] -- Up-to-date: /home/rose/pi4b_ros2/car_ws/install/lslidar_msgs/local/lib/python3.10/dist-packages/lslidar_msgs/_lslidar_msgs_s.ep.rosidl_typesupport_fastrtps_c.c
[6.858s] -- Up-to-date: /home/rose/pi4b_ros2/car_ws/install/lslidar_msgs/local/lib/python3.10/dist-packages/lslidar_msgs/__init__.py
[6.862s] -- Up-to-date: /home/rose/pi4b_ros2/car_ws/install/lslidar_msgs/local/lib/python3.10/dist-packages/lslidar_msgs/lslidar_msgs_s__rosidl_typesupport_introspection_c.cpython-310-aarch64-linux-gnu.so
[7.124s] Listing '/home/rose/pi4b_ros2/car_ws/install/lslidar_msgs/local/lib/python3.10/dist-packages/lslidar_msgs'...
[7.130s] Listing '/home/rose/pi4b_ros2/car_ws/install/lslidar_msgs/local/lib/python3.10/dist-packages/lslidar_msgs/msg'...
[7.196s] -- Up-to-date: /home/rose/pi4b_ros2/car_ws/install/lslidar_msgs/local/lib/python3.10/dist-packages/lslidar_msgs/lslidar_msgs_s__rosidl_typesupport_fastrtps_c.cpython-310-aarch64-linux-gnu.so
[7.226s] -- Up-to-date: /home/rose/pi4b_ros2/car_ws/install/lslidar_msgs/local/lib/python3.10/dist-packages/lslidar_msgs/lslidar_msgs_s__rosidl_typesupport_introspection_c.cpython-310-aarch64-linux-gnu.so
[7.227s] -- Up-to-date: /home/rose/pi4b_ros2/car_ws/install/lslidar_msgs/local/lib/python3.10/dist-packages/lslidar_msgs/lslidar_msgs_s__rosidl_typesupport_c.cpython-310-aarch64-linux-gnu.so
[7.228s] -- Up-to-date: /home/rose/pi4b_ros2/car_ws/install/lslidar_msgs/lib/liblslidar_msgs__rosidl_generator_py.so
[7.230s] -- Up-to-date: /home/rose/pi4b_ros2/car_ws/install/lslidar_msgs/share/lslidar_msgs/msg/LslidarDifop.idl
[7.231s] -- Up-to-date: /home/rose/pi4b_ros2/car_ws/install/lslidar_msgs/share/lslidar_msgs/msg/LslidarPacket.idl
[7.231s] -- Up-to-date: /home/rose/pi4b_ros2/car_ws/install/lslidar_msgs/share/lslidar_msgs/msg/LslidarPoint.idl
[7.232s] -- Up-to-date: /home/rose/pi4b_ros2/car_ws/install/lslidar_msgs/share/lslidar_msgs/msg/LslidarScan.idl
[7.233s] -- Up-to-date: /home/rose/pi4b_ros2/car_ws/install/lslidar_msgs/share/lslidar_msgs/msg/LslidarSweep.idl
[7.233s] -- Up-to-date: /home/rose/pi4b_ros2/car_ws/install/lslidar_msgs/share/lslidar_msgs/msg/LslidarDifop.msg
[7.234s] -- Up-to-date: /home/rose/pi4b_ros2/car_ws/install/lslidar_msgs/share/lslidar_msgs/msg/LslidarPacket.msg
[7.234s] -- Up-to-date: /home/rose/pi4b_ros2/car_ws/install/lslidar_msgs/share/lslidar_msgs/msg/LslidarPoint.msg
[7.235s] -- Up-to-date: /home/rose/pi4b_ros2/car_ws/install/lslidar_msgs/share/lslidar_msgs/msg/LslidarScan.msg
[7.236s] -- Up-to-date: /home/rose/pi4b_ros2/car_ws/install/lslidar_msgs/share/lslidar_msgs/msg/LslidarSweep.msg
[7.236s] -- Up-to-date: /home/rose/pi4b_ros2/car_ws/install/lslidar_msgs/share/ament_index/resource_index/package_run_dependencies/lslidar_msgs
[7.256s] -- Up-to-date: /home/rose/pi4b_ros2/car_ws/install/lslidar_msgs/share/ament_index/resource_index/parent_prefix_path/lslidar_msgs
[7.257s] -- Up-to-date: /home/rose/pi4b_ros2/car_ws/install/lslidar_msgs/share/lslidar_msgs/environment/ament_prefix_path.sh
[7.258s] -- Up-to-date: /home/rose/pi4b_ros2/car_ws/install/lslidar_msgs/share/lslidar_msgs/environment/ament_prefix_path.dsv
[7.258s] -- Up-to-date: /home/rose/pi4b_ros2/car_ws/install/lslidar_msgs/share/lslidar_msgs/environment/path.sh
[7.259s] -- Up-to-date: /home/rose/pi4b_ros2/car_ws/install/lslidar_msgs/share/lslidar_msgs/environment/path.dsv
[7.275s] -- Up-to-date: /home/rose/pi4b_ros2/car_ws/install/lslidar_msgs/share/lslidar_msgs/local_setup.bash
[7.280s] -- Up-to-date: /home/rose/pi4b_ros2/car_ws/install/lslidar_msgs/share/lslidar_msgs/local_setup.sh
[7.283s] -- Up-to-date: /home/rose/pi4b_ros2/car_ws/install/lslidar_msgs/share/lslidar_msgs/local_setup.zsh
[7.289s] -- Up-to-date: /home/rose/pi4b_ros2/car_ws/install/lslidar_msgs/share/lslidar_msgs/local_setup.dsv
[7.291s] -- Installing: /home/rose/pi4b_ros2/car_ws/install/lslidar_msgs/share/lslidar_msgs/package.dsv
[7.337s] -- Up-to-date: /home/rose/pi4b_ros2/car_ws/install/lslidar_msgs/share/ament_index/resource_index/packages/lslidar_msgs
[7.350s] -- Up-to-date: /home/rose/pi4b_ros2/car_ws/install/lslidar_msgs/share/lslidar_msgs/cmake/export_lslidar_msgs__rosidl_generator_cExport.cmake
[7.351s] -- Up-to-date: /home/rose/pi4b_ros2/car_ws/install/lslidar_msgs/share/lslidar_msgs/cmake/export_lslidar_msgs__rosidl_generator_cExport-release.cmake
[7.352s] -- Up-to-date: /home/rose/pi4b_ros2/car_ws/install/lslidar_msgs/share/lslidar_msgs/cmake/export_lslidar_msgs__rosidl_typesupport_fastrtps_cExport.cmake
[7.352s] -- Up-to-date: /home/rose/pi4b_ros2/car_ws/install/lslidar_msgs/share/lslidar_msgs/cmake/export_lslidar_msgs__rosidl_typesupport_fastrtps_cExport-release.cmake
[7.353s] -- Up-to-date: /home/rose/pi4b_ros2/car_ws/install/lslidar_msgs/share/lslidar_msgs/cmake/export_lslidar_msgs__rosidl_generator_cppExport.cmake
[7.354s] -- Up-to-date: /home/rose/pi4b_ros2/car_ws/install/lslidar_msgs/share/lslidar_msgs/cmake/export_lslidar_msgs__rosidl_typesupport_fastrtps_cppExport.cmake
[7.355s] -- Up-to-date: /home/rose/pi4b_ros2/car_ws/install/lslidar_msgs/share/lslidar_msgs/cmake/export_lslidar_msgs__rosidl_typesupport_fastrtps_cppExport-release.cmake
[7.369s] -- Up-to-date: /home/rose/pi4b_ros2/car_ws/install/lslidar_msgs/share/lslidar_msgs/cmake/lslidar_msgs__rosidl_typesupport_introspection_cExport.cmake
[7.374s] -- Up-to-date: /home/rose/pi4b_ros2/car_ws/install/lslidar_msgs/share/lslidar_msgs/cmake/lslidar_msgs__rosidl_typesupport_introspection_cExport-release.cmake
[7.375s] -- Up-to-date: /home/rose/pi4b_ros2/car_ws/install/lslidar_msgs/share/lslidar_msgs/cmake/lslidar_msgs__rosidl_typesupport_cExport.cmake
[7.376s] -- Up-to-date: /home/rose/pi4b_ros2/car_ws/install/lslidar_msgs/share/lslidar_msgs/cmake/lslidar_msgs__rosidl_typesupport_cExport-release.cmake
[7.376s] -- Up-to-date: /home/rose/pi4b_ros2/car_ws/install/lslidar_msgs/share/lslidar_msgs/cmake/lslidar_msgs__rosidl_typesupport_introspection_cppExport.cmake
[7.377s] -- Up-to-date: /home/rose/pi4b_ros2/car_ws/install/lslidar_msgs/share/lslidar_msgs/cmake/lslidar_msgs__rosidl_typesupport_introspection_cppExport-release.cmake
[7.377s] -- Up-to-date: /home/rose/pi4b_ros2/car_ws/install/lslidar_msgs/share/lslidar_msgs/cmake/lslidar_msgs__rosidl_typesupport_cppExport.cmake
[7.378s] -- Up-to-date: /home/rose/pi4b_ros2/car_ws/install/lslidar_msgs/share/lslidar_msgs/cmake/lslidar_msgs__rosidl_typesupport_cppExport-release.cmake
[7.379s] -- Up-to-date: /home/rose/pi4b_ros2/car_ws/install/lslidar_msgs/share/lslidar_msgs/cmake/export_lslidar_msgs__rosidl_generator_pyExport.cmake
[7.379s] -- Up-to-date: /home/rose/pi4b_ros2/car_ws/install/lslidar_msgs/share/lslidar_msgs/cmake/export_lslidar_msgs__rosidl_generator_pyExport-release.cmake
[7.380s] -- Up-to-date: /home/rose/pi4b_ros2/car_ws/install/lslidar_msgs/share/lslidar_msgs/cmake/rosidl_cmake-extras.cmake
[7.389s] -- Up-to-date: /home/rose/pi4b_ros2/car_ws/install/lslidar_msgs/share/lslidar_msgs/cmake/ament_cmake_export_dependencies-extras.cmake
[7.390s] -- Up-to-date: /home/rose/pi4b_ros2/car_ws/install/lslidar_msgs/share/lslidar_msgs/cmake/ament_cmake_export_include_directories-extras.cmake
[7.391s] -- Up-to-date: /home/rose/pi4b_ros2/car_ws/install/lslidar_msgs/share/lslidar_msgs/cmake/ament_cmake_export_libraries-extras.cmake
[7.392s] -- Up-to-date: /home/rose/pi4b_ros2/car_ws/install/lslidar_msgs/share/lslidar_msgs/cmake/ament_cmake_export_targets-extras.cmake
[7.394s] -- Up-to-date: /home/rose/pi4b_ros2/car_ws/install/lslidar_msgs/share/lslidar_msgs/cmake/rosidl_cmake_export_typesupport_targets-extras.cmake
[7.395s] -- Up-to-date: /home/rose/pi4b_ros2/car_ws/install/lslidar_msgs/share/lslidar_msgs/cmake/rosidl_cmake_export_typesupport_libraries-extras.cmake
[7.396s] -- Up-to-date: /home/rose/pi4b_ros2/car_ws/install/lslidar_msgs/share/lslidar_msgs/cmake/lslidar_msgsConfig.cmake
[7.397s] -- Up-to-date: /home/rose/pi4b_ros2/car_ws/install/lslidar_msgs/share/lslidar_msgs/cmake/lslidar_msgsConfig-version.cmake
[7.398s] -- Up-to-date: /home/rose/pi4b_ros2/car_ws/install/lslidar_msgs/share/lslidar_msgs/package.xml
[7.564s] Invoked command in '/home/rose/pi4b_ros2/car_ws/build/lslidar_msgs' returned '0': CMAKE_PREFIX_PATH=${CMAKE_PREFIX_PATH}:/home/rose/pi4b_ros2/car_ws/install/yolo_counting_pkg:/home/rose/pi4b_ros2/car_ws/install/test_control_pkg:/opt/ros/humble /usr/bin/cmake --install /home/rose/pi4b_ros2/car_ws/build/lslidar_msgs
