[0.150s] Invoking command in '/home/rose/pi4b_ros2/car_ws/build/bot_localization': CMAKE_PREFIX_PATH=/opt/ros/humble /usr/bin/cmake --build /home/rose/pi4b_ros2/car_ws/build/bot_localization -- -j4 -l4
[0.640s] Invoked command in '/home/rose/pi4b_ros2/car_ws/build/bot_localization' returned '0': CMAKE_PREFIX_PATH=/opt/ros/humble /usr/bin/cmake --build /home/rose/pi4b_ros2/car_ws/build/bot_localization -- -j4 -l4
[0.654s] Invoking command in '/home/rose/pi4b_ros2/car_ws/build/bot_localization': CMAKE_PREFIX_PATH=/opt/ros/humble /usr/bin/cmake --install /home/rose/pi4b_ros2/car_ws/build/bot_localization
[0.753s] -- Install configuration: "Release"
[0.754s] -- Up-to-date: /home/rose/pi4b_ros2/car_ws/install/bot_localization/share/bot_localization/launch
[0.756s] -- Up-to-date: /home/rose/pi4b_ros2/car_ws/install/bot_localization/share/bot_localization/launch/localization.launch.py
[0.757s] -- Up-to-date: /home/rose/pi4b_ros2/car_ws/install/bot_localization/share/bot_localization/config
[0.758s] -- Up-to-date: /home/rose/pi4b_ros2/car_ws/install/bot_localization/share/bot_localization/config/ekf.yaml
[0.763s] -- Up-to-date: /home/rose/pi4b_ros2/car_ws/install/bot_localization/share/ament_index/resource_index/package_run_dependencies/bot_localization
[0.765s] -- Up-to-date: /home/rose/pi4b_ros2/car_ws/install/bot_localization/share/ament_index/resource_index/parent_prefix_path/bot_localization
[0.782s] -- Up-to-date: /home/rose/pi4b_ros2/car_ws/install/bot_localization/share/bot_localization/environment/ament_prefix_path.sh
[0.783s] -- Up-to-date: /home/rose/pi4b_ros2/car_ws/install/bot_localization/share/bot_localization/environment/ament_prefix_path.dsv
[0.808s] -- Up-to-date: /home/rose/pi4b_ros2/car_ws/install/bot_localization/share/bot_localization/environment/path.sh
[0.809s] -- Up-to-date: /home/rose/pi4b_ros2/car_ws/install/bot_localization/share/bot_localization/environment/path.dsv
[0.809s] -- Up-to-date: /home/rose/pi4b_ros2/car_ws/install/bot_localization/share/bot_localization/local_setup.bash
[0.813s] -- Up-to-date: /home/rose/pi4b_ros2/car_ws/install/bot_localization/share/bot_localization/local_setup.sh
[0.814s] -- Up-to-date: /home/rose/pi4b_ros2/car_ws/install/bot_localization/share/bot_localization/local_setup.zsh
[0.815s] -- Up-to-date: /home/rose/pi4b_ros2/car_ws/install/bot_localization/share/bot_localization/local_setup.dsv
[0.816s] -- Installing: /home/rose/pi4b_ros2/car_ws/install/bot_localization/share/bot_localization/package.dsv
[0.817s] -- Up-to-date: /home/rose/pi4b_ros2/car_ws/install/bot_localization/share/ament_index/resource_index/packages/bot_localization
[0.828s] -- Up-to-date: /home/rose/pi4b_ros2/car_ws/install/bot_localization/share/bot_localization/cmake/ament_cmake_export_dependencies-extras.cmake
[0.834s] -- Up-to-date: /home/rose/pi4b_ros2/car_ws/install/bot_localization/share/bot_localization/cmake/bot_localizationConfig.cmake
[0.834s] -- Up-to-date: /home/rose/pi4b_ros2/car_ws/install/bot_localization/share/bot_localization/cmake/bot_localizationConfig-version.cmake
[0.835s] -- Up-to-date: /home/rose/pi4b_ros2/car_ws/install/bot_localization/share/bot_localization/package.xml
[1.040s] Invoked command in '/home/rose/pi4b_ros2/car_ws/build/bot_localization' returned '0': CMAKE_PREFIX_PATH=/opt/ros/humble /usr/bin/cmake --install /home/rose/pi4b_ros2/car_ws/build/bot_localization
