[0.127s] Invoking command in '/home/rose/pi4b_ros2/car_ws/build/csm': CMAKE_PREFIX_PATH=/opt/ros/humble /usr/bin/cmake --build /home/rose/pi4b_ros2/car_ws/build/csm -- -j4 -l4
[1.106s] [100%] Built target csm
[1.518s] Invoked command in '/home/rose/pi4b_ros2/car_ws/build/csm' returned '0': CMAKE_PREFIX_PATH=/opt/ros/humble /usr/bin/cmake --build /home/rose/pi4b_ros2/car_ws/build/csm -- -j4 -l4
[1.526s] Invoking command in '/home/rose/pi4b_ros2/car_ws/build/csm': CMAKE_PREFIX_PATH=/opt/ros/humble /usr/bin/cmake --install /home/rose/pi4b_ros2/car_ws/build/csm
[2.964s] -- Install configuration: ""
[2.970s] -- Up-to-date: /home/rose/pi4b_ros2/car_ws/install/csm/lib/libcsm.so
[2.973s] -- Up-to-date: /home/rose/pi4b_ros2/car_ws/install/csm/include/..//include
[2.974s] -- Up-to-date: /home/rose/pi4b_ros2/car_ws/install/csm/include/..//include/gsl_eigen
[2.976s] -- Up-to-date: /home/rose/pi4b_ros2/car_ws/install/csm/include/..//include/gsl_eigen/gsl_eigen.h
[2.976s] -- Up-to-date: /home/rose/pi4b_ros2/car_ws/install/csm/include/..//include/csm
[2.977s] -- Up-to-date: /home/rose/pi4b_ros2/car_ws/install/csm/include/..//include/csm/laser_data.h
[2.977s] -- Up-to-date: /home/rose/pi4b_ros2/car_ws/install/csm/include/..//include/csm/csm.h
[2.978s] -- Up-to-date: /home/rose/pi4b_ros2/car_ws/install/csm/include/..//include/csm/restrict.h
[2.978s] -- Up-to-date: /home/rose/pi4b_ros2/car_ws/install/csm/include/..//include/csm/algos.h
[2.979s] -- Up-to-date: /home/rose/pi4b_ros2/car_ws/install/csm/include/..//include/csm/laser_data_inline.h
[2.979s] -- Up-to-date: /home/rose/pi4b_ros2/car_ws/install/csm/share/csm/resource
[2.980s] -- Up-to-date: /home/rose/pi4b_ros2/car_ws/install/csm/share/csm/resource/csm
[2.980s] -- Up-to-date: /home/rose/pi4b_ros2/car_ws/install/csm/include/../gsl_eigen
[2.980s] -- Up-to-date: /home/rose/pi4b_ros2/car_ws/install/csm/include/../gsl_eigen/gsl_eigen.h
[2.981s] -- Up-to-date: /home/rose/pi4b_ros2/car_ws/install/csm/share/csm/environment/library_path.sh
[2.981s] -- Up-to-date: /home/rose/pi4b_ros2/car_ws/install/csm/share/csm/environment/library_path.dsv
[2.982s] -- Up-to-date: /home/rose/pi4b_ros2/car_ws/install/csm/share/ament_index/resource_index/package_run_dependencies/csm
[2.982s] -- Up-to-date: /home/rose/pi4b_ros2/car_ws/install/csm/share/ament_index/resource_index/parent_prefix_path/csm
[2.983s] -- Up-to-date: /home/rose/pi4b_ros2/car_ws/install/csm/share/csm/environment/ament_prefix_path.sh
[2.983s] -- Up-to-date: /home/rose/pi4b_ros2/car_ws/install/csm/share/csm/environment/ament_prefix_path.dsv
[2.984s] -- Up-to-date: /home/rose/pi4b_ros2/car_ws/install/csm/share/csm/environment/path.sh
[2.984s] -- Up-to-date: /home/rose/pi4b_ros2/car_ws/install/csm/share/csm/environment/path.dsv
[2.985s] -- Up-to-date: /home/rose/pi4b_ros2/car_ws/install/csm/share/csm/local_setup.bash
[2.994s] -- Up-to-date: /home/rose/pi4b_ros2/car_ws/install/csm/share/csm/local_setup.sh
[2.999s] -- Up-to-date: /home/rose/pi4b_ros2/car_ws/install/csm/share/csm/local_setup.zsh
[3.001s] -- Up-to-date: /home/rose/pi4b_ros2/car_ws/install/csm/share/csm/local_setup.dsv
[3.002s] -- Installing: /home/rose/pi4b_ros2/car_ws/install/csm/share/csm/package.dsv
[3.003s] -- Up-to-date: /home/rose/pi4b_ros2/car_ws/install/csm/share/ament_index/resource_index/packages/csm
[3.003s] -- Up-to-date: /home/rose/pi4b_ros2/car_ws/install/csm/share/csm/cmake/ament_cmake_export_dependencies-extras.cmake
[3.004s] -- Up-to-date: /home/rose/pi4b_ros2/car_ws/install/csm/share/csm/cmake/ament_cmake_export_include_directories-extras.cmake
[3.004s] -- Up-to-date: /home/rose/pi4b_ros2/car_ws/install/csm/share/csm/cmake/ament_cmake_export_libraries-extras.cmake
[3.004s] -- Up-to-date: /home/rose/pi4b_ros2/car_ws/install/csm/share/csm/cmake/csmConfig.cmake
[3.005s] -- Up-to-date: /home/rose/pi4b_ros2/car_ws/install/csm/share/csm/cmake/csmConfig-version.cmake
[3.006s] -- Up-to-date: /home/rose/pi4b_ros2/car_ws/install/csm/share/csm/package.xml
[3.007s] Invoked command in '/home/rose/pi4b_ros2/car_ws/build/csm' returned '0': CMAKE_PREFIX_PATH=/opt/ros/humble /usr/bin/cmake --install /home/rose/pi4b_ros2/car_ws/build/csm
