[0.056s] Invoking command in '/home/rose/pi4b_ros2/car_ws/build/lslidar_driver': AMENT_PREFIX_PATH=/home/rose/pi4b_ros2/car_ws/install/lslidar_msgs:${AMENT_PREFIX_PATH} CMAKE_PREFIX_PATH=/home/rose/pi4b_ros2/car_ws/install/lslidar_msgs:/home/rose/pi4b_ros2/car_ws/install/yolo_counting_pkg:/home/rose/pi4b_ros2/car_ws/install/test_control_pkg:/opt/ros/humble LD_LIBRARY_PATH=/home/rose/pi4b_ros2/car_ws/install/lslidar_msgs/lib:${LD_LIBRARY_PATH} PYTHONPATH=/home/rose/pi4b_ros2/car_ws/install/lslidar_msgs/local/lib/python3.10/dist-packages:${PYTHONPATH} /usr/bin/cmake /home/rose/pi4b_ros2/car_ws/src/LSLIDAR_X_ROS2-20240228/src/lslidar_driver -DCMAKE_INSTALL_PREFIX=/home/rose/pi4b_ros2/car_ws/install/lslidar_driver
[0.351s] -- The C compiler identification is GNU 11.4.0
[0.639s] -- The CXX compiler identification is GNU 11.4.0
[0.684s] -- Detecting C compiler ABI info
[1.039s] -- Detecting C compiler ABI info - done
[1.064s] -- Check for working C compiler: /usr/bin/cc - skipped
[1.065s] -- Detecting C compile features
[1.067s] -- Detecting C compile features - done
[1.080s] -- Detecting CXX compiler ABI info
[1.474s] -- Detecting CXX compiler ABI info - done
[1.500s] -- Check for working CXX compiler: /usr/bin/c++ - skipped
[1.502s] -- Detecting CXX compile features
[1.503s] -- Detecting CXX compile features - done
[2.463s] -- Found Boost: /usr/lib/aarch64-linux-gnu/cmake/Boost-1.74.0/BoostConfig.cmake (found version "1.74.0") found components: thread 
[2.500s] -- Found rclcpp: 16.0.18 (/opt/ros/humble/share/rclcpp/cmake)
[4.748s] -- Found Python3: /usr/bin/python3 (found version "3.10.12") found components: Interpreter 
[6.154s] -- Found rosidl_generator_c: 3.1.8 (/opt/ros/humble/share/rosidl_generator_c/cmake)
[6.222s] -- Found rosidl_adapter: 3.1.8 (/opt/ros/humble/share/rosidl_adapter/cmake)
[6.313s] -- Found rosidl_generator_cpp: 3.1.8 (/opt/ros/humble/share/rosidl_generator_cpp/cmake)
[6.423s] -- Using all available rosidl_typesupport_c: rosidl_typesupport_fastrtps_c;rosidl_typesupport_introspection_c
[6.575s] -- Using all available rosidl_typesupport_cpp: rosidl_typesupport_fastrtps_cpp;rosidl_typesupport_introspection_cpp
[7.094s] -- Found rmw_implementation_cmake: 6.1.2 (/opt/ros/humble/share/rmw_implementation_cmake/cmake)
[7.144s] -- Found rmw_fastrtps_cpp: 6.2.10 (/opt/ros/humble/share/rmw_fastrtps_cpp/cmake)
[7.962s] -- Found OpenSSL: /usr/lib/aarch64-linux-gnu/libcrypto.so (found version "3.0.2")  
[8.396s] -- Found FastRTPS: /opt/ros/humble/include  
[8.934s] -- Using RMW implementation 'rmw_fastrtps_cpp' as default
[9.081s] -- Found Threads: TRUE  
[9.736s] -- Checking for module 'eigen3'
[9.833s] --   Found eigen3, version 3.4.0
[10.088s] -- Found Eigen: /usr/include/eigen3 (Required is at least version "3.1") 
[10.092s] -- Eigen found (include: /usr/include/eigen3, version: 3.4.0)
[10.342s] -- Found Boost: /usr/lib/aarch64-linux-gnu/cmake/Boost-1.74.0/BoostConfig.cmake (found suitable version "1.74.0", minimum required is "1.65.0") found components: system filesystem date_time iostreams serialization 
[10.662s] -- Checking for module 'flann'
[10.884s] --   Found flann, version 1.9.1
[11.147s] -- Found FLANN: /usr/lib/aarch64-linux-gnu/libflann_cpp.so  
[11.150s] -- FLANN found (include: /usr/include, lib: /usr/lib/aarch64-linux-gnu/libflann_cpp.so)
[11.382s] -- Found GLEW: /usr/lib/aarch64-linux-gnu/libGLEW.so  
[11.444s] -- Found OpenGL: /usr/lib/aarch64-linux-gnu/libOpenGL.so  found components: OpenGL GLX 
[13.465s] -- Found MPI_C: /usr/lib/aarch64-linux-gnu/libmpi.so (found version "3.1") 
[13.471s] -- Found MPI: TRUE (found version "3.1") found components: C 
[13.499s] -- Found JsonCpp: /usr/lib/aarch64-linux-gnu/libjsoncpp.so (found suitable version "1.9.5", minimum required is "0.7.0") 
[13.569s] -- Found ZLIB: /usr/lib/aarch64-linux-gnu/libz.so (found version "1.2.11") 
[13.746s] -- Found PNG: /usr/lib/aarch64-linux-gnu/libpng.so (found version "1.6.37") 
[13.957s] -- Found Eigen3: /usr/include/eigen3 (found version "3.4.0") 
[14.746s] -- Found X11: /usr/include   
[14.763s] -- Looking for XOpenDisplay in /usr/lib/aarch64-linux-gnu/libX11.so;/usr/lib/aarch64-linux-gnu/libXext.so
[15.659s] -- Looking for XOpenDisplay in /usr/lib/aarch64-linux-gnu/libX11.so;/usr/lib/aarch64-linux-gnu/libXext.so - found
[15.665s] -- Looking for gethostbyname
[16.537s] -- Looking for gethostbyname - found
[16.538s] -- Looking for connect
[17.183s] -- Looking for connect - found
[17.188s] -- Looking for remove
[17.831s] -- Looking for remove - found
[17.837s] -- Looking for shmat
[18.487s] -- Looking for shmat - found
[18.489s] -- Looking for IceConnectionNumber in ICE
[19.011s] -- Looking for IceConnectionNumber in ICE - found
[19.564s] -- Found EXPAT: /usr/lib/aarch64-linux-gnu/libexpat.so (found version "2.4.7") 
[19.577s] -- Found double-conversion: /usr/lib/aarch64-linux-gnu/libdouble-conversion.so  
[19.590s] -- Found LZ4: /usr/lib/aarch64-linux-gnu/liblz4.so (found version "1.9.3") 
[19.606s] -- Found LZMA: /usr/lib/aarch64-linux-gnu/liblzma.so (found version "5.2.5") 
[19.926s] -- Found JPEG: /usr/lib/aarch64-linux-gnu/libjpeg.so (found version "80") 
[19.951s] -- Found TIFF: /usr/lib/aarch64-linux-gnu/libtiff.so (found version "4.3.0")  
[19.968s] -- Found Freetype: /usr/lib/aarch64-linux-gnu/libfreetype.so (found version "2.11.1") 
[20.002s] -- Found utf8cpp: /usr/include/utf8cpp  
[20.457s] -- Checking for module 'libusb-1.0'
[20.536s] --   Found libusb-1.0, version 1.0.25
[20.743s] -- Found libusb: /usr/lib/aarch64-linux-gnu/libusb-1.0.so  
[20.743s] -- Found OpenNI: /usr/lib/libOpenNI.so;libusb::libusb (found version "1.5.4.0") 
[20.745s] -- OpenNI found (version: 1.5.4.0, include: /usr/include/ni, lib: /usr/lib/libOpenNI.so;libusb::libusb)
[21.094s] -- Found OpenNI2: /usr/lib/aarch64-linux-gnu/libOpenNI2.so;libusb::libusb (found version "2.2.0.33") 
[21.095s] -- OpenNI2 found (version: 2.2.0.33, include: /usr/include/openni2, lib: /usr/lib/aarch64-linux-gnu/libOpenNI2.so;libusb::libusb)
[21.098s] [0m** WARNING ** io features related to pcap will be disabled[0m
[21.843s] -- Eigen found (include: /usr/include/eigen3, version: 3.4.0)
[21.868s] -- OpenNI found (version: 1.5.4.0, include: /usr/include/ni, lib: /usr/lib/libOpenNI.so;libusb::libusb)
[21.895s] -- OpenNI2 found (version: 2.2.0.33, include: /usr/include/openni2, lib: /usr/lib/aarch64-linux-gnu/libOpenNI2.so;libusb::libusb)
[22.596s] -- Found Qhull version 8.0.2
[23.288s] -- OpenNI found (version: 1.5.4.0, include: /usr/include/ni, lib: /usr/lib/libOpenNI.so;libusb::libusb)
[23.945s] -- looking for PCL_COMMON
[23.948s] -- Found PCL_COMMON: /usr/lib/aarch64-linux-gnu/libpcl_common.so  
[23.950s] -- looking for PCL_KDTREE
[23.952s] -- Found PCL_KDTREE: /usr/lib/aarch64-linux-gnu/libpcl_kdtree.so  
[23.953s] -- looking for PCL_OCTREE
[23.957s] -- Found PCL_OCTREE: /usr/lib/aarch64-linux-gnu/libpcl_octree.so  
[23.958s] -- looking for PCL_SEARCH
[23.961s] -- Found PCL_SEARCH: /usr/lib/aarch64-linux-gnu/libpcl_search.so  
[23.961s] -- looking for PCL_SAMPLE_CONSENSUS
[23.965s] -- Found PCL_SAMPLE_CONSENSUS: /usr/lib/aarch64-linux-gnu/libpcl_sample_consensus.so  
[23.966s] -- looking for PCL_FILTERS
[23.969s] -- Found PCL_FILTERS: /usr/lib/aarch64-linux-gnu/libpcl_filters.so  
[23.971s] -- looking for PCL_2D
[23.972s] -- Found PCL_2D: /usr/include/pcl-1.12  
[23.973s] -- looking for PCL_GEOMETRY
[23.974s] -- Found PCL_GEOMETRY: /usr/include/pcl-1.12  
[23.975s] -- looking for PCL_IO
[23.978s] -- Found PCL_IO: /usr/lib/aarch64-linux-gnu/libpcl_io.so  
[23.979s] -- looking for PCL_FEATURES
[23.983s] -- Found PCL_FEATURES: /usr/lib/aarch64-linux-gnu/libpcl_features.so  
[23.984s] -- looking for PCL_ML
[23.988s] -- Found PCL_ML: /usr/lib/aarch64-linux-gnu/libpcl_ml.so  
[23.989s] -- looking for PCL_SEGMENTATION
[23.993s] -- Found PCL_SEGMENTATION: /usr/lib/aarch64-linux-gnu/libpcl_segmentation.so  
[23.994s] -- looking for PCL_VISUALIZATION
[23.998s] -- Found PCL_VISUALIZATION: /usr/lib/aarch64-linux-gnu/libpcl_visualization.so  
[23.999s] -- looking for PCL_SURFACE
[24.002s] -- Found PCL_SURFACE: /usr/lib/aarch64-linux-gnu/libpcl_surface.so  
[24.004s] -- looking for PCL_REGISTRATION
[24.007s] -- Found PCL_REGISTRATION: /usr/lib/aarch64-linux-gnu/libpcl_registration.so  
[24.008s] -- looking for PCL_KEYPOINTS
[24.012s] -- Found PCL_KEYPOINTS: /usr/lib/aarch64-linux-gnu/libpcl_keypoints.so  
[24.013s] -- looking for PCL_TRACKING
[24.016s] -- Found PCL_TRACKING: /usr/lib/aarch64-linux-gnu/libpcl_tracking.so  
[24.017s] -- looking for PCL_RECOGNITION
[24.021s] -- Found PCL_RECOGNITION: /usr/lib/aarch64-linux-gnu/libpcl_recognition.so  
[24.023s] -- looking for PCL_STEREO
[24.026s] -- Found PCL_STEREO: /usr/lib/aarch64-linux-gnu/libpcl_stereo.so  
[24.027s] -- looking for PCL_APPS
[24.030s] -- Found PCL_APPS: /usr/lib/aarch64-linux-gnu/libpcl_apps.so  
[24.033s] -- looking for PCL_IN_HAND_SCANNER
[24.035s] -- Found PCL_IN_HAND_SCANNER: /usr/include/pcl-1.12  
[24.036s] -- looking for PCL_MODELER
[24.037s] -- Found PCL_MODELER: /usr/include/pcl-1.12  
[24.038s] -- looking for PCL_POINT_CLOUD_EDITOR
[24.041s] -- Found PCL_POINT_CLOUD_EDITOR: /usr/include/pcl-1.12  
[24.042s] -- looking for PCL_OUTOFCORE
[24.045s] -- Found PCL_OUTOFCORE: /usr/lib/aarch64-linux-gnu/libpcl_outofcore.so  
[24.046s] -- looking for PCL_PEOPLE
[24.049s] -- Found PCL_PEOPLE: /usr/lib/aarch64-linux-gnu/libpcl_people.so  
[24.053s] -- Found PCL: pcl_common;pcl_kdtree;pcl_octree;pcl_search;pcl_sample_consensus;pcl_filters;pcl_io;pcl_features;pcl_ml;pcl_segmentation;pcl_visualization;pcl_surface;pcl_registration;pcl_keypoints;pcl_tracking;pcl_recognition;pcl_stereo;pcl_apps;pcl_outofcore;pcl_people;Boost::system;Boost::filesystem;Boost::date_time;Boost::iostreams;Boost::serialization;/usr/lib/libOpenNI.so;libusb::libusb;/usr/lib/aarch64-linux-gnu/libOpenNI2.so;libusb::libusb;VTK::ChartsCore;VTK::CommonColor;VTK::CommonComputationalGeometry;VTK::CommonCore;VTK::CommonDataModel;VTK::CommonExecutionModel;VTK::CommonMath;VTK::CommonMisc;VTK::CommonTransforms;VTK::FiltersCore;VTK::FiltersExtraction;VTK::FiltersGeneral;VTK::FiltersGeometry;VTK::FiltersModeling;VTK::FiltersSources;VTK::ImagingCore;VTK::ImagingSources;VTK::InteractionImage;VTK::InteractionStyle;VTK::InteractionWidgets;VTK::IOCore;VTK::IOGeometry;VTK::IOImage;VTK::IOLegacy;VTK::IOPLY;VTK::RenderingAnnotation;VTK::RenderingCore;VTK::RenderingContext2D;VTK::RenderingLOD;VTK::RenderingFreeType;VTK::ViewsCore;VTK::ViewsContext2D;VTK::RenderingOpenGL2;VTK::GUISupportQt;FLANN::FLANN;QHULL::QHULL  
[24.085s] -- Found diagnostic_updater: 4.0.6 (/opt/ros/humble/share/diagnostic_updater/cmake)
[24.256s] -- Found lslidar_msgs: 1.2.0 (/home/rose/pi4b_ros2/car_ws/install/lslidar_msgs/share/lslidar_msgs/cmake)
[24.358s] -- Found pluginlib: 5.1.3 (/opt/ros/humble/share/pluginlib/cmake)
[24.820s] -- Found pcl_conversions: 2.4.5 (/opt/ros/humble/share/pcl_conversions/cmake)
[25.970s] -- Configuring done
[26.800s] -- Generating done
[26.931s] -- Build files have been written to: /home/rose/pi4b_ros2/car_ws/build/lslidar_driver
[27.066s] Invoked command in '/home/rose/pi4b_ros2/car_ws/build/lslidar_driver' returned '0': AMENT_PREFIX_PATH=/home/rose/pi4b_ros2/car_ws/install/lslidar_msgs:${AMENT_PREFIX_PATH} CMAKE_PREFIX_PATH=/home/rose/pi4b_ros2/car_ws/install/lslidar_msgs:/home/rose/pi4b_ros2/car_ws/install/yolo_counting_pkg:/home/rose/pi4b_ros2/car_ws/install/test_control_pkg:/opt/ros/humble LD_LIBRARY_PATH=/home/rose/pi4b_ros2/car_ws/install/lslidar_msgs/lib:${LD_LIBRARY_PATH} PYTHONPATH=/home/rose/pi4b_ros2/car_ws/install/lslidar_msgs/local/lib/python3.10/dist-packages:${PYTHONPATH} /usr/bin/cmake /home/rose/pi4b_ros2/car_ws/src/LSLIDAR_X_ROS2-20240228/src/lslidar_driver -DCMAKE_INSTALL_PREFIX=/home/rose/pi4b_ros2/car_ws/install/lslidar_driver
[27.096s] Invoking command in '/home/rose/pi4b_ros2/car_ws/build/lslidar_driver': AMENT_PREFIX_PATH=/home/rose/pi4b_ros2/car_ws/install/lslidar_msgs:${AMENT_PREFIX_PATH} CMAKE_PREFIX_PATH=/home/rose/pi4b_ros2/car_ws/install/lslidar_msgs:/home/rose/pi4b_ros2/car_ws/install/yolo_counting_pkg:/home/rose/pi4b_ros2/car_ws/install/test_control_pkg:/opt/ros/humble LD_LIBRARY_PATH=/home/rose/pi4b_ros2/car_ws/install/lslidar_msgs/lib:${LD_LIBRARY_PATH} PYTHONPATH=/home/rose/pi4b_ros2/car_ws/install/lslidar_msgs/local/lib/python3.10/dist-packages:${PYTHONPATH} /usr/bin/cmake --build /home/rose/pi4b_ros2/car_ws/build/lslidar_driver -- -j4 -l4
[27.484s] [ 20%] [32mBuilding CXX object CMakeFiles/lslidar_driver_node.dir/src/lslidar_driver_node.cc.o[0m
[27.518s] [ 40%] [32mBuilding CXX object CMakeFiles/lslidar_driver_node.dir/src/lslidar_driver.cc.o[0m
[48.357s] In file included from [01m[K/home/rose/pi4b_ros2/car_ws/src/LSLIDAR_X_ROS2-20240228/src/lslidar_driver/include/lslidar_driver/lslidar_driver.h:41[m[K,
[48.358s]                  from [01m[K/home/rose/pi4b_ros2/car_ws/src/LSLIDAR_X_ROS2-20240228/src/lslidar_driver/src/lslidar_driver_node.cc:19[m[K:
[48.362s] [01m[K/home/rose/pi4b_ros2/car_ws/src/LSLIDAR_X_ROS2-20240228/src/lslidar_driver/include/lslidar_driver/input.h:32:10:[m[K [01;31m[Kfatal error: [m[Kpcap.h: 没有那个文件或目录
[48.366s]    32 | #include [01;31m[K<pcap.h>[m[K
[48.369s]       |          [01;31m[K^~~~~~~~[m[K
[48.373s] compilation terminated.
[48.413s] In file included from [01m[K/home/rose/pi4b_ros2/car_ws/src/LSLIDAR_X_ROS2-20240228/src/lslidar_driver/include/lslidar_driver/lslidar_driver.h:41[m[K,
[48.416s]                  from [01m[K/home/rose/pi4b_ros2/car_ws/src/LSLIDAR_X_ROS2-20240228/src/lslidar_driver/src/lslidar_driver.cc:31[m[K:
[48.416s] [01m[K/home/rose/pi4b_ros2/car_ws/src/LSLIDAR_X_ROS2-20240228/src/lslidar_driver/include/lslidar_driver/input.h:32:10:[m[K [01;31m[Kfatal error: [m[Kpcap.h: 没有那个文件或目录
[48.417s]    32 | #include [01;31m[K<pcap.h>[m[K
[48.418s]       |          [01;31m[K^~~~~~~~[m[K
[48.419s] compilation terminated.
[48.420s] gmake[2]: *** [CMakeFiles/lslidar_driver_node.dir/build.make:76：CMakeFiles/lslidar_driver_node.dir/src/lslidar_driver_node.cc.o] 错误 1
[48.421s] gmake[2]: *** 正在等待未完成的任务....
[48.476s] gmake[2]: *** [CMakeFiles/lslidar_driver_node.dir/build.make:90：CMakeFiles/lslidar_driver_node.dir/src/lslidar_driver.cc.o] 错误 1
[48.477s] gmake[1]: *** [CMakeFiles/Makefile2:137：CMakeFiles/lslidar_driver_node.dir/all] 错误 2
[48.479s] gmake: *** [Makefile:146：all] 错误 2
[48.486s] Invoked command in '/home/rose/pi4b_ros2/car_ws/build/lslidar_driver' returned '2': AMENT_PREFIX_PATH=/home/rose/pi4b_ros2/car_ws/install/lslidar_msgs:${AMENT_PREFIX_PATH} CMAKE_PREFIX_PATH=/home/rose/pi4b_ros2/car_ws/install/lslidar_msgs:/home/rose/pi4b_ros2/car_ws/install/yolo_counting_pkg:/home/rose/pi4b_ros2/car_ws/install/test_control_pkg:/opt/ros/humble LD_LIBRARY_PATH=/home/rose/pi4b_ros2/car_ws/install/lslidar_msgs/lib:${LD_LIBRARY_PATH} PYTHONPATH=/home/rose/pi4b_ros2/car_ws/install/lslidar_msgs/local/lib/python3.10/dist-packages:${PYTHONPATH} /usr/bin/cmake --build /home/rose/pi4b_ros2/car_ws/build/lslidar_driver -- -j4 -l4
