[0.179s] Invoking command in '/home/rose/pi4b_ros2/car_ws/build/lslidar_msgs': CMAKE_PREFIX_PATH=${CMAKE_PREFIX_PATH}:/home/rose/pi4b_ros2/car_ws/install/yolo_counting_pkg:/home/rose/pi4b_ros2/car_ws/install/test_control_pkg:/opt/ros/humble /usr/bin/cmake --build /home/rose/pi4b_ros2/car_ws/build/lslidar_msgs -- -j4 -l4
[1.084s] [  1%] Built target lslidar_msgs__cpp
[1.365s] [  1%] Built target ament_cmake_python_copy_lslidar_msgs
[1.621s] [ 12%] Built target lslidar_msgs__rosidl_typesupport_fastrtps_cpp
[2.050s] [ 23%] Built target lslidar_msgs__rosidl_typesupport_introspection_cpp
[3.342s] Traceback (most recent call last):
[3.343s]   File "/home/rose/pi4b_ros2/car_ws/build/lslidar_msgs/ament_cmake_python/lslidar_msgs/setup.py", line 4, in <module>
[3.344s]     setup(
[3.348s]   File "/home/rose/.local/lib/python3.10/site-packages/setuptools/__init__.py", line 117, in setup
[3.349s]     return distutils.core.setup(**attrs)  # type: ignore[return-value]
[3.349s]   File "/home/rose/.local/lib/python3.10/site-packages/setuptools/_distutils/core.py", line 148, in setup
[3.350s]     _setup_distribution = dist = klass(attrs)
[3.352s]   File "/home/rose/.local/lib/python3.10/site-packages/setuptools/dist.py", line 315, in __init__
[3.390s]     for ep in metadata.entry_points(group='distutils.setup_keywords'):
[3.391s]   File "/usr/lib/python3.10/importlib/metadata/__init__.py", line 1021, in entry_points
[3.402s]     return SelectableGroups.load(eps).select(**params)
[3.404s]   File "/usr/lib/python3.10/importlib/metadata/__init__.py", line 459, in load
[3.406s]     ordered = sorted(eps, key=by_group)
[3.408s]   File "/usr/lib/python3.10/importlib/metadata/__init__.py", line 1018, in <genexpr>
[3.410s]     eps = itertools.chain.from_iterable(
[3.411s]   File "/usr/lib/python3.10/importlib/metadata/_itertools.py", line 18, in unique_everseen
[3.413s]     seen_add(k)
[3.414s] KeyboardInterrupt
[3.502s] gmake[2]: *** [CMakeFiles/ament_cmake_python_build_lslidar_msgs_egg.dir/build.make:70: CMakeFiles/ament_cmake_python_build_lslidar_msgs_egg] 中断
[3.502s] gmake[1]: *** [CMakeFiles/Makefile2:447: CMakeFiles/ament_cmake_python_build_lslidar_msgs_egg.dir/all] 中断
[3.510s] gmake: *** [Makefile:146: all] 中断
