[0.137s] Invoking command in '/home/rose/pi4b_ros2/car_ws/build/lslidar_msgs': CMAKE_PREFIX_PATH=/opt/ros/humble /usr/bin/cmake --build /home/rose/pi4b_ros2/car_ws/build/lslidar_msgs -- -j4 -l4
[1.306s] [  1%] Built target lslidar_msgs__cpp
[1.308s] [  1%] Built target ament_cmake_python_copy_lslidar_msgs
[1.309s] [ 12%] Built target lslidar_msgs__rosidl_generator_c
[1.310s] [ 23%] Built target lslidar_msgs__rosidl_typesupport_cpp
[1.311s] [ 34%] Built target lslidar_msgs__rosidl_typesupport_fastrtps_cpp
[1.313s] [ 46%] Built target lslidar_msgs__rosidl_typesupport_introspection_cpp
[1.313s] [ 57%] Built target lslidar_msgs__rosidl_typesupport_fastrtps_c
[1.314s] [ 68%] Built target lslidar_msgs__rosidl_typesupport_introspection_c
[1.315s] [ 79%] Built target lslidar_msgs__rosidl_typesupport_c
[1.317s] [ 79%] Built target lslidar_msgs
[1.318s] [ 80%] Built target lslidar_msgs__py
[1.420s] [ 90%] Built target lslidar_msgs__rosidl_generator_py
[1.562s] [ 93%] Built target lslidar_msgs__rosidl_typesupport_fastrtps_c__pyext
[1.584s] [ 96%] Built target lslidar_msgs__rosidl_typesupport_introspection_c__pyext
[1.619s] [100%] Built target lslidar_msgs__rosidl_typesupport_c__pyext
[2.332s] running egg_info
[2.420s] writing lslidar_msgs.egg-info/PKG-INFO
[2.422s] writing dependency_links to lslidar_msgs.egg-info/dependency_links.txt
[2.424s] writing top-level names to lslidar_msgs.egg-info/top_level.txt
[2.699s] reading manifest file 'lslidar_msgs.egg-info/SOURCES.txt'
[2.704s] writing manifest file 'lslidar_msgs.egg-info/SOURCES.txt'
[2.873s] [100%] Built target ament_cmake_python_build_lslidar_msgs_egg
