[0.092s] Invoking command in '/home/rose/pi4b_ros2/car_ws/build/lslidar_driver': CMAKE_PREFIX_PATH=/home/rose/pi4b_ros2/car_ws/install/lslidar_msgs:/home/rose/pi4b_ros2/car_ws/install/ros2_laser_scan_matcher:/home/rose/pi4b_ros2/car_ws/install/lslidar_driver:/home/rose/pi4b_ros2/car_ws/install/csm:/home/rose/pi4b_ros2/car_ws/install/bot_description:/home/rose/pi4b_ros2/car_ws/install/yolo_counting_pkg:/home/rose/pi4b_ros2/car_ws/install/test_control_pkg:/opt/ros/humble /usr/bin/cmake --build /home/rose/pi4b_ros2/car_ws/build/lslidar_driver -- -j4 -l4
[1.031s] [100%] Built target lslidar_driver_node
[1.088s] Invoked command in '/home/rose/pi4b_ros2/car_ws/build/lslidar_driver' returned '0': CMAKE_PREFIX_PATH=/home/rose/pi4b_ros2/car_ws/install/lslidar_msgs:/home/rose/pi4b_ros2/car_ws/install/ros2_laser_scan_matcher:/home/rose/pi4b_ros2/car_ws/install/lslidar_driver:/home/rose/pi4b_ros2/car_ws/install/csm:/home/rose/pi4b_ros2/car_ws/install/bot_description:/home/rose/pi4b_ros2/car_ws/install/yolo_counting_pkg:/home/rose/pi4b_ros2/car_ws/install/test_control_pkg:/opt/ros/humble /usr/bin/cmake --build /home/rose/pi4b_ros2/car_ws/build/lslidar_driver -- -j4 -l4
[1.100s] Invoking command in '/home/rose/pi4b_ros2/car_ws/build/lslidar_driver': CMAKE_PREFIX_PATH=/home/rose/pi4b_ros2/car_ws/install/lslidar_msgs:/home/rose/pi4b_ros2/car_ws/install/ros2_laser_scan_matcher:/home/rose/pi4b_ros2/car_ws/install/lslidar_driver:/home/rose/pi4b_ros2/car_ws/install/csm:/home/rose/pi4b_ros2/car_ws/install/bot_description:/home/rose/pi4b_ros2/car_ws/install/yolo_counting_pkg:/home/rose/pi4b_ros2/car_ws/install/test_control_pkg:/opt/ros/humble /usr/bin/cmake --install /home/rose/pi4b_ros2/car_ws/build/lslidar_driver
[1.144s] -- Install configuration: ""
[1.145s] -- Up-to-date: /home/rose/pi4b_ros2/car_ws/install/lslidar_driver/share/lslidar_driver/launch
[1.146s] -- Up-to-date: /home/rose/pi4b_ros2/car_ws/install/lslidar_driver/share/lslidar_driver/launch/lsm10_net_launch.py
[1.148s] -- Up-to-date: /home/rose/pi4b_ros2/car_ws/install/lslidar_driver/share/lslidar_driver/launch/lsn10_net_launch.py
[1.149s] -- Up-to-date: /home/rose/pi4b_ros2/car_ws/install/lslidar_driver/share/lslidar_driver/launch/lsn10_launch.py
[1.150s] -- Up-to-date: /home/rose/pi4b_ros2/car_ws/install/lslidar_driver/share/lslidar_driver/launch/viewer_scan_launch.py
[1.152s] -- Up-to-date: /home/rose/pi4b_ros2/car_ws/install/lslidar_driver/share/lslidar_driver/launch/lsm10p_net_launch.py
[1.153s] -- Up-to-date: /home/rose/pi4b_ros2/car_ws/install/lslidar_driver/share/lslidar_driver/launch/lsn10p_net_launch.py
[1.155s] -- Up-to-date: /home/rose/pi4b_ros2/car_ws/install/lslidar_driver/share/lslidar_driver/launch/lsm10_uart_launch.py
[1.156s] -- Up-to-date: /home/rose/pi4b_ros2/car_ws/install/lslidar_driver/share/lslidar_driver/launch/lslidar_double_launch.py
[1.158s] -- Up-to-date: /home/rose/pi4b_ros2/car_ws/install/lslidar_driver/share/lslidar_driver/launch/lsn10p_launch.py
[1.159s] -- Up-to-date: /home/rose/pi4b_ros2/car_ws/install/lslidar_driver/share/lslidar_driver/launch/lsm10p_uart_launch.py
[1.161s] -- Up-to-date: /home/rose/pi4b_ros2/car_ws/install/lslidar_driver/share/lslidar_driver/params
[1.162s] -- Up-to-date: /home/rose/pi4b_ros2/car_ws/install/lslidar_driver/share/lslidar_driver/params/lidar_net_ros2
[1.164s] -- Up-to-date: /home/rose/pi4b_ros2/car_ws/install/lslidar_driver/share/lslidar_driver/params/lidar_net_ros2/lsn10p_net.yaml
[1.165s] -- Up-to-date: /home/rose/pi4b_ros2/car_ws/install/lslidar_driver/share/lslidar_driver/params/lidar_net_ros2/lsm10p_net.yaml
[1.167s] -- Up-to-date: /home/rose/pi4b_ros2/car_ws/install/lslidar_driver/share/lslidar_driver/params/lidar_net_ros2/lsn10_net.yaml
[1.168s] -- Up-to-date: /home/rose/pi4b_ros2/car_ws/install/lslidar_driver/share/lslidar_driver/params/lidar_net_ros2/lsm10_net.yaml
[1.170s] -- Up-to-date: /home/rose/pi4b_ros2/car_ws/install/lslidar_driver/share/lslidar_driver/params/lidar_uart_ros2
[1.174s] -- Up-to-date: /home/rose/pi4b_ros2/car_ws/install/lslidar_driver/share/lslidar_driver/params/lidar_uart_ros2/lsm10_p.yaml
[1.175s] -- Up-to-date: /home/rose/pi4b_ros2/car_ws/install/lslidar_driver/share/lslidar_driver/params/lidar_uart_ros2/lsn10.yaml
[1.178s] -- Up-to-date: /home/rose/pi4b_ros2/car_ws/install/lslidar_driver/share/lslidar_driver/params/lidar_uart_ros2/lsn10p.yaml
[1.179s] -- Up-to-date: /home/rose/pi4b_ros2/car_ws/install/lslidar_driver/share/lslidar_driver/params/lidar_uart_ros2/lsm10.yaml
[1.179s] -- Up-to-date: /home/rose/pi4b_ros2/car_ws/install/lslidar_driver/share/lslidar_driver/rviz
[1.180s] -- Up-to-date: /home/rose/pi4b_ros2/car_ws/install/lslidar_driver/share/lslidar_driver/rviz/lslidar.rviz
[1.187s] -- Up-to-date: /home/rose/pi4b_ros2/car_ws/install/lslidar_driver/lib/lslidar_driver/lslidar_driver_node
[1.188s] -- Up-to-date: /home/rose/pi4b_ros2/car_ws/install/lslidar_driver/share/ament_index/resource_index/package_run_dependencies/lslidar_driver
[1.189s] -- Up-to-date: /home/rose/pi4b_ros2/car_ws/install/lslidar_driver/share/ament_index/resource_index/parent_prefix_path/lslidar_driver
[1.193s] -- Up-to-date: /home/rose/pi4b_ros2/car_ws/install/lslidar_driver/share/lslidar_driver/environment/ament_prefix_path.sh
[1.198s] -- Up-to-date: /home/rose/pi4b_ros2/car_ws/install/lslidar_driver/share/lslidar_driver/environment/ament_prefix_path.dsv
[1.204s] -- Up-to-date: /home/rose/pi4b_ros2/car_ws/install/lslidar_driver/share/lslidar_driver/environment/path.sh
[1.208s] -- Up-to-date: /home/rose/pi4b_ros2/car_ws/install/lslidar_driver/share/lslidar_driver/environment/path.dsv
[1.214s] -- Up-to-date: /home/rose/pi4b_ros2/car_ws/install/lslidar_driver/share/lslidar_driver/local_setup.bash
[1.219s] -- Up-to-date: /home/rose/pi4b_ros2/car_ws/install/lslidar_driver/share/lslidar_driver/local_setup.sh
[1.221s] -- Up-to-date: /home/rose/pi4b_ros2/car_ws/install/lslidar_driver/share/lslidar_driver/local_setup.zsh
[1.224s] -- Up-to-date: /home/rose/pi4b_ros2/car_ws/install/lslidar_driver/share/lslidar_driver/local_setup.dsv
[1.229s] -- Installing: /home/rose/pi4b_ros2/car_ws/install/lslidar_driver/share/lslidar_driver/package.dsv
[1.233s] -- Up-to-date: /home/rose/pi4b_ros2/car_ws/install/lslidar_driver/share/ament_index/resource_index/packages/lslidar_driver
[1.238s] -- Up-to-date: /home/rose/pi4b_ros2/car_ws/install/lslidar_driver/share/lslidar_driver/cmake/ament_cmake_export_dependencies-extras.cmake
[1.245s] -- Up-to-date: /home/rose/pi4b_ros2/car_ws/install/lslidar_driver/share/lslidar_driver/cmake/ament_cmake_export_include_directories-extras.cmake
[1.253s] -- Up-to-date: /home/rose/pi4b_ros2/car_ws/install/lslidar_driver/share/lslidar_driver/cmake/lslidar_driverConfig.cmake
[1.258s] -- Up-to-date: /home/rose/pi4b_ros2/car_ws/install/lslidar_driver/share/lslidar_driver/cmake/lslidar_driverConfig-version.cmake
[1.264s] -- Up-to-date: /home/rose/pi4b_ros2/car_ws/install/lslidar_driver/share/lslidar_driver/package.xml
[1.268s] Invoked command in '/home/rose/pi4b_ros2/car_ws/build/lslidar_driver' returned '0': CMAKE_PREFIX_PATH=/home/rose/pi4b_ros2/car_ws/install/lslidar_msgs:/home/rose/pi4b_ros2/car_ws/install/ros2_laser_scan_matcher:/home/rose/pi4b_ros2/car_ws/install/lslidar_driver:/home/rose/pi4b_ros2/car_ws/install/csm:/home/rose/pi4b_ros2/car_ws/install/bot_description:/home/rose/pi4b_ros2/car_ws/install/yolo_counting_pkg:/home/rose/pi4b_ros2/car_ws/install/test_control_pkg:/opt/ros/humble /usr/bin/cmake --install /home/rose/pi4b_ros2/car_ws/build/lslidar_driver
