[0.062s] Invoking command in '/home/rose/pi4b_ros2/car_ws/build/bot_navigation2': CMAKE_PREFIX_PATH=${CMAKE_PREFIX_PATH}:/home/rose/pi4b_ros2/car_ws/install/yolo_counting_pkg:/home/rose/pi4b_ros2/car_ws/install/test_control_pkg:/home/rose/pi4b_ros2/car_ws/install/bot_application:/opt/ros/humble /usr/bin/cmake --build /home/rose/pi4b_ros2/car_ws/build/bot_navigation2 -- -j4 -l4
[0.260s] Invoked command in '/home/rose/pi4b_ros2/car_ws/build/bot_navigation2' returned '0': CMAKE_PREFIX_PATH=${CMAKE_PREFIX_PATH}:/home/rose/pi4b_ros2/car_ws/install/yolo_counting_pkg:/home/rose/pi4b_ros2/car_ws/install/test_control_pkg:/home/rose/pi4b_ros2/car_ws/install/bot_application:/opt/ros/humble /usr/bin/cmake --build /home/rose/pi4b_ros2/car_ws/build/bot_navigation2 -- -j4 -l4
[0.309s] Invoking command in '/home/rose/pi4b_ros2/car_ws/build/bot_navigation2': CMAKE_PREFIX_PATH=${CMAKE_PREFIX_PATH}:/home/rose/pi4b_ros2/car_ws/install/yolo_counting_pkg:/home/rose/pi4b_ros2/car_ws/install/test_control_pkg:/home/rose/pi4b_ros2/car_ws/install/bot_application:/opt/ros/humble /usr/bin/cmake --install /home/rose/pi4b_ros2/car_ws/build/bot_navigation2
[0.363s] -- Install configuration: "Release"
[0.365s] -- Up-to-date: /home/rose/pi4b_ros2/car_ws/install/bot_navigation2/share/bot_navigation2/launch
[0.367s] -- Up-to-date: /home/rose/pi4b_ros2/car_ws/install/bot_navigation2/share/bot_navigation2/launch/navigation2.launch.py
[0.369s] -- Up-to-date: /home/rose/pi4b_ros2/car_ws/install/bot_navigation2/share/bot_navigation2/launch/navigation2_carto.launch.py
[0.370s] -- Up-to-date: /home/rose/pi4b_ros2/car_ws/install/bot_navigation2/share/bot_navigation2/maps
[0.372s] -- Up-to-date: /home/rose/pi4b_ros2/car_ws/install/bot_navigation2/share/bot_navigation2/maps/lab_1.yaml
[0.374s] -- Up-to-date: /home/rose/pi4b_ros2/car_ws/install/bot_navigation2/share/bot_navigation2/maps/lab_5.pgm
[0.375s] -- Up-to-date: /home/rose/pi4b_ros2/car_ws/install/bot_navigation2/share/bot_navigation2/maps/room.yaml
[0.375s] -- Up-to-date: /home/rose/pi4b_ros2/car_ws/install/bot_navigation2/share/bot_navigation2/maps/lab_5.yaml
[0.375s] -- Up-to-date: /home/rose/pi4b_ros2/car_ws/install/bot_navigation2/share/bot_navigation2/maps/room.pgm
[0.376s] -- Up-to-date: /home/rose/pi4b_ros2/car_ws/install/bot_navigation2/share/bot_navigation2/maps/lab.pgm
[0.376s] -- Up-to-date: /home/rose/pi4b_ros2/car_ws/install/bot_navigation2/share/bot_navigation2/maps/lab_3.pgm
[0.376s] -- Up-to-date: /home/rose/pi4b_ros2/car_ws/install/bot_navigation2/share/bot_navigation2/maps/lab_1.pgm
[0.377s] -- Up-to-date: /home/rose/pi4b_ros2/car_ws/install/bot_navigation2/share/bot_navigation2/maps/map.pbstream
[0.377s] -- Up-to-date: /home/rose/pi4b_ros2/car_ws/install/bot_navigation2/share/bot_navigation2/maps/lab_6.pgm
[0.377s] -- Up-to-date: /home/rose/pi4b_ros2/car_ws/install/bot_navigation2/share/bot_navigation2/maps/lab.yaml
[0.377s] -- Up-to-date: /home/rose/pi4b_ros2/car_ws/install/bot_navigation2/share/bot_navigation2/maps/lab_6.yaml
[0.378s] -- Up-to-date: /home/rose/pi4b_ros2/car_ws/install/bot_navigation2/share/bot_navigation2/maps/lab_3.yaml
[0.386s] -- Up-to-date: /home/rose/pi4b_ros2/car_ws/install/bot_navigation2/share/bot_navigation2/maps/lab_2.pgm
[0.387s] -- Up-to-date: /home/rose/pi4b_ros2/car_ws/install/bot_navigation2/share/bot_navigation2/maps/lab_2.yaml
[0.387s] -- Up-to-date: /home/rose/pi4b_ros2/car_ws/install/bot_navigation2/share/bot_navigation2/config
[0.389s] -- Installing: /home/rose/pi4b_ros2/car_ws/install/bot_navigation2/share/bot_navigation2/config/pure_localization.lua
[0.390s] -- Up-to-date: /home/rose/pi4b_ros2/car_ws/install/bot_navigation2/share/bot_navigation2/config/nav2_params_carto.yaml
[0.392s] -- Up-to-date: /home/rose/pi4b_ros2/car_ws/install/bot_navigation2/share/bot_navigation2/config/nav2_params.yaml
[0.399s] -- Up-to-date: /home/rose/pi4b_ros2/car_ws/install/bot_navigation2/share/bot_navigation2/config/nav2_params.yaml.backup
[0.399s] -- Up-to-date: /home/rose/pi4b_ros2/car_ws/install/bot_navigation2/share/ament_index/resource_index/package_run_dependencies/bot_navigation2
[0.399s] -- Up-to-date: /home/rose/pi4b_ros2/car_ws/install/bot_navigation2/share/ament_index/resource_index/parent_prefix_path/bot_navigation2
[0.400s] -- Up-to-date: /home/rose/pi4b_ros2/car_ws/install/bot_navigation2/share/bot_navigation2/environment/ament_prefix_path.sh
[0.401s] -- Up-to-date: /home/rose/pi4b_ros2/car_ws/install/bot_navigation2/share/bot_navigation2/environment/ament_prefix_path.dsv
[0.404s] -- Up-to-date: /home/rose/pi4b_ros2/car_ws/install/bot_navigation2/share/bot_navigation2/environment/path.sh
[0.404s] -- Up-to-date: /home/rose/pi4b_ros2/car_ws/install/bot_navigation2/share/bot_navigation2/environment/path.dsv
[0.405s] -- Up-to-date: /home/rose/pi4b_ros2/car_ws/install/bot_navigation2/share/bot_navigation2/local_setup.bash
[0.405s] -- Up-to-date: /home/rose/pi4b_ros2/car_ws/install/bot_navigation2/share/bot_navigation2/local_setup.sh
[0.406s] -- Up-to-date: /home/rose/pi4b_ros2/car_ws/install/bot_navigation2/share/bot_navigation2/local_setup.zsh
[0.407s] -- Up-to-date: /home/rose/pi4b_ros2/car_ws/install/bot_navigation2/share/bot_navigation2/local_setup.dsv
[0.407s] -- Installing: /home/rose/pi4b_ros2/car_ws/install/bot_navigation2/share/bot_navigation2/package.dsv
[0.408s] -- Up-to-date: /home/rose/pi4b_ros2/car_ws/install/bot_navigation2/share/ament_index/resource_index/packages/bot_navigation2
[0.409s] -- Up-to-date: /home/rose/pi4b_ros2/car_ws/install/bot_navigation2/share/bot_navigation2/cmake/bot_navigation2Config.cmake
[0.410s] -- Up-to-date: /home/rose/pi4b_ros2/car_ws/install/bot_navigation2/share/bot_navigation2/cmake/bot_navigation2Config-version.cmake
[0.411s] -- Up-to-date: /home/rose/pi4b_ros2/car_ws/install/bot_navigation2/share/bot_navigation2/package.xml
[0.427s] Invoked command in '/home/rose/pi4b_ros2/car_ws/build/bot_navigation2' returned '0': CMAKE_PREFIX_PATH=${CMAKE_PREFIX_PATH}:/home/rose/pi4b_ros2/car_ws/install/yolo_counting_pkg:/home/rose/pi4b_ros2/car_ws/install/test_control_pkg:/home/rose/pi4b_ros2/car_ws/install/bot_application:/opt/ros/humble /usr/bin/cmake --install /home/rose/pi4b_ros2/car_ws/build/bot_navigation2
