[8.827s] Invoking command in '/home/rose/pi4b_ros2/car_ws/src/bot_application': PYTHONPATH=/home/rose/pi4b_ros2/car_ws/build/bot_application/prefix_override:/usr/lib/python3/dist-packages/colcon_core/task/python/colcon_distutils_commands:/home/rose/pi4b_ros2/car_ws/install/bot_application/lib/python3.10/site-packages:${PYTHONPATH} /usr/bin/python3 -W ignore:setup.py install is deprecated -W ignore:easy_install command is deprecated setup.py egg_info --egg-base ../../build/bot_application build --build-base /home/rose/pi4b_ros2/car_ws/build/bot_application/build install --record /home/rose/pi4b_ros2/car_ws/build/bot_application/install.log --single-version-externally-managed install_data
[10.984s] /home/rose/.local/lib/python3.10/site-packages/setuptools/_distutils/dist.py:287: UserWarning: Unknown distribution option: 'tests_require'
[10.985s]   warnings.warn(msg)
[12.060s] running egg_info
[12.248s] writing ../../build/bot_application/bot_application.egg-info/PKG-INFO
[12.256s] writing dependency_links to ../../build/bot_application/bot_application.egg-info/dependency_links.txt
[12.260s] writing entry points to ../../build/bot_application/bot_application.egg-info/entry_points.txt
[12.268s] writing requirements to ../../build/bot_application/bot_application.egg-info/requires.txt
[12.269s] writing top-level names to ../../build/bot_application/bot_application.egg-info/top_level.txt
[12.637s] reading manifest file '../../build/bot_application/bot_application.egg-info/SOURCES.txt'
[12.648s] writing manifest file '../../build/bot_application/bot_application.egg-info/SOURCES.txt'
[12.653s] running build
[12.656s] running build_py
[12.657s] copying bot_application/init_robot_pose_door.py -> /home/rose/pi4b_ros2/car_ws/build/bot_application/build/lib/bot_application
[12.661s] copying bot_application/get_cost.py -> /home/rose/pi4b_ros2/car_ws/build/bot_application/build/lib/bot_application
[12.670s] copying bot_application/get_robot_pose.py -> /home/rose/pi4b_ros2/car_ws/build/bot_application/build/lib/bot_application
[12.676s] copying bot_application/init_robot_pose_point1.py -> /home/rose/pi4b_ros2/car_ws/build/bot_application/build/lib/bot_application
[12.684s] copying bot_application/auto_optimized_navigator.py -> /home/rose/pi4b_ros2/car_ws/build/bot_application/build/lib/bot_application
[12.693s] copying bot_application/init_robot_pose_point3.py -> /home/rose/pi4b_ros2/car_ws/build/bot_application/build/lib/bot_application
[12.740s] copying bot_application/optimized_navigator.py -> /home/rose/pi4b_ros2/car_ws/build/bot_application/build/lib/bot_application
[12.750s] copying bot_application/waypoint_cost_calculator.py -> /home/rose/pi4b_ros2/car_ws/build/bot_application/build/lib/bot_application
[12.759s] copying bot_application/__init__.py -> /home/rose/pi4b_ros2/car_ws/build/bot_application/build/lib/bot_application
[12.765s] copying bot_application/nav_through_pose.py -> /home/rose/pi4b_ros2/car_ws/build/bot_application/build/lib/bot_application
[12.774s] copying bot_application/way_to_go.py -> /home/rose/pi4b_ros2/car_ws/build/bot_application/build/lib/bot_application
[12.784s] copying bot_application/waypoint_follower.py -> /home/rose/pi4b_ros2/car_ws/build/bot_application/build/lib/bot_application
[12.793s] copying bot_application/nav_to_pose.py -> /home/rose/pi4b_ros2/car_ws/build/bot_application/build/lib/bot_application
[12.802s] copying bot_application/init_robot_pose.py -> /home/rose/pi4b_ros2/car_ws/build/bot_application/build/lib/bot_application
[12.810s] copying bot_application/init_robot_pose_point2.py -> /home/rose/pi4b_ros2/car_ws/build/bot_application/build/lib/bot_application
[12.821s] running install
[12.859s] running install_lib
[13.068s] byte-compiling /home/rose/pi4b_ros2/car_ws/install/bot_application/lib/python3.10/site-packages/bot_application/waypoint_cost_calculator copy.py to waypoint_cost_calculator copy.cpython-310.pyc
[13.118s]   File "/home/rose/pi4b_ros2/car_ws/install/bot_application/lib/python3.10/site-packages/bot_application/waypoint_cost_calculator copy.py", line 196
[13.122s]     create_goal_pose(navigator, 0.97, 0.72, 0.0)
[13.127s]     ^^^^^^^^^^^^^^^^^^^^^^^^^^^^^^^^^^^^^^^^^^^^^^^^^^^
[13.133s] SyntaxError: invalid syntax. Perhaps you forgot a comma?
[13.146s] 
[13.147s] running install_data
[13.161s] copying resource/bot_application -> /home/rose/pi4b_ros2/car_ws/install/bot_application/share/ament_index/resource_index/packages
[13.166s] copying package.xml -> /home/rose/pi4b_ros2/car_ws/install/bot_application/share/bot_application
[13.171s] running install_egg_info
[13.373s] removing '/home/rose/pi4b_ros2/car_ws/install/bot_application/lib/python3.10/site-packages/bot_application-0.0.0-py3.10.egg-info' (and everything under it)
[13.374s] Copying ../../build/bot_application/bot_application.egg-info to /home/rose/pi4b_ros2/car_ws/install/bot_application/lib/python3.10/site-packages/bot_application-0.0.0-py3.10.egg-info
[13.384s] running install_scripts
[13.772s] Installing auto_optimized_navigator script to /home/rose/pi4b_ros2/car_ws/install/bot_application/lib/bot_application
[13.773s] Installing get_robot_pose script to /home/rose/pi4b_ros2/car_ws/install/bot_application/lib/bot_application
[13.774s] Installing init_robot_pose script to /home/rose/pi4b_ros2/car_ws/install/bot_application/lib/bot_application
[13.775s] Installing init_robot_pose_door script to /home/rose/pi4b_ros2/car_ws/install/bot_application/lib/bot_application
[13.776s] Installing init_robot_pose_point1 script to /home/rose/pi4b_ros2/car_ws/install/bot_application/lib/bot_application
[13.779s] Installing init_robot_pose_point2 script to /home/rose/pi4b_ros2/car_ws/install/bot_application/lib/bot_application
[13.780s] Installing init_robot_pose_point3 script to /home/rose/pi4b_ros2/car_ws/install/bot_application/lib/bot_application
[13.782s] Installing nav_through_pose script to /home/rose/pi4b_ros2/car_ws/install/bot_application/lib/bot_application
[13.784s] Installing optimized_navigator script to /home/rose/pi4b_ros2/car_ws/install/bot_application/lib/bot_application
[13.786s] Installing way_to_go script to /home/rose/pi4b_ros2/car_ws/install/bot_application/lib/bot_application
[13.787s] Installing waypoint_cost_calculator script to /home/rose/pi4b_ros2/car_ws/install/bot_application/lib/bot_application
[13.788s] Installing waypoint_cost_calculator_copy script to /home/rose/pi4b_ros2/car_ws/install/bot_application/lib/bot_application
[13.789s] Installing waypoint_follower script to /home/rose/pi4b_ros2/car_ws/install/bot_application/lib/bot_application
[13.801s] writing list of installed files to '/home/rose/pi4b_ros2/car_ws/build/bot_application/install.log'
[13.997s] Invoked command in '/home/rose/pi4b_ros2/car_ws/src/bot_application' returned '0': PYTHONPATH=/home/rose/pi4b_ros2/car_ws/build/bot_application/prefix_override:/usr/lib/python3/dist-packages/colcon_core/task/python/colcon_distutils_commands:/home/rose/pi4b_ros2/car_ws/install/bot_application/lib/python3.10/site-packages:${PYTHONPATH} /usr/bin/python3 -W ignore:setup.py install is deprecated -W ignore:easy_install command is deprecated setup.py egg_info --egg-base ../../build/bot_application build --build-base /home/rose/pi4b_ros2/car_ws/build/bot_application/build install --record /home/rose/pi4b_ros2/car_ws/build/bot_application/install.log --single-version-externally-managed install_data
