[0.274s] Invoking command in '/home/rose/pi4b_ros2/car_ws/build/bot_localization': CMAKE_PREFIX_PATH=${CMAKE_PREFIX_PATH}:/home/rose/pi4b_ros2/car_ws/install/yolo_counting_pkg:/home/rose/pi4b_ros2/car_ws/install/test_control_pkg:/home/rose/pi4b_ros2/car_ws/install/bot_application:/opt/ros/humble /usr/bin/cmake --build /home/rose/pi4b_ros2/car_ws/build/bot_localization -- -j4 -l4
[0.941s] Invoked command in '/home/rose/pi4b_ros2/car_ws/build/bot_localization' returned '0': CMAKE_PREFIX_PATH=${CMAKE_PREFIX_PATH}:/home/rose/pi4b_ros2/car_ws/install/yolo_counting_pkg:/home/rose/pi4b_ros2/car_ws/install/test_control_pkg:/home/rose/pi4b_ros2/car_ws/install/bot_application:/opt/ros/humble /usr/bin/cmake --build /home/rose/pi4b_ros2/car_ws/build/bot_localization -- -j4 -l4
[0.962s] Invoking command in '/home/rose/pi4b_ros2/car_ws/build/bot_localization': CMAKE_PREFIX_PATH=${CMAKE_PREFIX_PATH}:/home/rose/pi4b_ros2/car_ws/install/yolo_counting_pkg:/home/rose/pi4b_ros2/car_ws/install/test_control_pkg:/home/rose/pi4b_ros2/car_ws/install/bot_application:/opt/ros/humble /usr/bin/cmake --install /home/rose/pi4b_ros2/car_ws/build/bot_localization
[1.102s] -- Install configuration: "Release"
[1.106s] -- Up-to-date: /home/rose/pi4b_ros2/car_ws/install/bot_localization/share/bot_localization/launch
[1.113s] -- Up-to-date: /home/rose/pi4b_ros2/car_ws/install/bot_localization/share/bot_localization/launch/localization.launch.py
[1.117s] -- Up-to-date: /home/rose/pi4b_ros2/car_ws/install/bot_localization/share/bot_localization/config
[1.123s] -- Up-to-date: /home/rose/pi4b_ros2/car_ws/install/bot_localization/share/bot_localization/config/ekf.yaml
[1.128s] -- Up-to-date: /home/rose/pi4b_ros2/car_ws/install/bot_localization/share/ament_index/resource_index/package_run_dependencies/bot_localization
[1.136s] -- Up-to-date: /home/rose/pi4b_ros2/car_ws/install/bot_localization/share/ament_index/resource_index/parent_prefix_path/bot_localization
[1.142s] -- Up-to-date: /home/rose/pi4b_ros2/car_ws/install/bot_localization/share/bot_localization/environment/ament_prefix_path.sh
[1.144s] -- Up-to-date: /home/rose/pi4b_ros2/car_ws/install/bot_localization/share/bot_localization/environment/ament_prefix_path.dsv
[1.145s] -- Up-to-date: /home/rose/pi4b_ros2/car_ws/install/bot_localization/share/bot_localization/environment/path.sh
[1.149s] -- Up-to-date: /home/rose/pi4b_ros2/car_ws/install/bot_localization/share/bot_localization/environment/path.dsv
[1.150s] -- Up-to-date: /home/rose/pi4b_ros2/car_ws/install/bot_localization/share/bot_localization/local_setup.bash
[1.151s] -- Up-to-date: /home/rose/pi4b_ros2/car_ws/install/bot_localization/share/bot_localization/local_setup.sh
[1.151s] -- Up-to-date: /home/rose/pi4b_ros2/car_ws/install/bot_localization/share/bot_localization/local_setup.zsh
[1.152s] -- Up-to-date: /home/rose/pi4b_ros2/car_ws/install/bot_localization/share/bot_localization/local_setup.dsv
[1.152s] -- Installing: /home/rose/pi4b_ros2/car_ws/install/bot_localization/share/bot_localization/package.dsv
[1.153s] -- Up-to-date: /home/rose/pi4b_ros2/car_ws/install/bot_localization/share/ament_index/resource_index/packages/bot_localization
[1.153s] -- Up-to-date: /home/rose/pi4b_ros2/car_ws/install/bot_localization/share/bot_localization/cmake/ament_cmake_export_dependencies-extras.cmake
[1.154s] -- Up-to-date: /home/rose/pi4b_ros2/car_ws/install/bot_localization/share/bot_localization/cmake/bot_localizationConfig.cmake
[1.157s] -- Up-to-date: /home/rose/pi4b_ros2/car_ws/install/bot_localization/share/bot_localization/cmake/bot_localizationConfig-version.cmake
[1.160s] -- Up-to-date: /home/rose/pi4b_ros2/car_ws/install/bot_localization/share/bot_localization/package.xml
[1.314s] Invoked command in '/home/rose/pi4b_ros2/car_ws/build/bot_localization' returned '0': CMAKE_PREFIX_PATH=${CMAKE_PREFIX_PATH}:/home/rose/pi4b_ros2/car_ws/install/yolo_counting_pkg:/home/rose/pi4b_ros2/car_ws/install/test_control_pkg:/home/rose/pi4b_ros2/car_ws/install/bot_application:/opt/ros/humble /usr/bin/cmake --install /home/rose/pi4b_ros2/car_ws/build/bot_localization
