[0.147s] Invoking command in '/home/rose/pi4b_ros2/car_ws/build/bot_localization': CMAKE_PREFIX_PATH=${CMAKE_PREFIX_PATH}:/home/rose/pi4b_ros2/car_ws/install/yolo_counting_pkg:/home/rose/pi4b_ros2/car_ws/install/test_control_pkg:/home/rose/pi4b_ros2/car_ws/install/bot_application:/opt/ros/humble /usr/bin/cmake --build /home/rose/pi4b_ros2/car_ws/build/bot_localization -- -j4 -l4
[0.786s] Invoked command in '/home/rose/pi4b_ros2/car_ws/build/bot_localization' returned '0': CMAKE_PREFIX_PATH=${CMAKE_PREFIX_PATH}:/home/rose/pi4b_ros2/car_ws/install/yolo_counting_pkg:/home/rose/pi4b_ros2/car_ws/install/test_control_pkg:/home/rose/pi4b_ros2/car_ws/install/bot_application:/opt/ros/humble /usr/bin/cmake --build /home/rose/pi4b_ros2/car_ws/build/bot_localization -- -j4 -l4
[0.789s] Invoking command in '/home/rose/pi4b_ros2/car_ws/build/bot_localization': CMAKE_PREFIX_PATH=${CMAKE_PREFIX_PATH}:/home/rose/pi4b_ros2/car_ws/install/yolo_counting_pkg:/home/rose/pi4b_ros2/car_ws/install/test_control_pkg:/home/rose/pi4b_ros2/car_ws/install/bot_application:/opt/ros/humble /usr/bin/cmake --install /home/rose/pi4b_ros2/car_ws/build/bot_localization
[0.940s] -- Install configuration: "Release"
[0.940s] -- Up-to-date: /home/rose/pi4b_ros2/car_ws/install/bot_localization/share/bot_localization/launch
[0.945s] -- Up-to-date: /home/rose/pi4b_ros2/car_ws/install/bot_localization/share/bot_localization/launch/localization.launch.py
[0.951s] -- Up-to-date: /home/rose/pi4b_ros2/car_ws/install/bot_localization/share/bot_localization/config
[0.952s] -- Up-to-date: /home/rose/pi4b_ros2/car_ws/install/bot_localization/share/bot_localization/config/ekf.yaml
[0.953s] -- Up-to-date: /home/rose/pi4b_ros2/car_ws/install/bot_localization/share/ament_index/resource_index/package_run_dependencies/bot_localization
[0.953s] -- Up-to-date: /home/rose/pi4b_ros2/car_ws/install/bot_localization/share/ament_index/resource_index/parent_prefix_path/bot_localization
[0.954s] -- Up-to-date: /home/rose/pi4b_ros2/car_ws/install/bot_localization/share/bot_localization/environment/ament_prefix_path.sh
[0.970s] -- Up-to-date: /home/rose/pi4b_ros2/car_ws/install/bot_localization/share/bot_localization/environment/ament_prefix_path.dsv
[0.994s] -- Up-to-date: /home/rose/pi4b_ros2/car_ws/install/bot_localization/share/bot_localization/environment/path.sh
[0.995s] -- Up-to-date: /home/rose/pi4b_ros2/car_ws/install/bot_localization/share/bot_localization/environment/path.dsv
[0.995s] -- Up-to-date: /home/rose/pi4b_ros2/car_ws/install/bot_localization/share/bot_localization/local_setup.bash
[0.995s] -- Up-to-date: /home/rose/pi4b_ros2/car_ws/install/bot_localization/share/bot_localization/local_setup.sh
[0.996s] -- Up-to-date: /home/rose/pi4b_ros2/car_ws/install/bot_localization/share/bot_localization/local_setup.zsh
[0.996s] -- Up-to-date: /home/rose/pi4b_ros2/car_ws/install/bot_localization/share/bot_localization/local_setup.dsv
[1.008s] -- Installing: /home/rose/pi4b_ros2/car_ws/install/bot_localization/share/bot_localization/package.dsv
[1.009s] -- Up-to-date: /home/rose/pi4b_ros2/car_ws/install/bot_localization/share/ament_index/resource_index/packages/bot_localization
[1.010s] -- Up-to-date: /home/rose/pi4b_ros2/car_ws/install/bot_localization/share/bot_localization/cmake/ament_cmake_export_dependencies-extras.cmake
[1.030s] -- Up-to-date: /home/rose/pi4b_ros2/car_ws/install/bot_localization/share/bot_localization/cmake/bot_localizationConfig.cmake
[1.050s] -- Up-to-date: /home/rose/pi4b_ros2/car_ws/install/bot_localization/share/bot_localization/cmake/bot_localizationConfig-version.cmake
[1.055s] -- Up-to-date: /home/rose/pi4b_ros2/car_ws/install/bot_localization/share/bot_localization/package.xml
[1.060s] Invoked command in '/home/rose/pi4b_ros2/car_ws/build/bot_localization' returned '0': CMAKE_PREFIX_PATH=${CMAKE_PREFIX_PATH}:/home/rose/pi4b_ros2/car_ws/install/yolo_counting_pkg:/home/rose/pi4b_ros2/car_ws/install/test_control_pkg:/home/rose/pi4b_ros2/car_ws/install/bot_application:/opt/ros/humble /usr/bin/cmake --install /home/rose/pi4b_ros2/car_ws/build/bot_localization
